Change Physical Footprint: Designator=C1 Old Footprint=CAP 0402 New Footprint=CAP 0402
Change Physical Footprint: Designator=C1B Old Footprint=CAP 0402 New Footprint=CAP 0402
Change Physical Footprint: Designator=C2 Old Footprint=CAP 0402 New Footprint=CAP 0402
Change Physical Footprint: Designator=C2B Old Footprint=CAP 0402 New Footprint=CAP 0402
Change Physical Footprint: Designator=C3A Old Footprint=CAP 0402 New Footprint=CAP 0402
Change Physical Footprint: Designator=C3B Old Footprint=CAP 0402 New Footprint=CAP 0402
Change Physical Footprint: Designator=C4A Old Footprint=CAP 0402 New Footprint=CAP 0402
Change Physical Footprint: Designator=C4B Old Footprint=CAP 0402 New Footprint=CAP 0402
Change Physical Footprint: Designator=C5A Old Footprint=CAP 0402 New Footprint=CAP 0402
Change Physical Footprint: Designator=C5B Old Footprint=CAP 0402 New Footprint=CAP 0402
Change Physical Footprint: Designator=C6A Old Footprint=CAP 0402 New Footprint=CAP 0402
Change Physical Footprint: Designator=C6B Old Footprint=CAP 0402 New Footprint=CAP 0402
Change Physical Footprint: Designator=C7A Old Footprint=CAP 0402 New Footprint=CAP 0402
Change Physical Footprint: Designator=C7B Old Footprint=CAP 0402 New Footprint=CAP 0402
Change Physical Footprint: Designator=C8A Old Footprint=CAP 0402 New Footprint=CAP 0402
Change Physical Footprint: Designator=C8B Old Footprint=CAP 0402 New Footprint=CAP 0402
Change Physical Footprint: Designator=C9A Old Footprint=CAP 0402 New Footprint=CAP 0402
Change Physical Footprint: Designator=C9B Old Footprint=CAP 0402 New Footprint=CAP 0402
Change Physical Footprint: Designator=C10A Old Footprint=CAP 0402 New Footprint=CAP 0402
Change Physical Footprint: Designator=C10B Old Footprint=CAP 0402 New Footprint=CAP 0402
Change Physical Footprint: Designator=C11 Old Footprint=CAP 0402 New Footprint=CAP 0402
Change Physical Footprint: Designator=C11A Old Footprint=CAP 0402 New Footprint=CAP 0402
Change Physical Footprint: Designator=C11B Old Footprint=CAP 0402 New Footprint=CAP 0402
Change Physical Footprint: Designator=C12 Old Footprint=CAP 0402 New Footprint=CAP 0402
Change Physical Footprint: Designator=C12A Old Footprint=CAP 0402 New Footprint=CAP 0402
Change Physical Footprint: Designator=C12B Old Footprint=CAP 0402 New Footprint=CAP 0402
Change Physical Footprint: Designator=C13A Old Footprint=CAP 0402 New Footprint=CAP 0402
Change Physical Footprint: Designator=C13B Old Footprint=CAP 0402 New Footprint=CAP 0402
Change Physical Footprint: Designator=C14A Old Footprint=CAP 0402 New Footprint=CAP 0402
Change Physical Footprint: Designator=C14B Old Footprint=CAP 0402 New Footprint=CAP 0402
Change Physical Footprint: Designator=C15A Old Footprint=CAP 0402 New Footprint=CAP 0402
Change Physical Footprint: Designator=C15B Old Footprint=CAP 0402 New Footprint=CAP 0402
Change Physical Footprint: Designator=C17A Old Footprint=CAP 0402 New Footprint=CAP 0402
Change Physical Footprint: Designator=C17B Old Footprint=CAP 0402 New Footprint=CAP 0402
Change Physical Footprint: Designator=C18B Old Footprint=CAP 0402 New Footprint=CAP 0402
Change Physical Footprint: Designator=C20A Old Footprint=CAP 0402 New Footprint=CAP 0402
Change Physical Footprint: Designator=C21A Old Footprint=CAP 0402 New Footprint=CAP 0402
Change Physical Footprint: Designator=C22A Old Footprint=CAP 0402 New Footprint=CAP 0402
Change Physical Footprint: Designator=C22B Old Footprint=CAP 0402 New Footprint=CAP 0402
Change Physical Footprint: Designator=C23B Old Footprint=CAP 0402 New Footprint=CAP 0402
Change Physical Footprint: Designator=C30A Old Footprint=CAP 0402 New Footprint=CAP 0402
Change Physical Footprint: Designator=C30B Old Footprint=CAP 0402 New Footprint=CAP 0402
Change Physical Footprint: Designator=C33A Old Footprint=CAP 1206 New Footprint=CAP 1206
Change Physical Footprint: Designator=C34A Old Footprint=CAP 0402 New Footprint=CAP 0402
Change Physical Footprint: Designator=C34B Old Footprint=CAP 0402 New Footprint=CAP 0402
Change Physical Footprint: Designator=C35A Old Footprint=CAP 1210 New Footprint=CAP 1210
Change Physical Footprint: Designator=C36A Old Footprint=CAP 1210 New Footprint=CAP 1210
Change Physical Footprint: Designator=C37A Old Footprint=CAP 1210 New Footprint=CAP 1210
Change Physical Footprint: Designator=C38B Old Footprint=CAP 0402 New Footprint=CAP 0402
Change Physical Footprint: Designator=C39 Old Footprint=CAP 7.5mm Bent New Footprint=CAP 7.5mm Bent
Change Physical Footprint: Designator=C40A Old Footprint=CAP 1206 New Footprint=CAP 1206
Change Physical Footprint: Designator=C41A Old Footprint=CAP 0402 New Footprint=CAP 0402
Change Physical Footprint: Designator=C42A Old Footprint=CAP 0402 New Footprint=CAP 0402
Change Physical Footprint: Designator=C43A Old Footprint=CAP 0402 New Footprint=CAP 0402
Change Physical Footprint: Designator=C44A Old Footprint=CAP 0402 New Footprint=CAP 0402
Change Physical Footprint: Designator=C45A Old Footprint=CAP 0402 New Footprint=CAP 0402
Change Physical Footprint: Designator=C210A Old Footprint=CAP 0402 New Footprint=CAP 0402
Change Physical Footprint: Designator=D1 Old Footprint=SOD-323/SC76 New Footprint=SOD-323/SC76
Change Physical Footprint: Designator=D1A Old Footprint=LED 0603 New Footprint=LED 0603
Change Physical Footprint: Designator=D1B Old Footprint=LED 0603 New Footprint=LED 0603
Change Physical Footprint: Designator=D2 Old Footprint=SOD-323/SC76 New Footprint=SOD-323/SC76
Change Physical Footprint: Designator=D3 Old Footprint=SOD-323/SC76 New Footprint=SOD-323/SC76
Change Physical Footprint: Designator=D3A Old Footprint=SOD-323/SC76 New Footprint=SOD-323/SC76
Change Physical Footprint: Designator=D4 Old Footprint=SOD-323/SC76 New Footprint=SOD-323/SC76
Change Physical Footprint: Designator=J10 Old Footprint=HEADER_14P1_FEMALE_TH New Footprint=HEADER_14P1_FEMALE_TH
Change Physical Footprint: Designator=J11 Old Footprint=HEADER_14P1_FEMALE_TH New Footprint=HEADER_14P1_FEMALE_TH
Change Physical Footprint: Designator=J12 Old Footprint=HEADER_14P1_FEMALE_TH New Footprint=HEADER_14P1_FEMALE_TH
Change Physical Footprint: Designator=JAA Old Footprint=63849-1 New Footprint=63849-1
Change Physical Footprint: Designator=JAB Old Footprint=63849-1 New Footprint=63849-1
Change Physical Footprint: Designator=JB Old Footprint=XT30 SOCKET New Footprint=XT30 SOCKET
Change Physical Footprint: Designator=JBA Old Footprint=63849-1 New Footprint=63849-1
Change Physical Footprint: Designator=JBB Old Footprint=63849-1 New Footprint=63849-1
Change Physical Footprint: Designator=JCA Old Footprint=63849-1 New Footprint=63849-1
Change Physical Footprint: Designator=JCB Old Footprint=63849-1 New Footprint=63849-1
Change Physical Footprint: Designator=JHA Old Footprint=B05B-PASK New Footprint=B05B-PASK
Change Physical Footprint: Designator=JHB Old Footprint=B05B-PASK New Footprint=B05B-PASK
Change Physical Footprint: Designator=L1 Old Footprint=IND 1008 New Footprint=IND 1008
Change Physical Footprint: Designator=L1A Old Footprint=SDE0805A New Footprint=SDE0805A
Change Physical Footprint: Designator=Q1 Old Footprint=SOT-23-3 New Footprint=SOT-23-3
Change Physical Footprint: Designator=Q1A Old Footprint=VSONP-8 New Footprint=VSONP-8
Change Physical Footprint: Designator=Q1B Old Footprint=VSONP-8 New Footprint=VSONP-8
Change Physical Footprint: Designator=Q2 Old Footprint=SOT-23-3 New Footprint=SOT-23-3
Change Physical Footprint: Designator=Q2A Old Footprint=VSONP-8 New Footprint=VSONP-8
Change Physical Footprint: Designator=Q2B Old Footprint=VSONP-8 New Footprint=VSONP-8
Change Physical Footprint: Designator=Q3 Old Footprint=VSONP-8 New Footprint=VSONP-8
Change Physical Footprint: Designator=Q3A Old Footprint=VSONP-8 New Footprint=VSONP-8
Change Physical Footprint: Designator=Q3B Old Footprint=VSONP-8 New Footprint=VSONP-8
Change Physical Footprint: Designator=Q4A Old Footprint=VSONP-8 New Footprint=VSONP-8
Change Physical Footprint: Designator=Q4B Old Footprint=VSONP-8 New Footprint=VSONP-8
Change Physical Footprint: Designator=Q5A Old Footprint=VSONP-8 New Footprint=VSONP-8
Change Physical Footprint: Designator=Q5B Old Footprint=VSONP-8 New Footprint=VSONP-8
Change Physical Footprint: Designator=Q6A Old Footprint=VSONP-8 New Footprint=VSONP-8
Change Physical Footprint: Designator=Q6B Old Footprint=VSONP-8 New Footprint=VSONP-8
Change Physical Footprint: Designator=R1 Old Footprint=RES 0402 New Footprint=RES 0402
Change Physical Footprint: Designator=R1A Old Footprint=RES 0402 New Footprint=RES 0402
Change Physical Footprint: Designator=R1B Old Footprint=RES 0402 New Footprint=RES 0402
Change Physical Footprint: Designator=R2 Old Footprint=RES 0402 New Footprint=RES 0402
Change Physical Footprint: Designator=R2A Old Footprint=RES 0402 New Footprint=RES 0402
Change Physical Footprint: Designator=R2B Old Footprint=RES 0402 New Footprint=RES 0402
Change Physical Footprint: Designator=R3 Old Footprint=RES 0402 New Footprint=RES 0402
Change Physical Footprint: Designator=R3A Old Footprint=RES 0402 New Footprint=RES 0402
Change Physical Footprint: Designator=R3B Old Footprint=RES 0402 New Footprint=RES 0402
Change Physical Footprint: Designator=R4A Old Footprint=RES 0402 New Footprint=RES 0402
Change Physical Footprint: Designator=R4B Old Footprint=RES 0402 New Footprint=RES 0402
Change Physical Footprint: Designator=R5 Old Footprint=RES 0402 New Footprint=RES 0402
Change Physical Footprint: Designator=R5A Old Footprint=RES 0402 New Footprint=RES 0402
Change Physical Footprint: Designator=R5B Old Footprint=RES 0402 New Footprint=RES 0402
Change Physical Footprint: Designator=R6 Old Footprint=RES 0402 New Footprint=RES 0402
Change Physical Footprint: Designator=R6A Old Footprint=RES 0402 New Footprint=RES 0402
Change Physical Footprint: Designator=R6B Old Footprint=RES 0402 New Footprint=RES 0402
Change Physical Footprint: Designator=R7B Old Footprint=RES 0402 New Footprint=RES 0402
Change Physical Footprint: Designator=R8B Old Footprint=RES 0402 New Footprint=RES 0402
Change Physical Footprint: Designator=R9B Old Footprint=RES 0402 New Footprint=RES 0402
Change Physical Footprint: Designator=R10 Old Footprint=RES 0402 New Footprint=RES 0402
Change Physical Footprint: Designator=R10A Old Footprint=WSL2726 New Footprint=WSL2726
Change Physical Footprint: Designator=R10B Old Footprint=WSL2726 New Footprint=WSL2726
Change Physical Footprint: Designator=R11 Old Footprint=RES 0402 New Footprint=RES 0402
Change Physical Footprint: Designator=R12A Old Footprint=WSL2726 New Footprint=WSL2726
Change Physical Footprint: Designator=R12B Old Footprint=WSL2726 New Footprint=WSL2726
Change Physical Footprint: Designator=R13 Old Footprint=RES 0402 New Footprint=RES 0402
Change Physical Footprint: Designator=R13A Old Footprint=RES 0402 New Footprint=RES 0402
Change Physical Footprint: Designator=R13B Old Footprint=RES 0402 New Footprint=RES 0402
Change Physical Footprint: Designator=R14A Old Footprint=RES 0402 New Footprint=RES 0402
Change Physical Footprint: Designator=R14B Old Footprint=RES 0402 New Footprint=RES 0402
Change Physical Footprint: Designator=R15A Old Footprint=RES 0402 New Footprint=RES 0402
Change Physical Footprint: Designator=R15B Old Footprint=RES 0402 New Footprint=RES 0402
Change Physical Footprint: Designator=R16A Old Footprint=RES 0402 New Footprint=RES 0402
Change Physical Footprint: Designator=R16B Old Footprint=RES 0402 New Footprint=RES 0402
Change Physical Footprint: Designator=R17A Old Footprint=RES 0402 New Footprint=RES 0402
Change Physical Footprint: Designator=R17B Old Footprint=RES 0402 New Footprint=RES 0402
Change Physical Footprint: Designator=R18A Old Footprint=RES 0402 New Footprint=RES 0402
Change Physical Footprint: Designator=R18B Old Footprint=RES 0402 New Footprint=RES 0402
Change Physical Footprint: Designator=R19A Old Footprint=RES 0402 New Footprint=RES 0402
Change Physical Footprint: Designator=R19B Old Footprint=RES 0402 New Footprint=RES 0402
Change Physical Footprint: Designator=R20A Old Footprint=RES 0402 New Footprint=RES 0402
Change Physical Footprint: Designator=R20B Old Footprint=RES 0402 New Footprint=RES 0402
Change Physical Footprint: Designator=R21A Old Footprint=RES 0402 New Footprint=RES 0402
Change Physical Footprint: Designator=R21B Old Footprint=RES 0402 New Footprint=RES 0402
Change Physical Footprint: Designator=R22A Old Footprint=RES 0402 New Footprint=RES 0402
Change Physical Footprint: Designator=R22B Old Footprint=RES 0402 New Footprint=RES 0402
Change Physical Footprint: Designator=R23A Old Footprint=RES 0402 New Footprint=RES 0402
Change Physical Footprint: Designator=R23B Old Footprint=RES 0402 New Footprint=RES 0402
Change Physical Footprint: Designator=R24A Old Footprint=RES 0402 New Footprint=RES 0402
Change Physical Footprint: Designator=R24B Old Footprint=RES 0402 New Footprint=RES 0402
Change Physical Footprint: Designator=R25A Old Footprint=RES 0402 New Footprint=RES 0402
Change Physical Footprint: Designator=R25B Old Footprint=RES 0402 New Footprint=RES 0402
Change Physical Footprint: Designator=R26A Old Footprint=RES 0402 New Footprint=RES 0402
Change Physical Footprint: Designator=R26B Old Footprint=RES 0402 New Footprint=RES 0402
Change Physical Footprint: Designator=R29A Old Footprint=RES 0402 New Footprint=RES 0402
Change Physical Footprint: Designator=R29B Old Footprint=RES 0402 New Footprint=RES 0402
Change Physical Footprint: Designator=R30A Old Footprint=RES 0402 New Footprint=RES 0402
Change Physical Footprint: Designator=R30B Old Footprint=RES 0402 New Footprint=RES 0402
Change Physical Footprint: Designator=R32A Old Footprint=RES 0402 New Footprint=RES 0402
Change Physical Footprint: Designator=R32B Old Footprint=RES 0402 New Footprint=RES 0402
Change Physical Footprint: Designator=R33A Old Footprint=RES 0402 New Footprint=RES 0402
Change Physical Footprint: Designator=R34A Old Footprint=RES 0402 New Footprint=RES 0402
Change Physical Footprint: Designator=R35A Old Footprint=RES 0402 New Footprint=RES 0402
Change Physical Footprint: Designator=R36A Old Footprint=RES 0402 New Footprint=RES 0402
Change Physical Footprint: Designator=R37B Old Footprint=RES 0402 New Footprint=RES 0402
Change Physical Footprint: Designator=R38A Old Footprint=RES 0402 New Footprint=RES 0402
Change Physical Footprint: Designator=R38B Old Footprint=RES 0402 New Footprint=RES 0402
Change Physical Footprint: Designator=R40A Old Footprint=RES 0402 New Footprint=RES 0402
Change Physical Footprint: Designator=R40B Old Footprint=RES 0402 New Footprint=RES 0402
Change Physical Footprint: Designator=R41A Old Footprint=RES 0402 New Footprint=RES 0402
Change Physical Footprint: Designator=R42A Old Footprint=RES 0402 New Footprint=RES 0402
Change Physical Footprint: Designator=U1 Old Footprint=SOT-23-6 New Footprint=SOT-23-6
Change Physical Footprint: Designator=U1A Old Footprint=QFP-64 - P0.5MM New Footprint=QFP-64 - P0.5MM
Change Physical Footprint: Designator=U1B Old Footprint=QFP-64 - P0.5MM New Footprint=QFP-64 - P0.5MM
Change Physical Footprint: Designator=U11 Old Footprint=SOT-23-6 New Footprint=SOT-23-6
Change Physical Footprint: Designator=U12 Old Footprint=SOT-23-6 New Footprint=SOT-23-6
Change Physical Footprint: Designator=U22 Old Footprint=TDFN-10 New Footprint=TDFN-10
Change Physical Footprint: Designator=U23 Old Footprint=TDFN-10 New Footprint=TDFN-10
Change Physical Footprint: Designator=U24 Old Footprint=TDFN-10 New Footprint=TDFN-10
Change Physical Footprint: Designator=Y1A Old Footprint=MuRata CSTN New Footprint=MuRata CSTN
Change Physical Footprint: Designator=Y1B Old Footprint=MuRata CSTN New Footprint=MuRata CSTN
