Replace Part C1 GCM155R72A222KA37D in D:\nextcloud\Altium\Projects\FreeWheel\MASTER\Vesc_Simple_2.SchDoc with GCM155R72A222KA37D from C.SchLib
Replace Part C1B GCM1555C1H180JA16D in D:\nextcloud\Altium\Projects\FreeWheel\MASTER\Vesc_Simple_2.SchDoc with GCM1555C1H180JA16D from C.SchLib
Replace Part C2 GCM155R72A222KA37D in D:\nextcloud\Altium\Projects\FreeWheel\MASTER\Vesc_Simple_2.SchDoc with GCM155R72A222KA37D from C.SchLib
Replace Part C2B GCM1555C1H180JA16D in D:\nextcloud\Altium\Projects\FreeWheel\MASTER\Vesc_Simple_2.SchDoc with GCM1555C1H180JA16D from C.SchLib
Replace Part C3A C0402C104K3RACTU in D:\nextcloud\Altium\Projects\FreeWheel\MASTER\Vesc_Simple_2.SchDoc with C0402C104K3RACTU from C.SchLib
Replace Part C3B C0402C104K3RACTU in D:\nextcloud\Altium\Projects\FreeWheel\MASTER\Vesc_Simple_2.SchDoc with C0402C104K3RACTU from C.SchLib
Replace Part C4A GRM155C81C225ME15D in D:\nextcloud\Altium\Projects\FreeWheel\MASTER\Vesc_Simple_2.SchDoc with GRM155C81C225ME15D from C.SchLib
Replace Part C4B GRM155C81C225ME15D in D:\nextcloud\Altium\Projects\FreeWheel\MASTER\Vesc_Simple_2.SchDoc with GRM155C81C225ME15D from C.SchLib
Replace Part C5A GRM155C81C225ME15D in D:\nextcloud\Altium\Projects\FreeWheel\MASTER\Vesc_Simple_2.SchDoc with GRM155C81C225ME15D from C.SchLib
Replace Part C5B GRM155C81C225ME15D in D:\nextcloud\Altium\Projects\FreeWheel\MASTER\Vesc_Simple_2.SchDoc with GRM155C81C225ME15D from C.SchLib
Replace Part C6A GRM155C81C225ME15D in D:\nextcloud\Altium\Projects\FreeWheel\MASTER\Vesc_Simple_2.SchDoc with GRM155C81C225ME15D from C.SchLib
Replace Part C6B GRM155C81C225ME15D in D:\nextcloud\Altium\Projects\FreeWheel\MASTER\Vesc_Simple_2.SchDoc with GRM155C81C225ME15D from C.SchLib
Replace Part C7A GRM155C81C225ME15D in D:\nextcloud\Altium\Projects\FreeWheel\MASTER\Vesc_Simple_2.SchDoc with GRM155C81C225ME15D from C.SchLib
Replace Part C7B GRM155C81C225ME15D in D:\nextcloud\Altium\Projects\FreeWheel\MASTER\Vesc_Simple_2.SchDoc with GRM155C81C225ME15D from C.SchLib
Replace Part C8A GRM155C81C225ME15D in D:\nextcloud\Altium\Projects\FreeWheel\MASTER\Vesc_Simple_2.SchDoc with GRM155C81C225ME15D from C.SchLib
Replace Part C8B GRM155C81C225ME15D in D:\nextcloud\Altium\Projects\FreeWheel\MASTER\Vesc_Simple_2.SchDoc with GRM155C81C225ME15D from C.SchLib
Replace Part C9A GRM155C81C225ME15D in D:\nextcloud\Altium\Projects\FreeWheel\MASTER\Vesc_Simple_2.SchDoc with GRM155C81C225ME15D from C.SchLib
Replace Part C9B GRM155C81C225ME15D in D:\nextcloud\Altium\Projects\FreeWheel\MASTER\Vesc_Simple_2.SchDoc with GRM155C81C225ME15D from C.SchLib
Replace Part C10A GRM155C81C225ME15D in D:\nextcloud\Altium\Projects\FreeWheel\MASTER\Vesc_Simple_2.SchDoc with GRM155C81C225ME15D from C.SchLib
Replace Part C10B GRM155C81C225ME15D in D:\nextcloud\Altium\Projects\FreeWheel\MASTER\Vesc_Simple_2.SchDoc with GRM155C81C225ME15D from C.SchLib
Replace Part C11 GRM155C81C225ME15D in D:\nextcloud\Altium\Projects\FreeWheel\MASTER\Vesc_Simple_2.SchDoc with GRM155C81C225ME15D from C.SchLib
Replace Part C11A GRM155C81C225ME15D in D:\nextcloud\Altium\Projects\FreeWheel\MASTER\Vesc_Simple_2.SchDoc with GRM155C81C225ME15D from C.SchLib
Replace Part C11B GRM155C81C225ME15D in D:\nextcloud\Altium\Projects\FreeWheel\MASTER\Vesc_Simple_2.SchDoc with GRM155C81C225ME15D from C.SchLib
Replace Part C12 GRM155C81C225ME15D in D:\nextcloud\Altium\Projects\FreeWheel\MASTER\Vesc_Simple_2.SchDoc with GRM155C81C225ME15D from C.SchLib
Replace Part C12A GCM155R72A222KA37D in D:\nextcloud\Altium\Projects\FreeWheel\MASTER\Vesc_Simple_2.SchDoc with GCM155R72A222KA37D from C.SchLib
Replace Part C12B GCM155R72A222KA37D in D:\nextcloud\Altium\Projects\FreeWheel\MASTER\Vesc_Simple_2.SchDoc with GCM155R72A222KA37D from C.SchLib
Replace Part C13A GCM155R72A222KA37D in D:\nextcloud\Altium\Projects\FreeWheel\MASTER\Vesc_Simple_2.SchDoc with GCM155R72A222KA37D from C.SchLib
Replace Part C13B GCM155R72A222KA37D in D:\nextcloud\Altium\Projects\FreeWheel\MASTER\Vesc_Simple_2.SchDoc with GCM155R72A222KA37D from C.SchLib
Replace Part C14A GCM155R72A222KA37D in D:\nextcloud\Altium\Projects\FreeWheel\MASTER\Vesc_Simple_2.SchDoc with GCM155R72A222KA37D from C.SchLib
Replace Part C14B GCM155R72A222KA37D in D:\nextcloud\Altium\Projects\FreeWheel\MASTER\Vesc_Simple_2.SchDoc with GCM155R72A222KA37D from C.SchLib
Replace Part C15A GCM155R72A222KA37D in D:\nextcloud\Altium\Projects\FreeWheel\MASTER\Vesc_Simple_2.SchDoc with GCM155R72A222KA37D from C.SchLib
Replace Part C15B GCM155R72A222KA37D in D:\nextcloud\Altium\Projects\FreeWheel\MASTER\Vesc_Simple_2.SchDoc with GCM155R72A222KA37D from C.SchLib
Replace Part C17A GCM155R72A222KA37D in D:\nextcloud\Altium\Projects\FreeWheel\MASTER\Vesc_Simple_2.SchDoc with GCM155R72A222KA37D from C.SchLib
Replace Part C17B GCM155R72A222KA37D in D:\nextcloud\Altium\Projects\FreeWheel\MASTER\Vesc_Simple_2.SchDoc with GCM155R72A222KA37D from C.SchLib
Replace Part C18B GRM155C81C225ME15D in D:\nextcloud\Altium\Projects\FreeWheel\MASTER\Vesc_Simple_2.SchDoc with GRM155C81C225ME15D from C.SchLib
Replace Part C20A GRM155C81C225ME15D in D:\nextcloud\Altium\Projects\FreeWheel\MASTER\Vesc_Simple_2.SchDoc with GRM155C81C225ME15D from C.SchLib
Replace Part C22B GRM155C81C225ME15D in D:\nextcloud\Altium\Projects\FreeWheel\MASTER\Vesc_Simple_2.SchDoc with GRM155C81C225ME15D from C.SchLib
Replace Part C23B GRM155C81C225ME15D in D:\nextcloud\Altium\Projects\FreeWheel\MASTER\Vesc_Simple_2.SchDoc with GRM155C81C225ME15D from C.SchLib
Replace Part C30A GRM155C81C225ME15D in D:\nextcloud\Altium\Projects\FreeWheel\MASTER\Vesc_Simple_2.SchDoc with GRM155C81C225ME15D from C.SchLib
Replace Part C30B GRM155C81C225ME15D in D:\nextcloud\Altium\Projects\FreeWheel\MASTER\Vesc_Simple_2.SchDoc with GRM155C81C225ME15D from C.SchLib
Replace Part C33A TMK316AB7106KL-T in D:\nextcloud\Altium\Projects\FreeWheel\MASTER\Vesc_Simple_2.SchDoc with TMK316AB7106KL-T from C.SchLib
Replace Part C34A GRM155C81C225ME15D in D:\nextcloud\Altium\Projects\FreeWheel\MASTER\Vesc_Simple_2.SchDoc with GRM155C81C225ME15D from C.SchLib
Replace Part C34B GRM155C81C225ME15D in D:\nextcloud\Altium\Projects\FreeWheel\MASTER\Vesc_Simple_2.SchDoc with GRM155C81C225ME15D from C.SchLib
Replace Part C35A CGA6M3X7S2A475M200AB in D:\nextcloud\Altium\Projects\FreeWheel\MASTER\Vesc_Simple_2.SchDoc with CGA6M3X7S2A475M200AB from C.SchLib
Replace Part C36A CGA6M3X7S2A475M200AB in D:\nextcloud\Altium\Projects\FreeWheel\MASTER\Vesc_Simple_2.SchDoc with CGA6M3X7S2A475M200AB from C.SchLib
Replace Part C37A CGA6M3X7S2A475M200AB in D:\nextcloud\Altium\Projects\FreeWheel\MASTER\Vesc_Simple_2.SchDoc with CGA6M3X7S2A475M200AB from C.SchLib
Replace Part C38B GRM155C81C225ME15D in D:\nextcloud\Altium\Projects\FreeWheel\MASTER\Vesc_Simple_2.SchDoc with GRM155C81C225ME15D from C.SchLib
Replace Part C39 108CKS100MRY in D:\nextcloud\Altium\Projects\FreeWheel\MASTER\Vesc_Simple_2.SchDoc with 108CKS100MRY from C.SchLib
Replace Part C40A TMK316AB7106KL-T in D:\nextcloud\Altium\Projects\FreeWheel\MASTER\Vesc_Simple_2.SchDoc with TMK316AB7106KL-T from C.SchLib
Replace Part C41A C0402C104K3RACTU in D:\nextcloud\Altium\Projects\FreeWheel\MASTER\Vesc_Simple_2.SchDoc with C0402C104K3RACTU from C.SchLib
Replace Part C42A GRM155C81C225ME15D in D:\nextcloud\Altium\Projects\FreeWheel\MASTER\Vesc_Simple_2.SchDoc with GRM155C81C225ME15D from C.SchLib
Replace Part C43A GRM155C81C225ME15D in D:\nextcloud\Altium\Projects\FreeWheel\MASTER\Vesc_Simple_2.SchDoc with GRM155C81C225ME15D from C.SchLib
Replace Part C44A GRM155C81C225ME15D in D:\nextcloud\Altium\Projects\FreeWheel\MASTER\Vesc_Simple_2.SchDoc with GRM155C81C225ME15D from C.SchLib
Replace Part C45A GRM155C81C225ME15D in D:\nextcloud\Altium\Projects\FreeWheel\MASTER\Vesc_Simple_2.SchDoc with GRM155C81C225ME15D from C.SchLib
Replace Part C70 C0402C104K3RACTU in D:\nextcloud\Altium\Projects\FreeWheel\MASTER\Vesc_Simple_2.SchDoc with C0402C104K3RACTU from C.SchLib
Replace Part C71 C0402C104K3RACTU in D:\nextcloud\Altium\Projects\FreeWheel\MASTER\Vesc_Simple_2.SchDoc with C0402C104K3RACTU from C.SchLib
Replace Part C210A GRM155C81C225ME15D in D:\nextcloud\Altium\Projects\FreeWheel\MASTER\Vesc_Simple_2.SchDoc with GRM155C81C225ME15D from C.SchLib
Replace Part D1 DDZ15ASF-7 in D:\nextcloud\Altium\Projects\FreeWheel\MASTER\Vesc_Simple_2.SchDoc with DDZ15ASF-7 from D.SchLib
Replace Part D1A LTST-C190KRKT in D:\nextcloud\Altium\Projects\FreeWheel\MASTER\Vesc_Simple_2.SchDoc with LTST-C190KRKT from LED.SchLib
Replace Part D1B LTST-C190KRKT in D:\nextcloud\Altium\Projects\FreeWheel\MASTER\Vesc_Simple_2.SchDoc with LTST-C190KRKT from LED.SchLib
Replace Part D2 DDZ15ASF-7 in D:\nextcloud\Altium\Projects\FreeWheel\MASTER\Vesc_Simple_2.SchDoc with DDZ15ASF-7 from D.SchLib
Replace Part D3 DDZ15ASF-7 in D:\nextcloud\Altium\Projects\FreeWheel\MASTER\Vesc_Simple_2.SchDoc with DDZ15ASF-7 from D.SchLib
Replace Part D3A NSR02100HT1G in D:\nextcloud\Altium\Projects\FreeWheel\MASTER\Vesc_Simple_2.SchDoc with NSR02100HT1G from D.SchLib
Replace Part D4 MMDL914T1G in D:\nextcloud\Altium\Projects\FreeWheel\MASTER\Vesc_Simple_2.SchDoc with MMDL914T1G from D.SchLib
Replace Part L1 LQM2HPN4R7MG0L in D:\nextcloud\Altium\Projects\FreeWheel\MASTER\Vesc_Simple_2.SchDoc with LQM2HPN4R7MG0L from L.SchLib
Replace Part L2 SRN8040TA-470M in D:\nextcloud\Altium\Projects\FreeWheel\MASTER\Vesc_Simple_2.SchDoc with SRN8040TA-470M from L.SchLib
Replace Part Q1 2N7002-7-F in D:\nextcloud\Altium\Projects\FreeWheel\MASTER\Vesc_Simple_2.SchDoc with 2N7002-7-F from Q.SchLib
Replace Part Q1A CSD19531Q5A in D:\nextcloud\Altium\Projects\FreeWheel\MASTER\Vesc_Simple_2.SchDoc with CSD19531Q5A from Q.SchLib
Replace Part Q1B CSD19531Q5A in D:\nextcloud\Altium\Projects\FreeWheel\MASTER\Vesc_Simple_2.SchDoc with CSD19531Q5A from Q.SchLib
Replace Part Q2 2N7002-7-F in D:\nextcloud\Altium\Projects\FreeWheel\MASTER\Vesc_Simple_2.SchDoc with 2N7002-7-F from Q.SchLib
Replace Part Q2A CSD19531Q5A in D:\nextcloud\Altium\Projects\FreeWheel\MASTER\Vesc_Simple_2.SchDoc with CSD19531Q5A from Q.SchLib
Replace Part Q2B CSD19531Q5A in D:\nextcloud\Altium\Projects\FreeWheel\MASTER\Vesc_Simple_2.SchDoc with CSD19531Q5A from Q.SchLib
Replace Part Q3 CSD19531Q5A in D:\nextcloud\Altium\Projects\FreeWheel\MASTER\Vesc_Simple_2.SchDoc with CSD19531Q5A from Q.SchLib
Replace Part Q3A CSD19531Q5A in D:\nextcloud\Altium\Projects\FreeWheel\MASTER\Vesc_Simple_2.SchDoc with CSD19531Q5A from Q.SchLib
Replace Part Q3B CSD19531Q5A in D:\nextcloud\Altium\Projects\FreeWheel\MASTER\Vesc_Simple_2.SchDoc with CSD19531Q5A from Q.SchLib
Replace Part Q4A CSD19531Q5A in D:\nextcloud\Altium\Projects\FreeWheel\MASTER\Vesc_Simple_2.SchDoc with CSD19531Q5A from Q.SchLib
Replace Part Q4B CSD19531Q5A in D:\nextcloud\Altium\Projects\FreeWheel\MASTER\Vesc_Simple_2.SchDoc with CSD19531Q5A from Q.SchLib
Replace Part Q5A CSD19531Q5A in D:\nextcloud\Altium\Projects\FreeWheel\MASTER\Vesc_Simple_2.SchDoc with CSD19531Q5A from Q.SchLib
Replace Part Q5B CSD19531Q5A in D:\nextcloud\Altium\Projects\FreeWheel\MASTER\Vesc_Simple_2.SchDoc with CSD19531Q5A from Q.SchLib
Replace Part Q6A CSD19531Q5A in D:\nextcloud\Altium\Projects\FreeWheel\MASTER\Vesc_Simple_2.SchDoc with CSD19531Q5A from Q.SchLib
Replace Part Q6B CSD19531Q5A in D:\nextcloud\Altium\Projects\FreeWheel\MASTER\Vesc_Simple_2.SchDoc with CSD19531Q5A from Q.SchLib
Replace Part R1 ERJ-2RKF1003X in D:\nextcloud\Altium\Projects\FreeWheel\MASTER\Vesc_Simple_2.SchDoc with ERJ-2RKF1003X from R.SchLib
Replace Part R1A ERJ-PA3J4R7V in D:\nextcloud\Altium\Projects\FreeWheel\MASTER\Vesc_Simple_2.SchDoc with ERJ-PA3J4R7V from R.SchLib
Replace Part R1B ERJ-PA3J4R7V in D:\nextcloud\Altium\Projects\FreeWheel\MASTER\Vesc_Simple_2.SchDoc with ERJ-PA3J4R7V from R.SchLib
Replace Part R2 ERJ-2RKF1002X in D:\nextcloud\Altium\Projects\FreeWheel\MASTER\Vesc_Simple_2.SchDoc with ERJ-2RKF1002X from R.SchLib
Replace Part R2A ERJ-PA3J4R7V in D:\nextcloud\Altium\Projects\FreeWheel\MASTER\Vesc_Simple_2.SchDoc with ERJ-PA3J4R7V from R.SchLib
Replace Part R2B ERJ-PA3J4R7V in D:\nextcloud\Altium\Projects\FreeWheel\MASTER\Vesc_Simple_2.SchDoc with ERJ-PA3J4R7V from R.SchLib
Replace Part R3 ERJ-2RKF1003X in D:\nextcloud\Altium\Projects\FreeWheel\MASTER\Vesc_Simple_2.SchDoc with ERJ-2RKF1003X from R.SchLib
Replace Part R3A ERJ-PA3J4R7V in D:\nextcloud\Altium\Projects\FreeWheel\MASTER\Vesc_Simple_2.SchDoc with ERJ-PA3J4R7V from R.SchLib
Replace Part R3B ERJ-PA3J4R7V in D:\nextcloud\Altium\Projects\FreeWheel\MASTER\Vesc_Simple_2.SchDoc with ERJ-PA3J4R7V from R.SchLib
Replace Part R4A ERJ-PA3J4R7V in D:\nextcloud\Altium\Projects\FreeWheel\MASTER\Vesc_Simple_2.SchDoc with ERJ-PA3J4R7V from R.SchLib
Replace Part R4B ERJ-PA3J4R7V in D:\nextcloud\Altium\Projects\FreeWheel\MASTER\Vesc_Simple_2.SchDoc with ERJ-PA3J4R7V from R.SchLib
Replace Part R5 ERJ-2RKF3902X in D:\nextcloud\Altium\Projects\FreeWheel\MASTER\Vesc_Simple_2.SchDoc with ERJ-2RKF3902X from R.SchLib
Replace Part R5A ERJ-PA3J4R7V in D:\nextcloud\Altium\Projects\FreeWheel\MASTER\Vesc_Simple_2.SchDoc with ERJ-PA3J4R7V from R.SchLib
Replace Part R5B ERJ-PA3J4R7V in D:\nextcloud\Altium\Projects\FreeWheel\MASTER\Vesc_Simple_2.SchDoc with ERJ-PA3J4R7V from R.SchLib
Replace Part R6 ERJ-2RKF2201X in D:\nextcloud\Altium\Projects\FreeWheel\MASTER\Vesc_Simple_2.SchDoc with ERJ-2RKF2201X from R.SchLib
Replace Part R6A ERJ-PA3J4R7V in D:\nextcloud\Altium\Projects\FreeWheel\MASTER\Vesc_Simple_2.SchDoc with ERJ-PA3J4R7V from R.SchLib
Replace Part R6B ERJ-PA3J4R7V in D:\nextcloud\Altium\Projects\FreeWheel\MASTER\Vesc_Simple_2.SchDoc with ERJ-PA3J4R7V from R.SchLib
Replace Part R7B ERJ-2RKF3902X in D:\nextcloud\Altium\Projects\FreeWheel\MASTER\Vesc_Simple_2.SchDoc with ERJ-2RKF3902X from R.SchLib
Replace Part R8B ERJ-2RKF3902X in D:\nextcloud\Altium\Projects\FreeWheel\MASTER\Vesc_Simple_2.SchDoc with ERJ-2RKF3902X from R.SchLib
Replace Part R9B ERJ-2RKF3902X in D:\nextcloud\Altium\Projects\FreeWheel\MASTER\Vesc_Simple_2.SchDoc with ERJ-2RKF3902X from R.SchLib
Replace Part R10 ERT-J0EG202GM in D:\nextcloud\Altium\Projects\FreeWheel\MASTER\Vesc_Simple_2.SchDoc with ERT-J0EG202GM from R.SchLib
Replace Part R10A WSL27262L000FEB in D:\nextcloud\Altium\Projects\FreeWheel\MASTER\Vesc_Simple_2.SchDoc with WSL27262L000FEB from R.SchLib
Replace Part R10B WSL27262L000FEB in D:\nextcloud\Altium\Projects\FreeWheel\MASTER\Vesc_Simple_2.SchDoc with WSL27262L000FEB from R.SchLib
Replace Part R11 ERJ-2RKF2201X in D:\nextcloud\Altium\Projects\FreeWheel\MASTER\Vesc_Simple_2.SchDoc with ERJ-2RKF2201X from R.SchLib
Replace Part R12A WSL27262L000FEB in D:\nextcloud\Altium\Projects\FreeWheel\MASTER\Vesc_Simple_2.SchDoc with WSL27262L000FEB from R.SchLib
Replace Part R12B WSL27262L000FEB in D:\nextcloud\Altium\Projects\FreeWheel\MASTER\Vesc_Simple_2.SchDoc with WSL27262L000FEB from R.SchLib
Replace Part R13 ERJ-2RKF1002X in D:\nextcloud\Altium\Projects\FreeWheel\MASTER\Vesc_Simple_2.SchDoc with ERJ-2RKF1002X from R.SchLib
Replace Part R13A ERJ-2RKF2201X in D:\nextcloud\Altium\Projects\FreeWheel\MASTER\Vesc_Simple_2.SchDoc with ERJ-2RKF2201X from R.SchLib
Replace Part R13B ERJ-2RKF2201X in D:\nextcloud\Altium\Projects\FreeWheel\MASTER\Vesc_Simple_2.SchDoc with ERJ-2RKF2201X from R.SchLib
Replace Part R14A ERJ-2RKF2201X in D:\nextcloud\Altium\Projects\FreeWheel\MASTER\Vesc_Simple_2.SchDoc with ERJ-2RKF2201X from R.SchLib
Replace Part R14B ERJ-2RKF2201X in D:\nextcloud\Altium\Projects\FreeWheel\MASTER\Vesc_Simple_2.SchDoc with ERJ-2RKF2201X from R.SchLib
Replace Part R15A ERJ-2RKF2201X in D:\nextcloud\Altium\Projects\FreeWheel\MASTER\Vesc_Simple_2.SchDoc with ERJ-2RKF2201X from R.SchLib
Replace Part R15B ERJ-2RKF2201X in D:\nextcloud\Altium\Projects\FreeWheel\MASTER\Vesc_Simple_2.SchDoc with ERJ-2RKF2201X from R.SchLib
Replace Part R16A ERJ-2RKF1002X in D:\nextcloud\Altium\Projects\FreeWheel\MASTER\Vesc_Simple_2.SchDoc with ERJ-2RKF1002X from R.SchLib
Replace Part R16B ERJ-2RKF1002X in D:\nextcloud\Altium\Projects\FreeWheel\MASTER\Vesc_Simple_2.SchDoc with ERJ-2RKF1002X from R.SchLib
Replace Part R17A ERJ-2RKF1002X in D:\nextcloud\Altium\Projects\FreeWheel\MASTER\Vesc_Simple_2.SchDoc with ERJ-2RKF1002X from R.SchLib
Replace Part R17B ERJ-2RKF1002X in D:\nextcloud\Altium\Projects\FreeWheel\MASTER\Vesc_Simple_2.SchDoc with ERJ-2RKF1002X from R.SchLib
Replace Part R18A ERJ-2RKF1002X in D:\nextcloud\Altium\Projects\FreeWheel\MASTER\Vesc_Simple_2.SchDoc with ERJ-2RKF1002X from R.SchLib
Replace Part R18B ERJ-2RKF1002X in D:\nextcloud\Altium\Projects\FreeWheel\MASTER\Vesc_Simple_2.SchDoc with ERJ-2RKF1002X from R.SchLib
Replace Part R19A ERJ-2RKF3902X in D:\nextcloud\Altium\Projects\FreeWheel\MASTER\Vesc_Simple_2.SchDoc with ERJ-2RKF3902X from R.SchLib
Replace Part R19B ERJ-2RKF3902X in D:\nextcloud\Altium\Projects\FreeWheel\MASTER\Vesc_Simple_2.SchDoc with ERJ-2RKF3902X from R.SchLib
Replace Part R20A ERJ-2RKF2201X in D:\nextcloud\Altium\Projects\FreeWheel\MASTER\Vesc_Simple_2.SchDoc with ERJ-2RKF2201X from R.SchLib
Replace Part R20B ERJ-2RKF2201X in D:\nextcloud\Altium\Projects\FreeWheel\MASTER\Vesc_Simple_2.SchDoc with ERJ-2RKF2201X from R.SchLib
Replace Part R21A ERJ-2RKF3902X in D:\nextcloud\Altium\Projects\FreeWheel\MASTER\Vesc_Simple_2.SchDoc with ERJ-2RKF3902X from R.SchLib
Replace Part R21B ERJ-2RKF3902X in D:\nextcloud\Altium\Projects\FreeWheel\MASTER\Vesc_Simple_2.SchDoc with ERJ-2RKF3902X from R.SchLib
Replace Part R22A ERJ-2RKF2201X in D:\nextcloud\Altium\Projects\FreeWheel\MASTER\Vesc_Simple_2.SchDoc with ERJ-2RKF2201X from R.SchLib
Replace Part R22B ERJ-2RKF2201X in D:\nextcloud\Altium\Projects\FreeWheel\MASTER\Vesc_Simple_2.SchDoc with ERJ-2RKF2201X from R.SchLib
Replace Part R23A ERJ-2RKF3902X in D:\nextcloud\Altium\Projects\FreeWheel\MASTER\Vesc_Simple_2.SchDoc with ERJ-2RKF3902X from R.SchLib
Replace Part R23B ERJ-2RKF3902X in D:\nextcloud\Altium\Projects\FreeWheel\MASTER\Vesc_Simple_2.SchDoc with ERJ-2RKF3902X from R.SchLib
Replace Part R24 ERJ-2RKF2201X in D:\nextcloud\Altium\Projects\FreeWheel\MASTER\Vesc_Simple_2.SchDoc with ERJ-2RKF2201X from R.SchLib
Replace Part R24A ERJ-2RKF2201X in D:\nextcloud\Altium\Projects\FreeWheel\MASTER\Vesc_Simple_2.SchDoc with ERJ-2RKF2201X from R.SchLib
Replace Part R24B ERJ-2RKF2201X in D:\nextcloud\Altium\Projects\FreeWheel\MASTER\Vesc_Simple_2.SchDoc with ERJ-2RKF2201X from R.SchLib
Replace Part R25A ERJ-2RKF1000X in D:\nextcloud\Altium\Projects\FreeWheel\MASTER\Vesc_Simple_2.SchDoc with ERJ-2RKF1000X from R.SchLib
Replace Part R25B ERJ-2RKF1000X in D:\nextcloud\Altium\Projects\FreeWheel\MASTER\Vesc_Simple_2.SchDoc with ERJ-2RKF1000X from R.SchLib
Replace Part R26A ERJ-2RKF1000X in D:\nextcloud\Altium\Projects\FreeWheel\MASTER\Vesc_Simple_2.SchDoc with ERJ-2RKF1000X from R.SchLib
Replace Part R26B ERJ-2RKF1000X in D:\nextcloud\Altium\Projects\FreeWheel\MASTER\Vesc_Simple_2.SchDoc with ERJ-2RKF1000X from R.SchLib
Replace Part R29A ERJ-2RKF1000X in D:\nextcloud\Altium\Projects\FreeWheel\MASTER\Vesc_Simple_2.SchDoc with ERJ-2RKF1000X from R.SchLib
Replace Part R29B ERJ-2RKF1000X in D:\nextcloud\Altium\Projects\FreeWheel\MASTER\Vesc_Simple_2.SchDoc with ERJ-2RKF1000X from R.SchLib
Replace Part R30A ERJ-2RKF1000X in D:\nextcloud\Altium\Projects\FreeWheel\MASTER\Vesc_Simple_2.SchDoc with ERJ-2RKF1000X from R.SchLib
Replace Part R30B ERJ-2RKF1000X in D:\nextcloud\Altium\Projects\FreeWheel\MASTER\Vesc_Simple_2.SchDoc with ERJ-2RKF1000X from R.SchLib
Replace Part R32A ERJ-2RKF1000X in D:\nextcloud\Altium\Projects\FreeWheel\MASTER\Vesc_Simple_2.SchDoc with ERJ-2RKF1000X from R.SchLib
Replace Part R32B ERJ-2RKF1000X in D:\nextcloud\Altium\Projects\FreeWheel\MASTER\Vesc_Simple_2.SchDoc with ERJ-2RKF1000X from R.SchLib
Replace Part R34A ERJ-2RKF1002X in D:\nextcloud\Altium\Projects\FreeWheel\MASTER\Vesc_Simple_2.SchDoc with ERJ-2RKF1002X from R.SchLib
Replace Part R37B ERJ-2RKF4702X in D:\nextcloud\Altium\Projects\FreeWheel\MASTER\Vesc_Simple_2.SchDoc with ERJ-2RKF4702X from R.SchLib
Replace Part R38A ERJ-2RKF3902X in D:\nextcloud\Altium\Projects\FreeWheel\MASTER\Vesc_Simple_2.SchDoc with ERJ-2RKF3902X from R.SchLib
Replace Part R38B ERJ-2RKF3902X in D:\nextcloud\Altium\Projects\FreeWheel\MASTER\Vesc_Simple_2.SchDoc with ERJ-2RKF3902X from R.SchLib
Replace Part R40A ERJ-2RKF2201X in D:\nextcloud\Altium\Projects\FreeWheel\MASTER\Vesc_Simple_2.SchDoc with ERJ-2RKF2201X from R.SchLib
Replace Part R40B ERJ-2RKF2201X in D:\nextcloud\Altium\Projects\FreeWheel\MASTER\Vesc_Simple_2.SchDoc with ERJ-2RKF2201X from R.SchLib
Replace Part R41A ERJ-2RKF1002X in D:\nextcloud\Altium\Projects\FreeWheel\MASTER\Vesc_Simple_2.SchDoc with ERJ-2RKF1002X from R.SchLib
Replace Part R42A ERJ-2RKF3651X in D:\nextcloud\Altium\Projects\FreeWheel\MASTER\Vesc_Simple_2.SchDoc with ERJ-2RKF3651X from R.SchLib
Replace Part R80 ERJ-2RKF6203X in D:\nextcloud\Altium\Projects\FreeWheel\MASTER\Vesc_Simple_2.SchDoc with ERJ-2RKF6203X from R.SchLib
Replace Part U1 TPS561201 in D:\nextcloud\Altium\Projects\FreeWheel\MASTER\Vesc_Simple_2.SchDoc with TPS561201 from U.SchLib
Replace Part U1A STM32F405RGT6 in D:\nextcloud\Altium\Projects\FreeWheel\MASTER\Vesc_Simple_2.SchDoc with STM32F405RGT6 from U.SchLib
Replace Part U1B STM32F405RGT6 in D:\nextcloud\Altium\Projects\FreeWheel\MASTER\Vesc_Simple_2.SchDoc with STM32F405RGT6 from U.SchLib
Replace Part U10 MP9486AGN in D:\nextcloud\Altium\Projects\FreeWheel\MASTER\Vesc_Simple_2.SchDoc with MP9486AGN from U.SchLib
Replace Part U11 INA181A1IDBVR in D:\nextcloud\Altium\Projects\FreeWheel\MASTER\Vesc_Simple_2.SchDoc with INA181A1IDBVR from U.SchLib
Replace Part U12 INA181A1IDBVR in D:\nextcloud\Altium\Projects\FreeWheel\MASTER\Vesc_Simple_2.SchDoc with INA181A1IDBVR from U.SchLib
Replace Part U22 MIC4604YMT in D:\nextcloud\Altium\Projects\FreeWheel\MASTER\Vesc_Simple_2.SchDoc with MIC4604YMT from U.SchLib
Replace Part U23 MIC4604YMT in D:\nextcloud\Altium\Projects\FreeWheel\MASTER\Vesc_Simple_2.SchDoc with MIC4604YMT from U.SchLib
Replace Part U24 MIC4604YMT in D:\nextcloud\Altium\Projects\FreeWheel\MASTER\Vesc_Simple_2.SchDoc with MIC4604YMT from U.SchLib
Replace Part Y1A CSTNE8M00G550000R0 in D:\nextcloud\Altium\Projects\FreeWheel\MASTER\Vesc_Simple_2.SchDoc with CSTNE8M00G550000R0 from Y.SchLib
Replace Part Y1B CSTNE8M00G550000R0 in D:\nextcloud\Altium\Projects\FreeWheel\MASTER\Vesc_Simple_2.SchDoc with CSTNE8M00G550000R0 from Y.SchLib
