Added Component: Designator=C4(CAP 0402)
Added Component: Designator=C5(CAP 0402)
Added Component: Designator=C6(CAP 0402)
Added Component: Designator=C8(CAP 0402)
Added Component: Designator=C10(CAP 0402)
Added Component: Designator=C11(CAP 0402)
Added Component: Designator=C12(CAP 0402)
Added Component: Designator=C13(CAP 0402)
Added Component: Designator=C14(CAP 0402)
Added Component: Designator=C15(CAP 0402)
Added Component: Designator=C16(CAP 0402)
Added Component: Designator=C17(CAP 0402)
Added Component: Designator=C18(CAP 0402)
Added Component: Designator=C20(CAP 0402)
Added Component: Designator=C21(CAP 0402)
Added Component: Designator=C22(CAP 0603)
Added Component: Designator=C23(CAP 0402)
Added Component: Designator=C24(CAP 0402)
Added Component: Designator=C25(CAP 0805)
Added Component: Designator=C27(CAP 0402)
Added Component: Designator=C29(CAP 0603)
Added Component: Designator=C31(CAP 0402)
Added Component: Designator=C32(CAP 0402)
Added Component: Designator=C33(CAP 0805)
Added Component: Designator=C35(CAP 0402)
Added Component: Designator=C38(CAP 0402)
Added Component: Designator=C400(CAP 0402)
Added Component: Designator=C401(CAP 0402)
Added Component: Designator=C402(CAP 0402)
Added Component: Designator=C403(CAP 0402)
Added Component: Designator=C?(CAP 0402)
Added Component: Designator=C?(CAP 0402)
Added Component: Designator=C?(CAP 0402)
Added Component: Designator=C?(CAP 0402)
Added Component: Designator=C?(CAP 0402)
Added Component: Designator=D1(Diode 0603)
Added Component: Designator=D2(Diode 0603)
Added Component: Designator=D4(SOD-323/SC76)
Added Component: Designator=L1(SRN6028)
Added Component: Designator=Q1(TO-263-3)
Added Component: Designator=Q2(TO-263-3)
Added Component: Designator=Q3(TO-263-3)
Added Component: Designator=Q4(TO-263-3)
Added Component: Designator=Q5(TO-263-3)
Added Component: Designator=Q6(TO-263-3)
Added Component: Designator=R0(RES 0402)
Added Component: Designator=R2(RES 0402)
Added Component: Designator=R7(RES 0402)
Added Component: Designator=R8(RES 0402)
Added Component: Designator=R9(RES 0402)
Added Component: Designator=R10(RES 0402)
Added Component: Designator=R11(RES 0402)
Added Component: Designator=R12(RES 0402)
Added Component: Designator=R13(RES 0402)
Added Component: Designator=R17(RES 0402)
Added Component: Designator=R23(RES 0402)
Added Component: Designator=R24(RES 0402)
Added Component: Designator=R26(RES 0402)
Added Component: Designator=R27(RES 0402)
Added Component: Designator=R28(RES 0402)
Added Component: Designator=R29(RES 0402)
Added Component: Designator=R30(RES 0402)
Added Component: Designator=R32(RES 0402)
Added Component: Designator=R33(RES 0402)
Added Component: Designator=R34(RES 0402)
Added Component: Designator=R35(RES 0402)
Added Component: Designator=R36(RES 0402)
Added Component: Designator=R37(RES 0402)
Added Component: Designator=R38(RES 0402)
Added Component: Designator=R42(RES 0402)
Added Component: Designator=R43(RES 0402)
Added Component: Designator=R46(RES 0402)
Added Component: Designator=R57(RES 0402)
Added Component: Designator=R57(RES 0402)
Added Component: Designator=R57(RES 0402)
Added Component: Designator=R57(RES 0402)
Added Component: Designator=R57(RES 0402)
Added Component: Designator=R57(RES 0402)
Added Component: Designator=R60(RES 0402)
Added Component: Designator=R69(RES 0402)
Added Component: Designator=R100(RES 2512)
Added Component: Designator=R200(RES 2512)
Added Component: Designator=R300(RES 2512)
Added Component: Designator=R400(RES 0402)
Added Component: Designator=R401(RES 0402)
Added Component: Designator=R402(RES 0402)
Added Component: Designator=R403(RES 0402)
Added Component: Designator=U1(QFP-64 - P0.5MM)
Added Component: Designator=U1(SOT-23-5)
Added Component: Designator=U1(QFN-36 - P0.5MM)
Added Component: Designator=U2(SOT-23-5)
Added Component: Designator=U3(QFN-48 - P0.5MM)
Added Component: Designator=Y400(XTALSMD3225)
Added Pin To Net: NetName=+5V Pin=C33-2
Added Pin To Net: NetName=+5V Pin=U2-1
Added Pin To Net: NetName=+5V Pin=U2-3
Added Net: Name=+5V
Added Pin To Net: NetName=ADC_TEMP Pin=U1-17
Added Net: Name=ADC_TEMP
Added Pin To Net: NetName=AGND Pin=C23-2
Added Pin To Net: NetName=AGND Pin=U3-27
Added Net: Name=AGND
Added Pin To Net: NetName=CAN_RX Pin=U1-61
Added Net: Name=CAN_RX
Added Pin To Net: NetName=CAN_TX Pin=U1-62
Added Net: Name=CAN_TX
Added Pin To Net: NetName=CURRENT_A Pin=U1-8
Added Pin To Net: NetName=CURRENT_A Pin=U3-25
Added Net: Name=CURRENT_A
Added Pin To Net: NetName=CURRENT_B Pin=U1-9
Added Pin To Net: NetName=CURRENT_B Pin=U3-24
Added Net: Name=CURRENT_B
Added Pin To Net: NetName=CURRENT_C Pin=U1-10
Added Pin To Net: NetName=CURRENT_C Pin=U3-23
Added Net: Name=CURRENT_C
Added Pin To Net: NetName=DVDD Pin=C20-2
Added Pin To Net: NetName=DVDD Pin=U3-29
Added Pin To Net: NetName=DVDD Pin=U3-30
Added Pin To Net: NetName=DVDD Pin=U3-31
Added Pin To Net: NetName=DVDD Pin=U3-40
Added Net: Name=DVDD
Added Pin To Net: NetName=EN_GATE Pin=U1-57
Added Pin To Net: NetName=EN_GATE Pin=U3-33
Added Net: Name=EN_GATE
Added Pin To Net: NetName=FAULT Pin=U1-53
Added Net: Name=FAULT
Added Pin To Net: NetName=GND Pin=C4-1
Added Pin To Net: NetName=GND Pin=C5-1
Added Pin To Net: NetName=GND Pin=C6-1
Added Pin To Net: NetName=GND Pin=C8-1
Added Pin To Net: NetName=GND Pin=C10-2
Added Pin To Net: NetName=GND Pin=C11-2
Added Pin To Net: NetName=GND Pin=C12-2
Added Pin To Net: NetName=GND Pin=C13-2
Added Pin To Net: NetName=GND Pin=C14-2
Added Pin To Net: NetName=GND Pin=C15-2
Added Pin To Net: NetName=GND Pin=C16-2
Added Pin To Net: NetName=GND Pin=C17-2
Added Pin To Net: NetName=GND Pin=C18-2
Added Pin To Net: NetName=GND Pin=C20-1
Added Pin To Net: NetName=GND Pin=C21-1
Added Pin To Net: NetName=GND Pin=C24-1
Added Pin To Net: NetName=GND Pin=C25-1
Added Pin To Net: NetName=GND Pin=C31-2
Added Pin To Net: NetName=GND Pin=C32-2
Added Pin To Net: NetName=GND Pin=C33-1
Added Pin To Net: NetName=GND Pin=C35-2
Added Pin To Net: NetName=GND Pin=C38-2
Added Pin To Net: NetName=GND Pin=C400-2
Added Pin To Net: NetName=GND Pin=C401-2
Added Pin To Net: NetName=GND Pin=C402-2
Added Pin To Net: NetName=GND Pin=C403-2
Added Pin To Net: NetName=GND Pin=C?-1
Added Pin To Net: NetName=GND Pin=C?-1
Added Pin To Net: NetName=GND Pin=D1-2
Added Pin To Net: NetName=GND Pin=D2-2
Added Pin To Net: NetName=GND Pin=D4-1
Added Pin To Net: NetName=GND Pin=R0-2
Added Pin To Net: NetName=GND Pin=R2-2
Added Pin To Net: NetName=GND Pin=R24-1
Added Pin To Net: NetName=GND Pin=R27-1
Added Pin To Net: NetName=GND Pin=R33-1
Added Pin To Net: NetName=GND Pin=R69-1
Added Pin To Net: NetName=GND Pin=R401-2
Added Pin To Net: NetName=GND Pin=R403-2
Added Pin To Net: NetName=GND Pin=U1-0
Added Pin To Net: NetName=GND Pin=U1-2
Added Pin To Net: NetName=GND Pin=U1-11
Added Pin To Net: NetName=GND Pin=U1-11
Added Pin To Net: NetName=GND Pin=U1-12
Added Pin To Net: NetName=GND Pin=U1-18
Added Pin To Net: NetName=GND Pin=U1-24
Added Pin To Net: NetName=GND Pin=U1-24
Added Pin To Net: NetName=GND Pin=U1-60
Added Pin To Net: NetName=GND Pin=U1-63
Added Pin To Net: NetName=GND Pin=U2-2
Added Pin To Net: NetName=GND Pin=U3-0
Added Pin To Net: NetName=GND Pin=U3-1
Added Pin To Net: NetName=GND Pin=U3-41
Added Pin To Net: NetName=GND Pin=Y400-2
Added Pin To Net: NetName=GND Pin=Y400-4
Added Net: Name=GND
Added Pin To Net: NetName=H1 Pin=U1-41
Added Pin To Net: NetName=H1 Pin=U3-34
Added Net: Name=H1
Added Pin To Net: NetName=H2 Pin=U1-42
Added Pin To Net: NetName=H2 Pin=U3-36
Added Net: Name=H2
Added Pin To Net: NetName=H3 Pin=U1-43
Added Pin To Net: NetName=H3 Pin=U3-38
Added Net: Name=H3
Added Pin To Net: NetName=HALL1_IN Pin=R8-1
Added Pin To Net: NetName=HALL1_IN Pin=R13-1
Added Net: Name=HALL1_IN
Added Pin To Net: NetName=HALL2_IN Pin=R9-1
Added Pin To Net: NetName=HALL2_IN Pin=R12-1
Added Net: Name=HALL2_IN
Added Pin To Net: NetName=HALL3_IN Pin=R10-1
Added Pin To Net: NetName=HALL3_IN Pin=R11-1
Added Net: Name=HALL3_IN
Added Pin To Net: NetName=HALL_1 Pin=C8-2
Added Pin To Net: NetName=HALL_1 Pin=R8-2
Added Pin To Net: NetName=HALL_1 Pin=U1-37
Added Net: Name=HALL_1
Added Pin To Net: NetName=HALL_2 Pin=C6-2
Added Pin To Net: NetName=HALL_2 Pin=R9-2
Added Pin To Net: NetName=HALL_2 Pin=U1-38
Added Net: Name=HALL_2
Added Pin To Net: NetName=HALL_3 Pin=C5-2
Added Pin To Net: NetName=HALL_3 Pin=R10-2
Added Pin To Net: NetName=HALL_3 Pin=U1-39
Added Net: Name=HALL_3
Added Pin To Net: NetName=L1 Pin=U1-34
Added Pin To Net: NetName=L1 Pin=U3-35
Added Net: Name=L1
Added Pin To Net: NetName=L2 Pin=U1-35
Added Pin To Net: NetName=L2 Pin=U3-37
Added Net: Name=L2
Added Pin To Net: NetName=L3 Pin=U1-36
Added Pin To Net: NetName=L3 Pin=U3-39
Added Net: Name=L3
Added Pin To Net: NetName=LED_GREEN Pin=R38-2
Added Pin To Net: NetName=LED_GREEN Pin=U1-26
Added Net: Name=LED_GREEN
Added Pin To Net: NetName=LED_RED Pin=R37-2
Added Pin To Net: NetName=LED_RED Pin=U1-27
Added Net: Name=LED_RED
Added Pin To Net: NetName=MISO_ADC_EXT2 Pin=U1-22
Added Net: Name=MISO_ADC_EXT2
Added Pin To Net: NetName=NetC15_1 Pin=C15-1
Added Pin To Net: NetName=NetC15_1 Pin=U1-5
Added Net: Name=NetC15_1
Added Pin To Net: NetName=NetC16_1 Pin=C16-1
Added Pin To Net: NetName=NetC16_1 Pin=U1-31
Added Net: Name=NetC16_1
Added Pin To Net: NetName=NetC17_1 Pin=C17-1
Added Pin To Net: NetName=NetC17_1 Pin=U1-47
Added Net: Name=NetC17_1
Added Pin To Net: NetName=NetC18_1 Pin=C18-1
Added Pin To Net: NetName=NetC18_1 Pin=U3-2
Added Net: Name=NetC18_1
Added Pin To Net: NetName=NetC21_2 Pin=C21-2
Added Pin To Net: NetName=NetC21_2 Pin=U3-44
Added Net: Name=NetC21_2
Added Pin To Net: NetName=NetC22_1 Pin=C22-1
Added Pin To Net: NetName=NetC22_1 Pin=U3-3
Added Net: Name=NetC22_1
Added Pin To Net: NetName=NetC22_2 Pin=C22-2
Added Pin To Net: NetName=NetC22_2 Pin=U3-4
Added Net: Name=NetC22_2
Added Pin To Net: NetName=NetC27_1 Pin=C27-1
Added Pin To Net: NetName=NetC27_1 Pin=U3-45
Added Net: Name=NetC27_1
Added Pin To Net: NetName=NetC29_2 Pin=C29-2
Added Pin To Net: NetName=NetC29_2 Pin=U3-7
Added Net: Name=NetC29_2
Added Pin To Net: NetName=NetC38_1 Pin=C38-1
Added Pin To Net: NetName=NetC38_1 Pin=U1-6
Added Net: Name=NetC38_1
Added Pin To Net: NetName=NetC400_1 Pin=C400-1
Added Pin To Net: NetName=NetC400_1 Pin=R400-1
Added Pin To Net: NetName=NetC400_1 Pin=U1-32
Added Pin To Net: NetName=NetC400_1 Pin=U1-32
Added Pin To Net: NetName=NetC400_1 Pin=Y400-3
Added Net: Name=NetC400_1
Added Pin To Net: NetName=NetC401_1 Pin=C401-1
Added Pin To Net: NetName=NetC401_1 Pin=R400-2
Added Pin To Net: NetName=NetC401_1 Pin=U1-33
Added Pin To Net: NetName=NetC401_1 Pin=U1-33
Added Pin To Net: NetName=NetC401_1 Pin=Y400-1
Added Net: Name=NetC401_1
Added Pin To Net: NetName=NetC402_1 Pin=C402-1
Added Pin To Net: NetName=NetC402_1 Pin=U1-34
Added Pin To Net: NetName=NetC402_1 Pin=U1-34
Added Net: Name=NetC402_1
Added Pin To Net: NetName=NetC403_1 Pin=C403-1
Added Pin To Net: NetName=NetC403_1 Pin=U1-14
Added Pin To Net: NetName=NetC403_1 Pin=U1-14
Added Net: Name=NetC403_1
Added Pin To Net: NetName=NetD1_1 Pin=D1-1
Added Pin To Net: NetName=NetD1_1 Pin=R38-1
Added Net: Name=NetD1_1
Added Pin To Net: NetName=NetD2_1 Pin=D2-1
Added Pin To Net: NetName=NetD2_1 Pin=R37-1
Added Net: Name=NetD2_1
Added Pin To Net: NetName=NetD4_2 Pin=D4-2
Added Pin To Net: NetName=NetD4_2 Pin=L1-1
Added Pin To Net: NetName=NetD4_2 Pin=U3-42
Added Net: Name=NetD4_2
Added Pin To Net: NetName=NetQ1_1 Pin=Q1-1
Added Pin To Net: NetName=NetQ1_1 Pin=R28-2
Added Net: Name=NetQ1_1
Added Pin To Net: NetName=NetQ2_1 Pin=Q2-1
Added Pin To Net: NetName=NetQ2_1 Pin=R29-2
Added Pin To Net: NetName=NetQ2_1 Pin=R30-2
Added Net: Name=NetQ2_1
Added Pin To Net: NetName=NetQ3_1 Pin=Q3-1
Added Pin To Net: NetName=NetQ3_1 Pin=R34-2
Added Net: Name=NetQ3_1
Added Pin To Net: NetName=NetQ4_1 Pin=Q4-1
Added Pin To Net: NetName=NetQ4_1 Pin=R35-2
Added Pin To Net: NetName=NetQ4_1 Pin=R36-2
Added Net: Name=NetQ4_1
Added Pin To Net: NetName=NetQ5_1 Pin=Q5-1
Added Pin To Net: NetName=NetQ5_1 Pin=R42-2
Added Net: Name=NetQ5_1
Added Pin To Net: NetName=NetQ6_1 Pin=Q6-1
Added Pin To Net: NetName=NetQ6_1 Pin=R43-2
Added Pin To Net: NetName=NetQ6_1 Pin=R46-2
Added Net: Name=NetQ6_1
Added Pin To Net: NetName=NetR0_1 Pin=R0-1
Added Pin To Net: NetName=NetR0_1 Pin=U3-32
Added Net: Name=NetR0_1
Added Pin To Net: NetName=NetR2_1 Pin=R2-1
Added Pin To Net: NetName=NetR2_1 Pin=U3-46
Added Net: Name=NetR2_1
Added Pin To Net: NetName=NetR17_1 Pin=R17-1
Added Pin To Net: NetName=NetR17_1 Pin=R69-2
Added Pin To Net: NetName=NetR17_1 Pin=U3-48
Added Net: Name=NetR17_1
Added Pin To Net: NetName=NetR60_1 Pin=R60-1
Added Pin To Net: NetName=NetR60_1 Pin=U3-47
Added Net: Name=NetR60_1
Added Pin To Net: NetName=NetR401_1 Pin=R401-1
Added Pin To Net: NetName=NetR401_1 Pin=R402-1
Added Pin To Net: NetName=NetR401_1 Pin=U1-27
Added Pin To Net: NetName=NetR401_1 Pin=U1-27
Added Net: Name=NetR401_1
Added Pin To Net: NetName=NRST Pin=C32-1
Added Pin To Net: NetName=NRST Pin=U1-7
Added Net: Name=NRST
Added Pin To Net: NetName=PA_AGND_F Pin=C?-1
Added Pin To Net: NetName=PA_AGND_F Pin=R57-1
Added Pin To Net: NetName=PA_AGND_F Pin=U3-12
Added Net: Name=PA_AGND_F
Added Pin To Net: NetName=PA_AGND Pin=R57-2
Added Pin To Net: NetName=PA_AGND Pin=R100-1
Added Net: Name=PA_AGND
Added Pin To Net: NetName=PA_HI Pin=R28-1
Added Pin To Net: NetName=PA_HI Pin=U3-8
Added Net: Name=PA_HI
Added Pin To Net: NetName=PA_LO Pin=R29-1
Added Pin To Net: NetName=PA_LO Pin=U3-10
Added Net: Name=PA_LO
Added Pin To Net: NetName=PA_SOURCE_F Pin=C?-2
Added Pin To Net: NetName=PA_SOURCE_F Pin=R57-1
Added Pin To Net: NetName=PA_SOURCE_F Pin=U3-11
Added Net: Name=PA_SOURCE_F
Added Pin To Net: NetName=PA_SOURCE Pin=Q2-3
Added Pin To Net: NetName=PA_SOURCE Pin=R30-1
Added Pin To Net: NetName=PA_SOURCE Pin=R57-2
Added Pin To Net: NetName=PA_SOURCE Pin=R100-2
Added Net: Name=PA_SOURCE
Added Pin To Net: NetName=PB_AGND_F Pin=C?-1
Added Pin To Net: NetName=PB_AGND_F Pin=R57-1
Added Pin To Net: NetName=PB_AGND_F Pin=U3-13
Added Net: Name=PB_AGND_F
Added Pin To Net: NetName=PB_AGND Pin=R57-2
Added Pin To Net: NetName=PB_AGND Pin=R200-1
Added Net: Name=PB_AGND
Added Pin To Net: NetName=PB_HI Pin=R34-1
Added Pin To Net: NetName=PB_HI Pin=U3-17
Added Net: Name=PB_HI
Added Pin To Net: NetName=PB_LO Pin=R35-1
Added Pin To Net: NetName=PB_LO Pin=U3-15
Added Net: Name=PB_LO
Added Pin To Net: NetName=PB_SOURCE_F Pin=C?-2
Added Pin To Net: NetName=PB_SOURCE_F Pin=R57-1
Added Pin To Net: NetName=PB_SOURCE_F Pin=U3-14
Added Net: Name=PB_SOURCE_F
Added Pin To Net: NetName=PB_SOURCE Pin=Q4-3
Added Pin To Net: NetName=PB_SOURCE Pin=R36-1
Added Pin To Net: NetName=PB_SOURCE Pin=R57-2
Added Pin To Net: NetName=PB_SOURCE Pin=R200-2
Added Net: Name=PB_SOURCE
Added Pin To Net: NetName=PC_AGND_F Pin=C?-1
Added Pin To Net: NetName=PC_AGND_F Pin=R57-1
Added Pin To Net: NetName=PC_AGND_F Pin=U3-22
Added Net: Name=PC_AGND_F
Added Pin To Net: NetName=PC_AGND Pin=R57-2
Added Pin To Net: NetName=PC_AGND Pin=R300-1
Added Net: Name=PC_AGND
Added Pin To Net: NetName=PC_HI Pin=R42-1
Added Pin To Net: NetName=PC_HI Pin=U3-18
Added Net: Name=PC_HI
Added Pin To Net: NetName=PC_LO Pin=R43-1
Added Pin To Net: NetName=PC_LO Pin=U3-20
Added Net: Name=PC_LO
Added Pin To Net: NetName=PC_SOURCE_F Pin=C?-2
Added Pin To Net: NetName=PC_SOURCE_F Pin=R57-1
Added Pin To Net: NetName=PC_SOURCE_F Pin=U3-21
Added Net: Name=PC_SOURCE_F
Added Pin To Net: NetName=PC_SOURCE Pin=Q6-3
Added Pin To Net: NetName=PC_SOURCE Pin=R46-1
Added Pin To Net: NetName=PC_SOURCE Pin=R57-2
Added Pin To Net: NetName=PC_SOURCE Pin=R300-2
Added Net: Name=PC_SOURCE
Added Pin To Net: NetName=PHASE_A Pin=Q1-3
Added Pin To Net: NetName=PHASE_A Pin=Q2-2
Added Pin To Net: NetName=PHASE_A Pin=R32-2
Added Pin To Net: NetName=PHASE_A Pin=U3-9
Added Net: Name=PHASE_A
Added Pin To Net: NetName=PHASE_B Pin=Q3-3
Added Pin To Net: NetName=PHASE_B Pin=Q4-2
Added Pin To Net: NetName=PHASE_B Pin=R26-2
Added Pin To Net: NetName=PHASE_B Pin=U3-16
Added Net: Name=PHASE_B
Added Pin To Net: NetName=PHASE_C Pin=Q5-3
Added Pin To Net: NetName=PHASE_C Pin=Q6-2
Added Pin To Net: NetName=PHASE_C Pin=R23-2
Added Pin To Net: NetName=PHASE_C Pin=U3-19
Added Net: Name=PHASE_C
Added Pin To Net: NetName=RX_SDA_NSS Pin=U1-20
Added Pin To Net: NetName=RX_SDA_NSS Pin=U1-30
Added Net: Name=RX_SDA_NSS
Added Pin To Net: NetName=SCK_ADC_EXT Pin=U1-21
Added Net: Name=SCK_ADC_EXT
Added Pin To Net: NetName=SERVO Pin=U1-58
Added Net: Name=SERVO
Added Pin To Net: NetName=SWCLK Pin=U1-49
Added Net: Name=SWCLK
Added Pin To Net: NetName=SWDIO Pin=U1-46
Added Net: Name=SWDIO
Added Pin To Net: NetName=TEMP_IN Pin=C4-2
Added Pin To Net: NetName=TEMP_IN Pin=R7-1
Added Pin To Net: NetName=TEMP_IN Pin=U1-11
Added Net: Name=TEMP_IN
Added Pin To Net: NetName=TX_SCL_MOSI Pin=U1-23
Added Pin To Net: NetName=TX_SCL_MOSI Pin=U1-29
Added Net: Name=TX_SCL_MOSI
Added Pin To Net: NetName=USB_DM Pin=U1-44
Added Net: Name=USB_DM
Added Pin To Net: NetName=USB_DP Pin=U1-45
Added Net: Name=USB_DP
Added Pin To Net: NetName=USB_PORT1_D_N Pin=U1-1
Added Pin To Net: NetName=USB_PORT1_D_N Pin=U1-1
Added Net: Name=USB_PORT1_D_N
Added Pin To Net: NetName=USB_PORT1_D_P Pin=U1-2
Added Pin To Net: NetName=USB_PORT1_D_P Pin=U1-2
Added Net: Name=USB_PORT1_D_P
Added Pin To Net: NetName=USB_PORT2_D_N Pin=U1-3
Added Pin To Net: NetName=USB_PORT2_D_N Pin=U1-3
Added Pin To Net: NetName=USB_PORT2_D_N Pin=U1-6
Added Pin To Net: NetName=USB_PORT2_D_N Pin=U1-6
Added Net: Name=USB_PORT2_D_N
Added Pin To Net: NetName=USB_PORT2_D_P Pin=U1-4
Added Pin To Net: NetName=USB_PORT2_D_P Pin=U1-4
Added Pin To Net: NetName=USB_PORT2_D_P Pin=U1-7
Added Pin To Net: NetName=USB_PORT2_D_P Pin=U1-7
Added Net: Name=USB_PORT2_D_P
Added Pin To Net: NetName=USB_PORT3_D_N Pin=U1-8
Added Pin To Net: NetName=USB_PORT3_D_N Pin=U1-8
Added Net: Name=USB_PORT3_D_N
Added Pin To Net: NetName=USB_PORT3_D_P Pin=U1-9
Added Pin To Net: NetName=USB_PORT3_D_P Pin=U1-9
Added Net: Name=USB_PORT3_D_P
Added Net: Name=USB_PORT4_D_N
Added Net: Name=USB_PORT4_D_P
Added Pin To Net: NetName=USB_UP_D_N Pin=U1-30
Added Pin To Net: NetName=USB_UP_D_N Pin=U1-30
Added Net: Name=USB_UP_D_N
Added Pin To Net: NetName=USB_UP_D_P Pin=U1-31
Added Pin To Net: NetName=USB_UP_D_P Pin=U1-31
Added Net: Name=USB_UP_D_P
Added Pin To Net: NetName=V_OUT Pin=L1-2
Added Pin To Net: NetName=V_OUT Pin=R17-2
Added Net: Name=V_OUT
Added Pin To Net: NetName=V_SUPPLY Pin=C27-2
Added Pin To Net: NetName=V_SUPPLY Pin=C29-1
Added Pin To Net: NetName=V_SUPPLY Pin=Q1-2
Added Pin To Net: NetName=V_SUPPLY Pin=Q3-2
Added Pin To Net: NetName=V_SUPPLY Pin=Q5-2
Added Pin To Net: NetName=V_SUPPLY Pin=R60-2
Added Pin To Net: NetName=V_SUPPLY Pin=U3-5
Added Pin To Net: NetName=V_SUPPLY Pin=U3-6
Added Pin To Net: NetName=V_SUPPLY Pin=U3-43
Added Net: Name=V_SUPPLY
Added Pin To Net: NetName=VCC_3V3 Pin=C?-2
Added Pin To Net: NetName=VCC_3V3 Pin=U1-5
Added Pin To Net: NetName=VCC_3V3 Pin=U1-5
Added Pin To Net: NetName=VCC_3V3 Pin=U1-5
Added Pin To Net: NetName=VCC_3V3 Pin=U1-10
Added Pin To Net: NetName=VCC_3V3 Pin=U1-10
Added Pin To Net: NetName=VCC_3V3 Pin=U1-15
Added Pin To Net: NetName=VCC_3V3 Pin=U1-15
Added Pin To Net: NetName=VCC_3V3 Pin=U1-23
Added Pin To Net: NetName=VCC_3V3 Pin=U1-23
Added Pin To Net: NetName=VCC_3V3 Pin=U1-25
Added Pin To Net: NetName=VCC_3V3 Pin=U1-25
Added Pin To Net: NetName=VCC_3V3 Pin=U1-26
Added Pin To Net: NetName=VCC_3V3 Pin=U1-26
Added Pin To Net: NetName=VCC_3V3 Pin=U1-29
Added Pin To Net: NetName=VCC_3V3 Pin=U1-29
Added Pin To Net: NetName=VCC_3V3 Pin=U1-36
Added Pin To Net: NetName=VCC_3V3 Pin=U1-36
Added Net: Name=VCC_3V3
Added Pin To Net: NetName=VCC_5V Pin=C?-2
Added Pin To Net: NetName=VCC_5V Pin=R402-2
Added Pin To Net: NetName=VCC_5V Pin=U1-1
Added Pin To Net: NetName=VCC_5V Pin=U1-3
Added Net: Name=VCC_5V
Added Pin To Net: NetName=VCC Pin=C10-1
Added Pin To Net: NetName=VCC Pin=C11-1
Added Pin To Net: NetName=VCC Pin=C12-1
Added Pin To Net: NetName=VCC Pin=C13-1
Added Pin To Net: NetName=VCC Pin=C14-1
Added Pin To Net: NetName=VCC Pin=C23-1
Added Pin To Net: NetName=VCC Pin=C24-2
Added Pin To Net: NetName=VCC Pin=C25-2
Added Pin To Net: NetName=VCC Pin=C31-1
Added Pin To Net: NetName=VCC Pin=C35-1
Added Pin To Net: NetName=VCC Pin=R7-2
Added Pin To Net: NetName=VCC Pin=R11-2
Added Pin To Net: NetName=VCC Pin=R12-2
Added Pin To Net: NetName=VCC Pin=R13-2
Added Pin To Net: NetName=VCC Pin=U1-1
Added Pin To Net: NetName=VCC Pin=U1-13
Added Pin To Net: NetName=VCC Pin=U1-19
Added Pin To Net: NetName=VCC Pin=U1-32
Added Pin To Net: NetName=VCC Pin=U1-48
Added Pin To Net: NetName=VCC Pin=U1-64
Added Pin To Net: NetName=VCC Pin=U2-5
Added Pin To Net: NetName=VCC Pin=U3-26
Added Net: Name=VCC
Added Pin To Net: NetName=VOLTAGE_A Pin=R32-1
Added Pin To Net: NetName=VOLTAGE_A Pin=R33-2
Added Pin To Net: NetName=VOLTAGE_A Pin=U1-14
Added Net: Name=VOLTAGE_A
Added Pin To Net: NetName=VOLTAGE_B Pin=R26-1
Added Pin To Net: NetName=VOLTAGE_B Pin=R27-2
Added Pin To Net: NetName=VOLTAGE_B Pin=U1-15
Added Net: Name=VOLTAGE_B
Added Pin To Net: NetName=VOLTAGE_C Pin=R23-1
Added Pin To Net: NetName=VOLTAGE_C Pin=R24-2
Added Pin To Net: NetName=VOLTAGE_C Pin=U1-16
Added Net: Name=VOLTAGE_C
Added Class: Name=4-PORT-HUB
Added Class: Name=Vesc
Added Differential Pair: Name=USB_UP_D
Added Room: Name=4-PORT-HUB
Added Room: Name=Vesc
