Change Component DesignItemId : Designator=Q2 Old DesignItemId=IPB042N10N3GATMA1 New DesignItemId=SUP70060E-GE3
Change Component DesignItemId : Designator=Q4 Old DesignItemId=IPB042N10N3GATMA1 New DesignItemId=SUP70060E-GE3
Change Component DesignItemId : Designator=Q6 Old DesignItemId=IPB042N10N3GATMA1 New DesignItemId=SUP70060E-GE3
Change Component Footprint: Designator=Q2 Old Footprint=TO-263-3 New Footprint=TO-220
Change Component Footprint: Designator=Q4 Old Footprint=TO-263-3 New Footprint=TO-220
Change Component Footprint: Designator=Q6 Old Footprint=TO-263-3 New Footprint=TO-220
Change Component Comment : Designator=Q2 Old Comment=IPB042N10N3GATMA1 New Comment=SUP70060E-GE3
Change Component Comment : Designator=Q4 Old Comment=IPB042N10N3GATMA1 New Comment=SUP70060E-GE3
Change Component Comment : Designator=Q6 Old Comment=IPB042N10N3GATMA1 New Comment=SUP70060E-GE3
Added Component: Designator=R30(RES 0402)
Added Component: Designator=R36(RES 0402)
Added Pin To Net: NetName=PA_SOURCE Pin=R30-1
Added Pin To Net: NetName=NetQ2_1 Pin=R30-2
Added Pin To Net: NetName=PB_SOURCE Pin=R36-1
Added Pin To Net: NetName=NetQ4_1 Pin=R36-2
Added Member To Class: ClassName=Vesc Member=Component C? C0402C222J3RACTU
Added Member To Class: ClassName=Vesc Member=Component C? C0402C222J3RACTU
Added Member To Class: ClassName=Vesc Member=Component R30 ERJ-2RKF3902X
Added Member To Class: ClassName=Vesc Member=Component R36 ERJ-2RKF3902X
Added Member To Class: ClassName=Vesc Member=Component R57 ERJ-2RKF1000X
Added Member To Class: ClassName=Vesc Member=Component R57 ERJ-2RKF1000X
Added Member To Class: ClassName=Vesc Member=Component R57 ERJ-2RKF1000X
Added Member To Class: ClassName=Vesc Member=Component R57 ERJ-2RKF1000X
Added Member To Class: ClassName=Vesc Member=Component R57 ERJ-2RKF1000X
