Removed Pin From Net: NetName=GND Pin=C18-1
Removed Pin From Net: NetName=GND Pin=C19-2
Removed Pin From Net: NetName=GND Pin=C21-2
Removed Pin From Net: NetName=H1_VS Pin=C28-2
Removed Pin From Net: NetName=H2_VS Pin=C29-2
Removed Pin From Net: NetName=H3_VS Pin=C30-2
Removed Pin From Net: NetName=+5V Pin=L1-2
Removed Pin From Net: NetName=+5V Pin=R17-2
Removed Pin From Net: NetName=GND Pin=R18-1
Removed Pin From Net: NetName=NetR17_1 Pin=R18-2
Removed Pin From Net: NetName=GND Pin=R20-1
Removed Pin From Net: NetName=GND Pin=R21-1
Removed Pin From Net: NetName=GND Pin=R25-2
Removed Pin From Net: NetName=NetC15_1 Pin=U1-3
Removed Pin From Net: NetName=NetC38_1 Pin=U1-4
Removed Pin From Net: NetName=TEMP_IN Pin=U1-8
Removed Pin From Net: NetName=LED_GREEN Pin=U1-24
Removed Pin From Net: NetName=LED_RED Pin=U1-25
Removed Pin From Net: NetName=L3 Pin=U1-34
Removed Pin From Net: NetName=L1 Pin=U1-36
Removed Pin From Net: NetName=H3 Pin=U1-41
Removed Pin From Net: NetName=H1 Pin=U1-43
Removed Pin From Net: NetName=EN_GATE Pin=U1-51
Removed Pin From Net: NetName=HALL_3 Pin=U1-52
Removed Pin From Net: NetName=SERVO Pin=U1-57
Removed Pin From Net: NetName=HALL_1 Pin=U1-58
Removed Pin From Net: NetName=HALL_2 Pin=U1-59
Removed Pin From Net: NetName=GND Pin=U3-0
Removed Pin From Net: NetName=NetR17_1 Pin=U3-3
Removed Pin From Net: NetName=FAULT Pin=U3-6
Removed Pin From Net: NetName=GND Pin=U3-8
Removed Pin From Net: NetName=VCC Pin=U3-9
Removed Pin From Net: NetName=GND Pin=U3-10
Removed Pin From Net: NetName=NetC22_2 Pin=U3-14
Removed Pin From Net: NetName=NetC22_1 Pin=U3-15
Removed Pin From Net: NetName=EN_GATE Pin=U3-16
Removed Pin From Net: NetName=H1 Pin=U3-17
Removed Pin From Net: NetName=L1 Pin=U3-18
Removed Pin From Net: NetName=H2 Pin=U3-19
Removed Pin From Net: NetName=L2 Pin=U3-20
Removed Pin From Net: NetName=H3 Pin=U3-21
Removed Pin From Net: NetName=L3 Pin=U3-22
Removed Pin From Net: NetName=VCC Pin=U3-24
Removed Pin From Net: NetName=GND Pin=U3-28
Removed Pin From Net: NetName=V_SUPPLY Pin=U3-29
Removed Pin From Net: NetName=H3_LOW Pin=U3-34
Removed Pin From Net: NetName=M_L3 Pin=U3-35
Removed Pin From Net: NetName=H3_VS Pin=U3-36
Removed Pin From Net: NetName=M_H3 Pin=U3-37
Removed Pin From Net: NetName=H2_LOW Pin=U3-39
Removed Pin From Net: NetName=M_L2 Pin=U3-40
Removed Pin From Net: NetName=H2_VS Pin=U3-41
Removed Pin From Net: NetName=M_H2 Pin=U3-42
Removed Pin From Net: NetName=NetC29_1 Pin=U3-43
Removed Pin From Net: NetName=H1_LOW Pin=U3-44
Removed Pin From Net: NetName=M_L1 Pin=U3-45
Removed Pin From Net: NetName=H1_VS Pin=U3-46
Removed Pin From Net: NetName=M_H1 Pin=U3-47
Removed Pin From Net: NetName=NetC27_2 Pin=U3-50
Removed Pin From Net: NetName=NetC27_2 Pin=U3-51
Removed Pin From Net: NetName=NetC27_1 Pin=U3-52
Removed Pin From Net: NetName=V_SUPPLY Pin=U3-53
Removed Pin From Net: NetName=V_SUPPLY Pin=U3-54
Removed Member From Class: ClassName=Vesc Member=C19
Removed Member From Class: ClassName=Vesc Member=C28
Removed Member From Class: ClassName=Vesc Member=C30
Removed Member From Class: ClassName=Vesc Member=C34
Removed Member From Class: ClassName=Vesc Member=C36
Removed Member From Class: ClassName=Vesc Member=R18
Removed Member From Class: ClassName=Vesc Member=R19
Removed Member From Class: ClassName=Vesc Member=R20
Removed Member From Class: ClassName=Vesc Member=R21
Removed Member From Class: ClassName=Vesc Member=R25
Removed Member From Class: ClassName=Vesc Member=R48
Removed Member From Class: ClassName=Vesc Member=R49
Removed Member From Class: ClassName=Vesc Member=R50
Removed Member From Class: ClassName=Vesc Member=R51
Removed Member From Class: ClassName=Vesc Member=R?
Change Component DesignItemId : Designator=C29 Old DesignItemId=885012105017 New DesignItemId=GCG188R71C105KA01D
Change Component DesignItemId : Designator=C27 Old DesignItemId=C0402C104K3RACTU New DesignItemId=C0402C103K5RACTU
Change Component DesignItemId : Designator=C22 Old DesignItemId=C0402C223J3RACTU New DesignItemId=C0603C473K1RECAUTO
Change Component DesignItemId : Designator=C21 Old DesignItemId=C0402C472K5RACTU New DesignItemId=C0402C225M8PACTU
Change Component DesignItemId : Designator=U3 Old DesignItemId=DRV8302 New DesignItemId=DRV8353RH
Change Component DesignItemId : Designator=R17 Old DesignItemId=ERJ-2RKF1802X New DesignItemId=ERJ-2RKF1002X
Change Component Footprint: Designator=C22 Old Footprint=CAP 0402 New Footprint=CAP 0603
Change Component Footprint: Designator=C29 Old Footprint=CAP 0402 New Footprint=CAP 0603
Change Component Footprint: Designator=U3 Old Footprint=HTSSOP-56-EP New Footprint=QFN-32 - P0.5MM
Change Component Comment : Designator=C29 Old Comment=885012105017 New Comment=GCG188R71C105KA01D
Change Component Comment : Designator=C27 Old Comment=C0402C104K3RACTU New Comment=C0402C103K5RACTU
Change Component Comment : Designator=C22 Old Comment=C0402C223J3RACTU New Comment=C0603C473K1RECAUTO
Change Component Comment : Designator=C21 Old Comment=C0402C472K5RACTU New Comment=C0402C225M8PACTU
Change Component Comment : Designator=U3 Old Comment=DRV8302 New Comment=DRV8353RH
Change Component Comment : Designator=R17 Old Comment=ERJ-2RKF1802X New Comment=ERJ-2RKF1002X
Change Component Description : Designator=C21 Old Description=CAP 0402 4.7nF 50V New Description=CAP 0402 2.2uF 10V
Change Component Description : Designator=C27 Old Description=CAP 0402 100nF 10V New Description=CAP 0402 10nF 50V
Change Component Description : Designator=R17 Old Description=RES 0402 18k 1% New Description=RES 0402 10k 1%
Added Component: Designator=C59(CAP 0402)
Added Component: Designator=C60(CAP 0402)
Added Component: Designator=C61(CAP 0402)
Added Component: Designator=R0(RES 0402)
Added Component: Designator=R2(RES 0402)
Added Component: Designator=R55(RES 0402)
Added Component: Designator=R56(RES 0402)
Added Component: Designator=R57(RES 0402)
Added Pin To Net: NetName=GND Pin=C18-2
Added Pin To Net: NetName=GND Pin=C21-1
Added Pin To Net: NetName=VCC Pin=C23-1
Added Pin To Net: NetName=GND Pin=C59-1
Added Pin To Net: NetName=GND Pin=C60-1
Added Pin To Net: NetName=GND Pin=C61-1
Added Pin To Net: NetName=V_SUPPLY Pin=L1-2
Added Pin To Net: NetName=GND Pin=R0-2
Added Pin To Net: NetName=GND Pin=R2-2
Added Pin To Net: NetName=V_SUPPLY Pin=R17-2
Added Pin To Net: NetName=NetC15_1 Pin=U1-5
Added Pin To Net: NetName=NetC38_1 Pin=U1-6
Added Pin To Net: NetName=TEMP_IN Pin=U1-11
Added Pin To Net: NetName=LED_GREEN Pin=U1-26
Added Pin To Net: NetName=LED_RED Pin=U1-27
Added Pin To Net: NetName=L1 Pin=U1-34
Added Pin To Net: NetName=L3 Pin=U1-36
Added Pin To Net: NetName=HALL_1 Pin=U1-37
Added Pin To Net: NetName=HALL_2 Pin=U1-38
Added Pin To Net: NetName=HALL_3 Pin=U1-39
Added Pin To Net: NetName=H1 Pin=U1-41
Added Pin To Net: NetName=H3 Pin=U1-43
Added Pin To Net: NetName=EN_GATE Pin=U1-57
Added Pin To Net: NetName=SERVO Pin=U1-58
Added Pin To Net: NetName=GND Pin=U3-1
Added Pin To Net: NetName=GND Pin=U3-1
Added Pin To Net: NetName=NetC22_1 Pin=U3-3
Added Pin To Net: NetName=NetC22_1 Pin=U3-3
Added Pin To Net: NetName=NetC22_2 Pin=U3-4
Added Pin To Net: NetName=NetC22_2 Pin=U3-4
Added Pin To Net: NetName=NetC29_1 Pin=U3-5
Added Pin To Net: NetName=NetC29_1 Pin=U3-5
Added Pin To Net: NetName=NetC29_1 Pin=U3-6
Added Pin To Net: NetName=NetC29_1 Pin=U3-6
Added Pin To Net: NetName=M_H1 Pin=U3-8
Added Pin To Net: NetName=M_H1 Pin=U3-8
Added Pin To Net: NetName=H1_VS Pin=U3-9
Added Pin To Net: NetName=H1_VS Pin=U3-9
Added Pin To Net: NetName=M_L1 Pin=U3-10
Added Pin To Net: NetName=M_L1 Pin=U3-10
Added Pin To Net: NetName=H1_LOW Pin=U3-11
Added Pin To Net: NetName=H1_LOW Pin=U3-11
Added Pin To Net: NetName=H2_LOW Pin=U3-14
Added Pin To Net: NetName=H2_LOW Pin=U3-14
Added Pin To Net: NetName=M_L2 Pin=U3-15
Added Pin To Net: NetName=M_L2 Pin=U3-15
Added Pin To Net: NetName=H2_VS Pin=U3-16
Added Pin To Net: NetName=H2_VS Pin=U3-16
Added Pin To Net: NetName=M_H2 Pin=U3-17
Added Pin To Net: NetName=M_H2 Pin=U3-17
Added Pin To Net: NetName=M_H3 Pin=U3-18
Added Pin To Net: NetName=M_H3 Pin=U3-18
Added Pin To Net: NetName=H3_VS Pin=U3-19
Added Pin To Net: NetName=H3_VS Pin=U3-19
Added Pin To Net: NetName=M_L3 Pin=U3-20
Added Pin To Net: NetName=M_L3 Pin=U3-20
Added Pin To Net: NetName=H3_LOW Pin=U3-21
Added Pin To Net: NetName=H3_LOW Pin=U3-21
Added Pin To Net: NetName=VCC Pin=U3-26
Added Pin To Net: NetName=VCC Pin=U3-26
Change Net Name : Old Net Name=SENS1 New Net Name=VOLTAGE3
Change Net Name : Old Net Name=SENS2 New Net Name=VOLTAGE2
Change Net Name : Old Net Name=SENS3 New Net Name=VOLTAGE1
Added Pin To Net: NetName=AGND Pin=C23-2
Added Pin To Net: NetName=AGND Pin=U3-27
Added Pin To Net: NetName=AGND Pin=U3-27
Added Net: Name=AGND
Added Pin To Net: NetName=CURRENT_1 Pin=C59-2
Added Pin To Net: NetName=CURRENT_1 Pin=R55-1
Added Pin To Net: NetName=CURRENT_1 Pin=U1-8
Added Net: Name=CURRENT_1
Added Pin To Net: NetName=CURRENT_2 Pin=C60-2
Added Pin To Net: NetName=CURRENT_2 Pin=R56-1
Added Pin To Net: NetName=CURRENT_2 Pin=U1-9
Added Net: Name=CURRENT_2
Added Pin To Net: NetName=CURRENT_3 Pin=C61-2
Added Pin To Net: NetName=CURRENT_3 Pin=R57-1
Added Pin To Net: NetName=CURRENT_3 Pin=U1-10
Added Net: Name=CURRENT_3
Added Pin To Net: NetName=CURRENT_A Pin=R55-2
Added Pin To Net: NetName=CURRENT_A Pin=U3-25
Added Pin To Net: NetName=CURRENT_A Pin=U3-25
Added Net: Name=CURRENT_A
Added Pin To Net: NetName=CURRENT_B Pin=R56-2
Added Pin To Net: NetName=CURRENT_B Pin=U3-24
Added Pin To Net: NetName=CURRENT_B Pin=U3-24
Added Net: Name=CURRENT_B
Added Pin To Net: NetName=CURRENT_C Pin=R57-2
Added Pin To Net: NetName=CURRENT_C Pin=U3-23
Added Pin To Net: NetName=CURRENT_C Pin=U3-23
Added Net: Name=CURRENT_C
Added Pin To Net: NetName=DVDD Pin=C20-2
Added Pin To Net: NetName=DVDD Pin=U3-29
Added Pin To Net: NetName=DVDD Pin=U3-29
Added Pin To Net: NetName=DVDD Pin=U3-30
Added Pin To Net: NetName=DVDD Pin=U3-30
Added Pin To Net: NetName=DVDD Pin=U3-31
Added Pin To Net: NetName=DVDD Pin=U3-31
Added Net: Name=DVDD
Added Pin To Net: NetName=NetC18_1 Pin=C18-1
Added Pin To Net: NetName=NetC18_1 Pin=U3-2
Added Pin To Net: NetName=NetC18_1 Pin=U3-2
Added Net: Name=NetC18_1
Added Pin To Net: NetName=NetC21_2 Pin=C21-2
Added Net: Name=NetC21_2
Added Pin To Net: NetName=NetC29_2 Pin=C29-2
Added Pin To Net: NetName=NetC29_2 Pin=U3-7
Added Pin To Net: NetName=NetC29_2 Pin=U3-7
Added Net: Name=NetC29_2
Added Pin To Net: NetName=NetR0_1 Pin=R0-1
Added Pin To Net: NetName=NetR0_1 Pin=U3-32
Added Pin To Net: NetName=NetR0_1 Pin=U3-32
Added Net: Name=NetR0_1
Added Pin To Net: NetName=NetR2_1 Pin=R2-1
Added Net: Name=NetR2_1
Added Pin To Net: NetName=RX_SDA_NSS Pin=U1-20
Added Pin To Net: NetName=RX_SDA_NSS Pin=U1-30
Added Net: Name=RX_SDA_NSS
Added Pin To Net: NetName=TX_SCL_MOSI Pin=U1-23
Added Pin To Net: NetName=TX_SCL_MOSI Pin=U1-29
Added Net: Name=TX_SCL_MOSI
Added Member To Class: ClassName=Vesc Member=Component C59 C0402C472K5RACTU
Added Member To Class: ClassName=Vesc Member=Component C60 C0402C472K5RACTU
Added Member To Class: ClassName=Vesc Member=Component C61 C0402C472K5RACTU
Added Member To Class: ClassName=Vesc Member=Component R0 ERJ-2RKF4702X
Added Member To Class: ClassName=Vesc Member=Component R2 ERJ-2RKF1003X
Added Member To Class: ClassName=Vesc Member=Component R55 ERJ-2RKF1000X
Added Member To Class: ClassName=Vesc Member=Component R56 ERJ-2RKF1000X
Added Member To Class: ClassName=Vesc Member=Component R57 ERJ-2RKF1000X
Added Room: Name=Vesc
