Removed Pin From Net: NetName=MA_PA_AGND_F Pin=R2A-1
Removed Pin From Net: NetName=MA_PA_SOURCE Pin=R2A-2
Removed Pin From Net: NetName=MA_PA_AGND Pin=R7A-1
Removed Pin From Net: NetName=MA_PA_SOURCE Pin=R7A-2
Removed Pin From Net: NetName=MA_PA_AGND Pin=R25A-2
Added Component: Designator=C16A(CAP 0402)
Added Component: Designator=R27A(RES 0402)
Added Component: Designator=R28A(RES 0402)
Added Pin To Net: NetName=MA_PA_AGND_F Pin=C15A-1
Added Pin To Net: NetName=MA_PA_SOURCE_F Pin=C15A-2
Added Pin To Net: NetName=MA_PB_AGND_F Pin=C16A-1
Added Pin To Net: NetName=MA_PB_SOURCE_F Pin=C16A-2
Added Pin To Net: NetName=MA_PA_HI Pin=R1A-1
Added Pin To Net: NetName=NetQ1A_4 Pin=R1A-2
Added Pin To Net: NetName=MA_PA_LO Pin=R2A-1
Added Pin To Net: NetName=NetQ2A_4 Pin=R2A-2
Added Pin To Net: NetName=MA_ESTOP Pin=R7A-1
Added Pin To Net: NetName=NetQ2A_4 Pin=R7A-2
Added Pin To Net: NetName=MA_PA_SOURCE_F Pin=R25A-1
Added Pin To Net: NetName=MA_PA_SOURCE Pin=R25A-2
Added Pin To Net: NetName=MA_PA_AGND_F Pin=R26A-1
Added Pin To Net: NetName=MA_PB_SOURCE_F Pin=R27A-1
Added Pin To Net: NetName=MA_PB_AGND Pin=R27A-2
Added Pin To Net: NetName=MA_PB_AGND_F Pin=R28A-1
Added Pin To Net: NetName=MA_PB_AGND Pin=R28A-2
Added Member To Class: ClassName=Vesc_Simple Member=Component C15A GCM155R72A222KA37D
Added Member To Class: ClassName=Vesc_Simple Member=Component C16A GCM155R72A222KA37D
Added Member To Class: ClassName=Vesc_Simple Member=Component R1A ERJ-PA3J4R7V
Added Member To Class: ClassName=Vesc_Simple Member=Component R2A ERJ-PA3J4R7V
Added Member To Class: ClassName=Vesc_Simple Member=Component R7A ERJ-2RKF3902X
Added Member To Class: ClassName=Vesc_Simple Member=Component R25A ERJ-2RKF1000X
Added Member To Class: ClassName=Vesc_Simple Member=Component R26A ERJ-2RKF1000X
Added Member To Class: ClassName=Vesc_Simple Member=Component R27A ERJ-2RKF1000X
Added Member To Class: ClassName=Vesc_Simple Member=Component R28A ERJ-2RKF1000X
