Removed Pin From Net: NetName=DVDD Pin=C23A-2
Removed Pin From Net: NetName=DVDD Pin=U3-40
Change Net Name : Old Net Name=AGND New Net Name=MA_AGND
Change Net Name : Old Net Name=CAN_RX New Net Name=MA_CAN_RX
Change Net Name : Old Net Name=CAN_TX New Net Name=M_ACAN_TX
Change Net Name : Old Net Name=CURRENT_A New Net Name=MA_CURRENT_A
Change Net Name : Old Net Name=CURRENT_B New Net Name=MA_CURRENT_B
Change Net Name : Old Net Name=CURRENT_C New Net Name=MA_CURRENT_C
Change Net Name : Old Net Name=DVDD New Net Name=MA_DVDD
Change Net Name : Old Net Name=EN_GATE New Net Name=MA_EN_GATE
Change Net Name : Old Net Name=FAULT New Net Name=MA_FAULT
Change Net Name : Old Net Name=H1 New Net Name=MA_H1
Change Net Name : Old Net Name=H2 New Net Name=MA_H2
Change Net Name : Old Net Name=H3 New Net Name=MA_H3
Change Net Name : Old Net Name=HALL1_IN New Net Name=MA_HALL1_IN
Change Net Name : Old Net Name=HALL2_IN New Net Name=MA_HALL2_IN
Change Net Name : Old Net Name=HALL3_IN New Net Name=MA_HALL3_IN
Change Net Name : Old Net Name=HALL_1 New Net Name=MA_HALL_1
Change Net Name : Old Net Name=HALL_2 New Net Name=MA_HALL_2
Change Net Name : Old Net Name=HALL_3 New Net Name=MA_HALL_3
Change Net Name : Old Net Name=JTCK New Net Name=MA_JTCK
Change Net Name : Old Net Name=JTDI New Net Name=MA_JTDI
Change Net Name : Old Net Name=JTDO New Net Name=MA_JTDO
Change Net Name : Old Net Name=JTMS New Net Name=MA_JTMS
Change Net Name : Old Net Name=L1 New Net Name=MA_L1
Change Net Name : Old Net Name=L2 New Net Name=MA_L2
Change Net Name : Old Net Name=L3 New Net Name=MA_L3
Change Net Name : Old Net Name=LED_GREEN New Net Name=MA_LED_GREEN
Change Net Name : Old Net Name=LED_RED New Net Name=MA_LED_RED
Change Net Name : Old Net Name=NJTRST New Net Name=MA_NJTRST
Change Net Name : Old Net Name=NRST New Net Name=MA_NRST
Change Net Name : Old Net Name=PA_AGND New Net Name=MA_PA_AGND
Change Net Name : Old Net Name=PA_AGND_F New Net Name=MA_PA_AGND_F
Change Net Name : Old Net Name=PA_HI New Net Name=MA_PA_HI
Change Net Name : Old Net Name=PA_LO New Net Name=MA_PA_LO
Change Net Name : Old Net Name=PA_SOURCE New Net Name=MA_PA_SOURCE
Change Net Name : Old Net Name=PA_SOURCE_F New Net Name=MA_PA_SOURCE_F
Change Net Name : Old Net Name=PB_AGND New Net Name=MA_PB_AGND
Change Net Name : Old Net Name=PB_AGND_F New Net Name=MA_PB_AGND_F
Change Net Name : Old Net Name=PB_HI New Net Name=MA_PB_HI
Change Net Name : Old Net Name=PB_LO New Net Name=MA_PB_LO
Change Net Name : Old Net Name=PB_SOURCE New Net Name=MA_PB_SOURCE
Change Net Name : Old Net Name=PB_SOURCE_F New Net Name=MA_PB_SOURCE_F
Change Net Name : Old Net Name=PC_AGND New Net Name=MA_PC_AGND
Change Net Name : Old Net Name=PC_AGND_F New Net Name=MA_PC_AGND_F
Change Net Name : Old Net Name=PC_HI New Net Name=MA_PC_HI
Change Net Name : Old Net Name=PC_LO New Net Name=MA_PC_LO
Change Net Name : Old Net Name=PC_SOURCE New Net Name=MA_PC_SOURCE
Change Net Name : Old Net Name=PC_SOURCE_F New Net Name=MA_PC_SOURCE_F
Change Net Name : Old Net Name=PHASE_A New Net Name=MA_PHASE_A
Change Net Name : Old Net Name=PHASE_B New Net Name=MA_PHASE_B
Change Net Name : Old Net Name=PHASE_C New Net Name=MA_PHASE_C
Change Net Name : Old Net Name=SERVO New Net Name=MA_SERVO
Change Net Name : Old Net Name=TEMP_MOTOR New Net Name=MA_TEMP_MOTOR
Change Net Name : Old Net Name=USB_DM New Net Name=MA_USB_DM
Change Net Name : Old Net Name=USB_DP New Net Name=MA_USB_DP
Change Net Name : Old Net Name=V_OUT New Net Name=MA_V_OUT
Added Pin To Net: NetName=DVDD Pin=C23A-2
Added Pin To Net: NetName=DVDD Pin=U3-40
Added Net: Name=DVDD
