Change Physical Footprint: Designator=C1A Old Footprint=CAP 0402 New Footprint=CAP 0402
Change Physical Footprint: Designator=C1B Old Footprint=CAP 0402 New Footprint=CAP 0402
Change Physical Footprint: Designator=C2A Old Footprint=CAP 0402 New Footprint=CAP 0402
Change Physical Footprint: Designator=C2B Old Footprint=CAP 0402 New Footprint=CAP 0402
Change Physical Footprint: Designator=C3A Old Footprint=CAP 0402 New Footprint=CAP 0402
Change Physical Footprint: Designator=C3B Old Footprint=CAP 0402 New Footprint=CAP 0402
Change Physical Footprint: Designator=C4A Old Footprint=CAP 0402 New Footprint=CAP 0402
Change Physical Footprint: Designator=C4B Old Footprint=CAP 0402 New Footprint=CAP 0402
Change Physical Footprint: Designator=C5A Old Footprint=CAP 0402 New Footprint=CAP 0402
Change Physical Footprint: Designator=C5B Old Footprint=CAP 0402 New Footprint=CAP 0402
Change Physical Footprint: Designator=C6A Old Footprint=CAP 0402 New Footprint=CAP 0402
Change Physical Footprint: Designator=C6B Old Footprint=CAP 0402 New Footprint=CAP 0402
Change Physical Footprint: Designator=C7A Old Footprint=CAP 0402 New Footprint=CAP 0402
Change Physical Footprint: Designator=C7B Old Footprint=CAP 0402 New Footprint=CAP 0402
Change Physical Footprint: Designator=C8A Old Footprint=CAP 0402 New Footprint=CAP 0402
Change Physical Footprint: Designator=C8B Old Footprint=CAP 0402 New Footprint=CAP 0402
Change Physical Footprint: Designator=C9A Old Footprint=CAP 0402 New Footprint=CAP 0402
Change Physical Footprint: Designator=C9B Old Footprint=CAP 0402 New Footprint=CAP 0402
Change Physical Footprint: Designator=C10A Old Footprint=CAP 0402 New Footprint=CAP 0402
Change Physical Footprint: Designator=C10B Old Footprint=CAP 0402 New Footprint=CAP 0402
Change Physical Footprint: Designator=C11A Old Footprint=CAP 0402 New Footprint=CAP 0402
Change Physical Footprint: Designator=C11B Old Footprint=CAP 0402 New Footprint=CAP 0402
Change Physical Footprint: Designator=C12A Old Footprint=CAP 0402 New Footprint=CAP 0402
Change Physical Footprint: Designator=C12B Old Footprint=CAP 0402 New Footprint=CAP 0402
Change Physical Footprint: Designator=C13A Old Footprint=CAP 0402 New Footprint=CAP 0402
Change Physical Footprint: Designator=C13B Old Footprint=CAP 0402 New Footprint=CAP 0402
Change Physical Footprint: Designator=C14A Old Footprint=CAP 0402 New Footprint=CAP 0402
Change Physical Footprint: Designator=C14B Old Footprint=CAP 0402 New Footprint=CAP 0402
Change Physical Footprint: Designator=C15A Old Footprint=CAP 0402 New Footprint=CAP 0402
Change Physical Footprint: Designator=C15B Old Footprint=CAP 0402 New Footprint=CAP 0402
Change Physical Footprint: Designator=C16A Old Footprint=CAP 0402 New Footprint=CAP 0402
Change Physical Footprint: Designator=C16B Old Footprint=CAP 0402 New Footprint=CAP 0402
Change Physical Footprint: Designator=C17A Old Footprint=CAP 0402 New Footprint=CAP 0402
Change Physical Footprint: Designator=C17B Old Footprint=CAP 0402 New Footprint=CAP 0402
Change Physical Footprint: Designator=C18A Old Footprint=CAP 0402 New Footprint=CAP 0402
Change Physical Footprint: Designator=C18B Old Footprint=CAP 0402 New Footprint=CAP 0402
Change Physical Footprint: Designator=C19A Old Footprint=CAP 0603 New Footprint=CAP 0603
Change Physical Footprint: Designator=C19B Old Footprint=CAP 0603 New Footprint=CAP 0603
Change Physical Footprint: Designator=C21A Old Footprint=CAP 0402 New Footprint=CAP 0402
Change Physical Footprint: Designator=C21B Old Footprint=CAP 0402 New Footprint=CAP 0402
Change Physical Footprint: Designator=C22A Old Footprint=CAP 0402 New Footprint=CAP 0402
Change Physical Footprint: Designator=C22B Old Footprint=CAP 0402 New Footprint=CAP 0402
Change Physical Footprint: Designator=C23A Old Footprint=CAP 0402 New Footprint=CAP 0402
Change Physical Footprint: Designator=C23B Old Footprint=CAP 0402 New Footprint=CAP 0402
Change Physical Footprint: Designator=C25 Old Footprint=CAP 0805 New Footprint=CAP 0805
Change Physical Footprint: Designator=C30A Old Footprint=CAP 0402 New Footprint=CAP 0402
Change Physical Footprint: Designator=C30B Old Footprint=CAP 0402 New Footprint=CAP 0402
Change Physical Footprint: Designator=C33A Old Footprint=CAP 1206 New Footprint=CAP 1206
Change Physical Footprint: Designator=C33B Old Footprint=CAP 1206 New Footprint=CAP 1206
Change Physical Footprint: Designator=C34A Old Footprint=CAP 0402 New Footprint=CAP 0402
Change Physical Footprint: Designator=C34B Old Footprint=CAP 0402 New Footprint=CAP 0402
Change Physical Footprint: Designator=D1A Old Footprint=LED 0603 New Footprint=LED 0603
Change Physical Footprint: Designator=D1B Old Footprint=LED 0603 New Footprint=LED 0603
Change Physical Footprint: Designator=D2A Old Footprint=LED 0603 New Footprint=LED 0603
Change Physical Footprint: Designator=D2B Old Footprint=LED 0603 New Footprint=LED 0603
Change Physical Footprint: Designator=D3A Old Footprint=SOD-323/SC76 New Footprint=SOD-323/SC76
Change Physical Footprint: Designator=D3B Old Footprint=SOD-323/SC76 New Footprint=SOD-323/SC76
Change Physical Footprint: Designator=L1A Old Footprint=IND 1210 New Footprint=IND 1210
Change Physical Footprint: Designator=L1B Old Footprint=IND 1210 New Footprint=IND 1210
Change Physical Footprint: Designator=Q2A Old Footprint=TO-220 - Horizontal New Footprint=TO-220 - Horizontal
Change Physical Footprint: Designator=Q2B Old Footprint=TO-220 - Horizontal New Footprint=TO-220 - Horizontal
Change Physical Footprint: Designator=Q4A Old Footprint=TO-220 - Horizontal New Footprint=TO-220 - Horizontal
Change Physical Footprint: Designator=Q4B Old Footprint=TO-220 - Horizontal New Footprint=TO-220 - Horizontal
Change Physical Footprint: Designator=Q6A Old Footprint=TO-220 - Horizontal New Footprint=TO-220 - Horizontal
Change Physical Footprint: Designator=Q6B Old Footprint=TO-220 - Horizontal New Footprint=TO-220 - Horizontal
Change Physical Footprint: Designator=R1A Old Footprint=RES 0402 New Footprint=RES 0402
Change Physical Footprint: Designator=R1B Old Footprint=RES 0402 New Footprint=RES 0402
Change Physical Footprint: Designator=R2A Old Footprint=RES 0402 New Footprint=RES 0402
Change Physical Footprint: Designator=R2B Old Footprint=RES 0402 New Footprint=RES 0402
Change Physical Footprint: Designator=R3A Old Footprint=RES 0402 New Footprint=RES 0402
Change Physical Footprint: Designator=R3B Old Footprint=RES 0402 New Footprint=RES 0402
Change Physical Footprint: Designator=R4A Old Footprint=RES 0402 New Footprint=RES 0402
Change Physical Footprint: Designator=R4B Old Footprint=RES 0402 New Footprint=RES 0402
Change Physical Footprint: Designator=R5A Old Footprint=RES 0402 New Footprint=RES 0402
Change Physical Footprint: Designator=R5B Old Footprint=RES 0402 New Footprint=RES 0402
Change Physical Footprint: Designator=R6A Old Footprint=RES 0402 New Footprint=RES 0402
Change Physical Footprint: Designator=R6B Old Footprint=RES 0402 New Footprint=RES 0402
Change Physical Footprint: Designator=R7A Old Footprint=RES 0402 New Footprint=RES 0402
Change Physical Footprint: Designator=R7B Old Footprint=RES 0402 New Footprint=RES 0402
Change Physical Footprint: Designator=R8A Old Footprint=RES 0402 New Footprint=RES 0402
Change Physical Footprint: Designator=R8B Old Footprint=RES 0402 New Footprint=RES 0402
Change Physical Footprint: Designator=R9A Old Footprint=RES 0402 New Footprint=RES 0402
Change Physical Footprint: Designator=R9B Old Footprint=RES 0402 New Footprint=RES 0402
Change Physical Footprint: Designator=R10A Old Footprint=RES 2512 New Footprint=RES 2512
Change Physical Footprint: Designator=R10B Old Footprint=RES 2512 New Footprint=RES 2512
Change Physical Footprint: Designator=R11A Old Footprint=RES 2512 New Footprint=RES 2512
Change Physical Footprint: Designator=R11B Old Footprint=RES 2512 New Footprint=RES 2512
Change Physical Footprint: Designator=R12A Old Footprint=RES 2512 New Footprint=RES 2512
Change Physical Footprint: Designator=R12B Old Footprint=RES 2512 New Footprint=RES 2512
Change Physical Footprint: Designator=R13A Old Footprint=RES 0402 New Footprint=RES 0402
Change Physical Footprint: Designator=R13B Old Footprint=RES 0402 New Footprint=RES 0402
Change Physical Footprint: Designator=R14A Old Footprint=RES 0402 New Footprint=RES 0402
Change Physical Footprint: Designator=R14B Old Footprint=RES 0402 New Footprint=RES 0402
Change Physical Footprint: Designator=R15A Old Footprint=RES 0402 New Footprint=RES 0402
Change Physical Footprint: Designator=R15B Old Footprint=RES 0402 New Footprint=RES 0402
Change Physical Footprint: Designator=R16A Old Footprint=RES 0402 New Footprint=RES 0402
Change Physical Footprint: Designator=R16B Old Footprint=RES 0402 New Footprint=RES 0402
Change Physical Footprint: Designator=R17A Old Footprint=RES 0402 New Footprint=RES 0402
Change Physical Footprint: Designator=R17B Old Footprint=RES 0402 New Footprint=RES 0402
Change Physical Footprint: Designator=R18A Old Footprint=RES 0402 New Footprint=RES 0402
Change Physical Footprint: Designator=R18B Old Footprint=RES 0402 New Footprint=RES 0402
Change Physical Footprint: Designator=R19A Old Footprint=RES 0402 New Footprint=RES 0402
Change Physical Footprint: Designator=R19B Old Footprint=RES 0402 New Footprint=RES 0402
Change Physical Footprint: Designator=R20A Old Footprint=RES 0402 New Footprint=RES 0402
Change Physical Footprint: Designator=R20B Old Footprint=RES 0402 New Footprint=RES 0402
Change Physical Footprint: Designator=R21A Old Footprint=RES 0402 New Footprint=RES 0402
Change Physical Footprint: Designator=R21B Old Footprint=RES 0402 New Footprint=RES 0402
Change Physical Footprint: Designator=R22A Old Footprint=RES 0402 New Footprint=RES 0402
Change Physical Footprint: Designator=R22B Old Footprint=RES 0402 New Footprint=RES 0402
Change Physical Footprint: Designator=R23A Old Footprint=RES 0402 New Footprint=RES 0402
Change Physical Footprint: Designator=R23B Old Footprint=RES 0402 New Footprint=RES 0402
Change Physical Footprint: Designator=R24A Old Footprint=RES 0402 New Footprint=RES 0402
Change Physical Footprint: Designator=R24B Old Footprint=RES 0402 New Footprint=RES 0402
Change Physical Footprint: Designator=R25A Old Footprint=RES 0402 New Footprint=RES 0402
Change Physical Footprint: Designator=R25B Old Footprint=RES 0402 New Footprint=RES 0402
Change Physical Footprint: Designator=R26A Old Footprint=RES 0402 New Footprint=RES 0402
Change Physical Footprint: Designator=R26B Old Footprint=RES 0402 New Footprint=RES 0402
Change Physical Footprint: Designator=R27A Old Footprint=RES 0402 New Footprint=RES 0402
Change Physical Footprint: Designator=R27B Old Footprint=RES 0402 New Footprint=RES 0402
Change Physical Footprint: Designator=R28A Old Footprint=RES 0402 New Footprint=RES 0402
Change Physical Footprint: Designator=R28B Old Footprint=RES 0402 New Footprint=RES 0402
Change Physical Footprint: Designator=R29A Old Footprint=RES 0402 New Footprint=RES 0402
Change Physical Footprint: Designator=R29B Old Footprint=RES 0402 New Footprint=RES 0402
Change Physical Footprint: Designator=R30A Old Footprint=RES 0402 New Footprint=RES 0402
Change Physical Footprint: Designator=R30B Old Footprint=RES 0402 New Footprint=RES 0402
Change Physical Footprint: Designator=R31A Old Footprint=RES 0402 New Footprint=RES 0402
Change Physical Footprint: Designator=R31B Old Footprint=RES 0402 New Footprint=RES 0402
Change Physical Footprint: Designator=R32A Old Footprint=RES 0402 New Footprint=RES 0402
Change Physical Footprint: Designator=R32B Old Footprint=RES 0402 New Footprint=RES 0402
Change Physical Footprint: Designator=R33A Old Footprint=RES 0402 New Footprint=RES 0402
Change Physical Footprint: Designator=R33B Old Footprint=RES 0402 New Footprint=RES 0402
Change Physical Footprint: Designator=R34A Old Footprint=RES 0402 New Footprint=RES 0402
Change Physical Footprint: Designator=R34B Old Footprint=RES 0402 New Footprint=RES 0402
Change Physical Footprint: Designator=R35A Old Footprint=RES 0402 New Footprint=RES 0402
Change Physical Footprint: Designator=R35B Old Footprint=RES 0402 New Footprint=RES 0402
Change Physical Footprint: Designator=R36A Old Footprint=RES 0402 New Footprint=RES 0402
Change Physical Footprint: Designator=R36B Old Footprint=RES 0402 New Footprint=RES 0402
Change Physical Footprint: Designator=R37A Old Footprint=RES 0402 New Footprint=RES 0402
Change Physical Footprint: Designator=R37B Old Footprint=RES 0402 New Footprint=RES 0402
Change Physical Footprint: Designator=U1A Old Footprint=QFP-64 - P0.5MM New Footprint=QFP-64 - P0.5MM
Change Physical Footprint: Designator=U1B Old Footprint=QFP-64 - P0.5MM New Footprint=QFP-64 - P0.5MM
Change Physical Footprint: Designator=U2 Old Footprint=SOT-23-5 New Footprint=SOT-23-5
Change Physical Footprint: Designator=U3A Old Footprint=QFN-48 - P0.5MM New Footprint=QFN-48 - P0.5MM
Change Physical Footprint: Designator=U3B Old Footprint=QFN-48 - P0.5MM New Footprint=QFN-48 - P0.5MM
