Added Component: Designator=C35A(CAP 1210)
Added Component: Designator=C35B(CAP 1210)
Added Component: Designator=C36A(CAP 1210)
Added Component: Designator=C36B(CAP 1210)
Added Component: Designator=C37A(CAP 1210)
Added Component: Designator=C37B(CAP 1210)
Added Pin To Net: NetName=MA_PA_AGND Pin=C35A-1
Added Pin To Net: NetName=V_SUPPLY Pin=C35A-2
Added Pin To Net: NetName=MB_PA_AGND Pin=C35B-1
Added Pin To Net: NetName=V_SUPPLY Pin=C35B-2
Added Pin To Net: NetName=MA_PB_AGND Pin=C36A-1
Added Pin To Net: NetName=V_SUPPLY Pin=C36A-2
Added Pin To Net: NetName=MB_PB_AGND Pin=C36B-1
Added Pin To Net: NetName=V_SUPPLY Pin=C36B-2
Added Pin To Net: NetName=MA_PC_AGND Pin=C37A-1
Added Pin To Net: NetName=V_SUPPLY Pin=C37A-2
Added Pin To Net: NetName=MB_PC_AGND Pin=C37B-1
Added Pin To Net: NetName=V_SUPPLY Pin=C37B-2
Added Member To Class: ClassName=Vesc Member=Component C35A CGA6M3X7S2A475M200AB
Added Member To Class: ClassName=Vesc Member=Component C35B CGA6M3X7S2A475M200AB
Added Member To Class: ClassName=Vesc Member=Component C36A CGA6M3X7S2A475M200AB
Added Member To Class: ClassName=Vesc Member=Component C36B CGA6M3X7S2A475M200AB
Added Member To Class: ClassName=Vesc Member=Component C37A CGA6M3X7S2A475M200AB
Added Member To Class: ClassName=Vesc Member=Component C37B CGA6M3X7S2A475M200AB
