Removed Pin From Net: NetName=GND Pin=C5-1
Removed Pin From Net: NetName=HALL_3 Pin=C5-2
Removed Pin From Net: NetName=HALL_2 Pin=C6-2
Removed Pin From Net: NetName=GND Pin=C21-1
Removed Pin From Net: NetName=V_SUPPLY Pin=C27-2
Removed Pin From Net: NetName=V_SUPPLY Pin=C29-1
Removed Pin From Net: NetName=PHASE_A Pin=Q2-2
Removed Pin From Net: NetName=PA_SOURCE Pin=Q2-3
Removed Pin From Net: NetName=PHASE_B Pin=Q3-1
Removed Pin From Net: NetName=PHASE_B Pin=Q3-2
Removed Pin From Net: NetName=PHASE_B Pin=Q3-3
Removed Pin From Net: NetName=PHASE_B Pin=Q4-2
Removed Pin From Net: NetName=PB_SOURCE Pin=Q4-3
Removed Pin From Net: NetName=PHASE_C Pin=Q5-1
Removed Pin From Net: NetName=PHASE_C Pin=Q5-2
Removed Pin From Net: NetName=PHASE_C Pin=Q5-3
Removed Pin From Net: NetName=V_SUPPLY Pin=Q5-5
Removed Pin From Net: NetName=V_SUPPLY Pin=Q5-6
Removed Pin From Net: NetName=V_SUPPLY Pin=Q5-7
Removed Pin From Net: NetName=V_SUPPLY Pin=Q5-8
Removed Pin From Net: NetName=V_SUPPLY Pin=Q5-9
Removed Pin From Net: NetName=GND Pin=R2-2
Removed Pin From Net: NetName=V_OUT Pin=R17-2
Removed Pin From Net: NetName=NetQ3_4 Pin=R34-2
Removed Pin From Net: NetName=NetQ4_1 Pin=R35-2
Removed Pin From Net: NetName=NetQ4_1 Pin=R36-2
Removed Member From Class: ClassName=Vesc Member=C29
Removed Member From Class: ClassName=Vesc Member=C32
Removed Member From Class: ClassName=Vesc Member=C35
Removed Member From Class: ClassName=Vesc Member=C70
Removed Member From Class: ClassName=Vesc Member=C72
Removed Member From Class: ClassName=Vesc Member=D4
Removed Member From Class: ClassName=Vesc Member=R38
Removed Member From Class: ClassName=Vesc Member=R43
Removed Member From Class: ClassName=Vesc Member=R74
Removed Member From Class: ClassName=Vesc Member=R75
Removed Member From Class: ClassName=Vesc Member=R100
Change Component DesignItemId : Designator=C5 Old DesignItemId=C0402C222J3RACTU New DesignItemId=C0402C103K5RACTU
Change Component DesignItemId : Designator=C6 Old DesignItemId=C0402C222J3RACTU New DesignItemId=C0402C225M8PACTU
Change Component DesignItemId : Designator=Q5 Old DesignItemId=CSD19531Q5A New DesignItemId=SUP70060E-GE3
Change Component DesignItemId : Designator=R2 Old DesignItemId=ERJ-2RKF1003X New DesignItemId=ERJ-2RKF1002X
Change Component DesignItemId : Designator=Q2 Old DesignItemId=SUP70060E-GE3 New DesignItemId=CSD19531Q5A
Change Component Footprint: Designator=Q2 Old Footprint=TO-220 New Footprint=VSONP-8
Change Component Footprint: Designator=Q5 Old Footprint=VSONP-8 New Footprint=TO-220
Change Component Comment : Designator=C5 Old Comment=C0402C222J3RACTU New Comment=C0402C103K5RACTU
Change Component Comment : Designator=C6 Old Comment=C0402C222J3RACTU New Comment=C0402C225M8PACTU
Change Component Comment : Designator=Q5 Old Comment=CSD19531Q5A New Comment=SUP70060E-GE3
Change Component Comment : Designator=R2 Old Comment=ERJ-2RKF1003X New Comment=ERJ-2RKF1002X
Change Component Comment : Designator=Q2 Old Comment=SUP70060E-GE3 New Comment=CSD19531Q5A
Change Component Designator: OldDesignator=C8 NewDesignator=C25
Change Component Designator: OldDesignator=C10 NewDesignator=C13
Change Component Designator: OldDesignator=C11 NewDesignator=C14
Change Component Designator: OldDesignator=C12 NewDesignator=C15
Change Component Designator: OldDesignator=C13 NewDesignator=C16
Change Component Designator: OldDesignator=C14 NewDesignator=C17
Change Component Designator: OldDesignator=C15 NewDesignator=C1
Change Component Designator: OldDesignator=C16 NewDesignator=C21
Change Component Designator: OldDesignator=C17 NewDesignator=C26
Change Component Designator: OldDesignator=C18 NewDesignator=C3
Change Component Designator: OldDesignator=C20 NewDesignator=C8
Change Component Designator: OldDesignator=C23 NewDesignator=C11
Change Component Designator: OldDesignator=C25 NewDesignator=C27
Change Component Designator: OldDesignator=C31 NewDesignator=C19
Change Component Designator: OldDesignator=C32 NewDesignator=C10
Change Component Designator: OldDesignator=C33 NewDesignator=C9
Change Component Designator: OldDesignator=C35 NewDesignator=C20
Change Component Designator: OldDesignator=C38 NewDesignator=C2
Change Component Designator: OldDesignator=C70 NewDesignator=C12
Change Component Designator: OldDesignator=C71 NewDesignator=C18
Change Component Designator: OldDesignator=C72 NewDesignator=C22
Change Component Designator: OldDesignator=D1 NewDesignator=D3
Change Component Designator: OldDesignator=D4 NewDesignator=D1
Change Component Designator: OldDesignator=JA NewDesignator=JA1
Change Component Designator: OldDesignator=JB NewDesignator=JB1
Change Component Designator: OldDesignator=JC NewDesignator=JC1
Change Component Designator: OldDesignator=R0 NewDesignator=R16
Change Component Designator: OldDesignator=R8 NewDesignator=R29
Change Component Designator: OldDesignator=R9 NewDesignator=R27
Change Component Designator: OldDesignator=R10 NewDesignator=R26
Change Component Designator: OldDesignator=R11 NewDesignator=R23
Change Component Designator: OldDesignator=R12 NewDesignator=R24
Change Component Designator: OldDesignator=R13 NewDesignator=R25
Change Component Designator: OldDesignator=R23 NewDesignator=R30
Change Component Designator: OldDesignator=R24 NewDesignator=R34
Change Component Designator: OldDesignator=R26 NewDesignator=R31
Change Component Designator: OldDesignator=R27 NewDesignator=R35
Change Component Designator: OldDesignator=R28 NewDesignator=R3
Change Component Designator: OldDesignator=R29 NewDesignator=R10
Change Component Designator: OldDesignator=R30 NewDesignator=R13
Change Component Designator: OldDesignator=R33 NewDesignator=R36
Change Component Designator: OldDesignator=R34 NewDesignator=R4
Change Component Designator: OldDesignator=R35 NewDesignator=R11
Change Component Designator: OldDesignator=R36 NewDesignator=R14
Change Component Designator: OldDesignator=R37 NewDesignator=R8
Change Component Designator: OldDesignator=R38 NewDesignator=R9
Change Component Designator: OldDesignator=R42 NewDesignator=R5
Change Component Designator: OldDesignator=R43 NewDesignator=R12
Change Component Designator: OldDesignator=R46 NewDesignator=R15
Change Component Designator: OldDesignator=R60 NewDesignator=R6
Change Component Designator: OldDesignator=R69 NewDesignator=R1
Change Component Designator: OldDesignator=R70 NewDesignator=R20
Change Component Designator: OldDesignator=R71 NewDesignator=R21
Change Component Designator: OldDesignator=R72 NewDesignator=R22
Change Component Designator: OldDesignator=R73 NewDesignator=R28
Change Component Designator: OldDesignator=R74 NewDesignator=R33
Change Component Designator: OldDesignator=R75 NewDesignator=R37
Change Component Designator: OldDesignator=R100 NewDesignator=R17
Change Component Designator: OldDesignator=R200 NewDesignator=R18
Change Component Designator: OldDesignator=R300 NewDesignator=R19
Change Component Designator: OldDesignator=U2 NewDesignator=U3
Change Component Designator: OldDesignator=U3 NewDesignator=U2
Change Component Description : Designator=C6 Old Description=CAP 0402 2.2nF 25V (X7R DIELECTRIC) New Description=CAP 0402 2.2uF 10V
Change Component Description : Designator=C5 Old Description=CAP 0402 2.2nF 25V (X7R DIELECTRIC) New Description=CAP 0402 10nF 50V
Change Component Description : Designator=R2 Old Description=RES 0402 100k 1% New Description=RES 0402 10k 1%
Added Component: Designator=C4(CAP 0603)
Added Component: Designator=C7(CAP 0603)
Added Component: Designator=C23(CAP 0402)
Added Component: Designator=C24(CAP 0402)
Added Component: Designator=R7(RES 0402)
Added Pin To Net: NetName=V_SUPPLY Pin=C5-2
Added Pin To Net: NetName=V_SUPPLY Pin=C7-1
Added Pin To Net: NetName=GND Pin=C5-1
Added Pin To Net: NetName=HALL_3 Pin=C5-2
Added Pin To Net: NetName=GND Pin=C6-1
Added Pin To Net: NetName=HALL_2 Pin=C6-2
Added Pin To Net: NetName=PHASE_B Pin=Q2-1
Added Pin To Net: NetName=PHASE_B Pin=Q2-2
Added Pin To Net: NetName=PHASE_B Pin=Q2-3
Added Pin To Net: NetName=V_SUPPLY Pin=Q2-5
Added Pin To Net: NetName=V_SUPPLY Pin=Q2-6
Added Pin To Net: NetName=V_SUPPLY Pin=Q2-7
Added Pin To Net: NetName=V_SUPPLY Pin=Q2-8
Added Pin To Net: NetName=V_SUPPLY Pin=Q2-9
Added Pin To Net: NetName=V_SUPPLY Pin=Q2-9
Added Pin To Net: NetName=V_SUPPLY Pin=Q2-9
Added Pin To Net: NetName=V_SUPPLY Pin=Q2-9
Added Pin To Net: NetName=V_SUPPLY Pin=Q2-9
Added Pin To Net: NetName=V_SUPPLY Pin=Q2-9
Added Pin To Net: NetName=V_SUPPLY Pin=Q2-9
Added Pin To Net: NetName=V_SUPPLY Pin=Q2-9
Added Pin To Net: NetName=V_SUPPLY Pin=Q2-9
Added Pin To Net: NetName=V_SUPPLY Pin=Q2-9
Added Pin To Net: NetName=V_SUPPLY Pin=Q2-9
Added Pin To Net: NetName=V_SUPPLY Pin=Q2-9
Added Pin To Net: NetName=V_SUPPLY Pin=Q2-9
Added Pin To Net: NetName=V_SUPPLY Pin=Q2-9
Added Pin To Net: NetName=V_SUPPLY Pin=Q2-9
Added Pin To Net: NetName=PHASE_C Pin=Q3-1
Added Pin To Net: NetName=PHASE_C Pin=Q3-2
Added Pin To Net: NetName=PHASE_C Pin=Q3-3
Added Pin To Net: NetName=PHASE_A Pin=Q4-2
Added Pin To Net: NetName=PA_SOURCE Pin=Q4-3
Added Pin To Net: NetName=PHASE_B Pin=Q5-2
Added Pin To Net: NetName=PB_SOURCE Pin=Q5-3
Added Pin To Net: NetName=V_OUT Pin=R2-2
Added Pin To Net: NetName=NetQ3_4 Pin=R5-2
Added Pin To Net: NetName=GND Pin=R2-2
Added Pin To Net: NetName=NetQ4_1 Pin=R10-2
Added Pin To Net: NetName=NetQ4_1 Pin=R13-2
Change Net Name : Old Net Name=NetC15_1 New Net Name=NetC1_1
Change Net Name : Old Net Name=NetC16_1 New Net Name=NetC21_1
Change Net Name : Old Net Name=NetC17_1 New Net Name=NetC26_1
Change Net Name : Old Net Name=NetC18_1 New Net Name=NetC3_1
Change Net Name : Old Net Name=NetC38_1 New Net Name=NetC2_1
Change Net Name : Old Net Name=NetD1_1 New Net Name=NetD3_1
Change Net Name : Old Net Name=NetD4_2 New Net Name=NetD1_2
Change Net Name : Old Net Name=NetR0_1 New Net Name=NetR16_1
Change Net Name : Old Net Name=NetR60_1 New Net Name=NetR6_1
Change Net Name : Old Net Name=SWCLK New Net Name=JTCK
Change Net Name : Old Net Name=SWDIO New Net Name=JTMS
Added Pin To Net: NetName=JTDI Pin=U1-50
Added Net: Name=JTDI
Added Pin To Net: NetName=JTDO Pin=U1-55
Added Net: Name=JTDO
Added Pin To Net: NetName=NetC4_1 Pin=C4-1
Added Pin To Net: NetName=NetC4_1 Pin=U2-3
Added Net: Name=NetC4_1
Added Pin To Net: NetName=NetC4_2 Pin=C4-2
Added Pin To Net: NetName=NetC4_2 Pin=U2-4
Added Net: Name=NetC4_2
Added Pin To Net: NetName=NetC5_1 Pin=C5-1
Added Pin To Net: NetName=NetC5_1 Pin=U2-45
Added Net: Name=NetC5_1
Added Pin To Net: NetName=NetC6_2 Pin=C6-2
Added Pin To Net: NetName=NetC6_2 Pin=U2-44
Added Net: Name=NetC6_2
Added Pin To Net: NetName=NetC7_2 Pin=C7-2
Added Pin To Net: NetName=NetC7_2 Pin=U2-7
Added Net: Name=NetC7_2
Added Pin To Net: NetName=NetQ2_4 Pin=Q2-4
Added Pin To Net: NetName=NetQ2_4 Pin=R4-2
Added Net: Name=NetQ2_4
Added Pin To Net: NetName=NetQ5_1 Pin=Q5-1
Added Pin To Net: NetName=NetQ5_1 Pin=R11-2
Added Pin To Net: NetName=NetQ5_1 Pin=R14-2
Added Net: Name=NetQ5_1
Added Pin To Net: NetName=NetR1_2 Pin=R1-2
Added Pin To Net: NetName=NetR1_2 Pin=R2-1
Added Pin To Net: NetName=NetR1_2 Pin=U2-48
Added Net: Name=NetR1_2
Added Pin To Net: NetName=NetR7_1 Pin=R2-1
Added Pin To Net: NetName=NetR7_1 Pin=U2-46
Added Net: Name=NetR7_1
Added Pin To Net: NetName=NJTRST Pin=U1-56
Added Net: Name=NJTRST
Added Member To Class: ClassName=Vesc Member=Component C4 C0603C473K1RECAUTO
Added Member To Class: ClassName=Vesc Member=Component C7 GCG188R71C105KA01D
Added Member To Class: ClassName=Vesc Member=Component C15 C0402C225M8PACTU
Added Member To Class: ClassName=Vesc Member=Component C24 C0402C222J3RACTU
Added Member To Class: ClassName=Vesc Member=Component C26 C0402C225M8PACTU
Added Member To Class: ClassName=Vesc Member=Component D3 LTST-C190KRKT
Added Member To Class: ClassName=Vesc Member=Component R7 ERJ-2RKF1003X
Added Member To Class: ClassName=Vesc Member=Component R25 ERJ-2RKF2201X
Added Member To Class: ClassName=Vesc Member=Component R31 ERJ-2RKF3902X
Added Member To Class: ClassName=Vesc Member=Component R34 ERJ-2RKF2201X
Added Member To Class: ClassName=Vesc Member=Component R36 ERJ-2RKF2201X
