Removed Pin From Net: NetName=VCC_12V Pin=C38A-1
Removed Pin From Net: NetName=GND Pin=C38A-2
Removed Pin From Net: NetName=MB_CURRENT_A Pin=U1B-8
Removed Pin From Net: NetName=MB_CURRENT_B Pin=U1B-9
Removed Pin From Net: NetName=MB_CURRENT_C Pin=U1B-10
Removed Pin From Net: NetName=MB_AN_IN Pin=U1B-11
Removed Pin From Net: NetName=MB_LED_GREEN Pin=U1B-26
Removed Pin From Net: NetName=MB_LED_RED Pin=U1B-27
Removed Pin From Net: NetName=VCC_12V Pin=U3A-5
Removed Member From Class: ClassName=Vesc Member=C38A
Added Component: Designator=C38B(CAP 0402)
Added Component: Designator=R11B(RES 2512)
Added Pin To Net: NetName=VCC_12V Pin=C38B-1
Added Pin To Net: NetName=GND Pin=C38B-2
Added Pin To Net: NetName=MB_PB_AGND Pin=R11B-1
Added Pin To Net: NetName=MB_PB_SOURCE Pin=R11B-2
Added Pin To Net: NetName=MB_AN_IN Pin=U1B-10
Added Pin To Net: NetName=MB_CURRENT_A Pin=U1B-26
Added Pin To Net: NetName=MB_CURRENT_C Pin=U1B-27
Added Pin To Net: NetName=V_SUPPLY Pin=U3A-5
Change Class Name : Old Net Name=Vesc New Net Name=Vesc_Simple
Added Member To Class: ClassName=Vesc_Simple Member=Component C38B GRM155C81C225ME15D
Added Member To Class: ClassName=Vesc_Simple Member=Component R11B WSLF2512L5000FEA
Added Room: Name=Vesc_Simple
