Replace Part C4 C0402C222J3RACTU in C:\altium\Projects\VESC\Vesc.SchDoc with C0402C222J3RACTU from C.SchLib
Replace Part C5 C0402C222J3RACTU in C:\altium\Projects\VESC\Vesc.SchDoc with C0402C222J3RACTU from C.SchLib
Replace Part C6 C0402C222J3RACTU in C:\altium\Projects\VESC\Vesc.SchDoc with C0402C222J3RACTU from C.SchLib
Replace Part C8 C0402C222J3RACTU in C:\altium\Projects\VESC\Vesc.SchDoc with C0402C222J3RACTU from C.SchLib
Replace Part C10 C0402C225M8PACTU in C:\altium\Projects\VESC\Vesc.SchDoc with C0402C225M8PACTU from C.SchLib
Replace Part C11 C0402C225M8PACTU in C:\altium\Projects\VESC\Vesc.SchDoc with C0402C225M8PACTU from C.SchLib
Replace Part C12 C0402C225M8PACTU in C:\altium\Projects\VESC\Vesc.SchDoc with C0402C225M8PACTU from C.SchLib
Replace Part C13 C0402C225M8PACTU in C:\altium\Projects\VESC\Vesc.SchDoc with C0402C225M8PACTU from C.SchLib
Replace Part C14 C0402C225M8PACTU in C:\altium\Projects\VESC\Vesc.SchDoc with C0402C225M8PACTU from C.SchLib
Replace Part C15 C0402C180K5GACTU in C:\altium\Projects\VESC\Vesc.SchDoc with C0402C180K5GACTU from C.SchLib
Replace Part C16 C0402C225M8PACTU in C:\altium\Projects\VESC\Vesc.SchDoc with C0402C225M8PACTU from C.SchLib
Replace Part C17 C0402C225M8PACTU in C:\altium\Projects\VESC\Vesc.SchDoc with C0402C225M8PACTU from C.SchLib
Replace Part C18 C0402C225M8PACTU in C:\altium\Projects\VESC\Vesc.SchDoc with C0402C225M8PACTU from C.SchLib
Replace Part C20 C0402C225M8PACTU in C:\altium\Projects\VESC\Vesc.SchDoc with C0402C225M8PACTU from C.SchLib
Replace Part C21 C0402C225M8PACTU in C:\altium\Projects\VESC\Vesc.SchDoc with C0402C225M8PACTU from C.SchLib
Replace Part C22 C0603C473K1RECAUTO in C:\altium\Projects\VESC\Vesc.SchDoc with C0603C473K1RECAUTO from C.SchLib
Replace Part C23 C0402C225M8PACTU in C:\altium\Projects\VESC\Vesc.SchDoc with C0402C225M8PACTU from C.SchLib
Replace Part C24 C0402C225M8PACTU in C:\altium\Projects\VESC\Vesc.SchDoc with C0402C225M8PACTU from C.SchLib
Replace Part C25 C0805C476M9PACTU in C:\altium\Projects\VESC\Vesc.SchDoc with C0805C476M9PACTU from C.SchLib
Replace Part C27 C0402C103K5RACTU in C:\altium\Projects\VESC\Vesc.SchDoc with C0402C103K5RACTU from C.SchLib
Replace Part C29 GCG188R71C105KA01D in C:\altium\Projects\VESC\Vesc.SchDoc with GCG188R71C105KA01D from C.SchLib
Replace Part C31 C0402C225M8PACTU in C:\altium\Projects\VESC\Vesc.SchDoc with C0402C225M8PACTU from C.SchLib
Replace Part C32 C0402C104K3RACTU in C:\altium\Projects\VESC\Vesc.SchDoc with C0402C104K3RACTU from C.SchLib
Replace Part C33 C0805C476M9PACTU in C:\altium\Projects\VESC\Vesc.SchDoc with C0805C476M9PACTU from C.SchLib
Replace Part C35 C0402C225M8PACTU in C:\altium\Projects\VESC\Vesc.SchDoc with C0402C225M8PACTU from C.SchLib
Replace Part C38 C0402C180K5GACTU in C:\altium\Projects\VESC\Vesc.SchDoc with C0402C180K5GACTU from C.SchLib
Replace Part C59 C0402C472K5RACTU in C:\altium\Projects\VESC\Vesc.SchDoc with C0402C472K5RACTU from C.SchLib
Replace Part C60 C0402C472K5RACTU in C:\altium\Projects\VESC\Vesc.SchDoc with C0402C472K5RACTU from C.SchLib
Replace Part C61 C0402C472K5RACTU in C:\altium\Projects\VESC\Vesc.SchDoc with C0402C472K5RACTU from C.SchLib
Replace Part D1 LTST-C190KRKT in C:\altium\Projects\VESC\Vesc.SchDoc with LTST-C190KRKT from LED.SchLib
Replace Part D2 LTST-C190KRKT in C:\altium\Projects\VESC\Vesc.SchDoc with LTST-C190KRKT from LED.SchLib
Replace Part D4 NSR02100HT1G in C:\altium\Projects\VESC\Vesc.SchDoc with NSR02100HT1G from D.SchLib
Replace Part L1 SRN6028-330M in C:\altium\Projects\VESC\Vesc.SchDoc with SRN6028-330M from L.SchLib
Replace Part Q1 IPB042N10N3GATMA1 in C:\altium\Projects\VESC\Vesc.SchDoc with IPB042N10N3GATMA1 from Q.SchLib
Replace Part Q2 IPB042N10N3GATMA1 in C:\altium\Projects\VESC\Vesc.SchDoc with IPB042N10N3GATMA1 from Q.SchLib
Replace Part Q3 IPB042N10N3GATMA1 in C:\altium\Projects\VESC\Vesc.SchDoc with IPB042N10N3GATMA1 from Q.SchLib
Replace Part Q4 IPB042N10N3GATMA1 in C:\altium\Projects\VESC\Vesc.SchDoc with IPB042N10N3GATMA1 from Q.SchLib
Replace Part Q5 IPB042N10N3GATMA1 in C:\altium\Projects\VESC\Vesc.SchDoc with IPB042N10N3GATMA1 from Q.SchLib
Replace Part Q6 IPB042N10N3GATMA1 in C:\altium\Projects\VESC\Vesc.SchDoc with IPB042N10N3GATMA1 from Q.SchLib
Replace Part R0 ERJ-2RKF4702X in C:\altium\Projects\VESC\Vesc.SchDoc with ERJ-2RKF4702X from R.SchLib
Replace Part R2 ERJ-2RKF1003X in C:\altium\Projects\VESC\Vesc.SchDoc with ERJ-2RKF1003X from R.SchLib
Replace Part R7 ERJ-2RKF1002X in C:\altium\Projects\VESC\Vesc.SchDoc with ERJ-2RKF1002X from R.SchLib
Replace Part R8 ERJ-2RKF1002X in C:\altium\Projects\VESC\Vesc.SchDoc with ERJ-2RKF1002X from R.SchLib
Replace Part R9 ERJ-2RKF1002X in C:\altium\Projects\VESC\Vesc.SchDoc with ERJ-2RKF1002X from R.SchLib
Replace Part R10 ERJ-2RKF1002X in C:\altium\Projects\VESC\Vesc.SchDoc with ERJ-2RKF1002X from R.SchLib
Replace Part R11 ERJ-2RKF2201X in C:\altium\Projects\VESC\Vesc.SchDoc with ERJ-2RKF2201X from R.SchLib
Replace Part R12 ERJ-2RKF2201X in C:\altium\Projects\VESC\Vesc.SchDoc with ERJ-2RKF2201X from R.SchLib
Replace Part R13 ERJ-2RKF2201X in C:\altium\Projects\VESC\Vesc.SchDoc with ERJ-2RKF2201X from R.SchLib
Replace Part R17 ERJ-2RKF1002X in C:\altium\Projects\VESC\Vesc.SchDoc with ERJ-2RKF1002X from R.SchLib
Replace Part R23 ERJ-2RKF3902X in C:\altium\Projects\VESC\Vesc.SchDoc with ERJ-2RKF3902X from R.SchLib
Replace Part R24 ERJ-2RKF2201X in C:\altium\Projects\VESC\Vesc.SchDoc with ERJ-2RKF2201X from R.SchLib
Replace Part R26 ERJ-2RKF3902X in C:\altium\Projects\VESC\Vesc.SchDoc with ERJ-2RKF3902X from R.SchLib
Replace Part R27 ERJ-2RKF2201X in C:\altium\Projects\VESC\Vesc.SchDoc with ERJ-2RKF2201X from R.SchLib
Replace Part R28 ERJ-PA3J4R7V in C:\altium\Projects\VESC\Vesc.SchDoc with ERJ-PA3J4R7V from R.SchLib
Replace Part R29 ERJ-PA3J4R7V in C:\altium\Projects\VESC\Vesc.SchDoc with ERJ-PA3J4R7V from R.SchLib
Replace Part R30 ERJ-2RKF3902X in C:\altium\Projects\VESC\Vesc.SchDoc with ERJ-2RKF3902X from R.SchLib
Replace Part R32 ERJ-2RKF3902X in C:\altium\Projects\VESC\Vesc.SchDoc with ERJ-2RKF3902X from R.SchLib
Replace Part R33 ERJ-2RKF2201X in C:\altium\Projects\VESC\Vesc.SchDoc with ERJ-2RKF2201X from R.SchLib
Replace Part R34 ERJ-PA3J4R7V in C:\altium\Projects\VESC\Vesc.SchDoc with ERJ-PA3J4R7V from R.SchLib
Replace Part R35 ERJ-PA3J4R7V in C:\altium\Projects\VESC\Vesc.SchDoc with ERJ-PA3J4R7V from R.SchLib
Replace Part R36 ERJ-2RKF3902X in C:\altium\Projects\VESC\Vesc.SchDoc with ERJ-2RKF3902X from R.SchLib
Replace Part R37 ERJ-2RKF1000X in C:\altium\Projects\VESC\Vesc.SchDoc with ERJ-2RKF1000X from R.SchLib
Replace Part R38 ERJ-2RKF1000X in C:\altium\Projects\VESC\Vesc.SchDoc with ERJ-2RKF1000X from R.SchLib
Replace Part R42 ERJ-PA3J4R7V in C:\altium\Projects\VESC\Vesc.SchDoc with ERJ-PA3J4R7V from R.SchLib
Replace Part R43 ERJ-PA3J4R7V in C:\altium\Projects\VESC\Vesc.SchDoc with ERJ-PA3J4R7V from R.SchLib
Replace Part R46 ERJ-2RKF3902X in C:\altium\Projects\VESC\Vesc.SchDoc with ERJ-2RKF3902X from R.SchLib
Replace Part R55 ERJ-2RKF1000X in C:\altium\Projects\VESC\Vesc.SchDoc with ERJ-2RKF1000X from R.SchLib
Replace Part R56 ERJ-2RKF1000X in C:\altium\Projects\VESC\Vesc.SchDoc with ERJ-2RKF1000X from R.SchLib
Replace Part R57 ERJ-2RKF1000X in C:\altium\Projects\VESC\Vesc.SchDoc with ERJ-2RKF1000X from R.SchLib
Replace Part U1 STM32F405 in C:\altium\Projects\VESC\Vesc.SchDoc with STM32F405 from U.SchLib
Replace Part U2 AP2127K-3.3TRG1 in C:\altium\Projects\VESC\Vesc.SchDoc with AP2127K-3.3TRG1 from U.SchLib
Replace Part U3 DRV8353RH in C:\altium\Projects\VESC\Vesc.SchDoc with DRV8353RH from U.SchLib
