Removed Pin From Net: NetName=GND Pin=C9A-2
Removed Pin From Net: NetName=GND Pin=C10A-2
Removed Pin From Net: NetName=GND Pin=C11A-2
Removed Pin From Net: NetName=GND Pin=C30A-2
Removed Pin From Net: NetName=GND Pin=C34A-2
Removed Pin From Net: NetName=MB_PA_AGND Pin=C35B-1
Removed Pin From Net: NetName=MB_PB_AGND Pin=C36B-1
Removed Pin From Net: NetName=MB_PC_AGND Pin=C37B-1
Removed Pin From Net: NetName=GND Pin=U1A-12
Removed Pin From Net: NetName=GND Pin=U3A-27
Added Pin To Net: NetName=GND Pin=C35B-1
Added Pin To Net: NetName=GND Pin=C36B-1
Added Pin To Net: NetName=GND Pin=C37B-1
Added Pin To Net: NetName=MA_AGND Pin=C34A-2
Added Pin To Net: NetName=MA_AGND Pin=U1A-12
Added Pin To Net: NetName=MA_AGND Pin=U3A-27
Added Net: Name=MA_AGND
Added Pin To Net: NetName=NetC9A_2 Pin=C9A-2
Added Pin To Net: NetName=NetC9A_2 Pin=C10A-2
Added Pin To Net: NetName=NetC9A_2 Pin=C11A-2
Added Pin To Net: NetName=NetC9A_2 Pin=C30A-2
Added Net: Name=NetC9A_2
