Removed Pin From Net: NetName=MA_PHASE_A Pin=Q2A-2
Change Component DesignItemId : Designator=Q2A Old DesignItemId=SUP70060E-GE3 New DesignItemId=CSD19531Q5A
Change Component Footprint: Designator=Q2A Old Footprint=TO-220 - Horizontal Inverted New Footprint=VSONP-8
Change Component Comment : Designator=Q2A Old Comment=SUP70060E-GE3 New Comment=CSD19531Q5A
Added Pin To Net: NetName=MA_PA_SOURCE Pin=Q2A-1
Added Pin To Net: NetName=MA_PA_SOURCE Pin=Q2A-2
Added Pin To Net: NetName=MA_PHASE_A Pin=Q2A-5
Added Pin To Net: NetName=MA_PHASE_A Pin=Q2A-6
Added Pin To Net: NetName=MA_PHASE_A Pin=Q2A-7
Added Pin To Net: NetName=MA_PHASE_A Pin=Q2A-8
Added Pin To Net: NetName=MA_PHASE_A Pin=Q2A-9
Added Pin To Net: NetName=MA_PHASE_A Pin=Q2A-9
Added Pin To Net: NetName=MA_PHASE_A Pin=Q2A-9
Added Pin To Net: NetName=MA_PHASE_A Pin=Q2A-9
Added Pin To Net: NetName=MA_PHASE_A Pin=Q2A-9
Added Pin To Net: NetName=MA_PHASE_A Pin=Q2A-9
Added Pin To Net: NetName=MA_PHASE_A Pin=Q2A-9
Added Pin To Net: NetName=MA_PHASE_A Pin=Q2A-9
Added Pin To Net: NetName=MA_PHASE_A Pin=Q2A-9
Added Pin To Net: NetName=MA_PHASE_A Pin=Q2A-9
Added Pin To Net: NetName=MA_PHASE_A Pin=Q2A-9
Added Pin To Net: NetName=MA_PHASE_A Pin=Q2A-9
Added Pin To Net: NetName=MA_PHASE_A Pin=Q2A-9
Added Pin To Net: NetName=MA_PHASE_A Pin=Q2A-9
Added Pin To Net: NetName=MA_PHASE_A Pin=Q2A-9
Added Pin To Net: NetName=NetQ2A_4 Pin=Q2A-4
Added Pin To Net: NetName=NetQ2A_4 Pin=R2A-2
Added Pin To Net: NetName=NetQ2A_4 Pin=R7A-2
Added Net: Name=NetQ2A_4
