Removed Pin From Net: NetName=GND Pin=C22B-1
Removed Pin From Net: NetName=VCC_12V Pin=C33B-1
Removed Pin From Net: NetName=GND Pin=C33B-2
Removed Pin From Net: NetName=GND Pin=D3B-1
Removed Pin From Net: NetName=VCC_12V Pin=L1B-2
Removed Pin From Net: NetName=GND Pin=R33B-1
Removed Pin From Net: NetName=VCC_12V Pin=R34B-2
Removed Pin From Net: NetName=VCC_12V_SD Pin=R35B-1
Removed Pin From Net: NetName=V_SUPPLY Pin=R35B-2
Removed Pin From Net: NetName=GND Pin=R36B-2
Removed Pin From Net: NetName=V_SUPPLY Pin=U3B-43
Removed Pin From Net: NetName=VCC_12V_SD Pin=U3B-47
Removed Member From Class: ClassName=Vesc_Simple Member=C21B
Removed Member From Class: ClassName=Vesc_Simple Member=C22B
Removed Member From Class: ClassName=Vesc_Simple Member=C33B
Removed Member From Class: ClassName=Vesc_Simple Member=D3B
Removed Member From Class: ClassName=Vesc_Simple Member=L1B
Removed Member From Class: ClassName=Vesc_Simple Member=R33B
Removed Member From Class: ClassName=Vesc_Simple Member=R34B
Removed Member From Class: ClassName=Vesc_Simple Member=R35B
Removed Member From Class: ClassName=Vesc_Simple Member=R36B
Added Member To Class: ClassName=Vesc_Simple Member=Component D2A LTST-C190KRKT
Added Member To Class: ClassName=Vesc_Simple Member=Component R31A ERJ-2RKF1000X
