Change Component DesignItemId : Designator=C1A Old DesignItemId=C0402C180K5GACTU New DesignItemId=GCM1555C1H180JA16D
Change Component DesignItemId : Designator=C1B Old DesignItemId=C0402C180K5GACTU New DesignItemId=GCM1555C1H180JA16D
Change Component DesignItemId : Designator=C2A Old DesignItemId=C0402C180K5GACTU New DesignItemId=GCM1555C1H180JA16D
Change Component DesignItemId : Designator=C2B Old DesignItemId=C0402C180K5GACTU New DesignItemId=GCM1555C1H180JA16D
Change Component DesignItemId : Designator=C12A Old DesignItemId=C0402C222J3RACTU New DesignItemId=GCM155R72A222KA37D
Change Component DesignItemId : Designator=C12B Old DesignItemId=C0402C222J3RACTU New DesignItemId=GCM155R72A222KA37D
Change Component DesignItemId : Designator=C13A Old DesignItemId=C0402C222J3RACTU New DesignItemId=GCM155R72A222KA37D
Change Component DesignItemId : Designator=C13B Old DesignItemId=C0402C222J3RACTU New DesignItemId=GCM155R72A222KA37D
Change Component DesignItemId : Designator=C14A Old DesignItemId=C0402C222J3RACTU New DesignItemId=GCM155R72A222KA37D
Change Component DesignItemId : Designator=C14B Old DesignItemId=C0402C222J3RACTU New DesignItemId=GCM155R72A222KA37D
Change Component DesignItemId : Designator=C15A Old DesignItemId=C0402C222J3RACTU New DesignItemId=GCM155R72A222KA37D
Change Component DesignItemId : Designator=C15B Old DesignItemId=C0402C222J3RACTU New DesignItemId=GCM155R72A222KA37D
Change Component DesignItemId : Designator=C16A Old DesignItemId=C0402C222J3RACTU New DesignItemId=GCM155R72A222KA37D
Change Component DesignItemId : Designator=C16B Old DesignItemId=C0402C222J3RACTU New DesignItemId=GCM155R72A222KA37D
Change Component DesignItemId : Designator=C17A Old DesignItemId=C0402C222J3RACTU New DesignItemId=GCM155R72A222KA37D
Change Component DesignItemId : Designator=C17B Old DesignItemId=C0402C222J3RACTU New DesignItemId=GCM155R72A222KA37D
Change Component DesignItemId : Designator=C23B Old DesignItemId=C0402C225M8PACTU New DesignItemId=GRM155C81C225ME15D
Change Component Comment : Designator=C1A Old Comment=C0402C180K5GACTU New Comment=GCM1555C1H180JA16D
Change Component Comment : Designator=C1B Old Comment=C0402C180K5GACTU New Comment=GCM1555C1H180JA16D
Change Component Comment : Designator=C2A Old Comment=C0402C180K5GACTU New Comment=GCM1555C1H180JA16D
Change Component Comment : Designator=C2B Old Comment=C0402C180K5GACTU New Comment=GCM1555C1H180JA16D
Change Component Comment : Designator=C12A Old Comment=C0402C222J3RACTU New Comment=GCM155R72A222KA37D
Change Component Comment : Designator=C12B Old Comment=C0402C222J3RACTU New Comment=GCM155R72A222KA37D
Change Component Comment : Designator=C13A Old Comment=C0402C222J3RACTU New Comment=GCM155R72A222KA37D
Change Component Comment : Designator=C13B Old Comment=C0402C222J3RACTU New Comment=GCM155R72A222KA37D
Change Component Comment : Designator=C14A Old Comment=C0402C222J3RACTU New Comment=GCM155R72A222KA37D
Change Component Comment : Designator=C14B Old Comment=C0402C222J3RACTU New Comment=GCM155R72A222KA37D
Change Component Comment : Designator=C15A Old Comment=C0402C222J3RACTU New Comment=GCM155R72A222KA37D
Change Component Comment : Designator=C15B Old Comment=C0402C222J3RACTU New Comment=GCM155R72A222KA37D
Change Component Comment : Designator=C16A Old Comment=C0402C222J3RACTU New Comment=GCM155R72A222KA37D
Change Component Comment : Designator=C16B Old Comment=C0402C222J3RACTU New Comment=GCM155R72A222KA37D
Change Component Comment : Designator=C17A Old Comment=C0402C222J3RACTU New Comment=GCM155R72A222KA37D
Change Component Comment : Designator=C17B Old Comment=C0402C222J3RACTU New Comment=GCM155R72A222KA37D
Change Component Comment : Designator=C23B Old Comment=C0402C225M8PACTU New Comment=GRM155C81C225ME15D
Change Component Description : Designator=C12A Old Description=CAP 0402 2.2nF 25V (X7R DIELECTRIC) New Description=CAP 0402 2.2nF 100V (X7R DIELECTRIC)
Change Component Description : Designator=C12B Old Description=CAP 0402 2.2nF 25V (X7R DIELECTRIC) New Description=CAP 0402 2.2nF 100V (X7R DIELECTRIC)
Change Component Description : Designator=C13A Old Description=CAP 0402 2.2nF 25V (X7R DIELECTRIC) New Description=CAP 0402 2.2nF 100V (X7R DIELECTRIC)
Change Component Description : Designator=C13B Old Description=CAP 0402 2.2nF 25V (X7R DIELECTRIC) New Description=CAP 0402 2.2nF 100V (X7R DIELECTRIC)
Change Component Description : Designator=C14A Old Description=CAP 0402 2.2nF 25V (X7R DIELECTRIC) New Description=CAP 0402 2.2nF 100V (X7R DIELECTRIC)
Change Component Description : Designator=C14B Old Description=CAP 0402 2.2nF 25V (X7R DIELECTRIC) New Description=CAP 0402 2.2nF 100V (X7R DIELECTRIC)
Change Component Description : Designator=C15A Old Description=CAP 0402 2.2nF 25V (X7R DIELECTRIC) New Description=CAP 0402 2.2nF 100V (X7R DIELECTRIC)
Change Component Description : Designator=C15B Old Description=CAP 0402 2.2nF 25V (X7R DIELECTRIC) New Description=CAP 0402 2.2nF 100V (X7R DIELECTRIC)
Change Component Description : Designator=C16A Old Description=CAP 0402 2.2nF 25V (X7R DIELECTRIC) New Description=CAP 0402 2.2nF 100V (X7R DIELECTRIC)
Change Component Description : Designator=C16B Old Description=CAP 0402 2.2nF 25V (X7R DIELECTRIC) New Description=CAP 0402 2.2nF 100V (X7R DIELECTRIC)
Change Component Description : Designator=C17A Old Description=CAP 0402 2.2nF 25V (X7R DIELECTRIC) New Description=CAP 0402 2.2nF 100V (X7R DIELECTRIC)
Change Component Description : Designator=C17B Old Description=CAP 0402 2.2nF 25V (X7R DIELECTRIC) New Description=CAP 0402 2.2nF 100V (X7R DIELECTRIC)
Change Component Description : Designator=C23B Old Description=CAP 0402 2.2uF 10V New Description=CAP 0402 2.2uF 16V
Change Component Description : Designator=C1A Old Description=CAP 0402 18pF 50V New Description=CAP 0402 18pF 50V (NP0 Dielectric)
Change Component Description : Designator=C1B Old Description=CAP 0402 18pF 50V New Description=CAP 0402 18pF 50V (NP0 Dielectric)
Change Component Description : Designator=C2A Old Description=CAP 0402 18pF 50V New Description=CAP 0402 18pF 50V (NP0 Dielectric)
Change Component Description : Designator=C2B Old Description=CAP 0402 18pF 50V New Description=CAP 0402 18pF 50V (NP0 Dielectric)
Added Component: Designator=Y1A(TXC 7A)
Added Pin To Net: NetName=NetC1A_1 Pin=Y1A-1
Added Pin To Net: NetName=NetC2A_1 Pin=Y1A-2
Added Member To Class: ClassName=Vesc Member=Component Y1A 7A-8.000MAAE-T
