Removed Pin From Net: NetName=GND Pin=C24-1
Removed Pin From Net: NetName=VCC Pin=C24-2
Removed Member From Class: ClassName=Vesc Member=C24
Change Component DesignItemId : Designator=C33 Old DesignItemId=C0805C476M9PACTU New DesignItemId=C2012X5R1E106K125AB
Change Component Footprint: Designator=C33 Old Footprint=CAP 0805 New Footprint=CAP 1206
Change Component Comment : Designator=C33 Old Comment=C0805C476M9PACTU New Comment=C2012X5R1E106K125AB
Change Component Designator: OldDesignator=C? NewDesignator=C70
Change Component Designator: OldDesignator=C? NewDesignator=C71
Change Component Designator: OldDesignator=C? NewDesignator=C72
Change Component Designator: OldDesignator=R57 NewDesignator=R70
Change Component Designator: OldDesignator=R57 NewDesignator=R71
Change Component Designator: OldDesignator=R57 NewDesignator=R72
Change Component Designator: OldDesignator=R57 NewDesignator=R73
Change Component Designator: OldDesignator=R57 NewDesignator=R74
Change Component Designator: OldDesignator=R57 NewDesignator=R75
Added Pin To Net: NetName=+5V Pin=L1-2
Added Pin To Net: NetName=+5V Pin=R17-2
Change Net Name : Old Net Name=+5V New Net Name=V_OUT
Added Member To Class: ClassName=Vesc Member=Component C71 C0402C222J3RACTU
Added Member To Class: ClassName=Vesc Member=Component C72 C0402C222J3RACTU
Added Member To Class: ClassName=Vesc Member=Component R70 ERJ-2RKF1000X
Added Member To Class: ClassName=Vesc Member=Component R72 ERJ-2RKF1000X
Added Member To Class: ClassName=Vesc Member=Component R73 ERJ-2RKF1000X
Added Member To Class: ClassName=Vesc Member=Component R74 ERJ-2RKF1000X
Added Member To Class: ClassName=Vesc Member=Component R75 ERJ-2RKF1000X
