Removed Pin From Net: NetName=MA_PA_AGND Pin=Q2B_1-1
Removed Pin From Net: NetName=MA_PA_AGND Pin=Q2B_1-2
Removed Pin From Net: NetName=MA_PA_AGND Pin=Q2B_1-3
Removed Pin From Net: NetName=MA_PA_AGND Pin=Q2B_1-5
Removed Pin From Net: NetName=MA_PA_AGND Pin=Q2B_1-6
Removed Pin From Net: NetName=MA_PA_AGND Pin=Q2B_1-7
Removed Pin From Net: NetName=MA_PA_AGND Pin=Q2B_1-8
Removed Pin From Net: NetName=MA_PC_AGND Pin=R12A-1
Removed Pin From Net: NetName=MA_PC_AGND Pin=R12A-1
Removed Pin From Net: NetName=MA_PC_SOURCE Pin=R12A-2
Removed Pin From Net: NetName=MA_PC_SOURCE Pin=R12A-2
Removed Pin From Net: NetName=MB_PC_AGND Pin=R12B-1
Removed Pin From Net: NetName=MB_PC_AGND Pin=R12B-1
Removed Pin From Net: NetName=MB_PC_SOURCE Pin=R12B-2
Removed Pin From Net: NetName=MB_PC_SOURCE Pin=R12B-2
Added Pin To Net: NetName=MA_PC_SOURCE Pin=R12A-1
Added Pin To Net: NetName=MA_PC_SOURCE Pin=R12A-1
Added Pin To Net: NetName=MA_PC_AGND Pin=R12A-2
Added Pin To Net: NetName=MA_PC_AGND Pin=R12A-2
Added Pin To Net: NetName=MB_PC_SOURCE Pin=R12B-1
Added Pin To Net: NetName=MB_PC_SOURCE Pin=R12B-1
Added Pin To Net: NetName=MB_PC_AGND Pin=R12B-2
Added Pin To Net: NetName=MB_PC_AGND Pin=R12B-2
