Replace Part C1A C0402C180K5GACTU in C:\altium\Projects\VESC\Vesc.SchDoc with C0402C180K5GACTU from C.SchLib
Replace Part C1B C0402C180K5GACTU in C:\altium\Projects\VESC\Vesc.SchDoc with C0402C180K5GACTU from C.SchLib
Replace Part C2A C0402C180K5GACTU in C:\altium\Projects\VESC\Vesc.SchDoc with C0402C180K5GACTU from C.SchLib
Replace Part C2B C0402C180K5GACTU in C:\altium\Projects\VESC\Vesc.SchDoc with C0402C180K5GACTU from C.SchLib
Replace Part C3A C0402C104K3RACTU in C:\altium\Projects\VESC\Vesc.SchDoc with C0402C104K3RACTU from C.SchLib
Replace Part C3B C0402C104K3RACTU in C:\altium\Projects\VESC\Vesc.SchDoc with C0402C104K3RACTU from C.SchLib
Replace Part C4A C0402C225M8PACTU in C:\altium\Projects\VESC\Vesc.SchDoc with C0402C225M8PACTU from C.SchLib
Replace Part C4B C0402C225M8PACTU in C:\altium\Projects\VESC\Vesc.SchDoc with C0402C225M8PACTU from C.SchLib
Replace Part C5A C0402C225M8PACTU in C:\altium\Projects\VESC\Vesc.SchDoc with C0402C225M8PACTU from C.SchLib
Replace Part C5B C0402C225M8PACTU in C:\altium\Projects\VESC\Vesc.SchDoc with C0402C225M8PACTU from C.SchLib
Replace Part C6A C0402C225M8PACTU in C:\altium\Projects\VESC\Vesc.SchDoc with C0402C225M8PACTU from C.SchLib
Replace Part C6B C0402C225M8PACTU in C:\altium\Projects\VESC\Vesc.SchDoc with C0402C225M8PACTU from C.SchLib
Replace Part C7A C0402C225M8PACTU in C:\altium\Projects\VESC\Vesc.SchDoc with C0402C225M8PACTU from C.SchLib
Replace Part C7B C0402C225M8PACTU in C:\altium\Projects\VESC\Vesc.SchDoc with C0402C225M8PACTU from C.SchLib
Replace Part C8A C0402C225M8PACTU in C:\altium\Projects\VESC\Vesc.SchDoc with C0402C225M8PACTU from C.SchLib
Replace Part C8B C0402C225M8PACTU in C:\altium\Projects\VESC\Vesc.SchDoc with C0402C225M8PACTU from C.SchLib
Replace Part C9A C0402C225M8PACTU in C:\altium\Projects\VESC\Vesc.SchDoc with C0402C225M8PACTU from C.SchLib
Replace Part C9B C0402C225M8PACTU in C:\altium\Projects\VESC\Vesc.SchDoc with C0402C225M8PACTU from C.SchLib
Replace Part C10A C0402C225M8PACTU in C:\altium\Projects\VESC\Vesc.SchDoc with C0402C225M8PACTU from C.SchLib
Replace Part C10B C0402C225M8PACTU in C:\altium\Projects\VESC\Vesc.SchDoc with C0402C225M8PACTU from C.SchLib
Replace Part C11A C0402C225M8PACTU in C:\altium\Projects\VESC\Vesc.SchDoc with C0402C225M8PACTU from C.SchLib
Replace Part C11B C0402C225M8PACTU in C:\altium\Projects\VESC\Vesc.SchDoc with C0402C225M8PACTU from C.SchLib
Replace Part C12A C0402C222J3RACTU in C:\altium\Projects\VESC\Vesc.SchDoc with C0402C222J3RACTU from C.SchLib
Replace Part C12B C0402C222J3RACTU in C:\altium\Projects\VESC\Vesc.SchDoc with C0402C222J3RACTU from C.SchLib
Replace Part C13A C0402C222J3RACTU in C:\altium\Projects\VESC\Vesc.SchDoc with C0402C222J3RACTU from C.SchLib
Replace Part C13B C0402C222J3RACTU in C:\altium\Projects\VESC\Vesc.SchDoc with C0402C222J3RACTU from C.SchLib
Replace Part C14A C0402C222J3RACTU in C:\altium\Projects\VESC\Vesc.SchDoc with C0402C222J3RACTU from C.SchLib
Replace Part C14B C0402C222J3RACTU in C:\altium\Projects\VESC\Vesc.SchDoc with C0402C222J3RACTU from C.SchLib
Replace Part C15A C0402C222J3RACTU in C:\altium\Projects\VESC\Vesc.SchDoc with C0402C222J3RACTU from C.SchLib
Replace Part C15B C0402C222J3RACTU in C:\altium\Projects\VESC\Vesc.SchDoc with C0402C222J3RACTU from C.SchLib
Replace Part C16A C0402C222J3RACTU in C:\altium\Projects\VESC\Vesc.SchDoc with C0402C222J3RACTU from C.SchLib
Replace Part C16B C0402C222J3RACTU in C:\altium\Projects\VESC\Vesc.SchDoc with C0402C222J3RACTU from C.SchLib
Replace Part C17A C0402C222J3RACTU in C:\altium\Projects\VESC\Vesc.SchDoc with C0402C222J3RACTU from C.SchLib
Replace Part C17B C0402C222J3RACTU in C:\altium\Projects\VESC\Vesc.SchDoc with C0402C222J3RACTU from C.SchLib
Replace Part C18A C0402C225M8PACTU in C:\altium\Projects\VESC\Vesc.SchDoc with C0402C225M8PACTU from C.SchLib
Replace Part C18B C0402C225M8PACTU in C:\altium\Projects\VESC\Vesc.SchDoc with C0402C225M8PACTU from C.SchLib
Replace Part C19A C0603C473K1RECAUTO in C:\altium\Projects\VESC\Vesc.SchDoc with C0603C473K1RECAUTO from C.SchLib
Replace Part C19B C0603C473K1RECAUTO in C:\altium\Projects\VESC\Vesc.SchDoc with C0603C473K1RECAUTO from C.SchLib
Replace Part C20A GRJ31CR72A105KE11L in C:\altium\Projects\VESC\Vesc.SchDoc with GRJ31CR72A105KE11L from C.SchLib
Replace Part C20B GRJ31CR72A105KE11L in C:\altium\Projects\VESC\Vesc.SchDoc with GRJ31CR72A105KE11L from C.SchLib
Replace Part C21A C0402C103K5RACTU in C:\altium\Projects\VESC\Vesc.SchDoc with C0402C103K5RACTU from C.SchLib
Replace Part C21B C0402C103K5RACTU in C:\altium\Projects\VESC\Vesc.SchDoc with C0402C103K5RACTU from C.SchLib
Replace Part C22A C0402C225M8PACTU in C:\altium\Projects\VESC\Vesc.SchDoc with C0402C225M8PACTU from C.SchLib
Replace Part C22B C0402C225M8PACTU in C:\altium\Projects\VESC\Vesc.SchDoc with C0402C225M8PACTU from C.SchLib
Replace Part C23A C0402C225M8PACTU in C:\altium\Projects\VESC\Vesc.SchDoc with C0402C225M8PACTU from C.SchLib
Replace Part C23B C0402C225M8PACTU in C:\altium\Projects\VESC\Vesc.SchDoc with C0402C225M8PACTU from C.SchLib
Replace Part C30A C0402C225M8PACTU in C:\altium\Projects\VESC\Vesc.SchDoc with C0402C225M8PACTU from C.SchLib
Replace Part C30B C0402C225M8PACTU in C:\altium\Projects\VESC\Vesc.SchDoc with C0402C225M8PACTU from C.SchLib
Replace Part C33A C2012X5R1E106K125AB in C:\altium\Projects\VESC\Vesc.SchDoc with C2012X5R1E106K125AB from C.SchLib
Replace Part C33B C2012X5R1E106K125AB in C:\altium\Projects\VESC\Vesc.SchDoc with C2012X5R1E106K125AB from C.SchLib
Replace Part C34A C0402C225M8PACTU in C:\altium\Projects\VESC\Vesc.SchDoc with C0402C225M8PACTU from C.SchLib
Replace Part C34B C0402C225M8PACTU in C:\altium\Projects\VESC\Vesc.SchDoc with C0402C225M8PACTU from C.SchLib
Replace Part D1A LTST-C190KRKT in C:\altium\Projects\VESC\Vesc.SchDoc with LTST-C190KRKT from LED.SchLib
Replace Part D1B LTST-C190KRKT in C:\altium\Projects\VESC\Vesc.SchDoc with LTST-C190KRKT from LED.SchLib
Replace Part D2A LTST-C190KRKT in C:\altium\Projects\VESC\Vesc.SchDoc with LTST-C190KRKT from LED.SchLib
Replace Part D2B LTST-C190KRKT in C:\altium\Projects\VESC\Vesc.SchDoc with LTST-C190KRKT from LED.SchLib
Replace Part D3A NSR02100HT1G in C:\altium\Projects\VESC\Vesc.SchDoc with NSR02100HT1G from D.SchLib
Replace Part D3B NSR02100HT1G in C:\altium\Projects\VESC\Vesc.SchDoc with NSR02100HT1G from D.SchLib
Replace Part J9 HEADER_28P1_FEMALE_TH in C:\altium\Projects\VESC\Vesc.SchDoc with HEADER_28P1_FEMALE_TH from J.SchLib
Replace Part JAA 63849-1 in C:\altium\Projects\VESC\Vesc.SchDoc with 63849-1 from J.SchLib
Replace Part JAB 63849-1 in C:\altium\Projects\VESC\Vesc.SchDoc with 63849-1 from J.SchLib
Replace Part JB XT30_S in C:\altium\Projects\VESC\Vesc.SchDoc with XT30_S from J.SchLib
Replace Part JBA 63849-1 in C:\altium\Projects\VESC\Vesc.SchDoc with 63849-1 from J.SchLib
Replace Part JBB 63849-1 in C:\altium\Projects\VESC\Vesc.SchDoc with 63849-1 from J.SchLib
Replace Part JCA 63849-1 in C:\altium\Projects\VESC\Vesc.SchDoc with 63849-1 from J.SchLib
Replace Part JCB 63849-1 in C:\altium\Projects\VESC\Vesc.SchDoc with 63849-1 from J.SchLib
Replace Part JHA B05B-PASK in C:\altium\Projects\VESC\Vesc.SchDoc with B05B-PASK from J.SchLib
Replace Part JHB B05B-PASK in C:\altium\Projects\VESC\Vesc.SchDoc with B05B-PASK from J.SchLib
Replace Part L1A SDE0805A-331K in C:\altium\Projects\VESC\Vesc.SchDoc with SDE0805A-331K from L.SchLib
Replace Part L1B SDE0805A-331K in C:\altium\Projects\VESC\Vesc.SchDoc with SDE0805A-331K from L.SchLib
Replace Part Q1A CSD19531Q5A in C:\altium\Projects\VESC\Vesc.SchDoc with CSD19531Q5A from Q.SchLib
Replace Part Q1B CSD19531Q5A in C:\altium\Projects\VESC\Vesc.SchDoc with CSD19531Q5A from Q.SchLib
Replace Part Q2A SUP70060E-GE3 in C:\altium\Projects\VESC\Vesc.SchDoc with SUP70060E-GE3 from Q.SchLib
Replace Part Q2B SUP70060E-GE3 in C:\altium\Projects\VESC\Vesc.SchDoc with SUP70060E-GE3 from Q.SchLib
Replace Part Q3A CSD19531Q5A in C:\altium\Projects\VESC\Vesc.SchDoc with CSD19531Q5A from Q.SchLib
Replace Part Q3B CSD19531Q5A in C:\altium\Projects\VESC\Vesc.SchDoc with CSD19531Q5A from Q.SchLib
Replace Part Q4A SUP70060E-GE3 in C:\altium\Projects\VESC\Vesc.SchDoc with SUP70060E-GE3 from Q.SchLib
Replace Part Q4B SUP70060E-GE3 in C:\altium\Projects\VESC\Vesc.SchDoc with SUP70060E-GE3 from Q.SchLib
Replace Part Q5A CSD19531Q5A in C:\altium\Projects\VESC\Vesc.SchDoc with CSD19531Q5A from Q.SchLib
Replace Part Q5B CSD19531Q5A in C:\altium\Projects\VESC\Vesc.SchDoc with CSD19531Q5A from Q.SchLib
Replace Part Q6A SUP70060E-GE3 in C:\altium\Projects\VESC\Vesc.SchDoc with SUP70060E-GE3 from Q.SchLib
Replace Part Q6B SUP70060E-GE3 in C:\altium\Projects\VESC\Vesc.SchDoc with SUP70060E-GE3 from Q.SchLib
Replace Part R1A ERJ-PA3J4R7V in C:\altium\Projects\VESC\Vesc.SchDoc with ERJ-PA3J4R7V from R.SchLib
Replace Part R1B ERJ-PA3J4R7V in C:\altium\Projects\VESC\Vesc.SchDoc with ERJ-PA3J4R7V from R.SchLib
Replace Part R2A ERJ-PA3J4R7V in C:\altium\Projects\VESC\Vesc.SchDoc with ERJ-PA3J4R7V from R.SchLib
Replace Part R2B ERJ-PA3J4R7V in C:\altium\Projects\VESC\Vesc.SchDoc with ERJ-PA3J4R7V from R.SchLib
Replace Part R3A ERJ-PA3J4R7V in C:\altium\Projects\VESC\Vesc.SchDoc with ERJ-PA3J4R7V from R.SchLib
Replace Part R3B ERJ-PA3J4R7V in C:\altium\Projects\VESC\Vesc.SchDoc with ERJ-PA3J4R7V from R.SchLib
Replace Part R4A ERJ-PA3J4R7V in C:\altium\Projects\VESC\Vesc.SchDoc with ERJ-PA3J4R7V from R.SchLib
Replace Part R4B ERJ-PA3J4R7V in C:\altium\Projects\VESC\Vesc.SchDoc with ERJ-PA3J4R7V from R.SchLib
Replace Part R5A ERJ-PA3J4R7V in C:\altium\Projects\VESC\Vesc.SchDoc with ERJ-PA3J4R7V from R.SchLib
Replace Part R5B ERJ-PA3J4R7V in C:\altium\Projects\VESC\Vesc.SchDoc with ERJ-PA3J4R7V from R.SchLib
Replace Part R6A ERJ-PA3J4R7V in C:\altium\Projects\VESC\Vesc.SchDoc with ERJ-PA3J4R7V from R.SchLib
Replace Part R6B ERJ-PA3J4R7V in C:\altium\Projects\VESC\Vesc.SchDoc with ERJ-PA3J4R7V from R.SchLib
Replace Part R7A ERJ-2RKF3902X in C:\altium\Projects\VESC\Vesc.SchDoc with ERJ-2RKF3902X from R.SchLib
Replace Part R7B ERJ-2RKF3902X in C:\altium\Projects\VESC\Vesc.SchDoc with ERJ-2RKF3902X from R.SchLib
Replace Part R8A ERJ-2RKF3902X in C:\altium\Projects\VESC\Vesc.SchDoc with ERJ-2RKF3902X from R.SchLib
Replace Part R8B ERJ-2RKF3902X in C:\altium\Projects\VESC\Vesc.SchDoc with ERJ-2RKF3902X from R.SchLib
Replace Part R9A ERJ-2RKF3902X in C:\altium\Projects\VESC\Vesc.SchDoc with ERJ-2RKF3902X from R.SchLib
Replace Part R9B ERJ-2RKF3902X in C:\altium\Projects\VESC\Vesc.SchDoc with ERJ-2RKF3902X from R.SchLib
Replace Part R10A WSLF2512L5000FEA in C:\altium\Projects\VESC\Vesc.SchDoc with WSLF2512L5000FEA from R.SchLib
Replace Part R10B WSLF2512L5000FEA in C:\altium\Projects\VESC\Vesc.SchDoc with WSLF2512L5000FEA from R.SchLib
Replace Part R11A WSLF2512L5000FEA in C:\altium\Projects\VESC\Vesc.SchDoc with WSLF2512L5000FEA from R.SchLib
Replace Part R11B WSLF2512L5000FEA in C:\altium\Projects\VESC\Vesc.SchDoc with WSLF2512L5000FEA from R.SchLib
Replace Part R12A WSLF2512L5000FEA in C:\altium\Projects\VESC\Vesc.SchDoc with WSLF2512L5000FEA from R.SchLib
Replace Part R12B WSLF2512L5000FEA in C:\altium\Projects\VESC\Vesc.SchDoc with WSLF2512L5000FEA from R.SchLib
Replace Part R13A ERJ-2RKF2201X in C:\altium\Projects\VESC\Vesc.SchDoc with ERJ-2RKF2201X from R.SchLib
Replace Part R13B ERJ-2RKF2201X in C:\altium\Projects\VESC\Vesc.SchDoc with ERJ-2RKF2201X from R.SchLib
Replace Part R14A ERJ-2RKF2201X in C:\altium\Projects\VESC\Vesc.SchDoc with ERJ-2RKF2201X from R.SchLib
Replace Part R14B ERJ-2RKF2201X in C:\altium\Projects\VESC\Vesc.SchDoc with ERJ-2RKF2201X from R.SchLib
Replace Part R15A ERJ-2RKF2201X in C:\altium\Projects\VESC\Vesc.SchDoc with ERJ-2RKF2201X from R.SchLib
Replace Part R15B ERJ-2RKF2201X in C:\altium\Projects\VESC\Vesc.SchDoc with ERJ-2RKF2201X from R.SchLib
Replace Part R16A ERJ-2RKF1002X in C:\altium\Projects\VESC\Vesc.SchDoc with ERJ-2RKF1002X from R.SchLib
Replace Part R16B ERJ-2RKF1002X in C:\altium\Projects\VESC\Vesc.SchDoc with ERJ-2RKF1002X from R.SchLib
Replace Part R17A ERJ-2RKF1002X in C:\altium\Projects\VESC\Vesc.SchDoc with ERJ-2RKF1002X from R.SchLib
Replace Part R17B ERJ-2RKF1002X in C:\altium\Projects\VESC\Vesc.SchDoc with ERJ-2RKF1002X from R.SchLib
Replace Part R18A ERJ-2RKF1002X in C:\altium\Projects\VESC\Vesc.SchDoc with ERJ-2RKF1002X from R.SchLib
Replace Part R18B ERJ-2RKF1002X in C:\altium\Projects\VESC\Vesc.SchDoc with ERJ-2RKF1002X from R.SchLib
Replace Part R19A ERJ-2RKF3902X in C:\altium\Projects\VESC\Vesc.SchDoc with ERJ-2RKF3902X from R.SchLib
Replace Part R19B ERJ-2RKF3902X in C:\altium\Projects\VESC\Vesc.SchDoc with ERJ-2RKF3902X from R.SchLib
Replace Part R20A ERJ-2RKF2201X in C:\altium\Projects\VESC\Vesc.SchDoc with ERJ-2RKF2201X from R.SchLib
Replace Part R20B ERJ-2RKF2201X in C:\altium\Projects\VESC\Vesc.SchDoc with ERJ-2RKF2201X from R.SchLib
Replace Part R21A ERJ-2RKF3902X in C:\altium\Projects\VESC\Vesc.SchDoc with ERJ-2RKF3902X from R.SchLib
Replace Part R21B ERJ-2RKF3902X in C:\altium\Projects\VESC\Vesc.SchDoc with ERJ-2RKF3902X from R.SchLib
Replace Part R22A ERJ-2RKF2201X in C:\altium\Projects\VESC\Vesc.SchDoc with ERJ-2RKF2201X from R.SchLib
Replace Part R22B ERJ-2RKF2201X in C:\altium\Projects\VESC\Vesc.SchDoc with ERJ-2RKF2201X from R.SchLib
Replace Part R23A ERJ-2RKF3902X in C:\altium\Projects\VESC\Vesc.SchDoc with ERJ-2RKF3902X from R.SchLib
Replace Part R23B ERJ-2RKF3902X in C:\altium\Projects\VESC\Vesc.SchDoc with ERJ-2RKF3902X from R.SchLib
Replace Part R24A ERJ-2RKF2201X in C:\altium\Projects\VESC\Vesc.SchDoc with ERJ-2RKF2201X from R.SchLib
Replace Part R24B ERJ-2RKF2201X in C:\altium\Projects\VESC\Vesc.SchDoc with ERJ-2RKF2201X from R.SchLib
Replace Part R25A ERJ-2RKF1000X in C:\altium\Projects\VESC\Vesc.SchDoc with ERJ-2RKF1000X from R.SchLib
Replace Part R25B ERJ-2RKF1000X in C:\altium\Projects\VESC\Vesc.SchDoc with ERJ-2RKF1000X from R.SchLib
Replace Part R26A ERJ-2RKF1000X in C:\altium\Projects\VESC\Vesc.SchDoc with ERJ-2RKF1000X from R.SchLib
Replace Part R26B ERJ-2RKF1000X in C:\altium\Projects\VESC\Vesc.SchDoc with ERJ-2RKF1000X from R.SchLib
Replace Part R27A ERJ-2RKF1000X in C:\altium\Projects\VESC\Vesc.SchDoc with ERJ-2RKF1000X from R.SchLib
Replace Part R27B ERJ-2RKF1000X in C:\altium\Projects\VESC\Vesc.SchDoc with ERJ-2RKF1000X from R.SchLib
Replace Part R28A ERJ-2RKF1000X in C:\altium\Projects\VESC\Vesc.SchDoc with ERJ-2RKF1000X from R.SchLib
Replace Part R28B ERJ-2RKF1000X in C:\altium\Projects\VESC\Vesc.SchDoc with ERJ-2RKF1000X from R.SchLib
Replace Part R29A ERJ-2RKF1000X in C:\altium\Projects\VESC\Vesc.SchDoc with ERJ-2RKF1000X from R.SchLib
Replace Part R29B ERJ-2RKF1000X in C:\altium\Projects\VESC\Vesc.SchDoc with ERJ-2RKF1000X from R.SchLib
Replace Part R30A ERJ-2RKF1000X in C:\altium\Projects\VESC\Vesc.SchDoc with ERJ-2RKF1000X from R.SchLib
Replace Part R30B ERJ-2RKF1000X in C:\altium\Projects\VESC\Vesc.SchDoc with ERJ-2RKF1000X from R.SchLib
Replace Part R31A ERJ-2RKF1000X in C:\altium\Projects\VESC\Vesc.SchDoc with ERJ-2RKF1000X from R.SchLib
Replace Part R31B ERJ-2RKF1000X in C:\altium\Projects\VESC\Vesc.SchDoc with ERJ-2RKF1000X from R.SchLib
Replace Part R32A ERJ-2RKF1000X in C:\altium\Projects\VESC\Vesc.SchDoc with ERJ-2RKF1000X from R.SchLib
Replace Part R32B ERJ-2RKF1000X in C:\altium\Projects\VESC\Vesc.SchDoc with ERJ-2RKF1000X from R.SchLib
Replace Part R33A ERJ-2RKF3162X in C:\altium\Projects\VESC\Vesc.SchDoc with ERJ-2RKF3162X from R.SchLib
Replace Part R33B ERJ-2RKF2611X in C:\altium\Projects\VESC\Vesc.SchDoc with ERJ-2RKF2611X from R.SchLib
Replace Part R34A ERJ-2RKF1002X in C:\altium\Projects\VESC\Vesc.SchDoc with ERJ-2RKF1002X from R.SchLib
Replace Part R34B ERJ-2RKF1002X in C:\altium\Projects\VESC\Vesc.SchDoc with ERJ-2RKF1002X from R.SchLib
Replace Part R35A ERJ-2RKF2743X in C:\altium\Projects\VESC\Vesc.SchDoc with ERJ-2RKF2743X from R.SchLib
Replace Part R35B ERJ-2RKF2743X in C:\altium\Projects\VESC\Vesc.SchDoc with ERJ-2RKF2743X from R.SchLib
Replace Part R36A ERJ-2RKF1333X in C:\altium\Projects\VESC\Vesc.SchDoc with ERJ-2RKF1333X from R.SchLib
Replace Part R36B ERJ-2RKF1003X in C:\altium\Projects\VESC\Vesc.SchDoc with ERJ-2RKF1003X from R.SchLib
Replace Part R37A ERJ-2RKF4702X in C:\altium\Projects\VESC\Vesc.SchDoc with ERJ-2RKF4702X from R.SchLib
Replace Part R37B ERJ-2RKF4702X in C:\altium\Projects\VESC\Vesc.SchDoc with ERJ-2RKF4702X from R.SchLib
Replace Part U1A STM32F405RGT6 in C:\altium\Projects\VESC\Vesc.SchDoc with STM32F405RGT6 from U.SchLib
Replace Part U1B STM32F405RGT6 in C:\altium\Projects\VESC\Vesc.SchDoc with STM32F405RGT6 from U.SchLib
Replace Part U3A DRV8353RH in C:\altium\Projects\VESC\Vesc.SchDoc with DRV8353RH from U.SchLib
Replace Part U3B DRV8353RH in C:\altium\Projects\VESC\Vesc.SchDoc with DRV8353RH from U.SchLib
