Removed Pin From Net: NetName=H1_VS Pin=Q1-2
Removed Pin From Net: NetName=V_SUPPLY Pin=Q1-3
Removed Pin From Net: NetName=H1_LOW Pin=Q2-2
Removed Pin From Net: NetName=H1_VS Pin=Q2-3
Removed Pin From Net: NetName=H2_VS Pin=Q3-2
Removed Pin From Net: NetName=V_SUPPLY Pin=Q3-3
Removed Pin From Net: NetName=H2_LOW Pin=Q4-2
Removed Pin From Net: NetName=H2_VS Pin=Q4-3
Removed Pin From Net: NetName=PHASE_3 Pin=Q5-2
Removed Pin From Net: NetName=V_SUPPLY Pin=Q5-3
Removed Pin From Net: NetName=H3_LOW Pin=Q6-2
Removed Pin From Net: NetName=PHASE_3 Pin=Q6-3
Added Pin To Net: NetName=V_SUPPLY Pin=Q1-2
Added Pin To Net: NetName=H1_VS Pin=Q1-3
Added Pin To Net: NetName=H1_VS Pin=Q2-2
Added Pin To Net: NetName=H1_LOW Pin=Q2-3
Added Pin To Net: NetName=V_SUPPLY Pin=Q3-2
Added Pin To Net: NetName=H2_VS Pin=Q3-3
Added Pin To Net: NetName=H2_VS Pin=Q4-2
Added Pin To Net: NetName=H2_LOW Pin=Q4-3
Added Pin To Net: NetName=V_SUPPLY Pin=Q5-2
Added Pin To Net: NetName=PHASE_3 Pin=Q5-3
Added Pin To Net: NetName=PHASE_3 Pin=Q6-2
Added Pin To Net: NetName=H3_LOW Pin=Q6-3
