Removed Pin From Net: NetName=MA_PHASE_B Pin=Q4A-2
Removed Pin From Net: NetName=MA_PHASE_C Pin=Q6A-2
Change Component DesignItemId : Designator=Q4A Old DesignItemId=SUP70060E-GE3 New DesignItemId=CSD19531Q5A
Change Component DesignItemId : Designator=Q6A Old DesignItemId=SUP70060E-GE3 New DesignItemId=CSD19531Q5A
Change Component Footprint: Designator=Q4A Old Footprint=TO-220 - Horizontal Inverted New Footprint=VSONP-8
Change Component Footprint: Designator=Q6A Old Footprint=TO-220 - Horizontal Inverted New Footprint=VSONP-8
Change Component Comment : Designator=Q4A Old Comment=SUP70060E-GE3 New Comment=CSD19531Q5A
Change Component Comment : Designator=Q6A Old Comment=SUP70060E-GE3 New Comment=CSD19531Q5A
Added Pin To Net: NetName=MA_PB_SOURCE Pin=Q4A-1
Added Pin To Net: NetName=MA_PB_SOURCE Pin=Q4A-2
Added Pin To Net: NetName=MA_PHASE_B Pin=Q4A-5
Added Pin To Net: NetName=MA_PHASE_B Pin=Q4A-6
Added Pin To Net: NetName=MA_PHASE_B Pin=Q4A-7
Added Pin To Net: NetName=MA_PHASE_B Pin=Q4A-8
Added Pin To Net: NetName=MA_PHASE_B Pin=Q4A-9
Added Pin To Net: NetName=MA_PHASE_B Pin=Q4A-9
Added Pin To Net: NetName=MA_PHASE_B Pin=Q4A-9
Added Pin To Net: NetName=MA_PHASE_B Pin=Q4A-9
Added Pin To Net: NetName=MA_PHASE_B Pin=Q4A-9
Added Pin To Net: NetName=MA_PHASE_B Pin=Q4A-9
Added Pin To Net: NetName=MA_PHASE_B Pin=Q4A-9
Added Pin To Net: NetName=MA_PHASE_B Pin=Q4A-9
Added Pin To Net: NetName=MA_PHASE_B Pin=Q4A-9
Added Pin To Net: NetName=MA_PHASE_B Pin=Q4A-9
Added Pin To Net: NetName=MA_PHASE_B Pin=Q4A-9
Added Pin To Net: NetName=MA_PHASE_B Pin=Q4A-9
Added Pin To Net: NetName=MA_PHASE_B Pin=Q4A-9
Added Pin To Net: NetName=MA_PHASE_B Pin=Q4A-9
Added Pin To Net: NetName=MA_PHASE_B Pin=Q4A-9
Added Pin To Net: NetName=MA_PC_SOURCE Pin=Q6A-1
Added Pin To Net: NetName=MA_PC_SOURCE Pin=Q6A-2
Added Pin To Net: NetName=MA_PHASE_C Pin=Q6A-5
Added Pin To Net: NetName=MA_PHASE_C Pin=Q6A-6
Added Pin To Net: NetName=MA_PHASE_C Pin=Q6A-7
Added Pin To Net: NetName=MA_PHASE_C Pin=Q6A-8
Added Pin To Net: NetName=MA_PHASE_C Pin=Q6A-9
Added Pin To Net: NetName=MA_PHASE_C Pin=Q6A-9
Added Pin To Net: NetName=MA_PHASE_C Pin=Q6A-9
Added Pin To Net: NetName=MA_PHASE_C Pin=Q6A-9
Added Pin To Net: NetName=MA_PHASE_C Pin=Q6A-9
Added Pin To Net: NetName=MA_PHASE_C Pin=Q6A-9
Added Pin To Net: NetName=MA_PHASE_C Pin=Q6A-9
Added Pin To Net: NetName=MA_PHASE_C Pin=Q6A-9
Added Pin To Net: NetName=MA_PHASE_C Pin=Q6A-9
Added Pin To Net: NetName=MA_PHASE_C Pin=Q6A-9
Added Pin To Net: NetName=MA_PHASE_C Pin=Q6A-9
Added Pin To Net: NetName=MA_PHASE_C Pin=Q6A-9
Added Pin To Net: NetName=MA_PHASE_C Pin=Q6A-9
Added Pin To Net: NetName=MA_PHASE_C Pin=Q6A-9
Added Pin To Net: NetName=MA_PHASE_C Pin=Q6A-9
Added Pin To Net: NetName=NetQ4A_4 Pin=Q4A-4
Added Pin To Net: NetName=NetQ4A_4 Pin=R4A-2
Added Pin To Net: NetName=NetQ4A_4 Pin=R8A-2
Added Net: Name=NetQ4A_4
Added Pin To Net: NetName=NetQ6A_4 Pin=Q6A-4
Added Pin To Net: NetName=NetQ6A_4 Pin=R6A-2
Added Pin To Net: NetName=NetQ6A_4 Pin=R9A-2
Added Net: Name=NetQ6A_4
