Change Component DesignItemId : Designator=C3B Old DesignItemId=GCM155R71E103JA37D New DesignItemId=C0402C104K3RACTU
Change Component Comment : Designator=C3B Old Comment=GCM155R71E103JA37D New Comment=C0402C104K3RACTU
Change Component Description : Designator=C3B Old Description=CAP 0402 10nF 25V New Description=CAP 0402 100nF 10V
Added Component: Designator=C40A(CAP 1206)
Added Component: Designator=C41A(CAP 0402)
Added Component: Designator=L?(IND 1008)
Added Component: Designator=R41A(RES 0402)
Added Component: Designator=R42A(RES 0402)
Added Component: Designator=U1(SOT-23-6)
Added Pin To Net: NetName=GND Pin=C40A-2
Added Pin To Net: NetName=GND Pin=R41A-1
Added Pin To Net: NetName=GND Pin=U1-1
Added Pin To Net: NetName=VCC_12V Pin=U1-3
Added Pin To Net: NetName=VCC_12V Pin=U1-5
Added Pin To Net: NetName=NetC40A_1 Pin=C40A-1
Added Pin To Net: NetName=NetC40A_1 Pin=L?-1
Added Pin To Net: NetName=NetC40A_1 Pin=R41A-2
Added Pin To Net: NetName=NetC40A_1 Pin=R42A-1
Added Net: Name=NetC40A_1
Added Pin To Net: NetName=NetC41A_1 Pin=C41A-1
Added Pin To Net: NetName=NetC41A_1 Pin=L?-2
Added Pin To Net: NetName=NetC41A_1 Pin=U1-2
Added Net: Name=NetC41A_1
Added Pin To Net: NetName=NetC41A_2 Pin=C41A-2
Added Pin To Net: NetName=NetC41A_2 Pin=U1-6
Added Net: Name=NetC41A_2
Added Pin To Net: NetName=NetR42A_2 Pin=R42A-2
Added Pin To Net: NetName=NetR42A_2 Pin=U1-4
Added Net: Name=NetR42A_2
Added Member To Class: ClassName=Vesc_Simple Member=Component C40A TMK316AB7106KL-T
Added Member To Class: ClassName=Vesc_Simple Member=Component C41A C0402C104K3RACTU
Added Member To Class: ClassName=Vesc_Simple Member=Component L? LQM2HPN4R7MG0L
Added Member To Class: ClassName=Vesc_Simple Member=Component R41A ERJ-2RKF1002X
Added Member To Class: ClassName=Vesc_Simple Member=Component R42A ERJ-2RKF3651X
Added Member To Class: ClassName=Vesc_Simple Member=Component U1 TPS561201
