Removed Pin From Net: NetName=MB_SCK_ADC_EXT Pin=J10-5
Removed Pin From Net: NetName=MB_MISO_ADC_EXT2 Pin=J10-6
Removed Pin From Net: NetName=MB_TX Pin=J10-7
Removed Pin From Net: NetName=MB_RX Pin=J10-9
Removed Pin From Net: NetName=MB_USB_DP Pin=J10-10
Removed Pin From Net: NetName=MB_USB_DM Pin=J10-11
Removed Pin From Net: NetName=DISABLE_GATES Pin=J10-13
Removed Pin From Net: NetName=VCC_12V Pin=J10-14
Removed Pin From Net: NetName=MB_SWDIO Pin=J11-1
Removed Pin From Net: NetName=MB_SWDCLK Pin=J11-2
Added Pin To Net: NetName=MB_SCK_ADC_EXT Pin=J10-4
Added Pin To Net: NetName=MB_MISO_ADC_EXT2 Pin=J10-5
Added Pin To Net: NetName=MB_TX Pin=J10-6
Added Pin To Net: NetName=MB_RX Pin=J10-7
Added Pin To Net: NetName=MB_USB_DP Pin=J10-8
Added Pin To Net: NetName=MB_USB_DM Pin=J10-9
Added Pin To Net: NetName=DISABLE_GATES Pin=J10-11
Added Pin To Net: NetName=VCC_12V Pin=J10-12
Added Pin To Net: NetName=MB_SWDIO Pin=J10-13
Added Pin To Net: NetName=MB_SWDCLK Pin=J10-14
