Removed Pin From Net: NetName=GND Pin=J9-1
Removed Pin From Net: NetName=JTDO Pin=J9-2
Removed Pin From Net: NetName=MB_CAN_TX Pin=J9-3
Removed Pin From Net: NetName=MB_CAN_RX Pin=J9-4
Removed Pin From Net: NetName=MB_SCK_ADC_EXT Pin=J9-5
Removed Pin From Net: NetName=MB_MISO_ADC_EXT2 Pin=J9-6
Removed Pin From Net: NetName=MB_TX Pin=J9-7
Removed Pin From Net: NetName=VCC_12V Pin=J9-8
Removed Pin From Net: NetName=MB_RX Pin=J9-9
Removed Pin From Net: NetName=MB_USB_DP Pin=J9-10
Removed Pin From Net: NetName=MB_USB_DM Pin=J9-11
Removed Pin From Net: NetName=DISABLE_GATES Pin=J9-12
Removed Pin From Net: NetName=MA_CAN_TX Pin=J9-13
Removed Pin From Net: NetName=MA_CAN_RX Pin=J9-14
Removed Pin From Net: NetName=JTMS Pin=J9-15
Removed Pin From Net: NetName=NJTRST Pin=J9-16
Removed Pin From Net: NetName=JTDI Pin=J9-17
Removed Pin From Net: NetName=JTCK Pin=J9-18
Removed Pin From Net: NetName=MA_USB_DP Pin=J9-19
Removed Pin From Net: NetName=MA_USB_DM Pin=J9-20
Removed Pin From Net: NetName=MA_TX Pin=J9-21
Removed Pin From Net: NetName=MA_RX Pin=J9-22
Removed Pin From Net: NetName=MA_SCK_ADC_EXT Pin=J9-23
Removed Pin From Net: NetName=MA_MISO_ADC_EXT2 Pin=J9-24
Removed Pin From Net: NetName=VCC_3V3 Pin=J9-25
Removed Pin From Net: NetName=MB_ESTOP Pin=J9-26
Removed Pin From Net: NetName=MA_ESTOP Pin=J9-27
Removed Pin From Net: NetName=GND Pin=J9-28
Removed Member From Class: ClassName=Vesc Member=J9
Added Component: Designator=J10(HEADER_14P1_FEMALE_TH)
Added Component: Designator=J10(HEADER_14P1_FEMALE_TH)
Added Pin To Net: NetName=GND Pin=J10-1
Added Pin To Net: NetName=JTMS Pin=J10-1
Added Pin To Net: NetName=JTDO Pin=J10-2
Added Pin To Net: NetName=NJTRST Pin=J10-2
Added Pin To Net: NetName=JTDI Pin=J10-3
Added Pin To Net: NetName=MB_CAN_TX Pin=J10-3
Added Pin To Net: NetName=JTCK Pin=J10-4
Added Pin To Net: NetName=MB_CAN_RX Pin=J10-4
Added Pin To Net: NetName=MA_USB_DP Pin=J10-5
Added Pin To Net: NetName=MB_SCK_ADC_EXT Pin=J10-5
Added Pin To Net: NetName=MA_USB_DM Pin=J10-6
Added Pin To Net: NetName=MB_MISO_ADC_EXT2 Pin=J10-6
Added Pin To Net: NetName=MA_TX Pin=J10-7
Added Pin To Net: NetName=MB_TX Pin=J10-7
Added Pin To Net: NetName=MA_RX Pin=J10-8
Added Pin To Net: NetName=VCC_12V Pin=J10-8
Added Pin To Net: NetName=MA_SCK_ADC_EXT Pin=J10-9
Added Pin To Net: NetName=MB_RX Pin=J10-9
Added Pin To Net: NetName=MA_MISO_ADC_EXT2 Pin=J10-10
Added Pin To Net: NetName=MB_USB_DP Pin=J10-10
Added Pin To Net: NetName=MB_USB_DM Pin=J10-11
Added Pin To Net: NetName=VCC_3V3 Pin=J10-11
Added Pin To Net: NetName=DISABLE_GATES Pin=J10-12
Added Pin To Net: NetName=MB_ESTOP Pin=J10-12
Added Pin To Net: NetName=MA_CAN_TX Pin=J10-13
Added Pin To Net: NetName=MA_ESTOP Pin=J10-13
Added Pin To Net: NetName=GND Pin=J10-14
Added Pin To Net: NetName=MA_CAN_RX Pin=J10-14
Added Member To Class: ClassName=Vesc Member=Component J10 HEADER_14P1
Added Member To Class: ClassName=Vesc Member=Component J10 HEADER_14P1
