Change Component Footprint: Designator=Q2B Old Footprint=TO-220 - Horizontal New Footprint=TO-220 - Horizontal Inverted
Change Component Footprint: Designator=Q2A Old Footprint=TO-220 - Horizontal New Footprint=TO-220
Change Component Footprint: Designator=Q4A Old Footprint=TO-220 - Horizontal New Footprint=TO-220
Change Component Footprint: Designator=Q4B Old Footprint=TO-220 - Horizontal New Footprint=TO-220
Change Component Footprint: Designator=Q6A Old Footprint=TO-220 - Horizontal New Footprint=TO-220
Change Component Footprint: Designator=Q6B Old Footprint=TO-220 - Horizontal New Footprint=TO-220
Added Member To Class: ClassName=Vesc Member=Component C1A C0402C180K5GACTU
Added Member To Class: ClassName=Vesc Member=Component C1B C0402C180K5GACTU
Added Member To Class: ClassName=Vesc Member=Component C2A C0402C180K5GACTU
Added Member To Class: ClassName=Vesc Member=Component C2B C0402C180K5GACTU
Added Member To Class: ClassName=Vesc Member=Component C3A C0402C104K3RACTU
Added Member To Class: ClassName=Vesc Member=Component C3B C0402C104K3RACTU
Added Member To Class: ClassName=Vesc Member=Component C4A C0402C225M8PACTU
Added Member To Class: ClassName=Vesc Member=Component C4B C0402C225M8PACTU
Added Member To Class: ClassName=Vesc Member=Component C5A C0402C225M8PACTU
Added Member To Class: ClassName=Vesc Member=Component C5B C0402C225M8PACTU
Added Member To Class: ClassName=Vesc Member=Component C6A C0402C225M8PACTU
Added Member To Class: ClassName=Vesc Member=Component C6B C0402C225M8PACTU
Added Member To Class: ClassName=Vesc Member=Component C7A C0402C225M8PACTU
Added Member To Class: ClassName=Vesc Member=Component C7B C0402C225M8PACTU
Added Member To Class: ClassName=Vesc Member=Component C8A C0402C225M8PACTU
Added Member To Class: ClassName=Vesc Member=Component C8B C0402C225M8PACTU
Added Member To Class: ClassName=Vesc Member=Component C9A C0402C225M8PACTU
Added Member To Class: ClassName=Vesc Member=Component C9B C0402C225M8PACTU
Added Member To Class: ClassName=Vesc Member=Component C10A C0402C225M8PACTU
Added Member To Class: ClassName=Vesc Member=Component C10B C0402C225M8PACTU
Added Member To Class: ClassName=Vesc Member=Component C11A C0402C225M8PACTU
Added Member To Class: ClassName=Vesc Member=Component C11B C0402C225M8PACTU
Added Member To Class: ClassName=Vesc Member=Component C12A C0402C222J3RACTU
Added Member To Class: ClassName=Vesc Member=Component C12B C0402C222J3RACTU
Added Member To Class: ClassName=Vesc Member=Component C13A C0402C222J3RACTU
Added Member To Class: ClassName=Vesc Member=Component C13B C0402C222J3RACTU
Added Member To Class: ClassName=Vesc Member=Component C14A C0402C222J3RACTU
Added Member To Class: ClassName=Vesc Member=Component C14B C0402C222J3RACTU
Added Member To Class: ClassName=Vesc Member=Component C15A C0402C222J3RACTU
Added Member To Class: ClassName=Vesc Member=Component C15B C0402C222J3RACTU
Added Member To Class: ClassName=Vesc Member=Component C16B C0402C222J3RACTU
Added Member To Class: ClassName=Vesc Member=Component C17A C0402C222J3RACTU
Added Member To Class: ClassName=Vesc Member=Component C17B C0402C222J3RACTU
Added Member To Class: ClassName=Vesc Member=Component C18A C0402C225M8PACTU
Added Member To Class: ClassName=Vesc Member=Component C18B C0402C225M8PACTU
Added Member To Class: ClassName=Vesc Member=Component C19A C0603C473K1RECAUTO
Added Member To Class: ClassName=Vesc Member=Component C19B C0603C473K1RECAUTO
Added Member To Class: ClassName=Vesc Member=Component C20A GRJ31CR72A105KE11L
Added Member To Class: ClassName=Vesc Member=Component C20B GRJ31CR72A105KE11L
Added Member To Class: ClassName=Vesc Member=Component C21A C0402C103K5RACTU
Added Member To Class: ClassName=Vesc Member=Component C21B C0402C103K5RACTU
Added Member To Class: ClassName=Vesc Member=Component C22A C0402C225M8PACTU
Added Member To Class: ClassName=Vesc Member=Component C22B C0402C225M8PACTU
Added Member To Class: ClassName=Vesc Member=Component C23A C0402C225M8PACTU
Added Member To Class: ClassName=Vesc Member=Component C23B C0402C225M8PACTU
Added Member To Class: ClassName=Vesc Member=Component C25 C0805C476M9PACTU
Added Member To Class: ClassName=Vesc Member=Component C30B C0402C225M8PACTU
Added Member To Class: ClassName=Vesc Member=Component C33A C2012X5R1E106K125AB
Added Member To Class: ClassName=Vesc Member=Component C33B C2012X5R1E106K125AB
Added Member To Class: ClassName=Vesc Member=Component C34A C0402C225M8PACTU
Added Member To Class: ClassName=Vesc Member=Component C34B C0402C225M8PACTU
Added Member To Class: ClassName=Vesc Member=Component D1A LTST-C190KRKT
Added Member To Class: ClassName=Vesc Member=Component D1B LTST-C190KRKT
Added Member To Class: ClassName=Vesc Member=Component D2A LTST-C190KRKT
Added Member To Class: ClassName=Vesc Member=Component D2B LTST-C190KRKT
Added Member To Class: ClassName=Vesc Member=Component D3A NSR02100HT1G
Added Member To Class: ClassName=Vesc Member=Component D3B NSR02100HT1G
Added Member To Class: ClassName=Vesc Member=Component JAA 63849-1
Added Member To Class: ClassName=Vesc Member=Component JAB 63849-1
Added Member To Class: ClassName=Vesc Member=Component JBA 63849-1
Added Member To Class: ClassName=Vesc Member=Component JBB 63849-1
Added Member To Class: ClassName=Vesc Member=Component JB XT30_S
Added Member To Class: ClassName=Vesc Member=Component JCA 63849-1
Added Member To Class: ClassName=Vesc Member=Component JCB 63849-1
Added Member To Class: ClassName=Vesc Member=Component JHA B05B-PASK
Added Member To Class: ClassName=Vesc Member=Component L1A CBC3225T220KR
Added Member To Class: ClassName=Vesc Member=Component L1B CBC3225T220KR
Added Member To Class: ClassName=Vesc Member=Component Q1A CSD19531Q5A
Added Member To Class: ClassName=Vesc Member=Component Q1B CSD19531Q5A
Added Member To Class: ClassName=Vesc Member=Component Q2A SUP70060E-GE3
Added Member To Class: ClassName=Vesc Member=Component Q2B SUP70060E-GE3
Added Member To Class: ClassName=Vesc Member=Component Q3A CSD19531Q5A
Added Member To Class: ClassName=Vesc Member=Component Q3B CSD19531Q5A
Added Member To Class: ClassName=Vesc Member=Component Q4A SUP70060E-GE3
Added Member To Class: ClassName=Vesc Member=Component Q4B SUP70060E-GE3
Added Member To Class: ClassName=Vesc Member=Component Q5A CSD19531Q5A
Added Member To Class: ClassName=Vesc Member=Component Q5B CSD19531Q5A
Added Member To Class: ClassName=Vesc Member=Component Q6A SUP70060E-GE3
Added Member To Class: ClassName=Vesc Member=Component Q6B SUP70060E-GE3
Added Member To Class: ClassName=Vesc Member=Component R1A ERJ-PA3J4R7V
Added Member To Class: ClassName=Vesc Member=Component R1B ERJ-PA3J4R7V
Added Member To Class: ClassName=Vesc Member=Component R2A ERJ-PA3J4R7V
Added Member To Class: ClassName=Vesc Member=Component R2B ERJ-PA3J4R7V
Added Member To Class: ClassName=Vesc Member=Component R3A ERJ-PA3J4R7V
Added Member To Class: ClassName=Vesc Member=Component R3B ERJ-PA3J4R7V
Added Member To Class: ClassName=Vesc Member=Component R4A ERJ-PA3J4R7V
Added Member To Class: ClassName=Vesc Member=Component R4B ERJ-PA3J4R7V
Added Member To Class: ClassName=Vesc Member=Component R5A ERJ-PA3J4R7V
Added Member To Class: ClassName=Vesc Member=Component R5B ERJ-PA3J4R7V
Added Member To Class: ClassName=Vesc Member=Component R6A ERJ-PA3J4R7V
Added Member To Class: ClassName=Vesc Member=Component R6B ERJ-PA3J4R7V
Added Member To Class: ClassName=Vesc Member=Component R7A ERJ-2RKF3902X
Added Member To Class: ClassName=Vesc Member=Component R7B ERJ-2RKF3902X
Added Member To Class: ClassName=Vesc Member=Component R8A ERJ-2RKF3902X
Added Member To Class: ClassName=Vesc Member=Component R8B ERJ-2RKF3902X
Added Member To Class: ClassName=Vesc Member=Component R9A ERJ-2RKF3902X
Added Member To Class: ClassName=Vesc Member=Component R9B ERJ-2RKF3902X
Added Member To Class: ClassName=Vesc Member=Component R10A WSLF2512L5000FEA
Added Member To Class: ClassName=Vesc Member=Component R10B WSLF2512L5000FEA
Added Member To Class: ClassName=Vesc Member=Component R11A WSLF2512L5000FEA
Added Member To Class: ClassName=Vesc Member=Component R11B WSLF2512L5000FEA
Added Member To Class: ClassName=Vesc Member=Component R12A WSLF2512L5000FEA
Added Member To Class: ClassName=Vesc Member=Component R12B WSLF2512L5000FEA
Added Member To Class: ClassName=Vesc Member=Component R13A ERJ-2RKF2201X
Added Member To Class: ClassName=Vesc Member=Component R13B ERJ-2RKF2201X
Added Member To Class: ClassName=Vesc Member=Component R14A ERJ-2RKF2201X
Added Member To Class: ClassName=Vesc Member=Component R14B ERJ-2RKF2201X
Added Member To Class: ClassName=Vesc Member=Component R15A ERJ-2RKF2201X
Added Member To Class: ClassName=Vesc Member=Component R15B ERJ-2RKF2201X
Added Member To Class: ClassName=Vesc Member=Component R16A ERJ-2RKF1002X
Added Member To Class: ClassName=Vesc Member=Component R16B ERJ-2RKF1002X
Added Member To Class: ClassName=Vesc Member=Component R17A ERJ-2RKF1002X
Added Member To Class: ClassName=Vesc Member=Component R17B ERJ-2RKF1002X
Added Member To Class: ClassName=Vesc Member=Component R18A ERJ-2RKF1002X
Added Member To Class: ClassName=Vesc Member=Component R18B ERJ-2RKF1002X
Added Member To Class: ClassName=Vesc Member=Component R19A ERJ-2RKF3902X
Added Member To Class: ClassName=Vesc Member=Component R19B ERJ-2RKF3902X
Added Member To Class: ClassName=Vesc Member=Component R20A ERJ-2RKF2201X
Added Member To Class: ClassName=Vesc Member=Component R20B ERJ-2RKF2201X
Added Member To Class: ClassName=Vesc Member=Component R21A ERJ-2RKF3902X
Added Member To Class: ClassName=Vesc Member=Component R21B ERJ-2RKF3902X
Added Member To Class: ClassName=Vesc Member=Component R22A ERJ-2RKF2201X
Added Member To Class: ClassName=Vesc Member=Component R22B ERJ-2RKF2201X
Added Member To Class: ClassName=Vesc Member=Component R23A ERJ-2RKF3902X
Added Member To Class: ClassName=Vesc Member=Component R23B ERJ-2RKF3902X
Added Member To Class: ClassName=Vesc Member=Component R24A ERJ-2RKF2201X
Added Member To Class: ClassName=Vesc Member=Component R24B ERJ-2RKF2201X
Added Member To Class: ClassName=Vesc Member=Component R25B ERJ-2RKF1000X
Added Member To Class: ClassName=Vesc Member=Component R26A ERJ-2RKF1000X
Added Member To Class: ClassName=Vesc Member=Component R26B ERJ-2RKF1000X
Added Member To Class: ClassName=Vesc Member=Component R27B ERJ-2RKF1000X
Added Member To Class: ClassName=Vesc Member=Component R28B ERJ-2RKF1000X
Added Member To Class: ClassName=Vesc Member=Component R29A ERJ-2RKF1000X
Added Member To Class: ClassName=Vesc Member=Component R29B ERJ-2RKF1000X
Added Member To Class: ClassName=Vesc Member=Component R30A ERJ-2RKF1000X
Added Member To Class: ClassName=Vesc Member=Component R30B ERJ-2RKF1000X
Added Member To Class: ClassName=Vesc Member=Component R31A ERJ-2RKF1000X
Added Member To Class: ClassName=Vesc Member=Component R31B ERJ-2RKF1000X
Added Member To Class: ClassName=Vesc Member=Component R32A ERJ-2RKF1000X
Added Member To Class: ClassName=Vesc Member=Component R32B ERJ-2RKF1000X
Added Member To Class: ClassName=Vesc Member=Component R33A ERJ-2RKF2611X
Added Member To Class: ClassName=Vesc Member=Component R33B ERJ-2RKF2611X
Added Member To Class: ClassName=Vesc Member=Component R34A ERJ-2RKF1002X
Added Member To Class: ClassName=Vesc Member=Component R34B ERJ-2RKF1002X
Added Member To Class: ClassName=Vesc Member=Component R35A ERJ-2RKF2743X
Added Member To Class: ClassName=Vesc Member=Component R35B ERJ-2RKF2743X
Added Member To Class: ClassName=Vesc Member=Component R36A ERJ-2RKF1003X
Added Member To Class: ClassName=Vesc Member=Component R36B ERJ-2RKF1003X
Added Member To Class: ClassName=Vesc Member=Component R37A ERJ-2RKF4702X
Added Member To Class: ClassName=Vesc Member=Component R37B ERJ-2RKF4702X
Added Member To Class: ClassName=Vesc Member=Component U1A STM32F405RGT6
Added Member To Class: ClassName=Vesc Member=Component U1B STM32F405RGT6
Added Member To Class: ClassName=Vesc Member=Component U2 AP2127K-3.3TRG1
Added Member To Class: ClassName=Vesc Member=Component U3A DRV8353RH
Added Member To Class: ClassName=Vesc Member=Component U3B DRV8353RH
