Removed Pin From Net: NetName=PHASE_A Pin=Q1-1
Removed Pin From Net: NetName=PHASE_A Pin=Q1-2
Removed Pin From Net: NetName=PHASE_A Pin=Q1-3
Removed Pin From Net: NetName=V_SUPPLY Pin=Q1-5
Removed Pin From Net: NetName=V_SUPPLY Pin=Q1-6
Removed Pin From Net: NetName=V_SUPPLY Pin=Q1-7
Removed Pin From Net: NetName=V_SUPPLY Pin=Q1-8
Removed Pin From Net: NetName=V_SUPPLY Pin=Q1-9
Removed Pin From Net: NetName=PHASE_A Pin=Q2-2
Removed Pin From Net: NetName=PA_SOURCE Pin=Q2-3
Removed Member From Class: ClassName=Vesc Member=Q1
Removed Member From Class: ClassName=Vesc Member=Q2
Added Component: Designator=Q1A(VSONP-8)
Added Component: Designator=Q2A(TO-220)
Added Pin To Net: NetName=PHASE_A Pin=Q1A-1
Added Pin To Net: NetName=PHASE_A Pin=Q1A-2
Added Pin To Net: NetName=PHASE_A Pin=Q1A-3
Added Pin To Net: NetName=V_SUPPLY Pin=Q1A-5
Added Pin To Net: NetName=V_SUPPLY Pin=Q1A-6
Added Pin To Net: NetName=V_SUPPLY Pin=Q1A-7
Added Pin To Net: NetName=V_SUPPLY Pin=Q1A-8
Added Pin To Net: NetName=V_SUPPLY Pin=Q1A-9
Added Pin To Net: NetName=V_SUPPLY Pin=Q1A-9
Added Pin To Net: NetName=V_SUPPLY Pin=Q1A-9
Added Pin To Net: NetName=V_SUPPLY Pin=Q1A-9
Added Pin To Net: NetName=V_SUPPLY Pin=Q1A-9
Added Pin To Net: NetName=V_SUPPLY Pin=Q1A-9
Added Pin To Net: NetName=V_SUPPLY Pin=Q1A-9
Added Pin To Net: NetName=V_SUPPLY Pin=Q1A-9
Added Pin To Net: NetName=V_SUPPLY Pin=Q1A-9
Added Pin To Net: NetName=V_SUPPLY Pin=Q1A-9
Added Pin To Net: NetName=V_SUPPLY Pin=Q1A-9
Added Pin To Net: NetName=V_SUPPLY Pin=Q1A-9
Added Pin To Net: NetName=V_SUPPLY Pin=Q1A-9
Added Pin To Net: NetName=V_SUPPLY Pin=Q1A-9
Added Pin To Net: NetName=V_SUPPLY Pin=Q1A-9
Added Pin To Net: NetName=PHASE_A Pin=Q2A-2
Added Pin To Net: NetName=PA_SOURCE Pin=Q2A-3
Added Pin To Net: NetName=NetQ1A_4 Pin=Q1A-4
Added Pin To Net: NetName=NetQ1A_4 Pin=R1A-2
Added Net: Name=NetQ1A_4
Added Pin To Net: NetName=NetQ2A_1 Pin=Q2A-1
Added Pin To Net: NetName=NetQ2A_1 Pin=R2A-2
Added Pin To Net: NetName=NetQ2A_1 Pin=R7A-2
Added Net: Name=NetQ2A_1
Added Member To Class: ClassName=Vesc Member=Component Q1A CSD19531Q5A
Added Member To Class: ClassName=Vesc Member=Component Q2A SUP70060E-GE3
