Replace Part C1A GCM1555C1H180JA16D in D:\nextcloud\Altium\Projects\FreeWheel\MASTER\Vesc_Simple.SchDoc with GCM1555C1H180JA16D from C.SchLib
Replace Part C1B GCM1555C1H180JA16D in D:\nextcloud\Altium\Projects\FreeWheel\MASTER\Vesc_Simple.SchDoc with GCM1555C1H180JA16D from C.SchLib
Replace Part C2A GCM1555C1H180JA16D in D:\nextcloud\Altium\Projects\FreeWheel\MASTER\Vesc_Simple.SchDoc with GCM1555C1H180JA16D from C.SchLib
Replace Part C2B GCM1555C1H180JA16D in D:\nextcloud\Altium\Projects\FreeWheel\MASTER\Vesc_Simple.SchDoc with GCM1555C1H180JA16D from C.SchLib
Replace Part C3A GCM155R71E103JA37D in D:\nextcloud\Altium\Projects\FreeWheel\MASTER\Vesc_Simple.SchDoc with GCM155R71E103JA37D from C.SchLib
Replace Part C3B C0402C104K3RACTU in D:\nextcloud\Altium\Projects\FreeWheel\MASTER\Vesc_Simple.SchDoc with C0402C104K3RACTU from C.SchLib
Replace Part C4A GRM155C81C225ME15D in D:\nextcloud\Altium\Projects\FreeWheel\MASTER\Vesc_Simple.SchDoc with GRM155C81C225ME15D from C.SchLib
Replace Part C4B GRM155C81C225ME15D in D:\nextcloud\Altium\Projects\FreeWheel\MASTER\Vesc_Simple.SchDoc with GRM155C81C225ME15D from C.SchLib
Replace Part C5A GRM155C81C225ME15D in D:\nextcloud\Altium\Projects\FreeWheel\MASTER\Vesc_Simple.SchDoc with GRM155C81C225ME15D from C.SchLib
Replace Part C5B GRM155C81C225ME15D in D:\nextcloud\Altium\Projects\FreeWheel\MASTER\Vesc_Simple.SchDoc with GRM155C81C225ME15D from C.SchLib
Replace Part C6A GRM155C81C225ME15D in D:\nextcloud\Altium\Projects\FreeWheel\MASTER\Vesc_Simple.SchDoc with GRM155C81C225ME15D from C.SchLib
Replace Part C6B GRM155C81C225ME15D in D:\nextcloud\Altium\Projects\FreeWheel\MASTER\Vesc_Simple.SchDoc with GRM155C81C225ME15D from C.SchLib
Replace Part C7A GRM155C81C225ME15D in D:\nextcloud\Altium\Projects\FreeWheel\MASTER\Vesc_Simple.SchDoc with GRM155C81C225ME15D from C.SchLib
Replace Part C7B GRM155C81C225ME15D in D:\nextcloud\Altium\Projects\FreeWheel\MASTER\Vesc_Simple.SchDoc with GRM155C81C225ME15D from C.SchLib
Replace Part C8A GRM155C81C225ME15D in D:\nextcloud\Altium\Projects\FreeWheel\MASTER\Vesc_Simple.SchDoc with GRM155C81C225ME15D from C.SchLib
Replace Part C8B GRM155C81C225ME15D in D:\nextcloud\Altium\Projects\FreeWheel\MASTER\Vesc_Simple.SchDoc with GRM155C81C225ME15D from C.SchLib
Replace Part C9A GRM155C81C225ME15D in D:\nextcloud\Altium\Projects\FreeWheel\MASTER\Vesc_Simple.SchDoc with GRM155C81C225ME15D from C.SchLib
Replace Part C9B GRM155C81C225ME15D in D:\nextcloud\Altium\Projects\FreeWheel\MASTER\Vesc_Simple.SchDoc with GRM155C81C225ME15D from C.SchLib
Replace Part C10 GCM155R71E103JA37D in D:\nextcloud\Altium\Projects\FreeWheel\MASTER\Vesc_Simple.SchDoc with GCM155R71E103JA37D from C.SchLib
Replace Part C10A GRM155C81C225ME15D in D:\nextcloud\Altium\Projects\FreeWheel\MASTER\Vesc_Simple.SchDoc with GRM155C81C225ME15D from C.SchLib
Replace Part C10B GRM155C81C225ME15D in D:\nextcloud\Altium\Projects\FreeWheel\MASTER\Vesc_Simple.SchDoc with GRM155C81C225ME15D from C.SchLib
Replace Part C11A GRM155C81C225ME15D in D:\nextcloud\Altium\Projects\FreeWheel\MASTER\Vesc_Simple.SchDoc with GRM155C81C225ME15D from C.SchLib
Replace Part C11B GRM155C81C225ME15D in D:\nextcloud\Altium\Projects\FreeWheel\MASTER\Vesc_Simple.SchDoc with GRM155C81C225ME15D from C.SchLib
Replace Part C12A GCM155R72A222KA37D in D:\nextcloud\Altium\Projects\FreeWheel\MASTER\Vesc_Simple.SchDoc with GCM155R72A222KA37D from C.SchLib
Replace Part C12B GCM155R72A222KA37D in D:\nextcloud\Altium\Projects\FreeWheel\MASTER\Vesc_Simple.SchDoc with GCM155R72A222KA37D from C.SchLib
Replace Part C13A GCM155R72A222KA37D in D:\nextcloud\Altium\Projects\FreeWheel\MASTER\Vesc_Simple.SchDoc with GCM155R72A222KA37D from C.SchLib
Replace Part C13B GCM155R72A222KA37D in D:\nextcloud\Altium\Projects\FreeWheel\MASTER\Vesc_Simple.SchDoc with GCM155R72A222KA37D from C.SchLib
Replace Part C14A GCM155R72A222KA37D in D:\nextcloud\Altium\Projects\FreeWheel\MASTER\Vesc_Simple.SchDoc with GCM155R72A222KA37D from C.SchLib
Replace Part C14B GCM155R72A222KA37D in D:\nextcloud\Altium\Projects\FreeWheel\MASTER\Vesc_Simple.SchDoc with GCM155R72A222KA37D from C.SchLib
Replace Part C15A GCM155R72A222KA37D in D:\nextcloud\Altium\Projects\FreeWheel\MASTER\Vesc_Simple.SchDoc with GCM155R72A222KA37D from C.SchLib
Replace Part C15B GCM155R72A222KA37D in D:\nextcloud\Altium\Projects\FreeWheel\MASTER\Vesc_Simple.SchDoc with GCM155R72A222KA37D from C.SchLib
Replace Part C17A GCM155R72A222KA37D in D:\nextcloud\Altium\Projects\FreeWheel\MASTER\Vesc_Simple.SchDoc with GCM155R72A222KA37D from C.SchLib
Replace Part C17B GCM155R72A222KA37D in D:\nextcloud\Altium\Projects\FreeWheel\MASTER\Vesc_Simple.SchDoc with GCM155R72A222KA37D from C.SchLib
Replace Part C18A GRM155C81C225ME15D in D:\nextcloud\Altium\Projects\FreeWheel\MASTER\Vesc_Simple.SchDoc with GRM155C81C225ME15D from C.SchLib
Replace Part C18B GRM155C81C225ME15D in D:\nextcloud\Altium\Projects\FreeWheel\MASTER\Vesc_Simple.SchDoc with GRM155C81C225ME15D from C.SchLib
Replace Part C19A C0603C473K1RECAUTO in D:\nextcloud\Altium\Projects\FreeWheel\MASTER\Vesc_Simple.SchDoc with C0603C473K1RECAUTO from C.SchLib
Replace Part C19B C0603C473K1RECAUTO in D:\nextcloud\Altium\Projects\FreeWheel\MASTER\Vesc_Simple.SchDoc with C0603C473K1RECAUTO from C.SchLib
Replace Part C20A GRJ31CR72A105KE11L in D:\nextcloud\Altium\Projects\FreeWheel\MASTER\Vesc_Simple.SchDoc with GRJ31CR72A105KE11L from C.SchLib
Replace Part C20B GRJ31CR72A105KE11L in D:\nextcloud\Altium\Projects\FreeWheel\MASTER\Vesc_Simple.SchDoc with GRJ31CR72A105KE11L from C.SchLib
Replace Part C21A GCM155R71E103JA37D in D:\nextcloud\Altium\Projects\FreeWheel\MASTER\Vesc_Simple.SchDoc with GCM155R71E103JA37D from C.SchLib
Replace Part C22A GRM155C81C225ME15D in D:\nextcloud\Altium\Projects\FreeWheel\MASTER\Vesc_Simple.SchDoc with GRM155C81C225ME15D from C.SchLib
Replace Part C23A GRM155C81C225ME15D in D:\nextcloud\Altium\Projects\FreeWheel\MASTER\Vesc_Simple.SchDoc with GRM155C81C225ME15D from C.SchLib
Replace Part C23B GRM155C81C225ME15D in D:\nextcloud\Altium\Projects\FreeWheel\MASTER\Vesc_Simple.SchDoc with GRM155C81C225ME15D from C.SchLib
Replace Part C30A GRM155C81C225ME15D in D:\nextcloud\Altium\Projects\FreeWheel\MASTER\Vesc_Simple.SchDoc with GRM155C81C225ME15D from C.SchLib
Replace Part C30B GRM155C81C225ME15D in D:\nextcloud\Altium\Projects\FreeWheel\MASTER\Vesc_Simple.SchDoc with GRM155C81C225ME15D from C.SchLib
Replace Part C33A TMK316AB7106KL-T in D:\nextcloud\Altium\Projects\FreeWheel\MASTER\Vesc_Simple.SchDoc with TMK316AB7106KL-T from C.SchLib
Replace Part C34A GRM155C81C225ME15D in D:\nextcloud\Altium\Projects\FreeWheel\MASTER\Vesc_Simple.SchDoc with GRM155C81C225ME15D from C.SchLib
Replace Part C34B GRM155C81C225ME15D in D:\nextcloud\Altium\Projects\FreeWheel\MASTER\Vesc_Simple.SchDoc with GRM155C81C225ME15D from C.SchLib
Replace Part C35A CGA6M3X7S2A475M200AB in D:\nextcloud\Altium\Projects\FreeWheel\MASTER\Vesc_Simple.SchDoc with CGA6M3X7S2A475M200AB from C.SchLib
Replace Part C35B CGA6M3X7S2A475M200AB in D:\nextcloud\Altium\Projects\FreeWheel\MASTER\Vesc_Simple.SchDoc with CGA6M3X7S2A475M200AB from C.SchLib
Replace Part C36A CGA6M3X7S2A475M200AB in D:\nextcloud\Altium\Projects\FreeWheel\MASTER\Vesc_Simple.SchDoc with CGA6M3X7S2A475M200AB from C.SchLib
Replace Part C36B CGA6M3X7S2A475M200AB in D:\nextcloud\Altium\Projects\FreeWheel\MASTER\Vesc_Simple.SchDoc with CGA6M3X7S2A475M200AB from C.SchLib
Replace Part C37A CGA6M3X7S2A475M200AB in D:\nextcloud\Altium\Projects\FreeWheel\MASTER\Vesc_Simple.SchDoc with CGA6M3X7S2A475M200AB from C.SchLib
Replace Part C37B CGA6M3X7S2A475M200AB in D:\nextcloud\Altium\Projects\FreeWheel\MASTER\Vesc_Simple.SchDoc with CGA6M3X7S2A475M200AB from C.SchLib
Replace Part C38A GRM155C81C225ME15D in D:\nextcloud\Altium\Projects\FreeWheel\MASTER\Vesc_Simple.SchDoc with GRM155C81C225ME15D from C.SchLib
Replace Part C38B GRM155C81C225ME15D in D:\nextcloud\Altium\Projects\FreeWheel\MASTER\Vesc_Simple.SchDoc with GRM155C81C225ME15D from C.SchLib
Replace Part C39 108CKS100MRY in D:\nextcloud\Altium\Projects\FreeWheel\MASTER\Vesc_Simple.SchDoc with 108CKS100MRY from C.SchLib
Replace Part C40A TMK316AB7106KL-T in D:\nextcloud\Altium\Projects\FreeWheel\MASTER\Vesc_Simple.SchDoc with TMK316AB7106KL-T from C.SchLib
Replace Part C41A C0402C104K3RACTU in D:\nextcloud\Altium\Projects\FreeWheel\MASTER\Vesc_Simple.SchDoc with C0402C104K3RACTU from C.SchLib
Replace Part D1A LTST-C190KRKT in D:\nextcloud\Altium\Projects\FreeWheel\MASTER\Vesc_Simple.SchDoc with LTST-C190KRKT from LED.SchLib
Replace Part D1B LTST-C190KRKT in D:\nextcloud\Altium\Projects\FreeWheel\MASTER\Vesc_Simple.SchDoc with LTST-C190KRKT from LED.SchLib
Replace Part D2A LTST-C190KRKT in D:\nextcloud\Altium\Projects\FreeWheel\MASTER\Vesc_Simple.SchDoc with LTST-C190KRKT from LED.SchLib
Replace Part D2B LTST-C190KRKT in D:\nextcloud\Altium\Projects\FreeWheel\MASTER\Vesc_Simple.SchDoc with LTST-C190KRKT from LED.SchLib
Replace Part D3A NSR02100HT1G in D:\nextcloud\Altium\Projects\FreeWheel\MASTER\Vesc_Simple.SchDoc with NSR02100HT1G from D.SchLib
Replace Part L1A SDE0805A-331K in D:\nextcloud\Altium\Projects\FreeWheel\MASTER\Vesc_Simple.SchDoc with SDE0805A-331K from L.SchLib
Replace Part L? LQM2HPN4R7MG0L in D:\nextcloud\Altium\Projects\FreeWheel\MASTER\Vesc_Simple.SchDoc with LQM2HPN4R7MG0L from L.SchLib
Replace Part Q1A CSD19531Q5A in D:\nextcloud\Altium\Projects\FreeWheel\MASTER\Vesc_Simple.SchDoc with CSD19531Q5A from Q.SchLib
Replace Part Q1B CSD19531Q5A in D:\nextcloud\Altium\Projects\FreeWheel\MASTER\Vesc_Simple.SchDoc with CSD19531Q5A from Q.SchLib
Replace Part Q2A CSD19531Q5A in D:\nextcloud\Altium\Projects\FreeWheel\MASTER\Vesc_Simple.SchDoc with CSD19531Q5A from Q.SchLib
Replace Part Q2B CSD19531Q5A in D:\nextcloud\Altium\Projects\FreeWheel\MASTER\Vesc_Simple.SchDoc with CSD19531Q5A from Q.SchLib
Replace Part Q3A CSD19531Q5A in D:\nextcloud\Altium\Projects\FreeWheel\MASTER\Vesc_Simple.SchDoc with CSD19531Q5A from Q.SchLib
Replace Part Q3B CSD19531Q5A in D:\nextcloud\Altium\Projects\FreeWheel\MASTER\Vesc_Simple.SchDoc with CSD19531Q5A from Q.SchLib
Replace Part Q4A CSD19531Q5A in D:\nextcloud\Altium\Projects\FreeWheel\MASTER\Vesc_Simple.SchDoc with CSD19531Q5A from Q.SchLib
Replace Part Q4B CSD19531Q5A in D:\nextcloud\Altium\Projects\FreeWheel\MASTER\Vesc_Simple.SchDoc with CSD19531Q5A from Q.SchLib
Replace Part Q5A CSD19531Q5A in D:\nextcloud\Altium\Projects\FreeWheel\MASTER\Vesc_Simple.SchDoc with CSD19531Q5A from Q.SchLib
Replace Part Q5B CSD19531Q5A in D:\nextcloud\Altium\Projects\FreeWheel\MASTER\Vesc_Simple.SchDoc with CSD19531Q5A from Q.SchLib
Replace Part Q6A CSD19531Q5A in D:\nextcloud\Altium\Projects\FreeWheel\MASTER\Vesc_Simple.SchDoc with CSD19531Q5A from Q.SchLib
Replace Part Q6B CSD19531Q5A in D:\nextcloud\Altium\Projects\FreeWheel\MASTER\Vesc_Simple.SchDoc with CSD19531Q5A from Q.SchLib
Replace Part Q7A NX7002AKVL in D:\nextcloud\Altium\Projects\FreeWheel\MASTER\Vesc_Simple.SchDoc with NX7002AKVL from Q.SchLib
Replace Part Q7B NX7002AKVL in D:\nextcloud\Altium\Projects\FreeWheel\MASTER\Vesc_Simple.SchDoc with NX7002AKVL from Q.SchLib
Replace Part R1A ERJ-PA3J4R7V in D:\nextcloud\Altium\Projects\FreeWheel\MASTER\Vesc_Simple.SchDoc with ERJ-PA3J4R7V from R.SchLib
Replace Part R1B ERJ-PA3J4R7V in D:\nextcloud\Altium\Projects\FreeWheel\MASTER\Vesc_Simple.SchDoc with ERJ-PA3J4R7V from R.SchLib
Replace Part R2A ERJ-PA3J4R7V in D:\nextcloud\Altium\Projects\FreeWheel\MASTER\Vesc_Simple.SchDoc with ERJ-PA3J4R7V from R.SchLib
Replace Part R2B ERJ-PA3J4R7V in D:\nextcloud\Altium\Projects\FreeWheel\MASTER\Vesc_Simple.SchDoc with ERJ-PA3J4R7V from R.SchLib
Replace Part R3A ERJ-PA3J4R7V in D:\nextcloud\Altium\Projects\FreeWheel\MASTER\Vesc_Simple.SchDoc with ERJ-PA3J4R7V from R.SchLib
Replace Part R3B ERJ-PA3J4R7V in D:\nextcloud\Altium\Projects\FreeWheel\MASTER\Vesc_Simple.SchDoc with ERJ-PA3J4R7V from R.SchLib
Replace Part R4A ERJ-PA3J4R7V in D:\nextcloud\Altium\Projects\FreeWheel\MASTER\Vesc_Simple.SchDoc with ERJ-PA3J4R7V from R.SchLib
Replace Part R4B ERJ-PA3J4R7V in D:\nextcloud\Altium\Projects\FreeWheel\MASTER\Vesc_Simple.SchDoc with ERJ-PA3J4R7V from R.SchLib
Replace Part R5A ERJ-PA3J4R7V in D:\nextcloud\Altium\Projects\FreeWheel\MASTER\Vesc_Simple.SchDoc with ERJ-PA3J4R7V from R.SchLib
Replace Part R5B ERJ-PA3J4R7V in D:\nextcloud\Altium\Projects\FreeWheel\MASTER\Vesc_Simple.SchDoc with ERJ-PA3J4R7V from R.SchLib
Replace Part R6A ERJ-PA3J4R7V in D:\nextcloud\Altium\Projects\FreeWheel\MASTER\Vesc_Simple.SchDoc with ERJ-PA3J4R7V from R.SchLib
Replace Part R6B ERJ-PA3J4R7V in D:\nextcloud\Altium\Projects\FreeWheel\MASTER\Vesc_Simple.SchDoc with ERJ-PA3J4R7V from R.SchLib
Replace Part R7A ERJ-2RKF3902X in D:\nextcloud\Altium\Projects\FreeWheel\MASTER\Vesc_Simple.SchDoc with ERJ-2RKF3902X from R.SchLib
Replace Part R7B ERJ-2RKF3902X in D:\nextcloud\Altium\Projects\FreeWheel\MASTER\Vesc_Simple.SchDoc with ERJ-2RKF3902X from R.SchLib
Replace Part R8A ERJ-2RKF3902X in D:\nextcloud\Altium\Projects\FreeWheel\MASTER\Vesc_Simple.SchDoc with ERJ-2RKF3902X from R.SchLib
Replace Part R8B ERJ-2RKF3902X in D:\nextcloud\Altium\Projects\FreeWheel\MASTER\Vesc_Simple.SchDoc with ERJ-2RKF3902X from R.SchLib
Replace Part R9A ERJ-2RKF3902X in D:\nextcloud\Altium\Projects\FreeWheel\MASTER\Vesc_Simple.SchDoc with ERJ-2RKF3902X from R.SchLib
Replace Part R9B ERJ-2RKF3902X in D:\nextcloud\Altium\Projects\FreeWheel\MASTER\Vesc_Simple.SchDoc with ERJ-2RKF3902X from R.SchLib
Replace Part R10 ERT-J0EG202GM in D:\nextcloud\Altium\Projects\FreeWheel\MASTER\Vesc_Simple.SchDoc with ERT-J0EG202GM from R.SchLib
Replace Part R10A WSL27262L000FEB in D:\nextcloud\Altium\Projects\FreeWheel\MASTER\Vesc_Simple.SchDoc with WSL27262L000FEB from R.SchLib
Replace Part R10B WSL27262L000FEB in D:\nextcloud\Altium\Projects\FreeWheel\MASTER\Vesc_Simple.SchDoc with WSL27262L000FEB from R.SchLib
Replace Part R11 ERJ-2RKF2201X in D:\nextcloud\Altium\Projects\FreeWheel\MASTER\Vesc_Simple.SchDoc with ERJ-2RKF2201X from R.SchLib
Replace Part R12 ERJ-2RKF2201X in D:\nextcloud\Altium\Projects\FreeWheel\MASTER\Vesc_Simple.SchDoc with ERJ-2RKF2201X from R.SchLib
Replace Part R12A WSL27262L000FEB in D:\nextcloud\Altium\Projects\FreeWheel\MASTER\Vesc_Simple.SchDoc with WSL27262L000FEB from R.SchLib
Replace Part R12B WSL27262L000FEB in D:\nextcloud\Altium\Projects\FreeWheel\MASTER\Vesc_Simple.SchDoc with WSL27262L000FEB from R.SchLib
Replace Part R13 ERJ-2RKF1002X in D:\nextcloud\Altium\Projects\FreeWheel\MASTER\Vesc_Simple.SchDoc with ERJ-2RKF1002X from R.SchLib
Replace Part R13A ERJ-2RKF2201X in D:\nextcloud\Altium\Projects\FreeWheel\MASTER\Vesc_Simple.SchDoc with ERJ-2RKF2201X from R.SchLib
Replace Part R13B ERJ-2RKF2201X in D:\nextcloud\Altium\Projects\FreeWheel\MASTER\Vesc_Simple.SchDoc with ERJ-2RKF2201X from R.SchLib
Replace Part R14A ERJ-2RKF2201X in D:\nextcloud\Altium\Projects\FreeWheel\MASTER\Vesc_Simple.SchDoc with ERJ-2RKF2201X from R.SchLib
Replace Part R14B ERJ-2RKF2201X in D:\nextcloud\Altium\Projects\FreeWheel\MASTER\Vesc_Simple.SchDoc with ERJ-2RKF2201X from R.SchLib
Replace Part R15A ERJ-2RKF2201X in D:\nextcloud\Altium\Projects\FreeWheel\MASTER\Vesc_Simple.SchDoc with ERJ-2RKF2201X from R.SchLib
Replace Part R15B ERJ-2RKF2201X in D:\nextcloud\Altium\Projects\FreeWheel\MASTER\Vesc_Simple.SchDoc with ERJ-2RKF2201X from R.SchLib
Replace Part R16A ERJ-2RKF1002X in D:\nextcloud\Altium\Projects\FreeWheel\MASTER\Vesc_Simple.SchDoc with ERJ-2RKF1002X from R.SchLib
Replace Part R16B ERJ-2RKF1002X in D:\nextcloud\Altium\Projects\FreeWheel\MASTER\Vesc_Simple.SchDoc with ERJ-2RKF1002X from R.SchLib
Replace Part R17A ERJ-2RKF1002X in D:\nextcloud\Altium\Projects\FreeWheel\MASTER\Vesc_Simple.SchDoc with ERJ-2RKF1002X from R.SchLib
Replace Part R17B ERJ-2RKF1002X in D:\nextcloud\Altium\Projects\FreeWheel\MASTER\Vesc_Simple.SchDoc with ERJ-2RKF1002X from R.SchLib
Replace Part R18A ERJ-2RKF1002X in D:\nextcloud\Altium\Projects\FreeWheel\MASTER\Vesc_Simple.SchDoc with ERJ-2RKF1002X from R.SchLib
Replace Part R18B ERJ-2RKF1002X in D:\nextcloud\Altium\Projects\FreeWheel\MASTER\Vesc_Simple.SchDoc with ERJ-2RKF1002X from R.SchLib
Replace Part R19A ERJ-2RKF3902X in D:\nextcloud\Altium\Projects\FreeWheel\MASTER\Vesc_Simple.SchDoc with ERJ-2RKF3902X from R.SchLib
Replace Part R19B ERJ-2RKF3902X in D:\nextcloud\Altium\Projects\FreeWheel\MASTER\Vesc_Simple.SchDoc with ERJ-2RKF3902X from R.SchLib
Replace Part R20A ERJ-2RKF2201X in D:\nextcloud\Altium\Projects\FreeWheel\MASTER\Vesc_Simple.SchDoc with ERJ-2RKF2201X from R.SchLib
Replace Part R20B ERJ-2RKF2201X in D:\nextcloud\Altium\Projects\FreeWheel\MASTER\Vesc_Simple.SchDoc with ERJ-2RKF2201X from R.SchLib
Replace Part R21A ERJ-2RKF3902X in D:\nextcloud\Altium\Projects\FreeWheel\MASTER\Vesc_Simple.SchDoc with ERJ-2RKF3902X from R.SchLib
Replace Part R21B ERJ-2RKF3902X in D:\nextcloud\Altium\Projects\FreeWheel\MASTER\Vesc_Simple.SchDoc with ERJ-2RKF3902X from R.SchLib
Replace Part R22A ERJ-2RKF2201X in D:\nextcloud\Altium\Projects\FreeWheel\MASTER\Vesc_Simple.SchDoc with ERJ-2RKF2201X from R.SchLib
Replace Part R22B ERJ-2RKF2201X in D:\nextcloud\Altium\Projects\FreeWheel\MASTER\Vesc_Simple.SchDoc with ERJ-2RKF2201X from R.SchLib
Replace Part R23A ERJ-2RKF3902X in D:\nextcloud\Altium\Projects\FreeWheel\MASTER\Vesc_Simple.SchDoc with ERJ-2RKF3902X from R.SchLib
Replace Part R23B ERJ-2RKF3902X in D:\nextcloud\Altium\Projects\FreeWheel\MASTER\Vesc_Simple.SchDoc with ERJ-2RKF3902X from R.SchLib
Replace Part R24A ERJ-2RKF2201X in D:\nextcloud\Altium\Projects\FreeWheel\MASTER\Vesc_Simple.SchDoc with ERJ-2RKF2201X from R.SchLib
Replace Part R24B ERJ-2RKF2201X in D:\nextcloud\Altium\Projects\FreeWheel\MASTER\Vesc_Simple.SchDoc with ERJ-2RKF2201X from R.SchLib
Replace Part R25A ERJ-2RKF1000X in D:\nextcloud\Altium\Projects\FreeWheel\MASTER\Vesc_Simple.SchDoc with ERJ-2RKF1000X from R.SchLib
Replace Part R25B ERJ-2RKF1000X in D:\nextcloud\Altium\Projects\FreeWheel\MASTER\Vesc_Simple.SchDoc with ERJ-2RKF1000X from R.SchLib
Replace Part R26A ERJ-2RKF1000X in D:\nextcloud\Altium\Projects\FreeWheel\MASTER\Vesc_Simple.SchDoc with ERJ-2RKF1000X from R.SchLib
Replace Part R26B ERJ-2RKF1000X in D:\nextcloud\Altium\Projects\FreeWheel\MASTER\Vesc_Simple.SchDoc with ERJ-2RKF1000X from R.SchLib
Replace Part R29A ERJ-2RKF1000X in D:\nextcloud\Altium\Projects\FreeWheel\MASTER\Vesc_Simple.SchDoc with ERJ-2RKF1000X from R.SchLib
Replace Part R29B ERJ-2RKF1000X in D:\nextcloud\Altium\Projects\FreeWheel\MASTER\Vesc_Simple.SchDoc with ERJ-2RKF1000X from R.SchLib
Replace Part R30A ERJ-2RKF1000X in D:\nextcloud\Altium\Projects\FreeWheel\MASTER\Vesc_Simple.SchDoc with ERJ-2RKF1000X from R.SchLib
Replace Part R30B ERJ-2RKF1000X in D:\nextcloud\Altium\Projects\FreeWheel\MASTER\Vesc_Simple.SchDoc with ERJ-2RKF1000X from R.SchLib
Replace Part R31A ERJ-2RKF1000X in D:\nextcloud\Altium\Projects\FreeWheel\MASTER\Vesc_Simple.SchDoc with ERJ-2RKF1000X from R.SchLib
Replace Part R31B ERJ-2RKF1000X in D:\nextcloud\Altium\Projects\FreeWheel\MASTER\Vesc_Simple.SchDoc with ERJ-2RKF1000X from R.SchLib
Replace Part R32A ERJ-2RKF1000X in D:\nextcloud\Altium\Projects\FreeWheel\MASTER\Vesc_Simple.SchDoc with ERJ-2RKF1000X from R.SchLib
Replace Part R32B ERJ-2RKF1000X in D:\nextcloud\Altium\Projects\FreeWheel\MASTER\Vesc_Simple.SchDoc with ERJ-2RKF1000X from R.SchLib
Replace Part R33A ERJ-2RKF3162X in D:\nextcloud\Altium\Projects\FreeWheel\MASTER\Vesc_Simple.SchDoc with ERJ-2RKF3162X from R.SchLib
Replace Part R34A ERJ-2RKF1002X in D:\nextcloud\Altium\Projects\FreeWheel\MASTER\Vesc_Simple.SchDoc with ERJ-2RKF1002X from R.SchLib
Replace Part R35A ERJ-2RKF2743X in D:\nextcloud\Altium\Projects\FreeWheel\MASTER\Vesc_Simple.SchDoc with ERJ-2RKF2743X from R.SchLib
Replace Part R36A ERJ-2RKF1333X in D:\nextcloud\Altium\Projects\FreeWheel\MASTER\Vesc_Simple.SchDoc with ERJ-2RKF1333X from R.SchLib
Replace Part R37A ERJ-2RKF4702X in D:\nextcloud\Altium\Projects\FreeWheel\MASTER\Vesc_Simple.SchDoc with ERJ-2RKF4702X from R.SchLib
Replace Part R37B ERJ-2RKF4702X in D:\nextcloud\Altium\Projects\FreeWheel\MASTER\Vesc_Simple.SchDoc with ERJ-2RKF4702X from R.SchLib
Replace Part R38A ERJ-2RKF3902X in D:\nextcloud\Altium\Projects\FreeWheel\MASTER\Vesc_Simple.SchDoc with ERJ-2RKF3902X from R.SchLib
Replace Part R38B ERJ-2RKF3902X in D:\nextcloud\Altium\Projects\FreeWheel\MASTER\Vesc_Simple.SchDoc with ERJ-2RKF3902X from R.SchLib
Replace Part R39A ERJ-2RKF2201X in D:\nextcloud\Altium\Projects\FreeWheel\MASTER\Vesc_Simple.SchDoc with ERJ-2RKF2201X from R.SchLib
Replace Part R39B ERJ-2RKF2201X in D:\nextcloud\Altium\Projects\FreeWheel\MASTER\Vesc_Simple.SchDoc with ERJ-2RKF2201X from R.SchLib
Replace Part R40A ERJ-2RKF2201X in D:\nextcloud\Altium\Projects\FreeWheel\MASTER\Vesc_Simple.SchDoc with ERJ-2RKF2201X from R.SchLib
Replace Part R40B ERJ-2RKF2201X in D:\nextcloud\Altium\Projects\FreeWheel\MASTER\Vesc_Simple.SchDoc with ERJ-2RKF2201X from R.SchLib
Replace Part R41A ERJ-2RKF1002X in D:\nextcloud\Altium\Projects\FreeWheel\MASTER\Vesc_Simple.SchDoc with ERJ-2RKF1002X from R.SchLib
Replace Part R42A ERJ-2RKF3651X in D:\nextcloud\Altium\Projects\FreeWheel\MASTER\Vesc_Simple.SchDoc with ERJ-2RKF3651X from R.SchLib
Replace Part U1 TPS561201 in D:\nextcloud\Altium\Projects\FreeWheel\MASTER\Vesc_Simple.SchDoc with TPS561201 from U.SchLib
Replace Part U1A STM32F405RGT6 in D:\nextcloud\Altium\Projects\FreeWheel\MASTER\Vesc_Simple.SchDoc with STM32F405RGT6 from U.SchLib
Replace Part U1B STM32F405RGT6 in D:\nextcloud\Altium\Projects\FreeWheel\MASTER\Vesc_Simple.SchDoc with STM32F405RGT6 from U.SchLib
Replace Part U3A DRV8353RH in D:\nextcloud\Altium\Projects\FreeWheel\MASTER\Vesc_Simple.SchDoc with DRV8353RH from U.SchLib
Replace Part U3B DRV8353RH in D:\nextcloud\Altium\Projects\FreeWheel\MASTER\Vesc_Simple.SchDoc with DRV8353RH from U.SchLib
Replace Part Y1A CSTNE8M00G550000R0 in D:\nextcloud\Altium\Projects\FreeWheel\MASTER\Vesc_Simple.SchDoc with CSTNE8M00G550000R0 from Y.SchLib
Replace Part Y1B CSTNE8M00G550000R0 in D:\nextcloud\Altium\Projects\FreeWheel\MASTER\Vesc_Simple.SchDoc with CSTNE8M00G550000R0 from Y.SchLib
