Replace Part C4 C0402C222J3RACTU in C:\altium\Projects\VESC\Vesc.SchDoc with C0402C222J3RACTU from C.SchLib
Replace Part C5 C0402C222J3RACTU in C:\altium\Projects\VESC\Vesc.SchDoc with C0402C222J3RACTU from C.SchLib
Replace Part C6 C0402C222J3RACTU in C:\altium\Projects\VESC\Vesc.SchDoc with C0402C222J3RACTU from C.SchLib
Replace Part C8 C0402C222J3RACTU in C:\altium\Projects\VESC\Vesc.SchDoc with C0402C222J3RACTU from C.SchLib
Replace Part C10 C0402C225M8PACTU in C:\altium\Projects\VESC\Vesc.SchDoc with C0402C225M8PACTU from C.SchLib
Replace Part C11 C0402C225M8PACTU in C:\altium\Projects\VESC\Vesc.SchDoc with C0402C225M8PACTU from C.SchLib
Replace Part C12 C0402C225M8PACTU in C:\altium\Projects\VESC\Vesc.SchDoc with C0402C225M8PACTU from C.SchLib
Replace Part C13 C0402C225M8PACTU in C:\altium\Projects\VESC\Vesc.SchDoc with C0402C225M8PACTU from C.SchLib
Replace Part C14 C0402C225M8PACTU in C:\altium\Projects\VESC\Vesc.SchDoc with C0402C225M8PACTU from C.SchLib
Replace Part C15 C0402C180K5GACTU in C:\altium\Projects\VESC\Vesc.SchDoc with C0402C180K5GACTU from C.SchLib
Replace Part C16 C0402C225M8PACTU in C:\altium\Projects\VESC\Vesc.SchDoc with C0402C225M8PACTU from C.SchLib
Replace Part C17 C0402C225M8PACTU in C:\altium\Projects\VESC\Vesc.SchDoc with C0402C225M8PACTU from C.SchLib
Replace Part C18 C0402C225M8PACTU in C:\altium\Projects\VESC\Vesc.SchDoc with C0402C225M8PACTU from C.SchLib
Replace Part C19 C0402C331J5RACTU in C:\altium\Projects\VESC\Vesc.SchDoc with C0402C331J5RACTU from C.SchLib
Replace Part C20 C0402C225M8PACTU in C:\altium\Projects\VESC\Vesc.SchDoc with C0402C225M8PACTU from C.SchLib
Replace Part C21 C0402C472K5RACTU in C:\altium\Projects\VESC\Vesc.SchDoc with C0402C472K5RACTU from C.SchLib
Replace Part C22 C0402C223J3RACTU in C:\altium\Projects\VESC\Vesc.SchDoc with C0402C223J3RACTU from C.SchLib
Replace Part C23 C0402C225M8PACTU in C:\altium\Projects\VESC\Vesc.SchDoc with C0402C225M8PACTU from C.SchLib
Replace Part C24 C0402C225M8PACTU in C:\altium\Projects\VESC\Vesc.SchDoc with C0402C225M8PACTU from C.SchLib
Replace Part C25 C0805C476M9PACTU in C:\altium\Projects\VESC\Vesc.SchDoc with C0805C476M9PACTU from C.SchLib
Replace Part C26 C0402C225M8PACTU in C:\altium\Projects\VESC\Vesc.SchDoc with C0402C225M8PACTU from C.SchLib
Replace Part C27 C0402C104K3RACTU in C:\altium\Projects\VESC\Vesc.SchDoc with C0402C104K3RACTU from C.SchLib
Replace Part C28 885012105017 in C:\altium\Projects\VESC\Vesc.SchDoc with 885012105017 from C.SchLib
Replace Part C29 885012105017 in C:\altium\Projects\VESC\Vesc.SchDoc with 885012105017 from C.SchLib
Replace Part C30 885012105017 in C:\altium\Projects\VESC\Vesc.SchDoc with 885012105017 from C.SchLib
Replace Part C31 C0402C225M8PACTU in C:\altium\Projects\VESC\Vesc.SchDoc with C0402C225M8PACTU from C.SchLib
Replace Part C32 C0402C104K3RACTU in C:\altium\Projects\VESC\Vesc.SchDoc with C0402C104K3RACTU from C.SchLib
Replace Part C33 C0805C476M9PACTU in C:\altium\Projects\VESC\Vesc.SchDoc with C0805C476M9PACTU from C.SchLib
Replace Part C34 C0402C222J3RACTU in C:\altium\Projects\VESC\Vesc.SchDoc with C0402C222J3RACTU from C.SchLib
Replace Part C35 C0402C225M8PACTU in C:\altium\Projects\VESC\Vesc.SchDoc with C0402C225M8PACTU from C.SchLib
Replace Part C36 C0402C222J3RACTU in C:\altium\Projects\VESC\Vesc.SchDoc with C0402C222J3RACTU from C.SchLib
Replace Part C38 C0402C180K5GACTU in C:\altium\Projects\VESC\Vesc.SchDoc with C0402C180K5GACTU from C.SchLib
Replace Part C52 C0402C225M8PACTU in C:\altium\Projects\VESC\Vesc.SchDoc with C0402C225M8PACTU from C.SchLib
Replace Part D1 LTST-C190KRKT in C:\altium\Projects\VESC\Vesc.SchDoc with LTST-C190KRKT from LED.SchLib
Replace Part D2 LTST-C190KRKT in C:\altium\Projects\VESC\Vesc.SchDoc with LTST-C190KRKT from LED.SchLib
Replace Part D4 NSR02100HT1G in C:\altium\Projects\VESC\Vesc.SchDoc with NSR02100HT1G from D.SchLib
Replace Part L1 SRN6028-330M in C:\altium\Projects\VESC\Vesc.SchDoc with SRN6028-330M from L.SchLib
Replace Part Q1 IPB042N10N3GATMA1 in C:\altium\Projects\VESC\Vesc.SchDoc with IPB042N10N3GATMA1 from Q.SchLib
Replace Part Q2 IPB042N10N3GATMA1 in C:\altium\Projects\VESC\Vesc.SchDoc with IPB042N10N3GATMA1 from Q.SchLib
Replace Part Q3 IPB042N10N3GATMA1 in C:\altium\Projects\VESC\Vesc.SchDoc with IPB042N10N3GATMA1 from Q.SchLib
Replace Part Q4 IPB042N10N3GATMA1 in C:\altium\Projects\VESC\Vesc.SchDoc with IPB042N10N3GATMA1 from Q.SchLib
Replace Part Q5 IPB042N10N3GATMA1 in C:\altium\Projects\VESC\Vesc.SchDoc with IPB042N10N3GATMA1 from Q.SchLib
Replace Part Q6 IPB042N10N3GATMA1 in C:\altium\Projects\VESC\Vesc.SchDoc with IPB042N10N3GATMA1 from Q.SchLib
Replace Part R7 ERJ-2RKF1002X in C:\altium\Projects\VESC\Vesc.SchDoc with ERJ-2RKF1002X from R.SchLib
Replace Part R8 ERJ-2RKF1002X in C:\altium\Projects\VESC\Vesc.SchDoc with ERJ-2RKF1002X from R.SchLib
Replace Part R9 ERJ-2RKF1002X in C:\altium\Projects\VESC\Vesc.SchDoc with ERJ-2RKF1002X from R.SchLib
Replace Part R10 ERJ-2RKF1002X in C:\altium\Projects\VESC\Vesc.SchDoc with ERJ-2RKF1002X from R.SchLib
Replace Part R11 ERJ-2RKF2201X in C:\altium\Projects\VESC\Vesc.SchDoc with ERJ-2RKF2201X from R.SchLib
Replace Part R12 ERJ-2RKF2201X in C:\altium\Projects\VESC\Vesc.SchDoc with ERJ-2RKF2201X from R.SchLib
Replace Part R13 ERJ-2RKF2201X in C:\altium\Projects\VESC\Vesc.SchDoc with ERJ-2RKF2201X from R.SchLib
Replace Part R17 ERJ-2RKF1802X in C:\altium\Projects\VESC\Vesc.SchDoc with ERJ-2RKF1802X from R.SchLib
Replace Part R18 ERJ-2RKF3301X in C:\altium\Projects\VESC\Vesc.SchDoc with ERJ-2RKF3301X from R.SchLib
Replace Part R19 ERJ-2RKF1502X in C:\altium\Projects\VESC\Vesc.SchDoc with ERJ-2RKF1502X from R.SchLib
Replace Part R20 ERJ-2RKF1002X in C:\altium\Projects\VESC\Vesc.SchDoc with ERJ-2RKF1002X from R.SchLib
Replace Part R21 ERJ-2RKF2203X in C:\altium\Projects\VESC\Vesc.SchDoc with ERJ-2RKF2203X from R.SchLib
Replace Part R23 ERJ-2RKF3902X in C:\altium\Projects\VESC\Vesc.SchDoc with ERJ-2RKF3902X from R.SchLib
Replace Part R24 ERJ-2RKF2201X in C:\altium\Projects\VESC\Vesc.SchDoc with ERJ-2RKF2201X from R.SchLib
Replace Part R25 ERJ-2RKF1004X in C:\altium\Projects\VESC\Vesc.SchDoc with ERJ-2RKF1004X from R.SchLib
Replace Part R26 ERJ-2RKF3902X in C:\altium\Projects\VESC\Vesc.SchDoc with ERJ-2RKF3902X from R.SchLib
Replace Part R27 ERJ-2RKF2201X in C:\altium\Projects\VESC\Vesc.SchDoc with ERJ-2RKF2201X from R.SchLib
Replace Part R28 ERJ-PA3J4R7V in C:\altium\Projects\VESC\Vesc.SchDoc with ERJ-PA3J4R7V from R.SchLib
Replace Part R29 ERJ-PA3J4R7V in C:\altium\Projects\VESC\Vesc.SchDoc with ERJ-PA3J4R7V from R.SchLib
Replace Part R30 ERJ-2RKF3902X in C:\altium\Projects\VESC\Vesc.SchDoc with ERJ-2RKF3902X from R.SchLib
Replace Part R32 ERJ-2RKF3902X in C:\altium\Projects\VESC\Vesc.SchDoc with ERJ-2RKF3902X from R.SchLib
Replace Part R33 ERJ-2RKF2201X in C:\altium\Projects\VESC\Vesc.SchDoc with ERJ-2RKF2201X from R.SchLib
Replace Part R34 ERJ-PA3J4R7V in C:\altium\Projects\VESC\Vesc.SchDoc with ERJ-PA3J4R7V from R.SchLib
Replace Part R35 ERJ-PA3J4R7V in C:\altium\Projects\VESC\Vesc.SchDoc with ERJ-PA3J4R7V from R.SchLib
Replace Part R36 ERJ-2RKF3902X in C:\altium\Projects\VESC\Vesc.SchDoc with ERJ-2RKF3902X from R.SchLib
Replace Part R37 ERJ-2RKF1000X in C:\altium\Projects\VESC\Vesc.SchDoc with ERJ-2RKF1000X from R.SchLib
Replace Part R38 ERJ-2RKF1000X in C:\altium\Projects\VESC\Vesc.SchDoc with ERJ-2RKF1000X from R.SchLib
Replace Part R42 ERJ-PA3J4R7V in C:\altium\Projects\VESC\Vesc.SchDoc with ERJ-PA3J4R7V from R.SchLib
Replace Part R43 ERJ-PA3J4R7V in C:\altium\Projects\VESC\Vesc.SchDoc with ERJ-PA3J4R7V from R.SchLib
Replace Part R46 ERJ-2RKF3902X in C:\altium\Projects\VESC\Vesc.SchDoc with ERJ-2RKF3902X from R.SchLib
Replace Part R48 ERJ-2RKF1000X in C:\altium\Projects\VESC\Vesc.SchDoc with ERJ-2RKF1000X from R.SchLib
Replace Part R49 ERJ-2RKF1000X in C:\altium\Projects\VESC\Vesc.SchDoc with ERJ-2RKF1000X from R.SchLib
Replace Part R50 ERJ-2RKF1000X in C:\altium\Projects\VESC\Vesc.SchDoc with ERJ-2RKF1000X from R.SchLib
Replace Part R51 ERJ-2RKF1000X in C:\altium\Projects\VESC\Vesc.SchDoc with ERJ-2RKF1000X from R.SchLib
Replace Part R? ERJ-2RKF1000X in C:\altium\Projects\VESC\Vesc.SchDoc with ERJ-2RKF1000X from R.SchLib
Replace Part U1 STM32F405 in C:\altium\Projects\VESC\Vesc.SchDoc with STM32F405 from U.SchLib
Replace Part U2 AP2127K-3.3TRG1 in C:\altium\Projects\VESC\Vesc.SchDoc with AP2127K-3.3TRG1 from U.SchLib
Replace Part U3 DRV8302 in C:\altium\Projects\VESC\Vesc.SchDoc with DRV8302 from U.SchLib
