Removed Pin From Net: NetName=V_SUPPLY Pin=J12-9
Removed Pin From Net: NetName=V_SUPPLY Pin=J12-10
Removed Pin From Net: NetName=V_SUPPLY Pin=J12-11
Removed Pin From Net: NetName=V_SUPPLY Pin=J12-12
Removed Pin From Net: NetName=V_SUPPLY Pin=Q3A1-1
Removed Pin From Net: NetName=V_SUPPLY Pin=Q3A1-2
Removed Pin From Net: NetName=V_SUPPLY Pin=Q3A1-3
Removed Pin From Net: NetName=V_SUPPLY Pin=Q3A1-4
Added Component: Designator=C1(CAP 0402)
Added Component: Designator=C2(CAP 0402)
Added Component: Designator=D1(SOD-323/SC76)
Added Component: Designator=D2(SOD-323/SC76)
Added Component: Designator=D3(SOD-323/SC76)
Added Component: Designator=D4(SOD-80)
Added Component: Designator=Q1(SOT-23-3)
Added Component: Designator=Q2(SOT-23-3)
Added Component: Designator=Q3(VSONP-8)
Added Component: Designator=R1(RES 0402)
Added Component: Designator=R2(RES 0402)
Added Component: Designator=R3(RES 0402)
Added Pin To Net: NetName=VCC_NV Pin=J10-10
Added Pin To Net: NetName=MA_SDA Pin=J11-3
Added Pin To Net: NetName=MA_SCL Pin=J11-6
Added Pin To Net: NetName=GND Pin=Q1-2
Added Pin To Net: NetName=GND Pin=Q2-2
Added Pin To Net: NetName=V_SUPPLY Pin=Q3-5
Added Pin To Net: NetName=V_SUPPLY Pin=Q3-6
Added Pin To Net: NetName=V_SUPPLY Pin=Q3-7
Added Pin To Net: NetName=V_SUPPLY Pin=Q3-8
Added Pin To Net: NetName=V_SUPPLY Pin=Q3-9
Added Pin To Net: NetName=V_SUPPLY Pin=Q3-9
Added Pin To Net: NetName=V_SUPPLY Pin=Q3-9
Added Pin To Net: NetName=V_SUPPLY Pin=Q3-9
Added Pin To Net: NetName=V_SUPPLY Pin=Q3-9
Added Pin To Net: NetName=V_SUPPLY Pin=Q3-9
Added Pin To Net: NetName=V_SUPPLY Pin=Q3-9
Added Pin To Net: NetName=V_SUPPLY Pin=Q3-9
Added Pin To Net: NetName=V_SUPPLY Pin=Q3-9
Added Pin To Net: NetName=V_SUPPLY Pin=Q3-9
Added Pin To Net: NetName=V_SUPPLY Pin=Q3-9
Added Pin To Net: NetName=V_SUPPLY Pin=Q3-9
Added Pin To Net: NetName=V_SUPPLY Pin=Q3-9
Added Pin To Net: NetName=V_SUPPLY Pin=Q3-9
Added Pin To Net: NetName=V_SUPPLY Pin=Q3-9
Added Pin To Net: NetName=V_SUPPLY Pin=R2-2
Added Pin To Net: NetName=BUSFET Pin=Q2-1
Added Net: Name=BUSFET
Added Pin To Net: NetName=CHARGEPUMP Pin=Q1-1
Added Net: Name=CHARGEPUMP
Added Pin To Net: NetName=NetC1_1 Pin=C1-1
Added Pin To Net: NetName=NetC1_1 Pin=Q1-3
Added Pin To Net: NetName=NetC1_1 Pin=R1-1
Added Net: Name=NetC1_1
Added Pin To Net: NetName=NetC1_2 Pin=C1-2
Added Pin To Net: NetName=NetC1_2 Pin=D1-2
Added Pin To Net: NetName=NetC1_2 Pin=D2-1
Added Net: Name=NetC1_2
Added Pin To Net: NetName=NetC2_1 Pin=C2-1
Added Pin To Net: NetName=NetC2_1 Pin=D3-1
Added Pin To Net: NetName=NetC2_1 Pin=D4-1
Added Net: Name=NetC2_1
Added Pin To Net: NetName=NetC2_2 Pin=C2-2
Added Pin To Net: NetName=NetC2_2 Pin=D3-2
Added Pin To Net: NetName=NetC2_2 Pin=Q2-3
Added Pin To Net: NetName=NetC2_2 Pin=Q3-4
Added Pin To Net: NetName=NetC2_2 Pin=R3-2
Added Net: Name=NetC2_2
Added Pin To Net: NetName=NetD1_1 Pin=D1-1
Added Pin To Net: NetName=NetD1_1 Pin=R1-2
Added Pin To Net: NetName=NetD1_1 Pin=R2-1
Added Net: Name=NetD1_1
Added Pin To Net: NetName=NetD2_2 Pin=D2-2
Added Pin To Net: NetName=NetD2_2 Pin=R3-1
Added Net: Name=NetD2_2
Added Pin To Net: NetName=V_CHG Pin=D4-2
Added Pin To Net: NetName=V_CHG Pin=J12-9
Added Pin To Net: NetName=V_CHG Pin=J12-10
Added Pin To Net: NetName=V_CHG Pin=J12-11
Added Pin To Net: NetName=V_CHG Pin=J12-12
Added Pin To Net: NetName=V_CHG Pin=Q3-1
Added Pin To Net: NetName=V_CHG Pin=Q3-2
Added Pin To Net: NetName=V_CHG Pin=Q3-3
Added Net: Name=V_CHG
Added Member To Class: ClassName=Vesc_Simple Member=Component C1 GCM155R72A222KA37D
Added Member To Class: ClassName=Vesc_Simple Member=Component C2 GCM155R72A222KA37D
Added Member To Class: ClassName=Vesc_Simple Member=Component D1 DDZ15ASF-7
Added Member To Class: ClassName=Vesc_Simple Member=Component D2 DDZ15ASF-7
Added Member To Class: ClassName=Vesc_Simple Member=Component D3 DDZ15ASF-7
Added Member To Class: ClassName=Vesc_Simple Member=Component D4 LL4148
Added Member To Class: ClassName=Vesc_Simple Member=Component Q1 2N7002-7-F
Added Member To Class: ClassName=Vesc_Simple Member=Component Q2 2N7002-7-F
Added Member To Class: ClassName=Vesc_Simple Member=Component Q3 CSD19531Q5A
Added Member To Class: ClassName=Vesc_Simple Member=Component R1 ERJ-2RKF1003X
Added Member To Class: ClassName=Vesc_Simple Member=Component R2 ERJ-2RKF1002X
Added Member To Class: ClassName=Vesc_Simple Member=Component R3 ERJ-2RKF1003X
