Change Component DesignItemId : Designator=C4A Old DesignItemId=C0402C225M8PACTU New DesignItemId=GRM155C81C225ME15D
Change Component DesignItemId : Designator=C4B Old DesignItemId=C0402C225M8PACTU New DesignItemId=GRM155C81C225ME15D
Change Component DesignItemId : Designator=C5A Old DesignItemId=C0402C225M8PACTU New DesignItemId=GRM155C81C225ME15D
Change Component DesignItemId : Designator=C5B Old DesignItemId=C0402C225M8PACTU New DesignItemId=GRM155C81C225ME15D
Change Component DesignItemId : Designator=C6A Old DesignItemId=C0402C225M8PACTU New DesignItemId=GRM155C81C225ME15D
Change Component DesignItemId : Designator=C6B Old DesignItemId=C0402C225M8PACTU New DesignItemId=GRM155C81C225ME15D
Change Component DesignItemId : Designator=C7A Old DesignItemId=C0402C225M8PACTU New DesignItemId=GRM155C81C225ME15D
Change Component DesignItemId : Designator=C7B Old DesignItemId=C0402C225M8PACTU New DesignItemId=GRM155C81C225ME15D
Change Component DesignItemId : Designator=C8A Old DesignItemId=C0402C225M8PACTU New DesignItemId=GRM155C81C225ME15D
Change Component DesignItemId : Designator=C8B Old DesignItemId=C0402C225M8PACTU New DesignItemId=GRM155C81C225ME15D
Change Component DesignItemId : Designator=C9A Old DesignItemId=C0402C225M8PACTU New DesignItemId=GRM155C81C225ME15D
Change Component DesignItemId : Designator=C9B Old DesignItemId=C0402C225M8PACTU New DesignItemId=GRM155C81C225ME15D
Change Component DesignItemId : Designator=C10A Old DesignItemId=C0402C225M8PACTU New DesignItemId=GRM155C81C225ME15D
Change Component DesignItemId : Designator=C10B Old DesignItemId=C0402C225M8PACTU New DesignItemId=GRM155C81C225ME15D
Change Component DesignItemId : Designator=C11A Old DesignItemId=C0402C225M8PACTU New DesignItemId=GRM155C81C225ME15D
Change Component DesignItemId : Designator=C11B Old DesignItemId=C0402C225M8PACTU New DesignItemId=GRM155C81C225ME15D
Change Component DesignItemId : Designator=C18A Old DesignItemId=C0402C225M8PACTU New DesignItemId=GRM155C81C225ME15D
Change Component DesignItemId : Designator=C23A Old DesignItemId=C0402C225M8PACTU New DesignItemId=GRM155C81C225ME15D
Change Component DesignItemId : Designator=C30A Old DesignItemId=C0402C225M8PACTU New DesignItemId=GRM155C81C225ME15D
Change Component DesignItemId : Designator=C30B Old DesignItemId=C0402C225M8PACTU New DesignItemId=GRM155C81C225ME15D
Change Component DesignItemId : Designator=C34A Old DesignItemId=C0402C225M8PACTU New DesignItemId=GRM155C81C225ME15D
Change Component Comment : Designator=C4A Old Comment=C0402C225M8PACTU New Comment=GRM155C81C225ME15D
Change Component Comment : Designator=C4B Old Comment=C0402C225M8PACTU New Comment=GRM155C81C225ME15D
Change Component Comment : Designator=C5A Old Comment=C0402C225M8PACTU New Comment=GRM155C81C225ME15D
Change Component Comment : Designator=C5B Old Comment=C0402C225M8PACTU New Comment=GRM155C81C225ME15D
Change Component Comment : Designator=C6A Old Comment=C0402C225M8PACTU New Comment=GRM155C81C225ME15D
Change Component Comment : Designator=C6B Old Comment=C0402C225M8PACTU New Comment=GRM155C81C225ME15D
Change Component Comment : Designator=C7A Old Comment=C0402C225M8PACTU New Comment=GRM155C81C225ME15D
Change Component Comment : Designator=C7B Old Comment=C0402C225M8PACTU New Comment=GRM155C81C225ME15D
Change Component Comment : Designator=C8A Old Comment=C0402C225M8PACTU New Comment=GRM155C81C225ME15D
Change Component Comment : Designator=C8B Old Comment=C0402C225M8PACTU New Comment=GRM155C81C225ME15D
Change Component Comment : Designator=C9A Old Comment=C0402C225M8PACTU New Comment=GRM155C81C225ME15D
Change Component Comment : Designator=C9B Old Comment=C0402C225M8PACTU New Comment=GRM155C81C225ME15D
Change Component Comment : Designator=C10A Old Comment=C0402C225M8PACTU New Comment=GRM155C81C225ME15D
Change Component Comment : Designator=C10B Old Comment=C0402C225M8PACTU New Comment=GRM155C81C225ME15D
Change Component Comment : Designator=C11A Old Comment=C0402C225M8PACTU New Comment=GRM155C81C225ME15D
Change Component Comment : Designator=C11B Old Comment=C0402C225M8PACTU New Comment=GRM155C81C225ME15D
Change Component Comment : Designator=C18A Old Comment=C0402C225M8PACTU New Comment=GRM155C81C225ME15D
Change Component Comment : Designator=C23A Old Comment=C0402C225M8PACTU New Comment=GRM155C81C225ME15D
Change Component Comment : Designator=C30A Old Comment=C0402C225M8PACTU New Comment=GRM155C81C225ME15D
Change Component Comment : Designator=C30B Old Comment=C0402C225M8PACTU New Comment=GRM155C81C225ME15D
Change Component Comment : Designator=C34A Old Comment=C0402C225M8PACTU New Comment=GRM155C81C225ME15D
Change Component Description : Designator=C4A Old Description=CAP 0402 2.2uF 10V New Description=CAP 0402 2.2uF 16V
Change Component Description : Designator=C4B Old Description=CAP 0402 2.2uF 10V New Description=CAP 0402 2.2uF 16V
Change Component Description : Designator=C5A Old Description=CAP 0402 2.2uF 10V New Description=CAP 0402 2.2uF 16V
Change Component Description : Designator=C5B Old Description=CAP 0402 2.2uF 10V New Description=CAP 0402 2.2uF 16V
Change Component Description : Designator=C6A Old Description=CAP 0402 2.2uF 10V New Description=CAP 0402 2.2uF 16V
Change Component Description : Designator=C6B Old Description=CAP 0402 2.2uF 10V New Description=CAP 0402 2.2uF 16V
Change Component Description : Designator=C7A Old Description=CAP 0402 2.2uF 10V New Description=CAP 0402 2.2uF 16V
Change Component Description : Designator=C7B Old Description=CAP 0402 2.2uF 10V New Description=CAP 0402 2.2uF 16V
Change Component Description : Designator=C8A Old Description=CAP 0402 2.2uF 10V New Description=CAP 0402 2.2uF 16V
Change Component Description : Designator=C8B Old Description=CAP 0402 2.2uF 10V New Description=CAP 0402 2.2uF 16V
Change Component Description : Designator=C9A Old Description=CAP 0402 2.2uF 10V New Description=CAP 0402 2.2uF 16V
Change Component Description : Designator=C9B Old Description=CAP 0402 2.2uF 10V New Description=CAP 0402 2.2uF 16V
Change Component Description : Designator=C10A Old Description=CAP 0402 2.2uF 10V New Description=CAP 0402 2.2uF 16V
Change Component Description : Designator=C10B Old Description=CAP 0402 2.2uF 10V New Description=CAP 0402 2.2uF 16V
Change Component Description : Designator=C11A Old Description=CAP 0402 2.2uF 10V New Description=CAP 0402 2.2uF 16V
Change Component Description : Designator=C11B Old Description=CAP 0402 2.2uF 10V New Description=CAP 0402 2.2uF 16V
Change Component Description : Designator=C18A Old Description=CAP 0402 2.2uF 10V New Description=CAP 0402 2.2uF 16V
Change Component Description : Designator=C23A Old Description=CAP 0402 2.2uF 10V New Description=CAP 0402 2.2uF 16V
Change Component Description : Designator=C30A Old Description=CAP 0402 2.2uF 10V New Description=CAP 0402 2.2uF 16V
Change Component Description : Designator=C30B Old Description=CAP 0402 2.2uF 10V New Description=CAP 0402 2.2uF 16V
Change Component Description : Designator=C34A Old Description=CAP 0402 2.2uF 10V New Description=CAP 0402 2.2uF 16V
