Removed Pin From Net: NetName=MA_PB_AGND_F Pin=C16A-1
Removed Pin From Net: NetName=MA_PB_SOURCE_F Pin=C16A-2
Removed Pin From Net: NetName=MB_PB_AGND_F Pin=C16B-1
Removed Pin From Net: NetName=MB_PB_SOURCE_F Pin=C16B-2
Removed Pin From Net: NetName=MA_PB_SOURCE_F Pin=R27A-1
Removed Pin From Net: NetName=MA_PB_AGND Pin=R27A-2
Removed Pin From Net: NetName=MB_PB_SOURCE_F Pin=R27B-1
Removed Pin From Net: NetName=MB_PB_AGND Pin=R27B-2
Removed Pin From Net: NetName=MA_PB_AGND_F Pin=R28A-1
Removed Pin From Net: NetName=MA_PB_AGND Pin=R28A-2
Removed Pin From Net: NetName=MB_PB_AGND_F Pin=R28B-1
Removed Pin From Net: NetName=MB_PB_AGND Pin=R28B-2
Removed Member From Class: ClassName=Vesc_Simple Member=C16A
Removed Member From Class: ClassName=Vesc_Simple Member=C16B
Removed Member From Class: ClassName=Vesc_Simple Member=R27A
Removed Member From Class: ClassName=Vesc_Simple Member=R27B
Removed Member From Class: ClassName=Vesc_Simple Member=R28A
Removed Member From Class: ClassName=Vesc_Simple Member=R28B
Added Component: Designator=C38A(CAP 0402)
Added Pin To Net: NetName=VCC_12V Pin=C38A-1
Added Pin To Net: NetName=GND Pin=C38A-2
Added Pin To Net: NetName=VCC_12V Pin=U3A-5
Added Member To Class: ClassName=Vesc_Simple Member=Component C38A GRM155C81C225ME15D
