Added Component: Designator=C21B(CAP 0402)
Added Component: Designator=C22B(CAP 0402)
Added Component: Designator=C33B(CAP 1206)
Added Component: Designator=D3B(SOD-323/SC76)
Added Component: Designator=L1B(SDE0805A)
Added Component: Designator=R33B(RES 0402)
Added Component: Designator=R34B(RES 0402)
Added Component: Designator=R35B(RES 0402)
Added Component: Designator=R36B(RES 0402)
Added Pin To Net: NetName=GND Pin=C22B-1
Added Pin To Net: NetName=VCC_12V Pin=C33B-1
Added Pin To Net: NetName=GND Pin=C33B-2
Added Pin To Net: NetName=GND Pin=D3B-1
Added Pin To Net: NetName=VCC_12V Pin=L1B-2
Added Pin To Net: NetName=GND Pin=R33B-1
Added Pin To Net: NetName=VCC_12V Pin=R34B-2
Added Pin To Net: NetName=VCC_12V_SD Pin=R35B-1
Added Pin To Net: NetName=V_SUPPLY Pin=R35B-2
Added Pin To Net: NetName=GND Pin=R36B-2
Added Pin To Net: NetName=V_SUPPLY Pin=U3B-43
Added Pin To Net: NetName=VCC_12V_SD Pin=U3B-47
Added Pin To Net: NetName=NetC21B_1 Pin=C21B-1
Added Pin To Net: NetName=NetC21B_1 Pin=U3B-45
Added Net: Name=NetC21B_1
Added Pin To Net: NetName=NetC21B_2 Pin=C21B-2
Added Pin To Net: NetName=NetC21B_2 Pin=D3B-2
Added Pin To Net: NetName=NetC21B_2 Pin=L1B-1
Added Pin To Net: NetName=NetC21B_2 Pin=U3B-42
Added Net: Name=NetC21B_2
Added Pin To Net: NetName=NetC22B_2 Pin=C22B-2
Added Pin To Net: NetName=NetC22B_2 Pin=U3B-44
Added Net: Name=NetC22B_2
Added Pin To Net: NetName=NetR33B_2 Pin=R33B-2
Added Pin To Net: NetName=NetR33B_2 Pin=R34B-1
Added Pin To Net: NetName=NetR33B_2 Pin=U3B-48
Added Net: Name=NetR33B_2
Added Pin To Net: NetName=NetR36B_1 Pin=R36B-1
Added Pin To Net: NetName=NetR36B_1 Pin=U3B-46
Added Net: Name=NetR36B_1
Added Member To Class: ClassName=Vesc_Simple Member=Component C21B GCM155R71E103JA37D
Added Member To Class: ClassName=Vesc_Simple Member=Component C22B GRM155C81C225ME15D
Added Member To Class: ClassName=Vesc_Simple Member=Component C33B TMK316AB7106KL-T
Added Member To Class: ClassName=Vesc_Simple Member=Component D3B NSR02100HT1G
Added Member To Class: ClassName=Vesc_Simple Member=Component L1B SDE0805A-331K
Added Member To Class: ClassName=Vesc_Simple Member=Component R33B ERJ-2RKF3162X
Added Member To Class: ClassName=Vesc_Simple Member=Component R34B ERJ-2RKF1002X
Added Member To Class: ClassName=Vesc_Simple Member=Component R35B ERJ-2RKF2743X
Added Member To Class: ClassName=Vesc_Simple Member=Component R36B ERJ-2RKF1333X
