Removed Pin From Net: NetName=MB_PHASE_A Pin=Q2B-2
Removed Pin From Net: NetName=MB_PHASE_B Pin=Q4B-2
Removed Pin From Net: NetName=MB_PHASE_C Pin=Q6B-2
Change Component DesignItemId : Designator=Q2B Old DesignItemId=SUP70060E-GE3 New DesignItemId=CSD19531Q5A
Change Component DesignItemId : Designator=Q4B Old DesignItemId=SUP70060E-GE3 New DesignItemId=CSD19531Q5A
Change Component DesignItemId : Designator=Q6B Old DesignItemId=SUP70060E-GE3 New DesignItemId=CSD19531Q5A
Change Component Footprint: Designator=Q2B Old Footprint=TO-220 - Horizontal Inverted New Footprint=VSONP-8
Change Component Footprint: Designator=Q4B Old Footprint=TO-220 - Horizontal Inverted New Footprint=VSONP-8
Change Component Footprint: Designator=Q6B Old Footprint=TO-220 - Horizontal Inverted New Footprint=VSONP-8
Change Component Comment : Designator=Q2B Old Comment=SUP70060E-GE3 New Comment=CSD19531Q5A
Change Component Comment : Designator=Q4B Old Comment=SUP70060E-GE3 New Comment=CSD19531Q5A
Change Component Comment : Designator=Q6B Old Comment=SUP70060E-GE3 New Comment=CSD19531Q5A
Change Component Library : Designator=Q2A Old Library=Q.SchLib New Library=
Change Component Library : Designator=Q4A Old Library=Q.SchLib New Library=
Change Component Library : Designator=Q6A Old Library=Q.SchLib New Library=
Added Pin To Net: NetName=MB_PA_SOURCE Pin=Q2B-1
Added Pin To Net: NetName=MB_PA_SOURCE Pin=Q2B-2
Added Pin To Net: NetName=MB_PHASE_A Pin=Q2B-5
Added Pin To Net: NetName=MB_PHASE_A Pin=Q2B-6
Added Pin To Net: NetName=MB_PHASE_A Pin=Q2B-7
Added Pin To Net: NetName=MB_PHASE_A Pin=Q2B-8
Added Pin To Net: NetName=MB_PHASE_A Pin=Q2B-9
Added Pin To Net: NetName=MB_PHASE_A Pin=Q2B-9
Added Pin To Net: NetName=MB_PHASE_A Pin=Q2B-9
Added Pin To Net: NetName=MB_PHASE_A Pin=Q2B-9
Added Pin To Net: NetName=MB_PHASE_A Pin=Q2B-9
Added Pin To Net: NetName=MB_PHASE_A Pin=Q2B-9
Added Pin To Net: NetName=MB_PHASE_A Pin=Q2B-9
Added Pin To Net: NetName=MB_PHASE_A Pin=Q2B-9
Added Pin To Net: NetName=MB_PHASE_A Pin=Q2B-9
Added Pin To Net: NetName=MB_PHASE_A Pin=Q2B-9
Added Pin To Net: NetName=MB_PHASE_A Pin=Q2B-9
Added Pin To Net: NetName=MB_PHASE_A Pin=Q2B-9
Added Pin To Net: NetName=MB_PHASE_A Pin=Q2B-9
Added Pin To Net: NetName=MB_PHASE_A Pin=Q2B-9
Added Pin To Net: NetName=MB_PHASE_A Pin=Q2B-9
Added Pin To Net: NetName=MB_PB_SOURCE Pin=Q4B-1
Added Pin To Net: NetName=MB_PB_SOURCE Pin=Q4B-2
Added Pin To Net: NetName=MB_PHASE_B Pin=Q4B-5
Added Pin To Net: NetName=MB_PHASE_B Pin=Q4B-6
Added Pin To Net: NetName=MB_PHASE_B Pin=Q4B-7
Added Pin To Net: NetName=MB_PHASE_B Pin=Q4B-8
Added Pin To Net: NetName=MB_PHASE_B Pin=Q4B-9
Added Pin To Net: NetName=MB_PHASE_B Pin=Q4B-9
Added Pin To Net: NetName=MB_PHASE_B Pin=Q4B-9
Added Pin To Net: NetName=MB_PHASE_B Pin=Q4B-9
Added Pin To Net: NetName=MB_PHASE_B Pin=Q4B-9
Added Pin To Net: NetName=MB_PHASE_B Pin=Q4B-9
Added Pin To Net: NetName=MB_PHASE_B Pin=Q4B-9
Added Pin To Net: NetName=MB_PHASE_B Pin=Q4B-9
Added Pin To Net: NetName=MB_PHASE_B Pin=Q4B-9
Added Pin To Net: NetName=MB_PHASE_B Pin=Q4B-9
Added Pin To Net: NetName=MB_PHASE_B Pin=Q4B-9
Added Pin To Net: NetName=MB_PHASE_B Pin=Q4B-9
Added Pin To Net: NetName=MB_PHASE_B Pin=Q4B-9
Added Pin To Net: NetName=MB_PHASE_B Pin=Q4B-9
Added Pin To Net: NetName=MB_PHASE_B Pin=Q4B-9
Added Pin To Net: NetName=MB_PC_SOURCE Pin=Q6B-1
Added Pin To Net: NetName=MB_PC_SOURCE Pin=Q6B-2
Added Pin To Net: NetName=MB_PHASE_C Pin=Q6B-5
Added Pin To Net: NetName=MB_PHASE_C Pin=Q6B-6
Added Pin To Net: NetName=MB_PHASE_C Pin=Q6B-7
Added Pin To Net: NetName=MB_PHASE_C Pin=Q6B-8
Added Pin To Net: NetName=MB_PHASE_C Pin=Q6B-9
Added Pin To Net: NetName=MB_PHASE_C Pin=Q6B-9
Added Pin To Net: NetName=MB_PHASE_C Pin=Q6B-9
Added Pin To Net: NetName=MB_PHASE_C Pin=Q6B-9
Added Pin To Net: NetName=MB_PHASE_C Pin=Q6B-9
Added Pin To Net: NetName=MB_PHASE_C Pin=Q6B-9
Added Pin To Net: NetName=MB_PHASE_C Pin=Q6B-9
Added Pin To Net: NetName=MB_PHASE_C Pin=Q6B-9
Added Pin To Net: NetName=MB_PHASE_C Pin=Q6B-9
Added Pin To Net: NetName=MB_PHASE_C Pin=Q6B-9
Added Pin To Net: NetName=MB_PHASE_C Pin=Q6B-9
Added Pin To Net: NetName=MB_PHASE_C Pin=Q6B-9
Added Pin To Net: NetName=MB_PHASE_C Pin=Q6B-9
Added Pin To Net: NetName=MB_PHASE_C Pin=Q6B-9
Added Pin To Net: NetName=MB_PHASE_C Pin=Q6B-9
Added Pin To Net: NetName=NetQ2B_4 Pin=Q2B-4
Added Pin To Net: NetName=NetQ2B_4 Pin=R2B-2
Added Pin To Net: NetName=NetQ2B_4 Pin=R7B-2
Added Net: Name=NetQ2B_4
Added Pin To Net: NetName=NetQ4B_4 Pin=Q4B-4
Added Pin To Net: NetName=NetQ4B_4 Pin=R4B-2
Added Pin To Net: NetName=NetQ4B_4 Pin=R8B-2
Added Net: Name=NetQ4B_4
Added Pin To Net: NetName=NetQ6B_4 Pin=Q6B-4
Added Pin To Net: NetName=NetQ6B_4 Pin=R6B-2
Added Pin To Net: NetName=NetQ6B_4 Pin=R9B-2
Added Net: Name=NetQ6B_4
