Removed Pin From Net: NetName=MA_PHASE_A Pin=Q1A-1
Removed Pin From Net: NetName=MA_PHASE_A Pin=Q1A-2
Removed Pin From Net: NetName=V_SUPPLY Pin=Q1A-5
Removed Pin From Net: NetName=V_SUPPLY Pin=Q1A-6
Removed Pin From Net: NetName=V_SUPPLY Pin=Q1A-7
Removed Pin From Net: NetName=V_SUPPLY Pin=Q1A-8
Removed Pin From Net: NetName=MB_PHASE_A Pin=Q1B-1
Removed Pin From Net: NetName=MB_PHASE_A Pin=Q1B-2
Removed Pin From Net: NetName=V_SUPPLY Pin=Q1B-5
Removed Pin From Net: NetName=V_SUPPLY Pin=Q1B-6
Removed Pin From Net: NetName=V_SUPPLY Pin=Q1B-7
Removed Pin From Net: NetName=V_SUPPLY Pin=Q1B-8
Removed Pin From Net: NetName=MA_PA_SOURCE Pin=Q2A-1
Removed Pin From Net: NetName=MA_PA_SOURCE Pin=Q2A-2
Removed Pin From Net: NetName=MA_PHASE_A Pin=Q2A-5
Removed Pin From Net: NetName=MA_PHASE_A Pin=Q2A-6
Removed Pin From Net: NetName=MA_PHASE_A Pin=Q2A-7
Removed Pin From Net: NetName=MA_PHASE_A Pin=Q2A-8
Removed Pin From Net: NetName=MB_PA_SOURCE Pin=Q2B-1
Removed Pin From Net: NetName=MB_PA_SOURCE Pin=Q2B-2
Removed Pin From Net: NetName=MB_PHASE_A Pin=Q2B-5
Removed Pin From Net: NetName=MB_PHASE_A Pin=Q2B-6
Removed Pin From Net: NetName=MB_PHASE_A Pin=Q2B-7
Removed Pin From Net: NetName=MB_PHASE_A Pin=Q2B-8
Removed Pin From Net: NetName=MA_PHASE_B Pin=Q3A-1
Removed Pin From Net: NetName=MA_PHASE_B Pin=Q3A-2
Removed Pin From Net: NetName=V_SUPPLY Pin=Q3A-5
Removed Pin From Net: NetName=V_SUPPLY Pin=Q3A-6
Removed Pin From Net: NetName=V_SUPPLY Pin=Q3A-7
Removed Pin From Net: NetName=V_SUPPLY Pin=Q3A-8
Removed Pin From Net: NetName=MB_PHASE_B Pin=Q3B-1
Removed Pin From Net: NetName=MB_PHASE_B Pin=Q3B-2
Removed Pin From Net: NetName=V_SUPPLY Pin=Q3B-5
Removed Pin From Net: NetName=V_SUPPLY Pin=Q3B-6
Removed Pin From Net: NetName=V_SUPPLY Pin=Q3B-7
Removed Pin From Net: NetName=V_SUPPLY Pin=Q3B-8
Removed Pin From Net: NetName=MA_PB_SOURCE Pin=Q4A-1
Removed Pin From Net: NetName=MA_PB_SOURCE Pin=Q4A-2
Removed Pin From Net: NetName=MA_PHASE_B Pin=Q4A-5
Removed Pin From Net: NetName=MA_PHASE_B Pin=Q4A-6
Removed Pin From Net: NetName=MA_PHASE_B Pin=Q4A-7
Removed Pin From Net: NetName=MA_PHASE_B Pin=Q4A-8
Removed Pin From Net: NetName=MB_PB_SOURCE Pin=Q4B-1
Removed Pin From Net: NetName=MB_PB_SOURCE Pin=Q4B-2
Removed Pin From Net: NetName=MB_PHASE_B Pin=Q4B-5
Removed Pin From Net: NetName=MB_PHASE_B Pin=Q4B-6
Removed Pin From Net: NetName=MB_PHASE_B Pin=Q4B-7
Removed Pin From Net: NetName=MB_PHASE_B Pin=Q4B-8
Removed Pin From Net: NetName=MA_PHASE_C Pin=Q5A-1
Removed Pin From Net: NetName=MA_PHASE_C Pin=Q5A-2
Removed Pin From Net: NetName=V_SUPPLY Pin=Q5A-5
Removed Pin From Net: NetName=V_SUPPLY Pin=Q5A-6
Removed Pin From Net: NetName=V_SUPPLY Pin=Q5A-7
Removed Pin From Net: NetName=V_SUPPLY Pin=Q5A-8
Removed Pin From Net: NetName=MB_PHASE_C Pin=Q5B-1
Removed Pin From Net: NetName=MB_PHASE_C Pin=Q5B-2
Removed Pin From Net: NetName=V_SUPPLY Pin=Q5B-5
Removed Pin From Net: NetName=V_SUPPLY Pin=Q5B-6
Removed Pin From Net: NetName=V_SUPPLY Pin=Q5B-7
Removed Pin From Net: NetName=V_SUPPLY Pin=Q5B-8
Removed Pin From Net: NetName=MA_PC_SOURCE Pin=Q6A-1
Removed Pin From Net: NetName=MA_PC_SOURCE Pin=Q6A-2
Removed Pin From Net: NetName=MA_PHASE_C Pin=Q6A-5
Removed Pin From Net: NetName=MA_PHASE_C Pin=Q6A-6
Removed Pin From Net: NetName=MA_PHASE_C Pin=Q6A-7
Removed Pin From Net: NetName=MA_PHASE_C Pin=Q6A-8
Removed Pin From Net: NetName=MB_PC_SOURCE Pin=Q6B-1
Removed Pin From Net: NetName=MB_PC_SOURCE Pin=Q6B-2
Removed Pin From Net: NetName=MB_PHASE_C Pin=Q6B-5
Removed Pin From Net: NetName=MB_PHASE_C Pin=Q6B-6
Removed Pin From Net: NetName=MB_PHASE_C Pin=Q6B-7
Removed Pin From Net: NetName=MB_PHASE_C Pin=Q6B-8
Change Component DesignItemId : Designator=C33A Old DesignItemId=C2012X5R1E106K125AB New DesignItemId=TMK316AB7106KL-T
Change Component DesignItemId : Designator=C33B Old DesignItemId=C2012X5R1E106K125AB New DesignItemId=TMK316AB7106KL-T
Change Component DesignItemId : Designator=Q1A Old DesignItemId=CSD19531Q5A New DesignItemId=IPB042N10N3GATMA1
Change Component DesignItemId : Designator=Q1B Old DesignItemId=CSD19531Q5A New DesignItemId=IPB042N10N3GATMA1
Change Component DesignItemId : Designator=Q2A Old DesignItemId=CSD19531Q5A New DesignItemId=IPB042N10N3GATMA1
Change Component DesignItemId : Designator=Q2B Old DesignItemId=CSD19531Q5A New DesignItemId=IPB042N10N3GATMA1
Change Component DesignItemId : Designator=Q3A Old DesignItemId=CSD19531Q5A New DesignItemId=IPB042N10N3GATMA1
Change Component DesignItemId : Designator=Q3B Old DesignItemId=CSD19531Q5A New DesignItemId=IPB042N10N3GATMA1
Change Component DesignItemId : Designator=Q4A Old DesignItemId=CSD19531Q5A New DesignItemId=IPB042N10N3GATMA1
Change Component DesignItemId : Designator=Q4B Old DesignItemId=CSD19531Q5A New DesignItemId=IPB042N10N3GATMA1
Change Component DesignItemId : Designator=Q5A Old DesignItemId=CSD19531Q5A New DesignItemId=IPB042N10N3GATMA1
Change Component DesignItemId : Designator=Q5B Old DesignItemId=CSD19531Q5A New DesignItemId=IPB042N10N3GATMA1
Change Component DesignItemId : Designator=Q6A Old DesignItemId=CSD19531Q5A New DesignItemId=IPB042N10N3GATMA1
Change Component DesignItemId : Designator=Q6B Old DesignItemId=CSD19531Q5A New DesignItemId=IPB042N10N3GATMA1
Change Component Comment : Designator=C33A Old Comment=C2012X5R1E106K125AB New Comment=TMK316AB7106KL-T
Change Component Comment : Designator=C33B Old Comment=C2012X5R1E106K125AB New Comment=TMK316AB7106KL-T
Change Component Comment : Designator=Q1A Old Comment=CSD19531Q5A New Comment=IPB042N10N3GATMA1
Change Component Comment : Designator=Q1B Old Comment=CSD19531Q5A New Comment=IPB042N10N3GATMA1
Change Component Comment : Designator=Q2A Old Comment=CSD19531Q5A New Comment=IPB042N10N3GATMA1
Change Component Comment : Designator=Q2B Old Comment=CSD19531Q5A New Comment=IPB042N10N3GATMA1
Change Component Comment : Designator=Q3A Old Comment=CSD19531Q5A New Comment=IPB042N10N3GATMA1
Change Component Comment : Designator=Q3B Old Comment=CSD19531Q5A New Comment=IPB042N10N3GATMA1
Change Component Comment : Designator=Q4A Old Comment=CSD19531Q5A New Comment=IPB042N10N3GATMA1
Change Component Comment : Designator=Q4B Old Comment=CSD19531Q5A New Comment=IPB042N10N3GATMA1
Change Component Comment : Designator=Q5A Old Comment=CSD19531Q5A New Comment=IPB042N10N3GATMA1
Change Component Comment : Designator=Q5B Old Comment=CSD19531Q5A New Comment=IPB042N10N3GATMA1
Change Component Comment : Designator=Q6A Old Comment=CSD19531Q5A New Comment=IPB042N10N3GATMA1
Change Component Comment : Designator=Q6B Old Comment=CSD19531Q5A New Comment=IPB042N10N3GATMA1
Change Component Description : Designator=Q1A Old Description=100V 100A VSONP-8 5.3mOhm Pwr MOSFET New Description=100V D2PAK 4.2mOhm N-MOSFET
Change Component Description : Designator=Q1B Old Description=100V 100A VSONP-8 5.3mOhm Pwr MOSFET New Description=100V D2PAK 4.2mOhm N-MOSFET
Change Component Description : Designator=Q2A Old Description=100V 100A VSONP-8 5.3mOhm Pwr MOSFET New Description=100V D2PAK 4.2mOhm N-MOSFET
Change Component Description : Designator=Q2B Old Description=100V 100A VSONP-8 5.3mOhm Pwr MOSFET New Description=100V D2PAK 4.2mOhm N-MOSFET
Change Component Description : Designator=Q3A Old Description=100V 100A VSONP-8 5.3mOhm Pwr MOSFET New Description=100V D2PAK 4.2mOhm N-MOSFET
Change Component Description : Designator=Q3B Old Description=100V 100A VSONP-8 5.3mOhm Pwr MOSFET New Description=100V D2PAK 4.2mOhm N-MOSFET
Change Component Description : Designator=Q4A Old Description=100V 100A VSONP-8 5.3mOhm Pwr MOSFET New Description=100V D2PAK 4.2mOhm N-MOSFET
Change Component Description : Designator=Q4B Old Description=100V 100A VSONP-8 5.3mOhm Pwr MOSFET New Description=100V D2PAK 4.2mOhm N-MOSFET
Change Component Description : Designator=Q5A Old Description=100V 100A VSONP-8 5.3mOhm Pwr MOSFET New Description=100V D2PAK 4.2mOhm N-MOSFET
Change Component Description : Designator=Q5B Old Description=100V 100A VSONP-8 5.3mOhm Pwr MOSFET New Description=100V D2PAK 4.2mOhm N-MOSFET
Change Component Description : Designator=Q6A Old Description=100V 100A VSONP-8 5.3mOhm Pwr MOSFET New Description=100V D2PAK 4.2mOhm N-MOSFET
Change Component Description : Designator=Q6B Old Description=100V 100A VSONP-8 5.3mOhm Pwr MOSFET New Description=100V D2PAK 4.2mOhm N-MOSFET
Change Component Library : Designator=Q2A Old Library= New Library=Q.SchLib
Change Component Library : Designator=Q2B Old Library= New Library=Q.SchLib
Change Component Library : Designator=Q4A Old Library= New Library=Q.SchLib
Change Component Library : Designator=Q4B Old Library= New Library=Q.SchLib
Change Component Library : Designator=Q6A Old Library= New Library=Q.SchLib
Change Component Library : Designator=Q6B Old Library= New Library=Q.SchLib
Added Pin To Net: NetName=V_SUPPLY Pin=Q1A-2
Added Pin To Net: NetName=V_SUPPLY Pin=Q1B-2
Added Pin To Net: NetName=MA_PHASE_A Pin=Q2A-2
Added Pin To Net: NetName=MB_PHASE_A Pin=Q2B-2
Added Pin To Net: NetName=V_SUPPLY Pin=Q3A-2
Added Pin To Net: NetName=V_SUPPLY Pin=Q3B-2
Added Pin To Net: NetName=MA_PHASE_B Pin=Q4A-2
Added Pin To Net: NetName=MB_PHASE_B Pin=Q4B-2
Added Pin To Net: NetName=V_SUPPLY Pin=Q5A-2
Added Pin To Net: NetName=V_SUPPLY Pin=Q5B-2
Added Pin To Net: NetName=MA_PHASE_C Pin=Q6A-2
Added Pin To Net: NetName=MB_PHASE_C Pin=Q6B-2
Added Pin To Net: NetName=NetQ1A_1 Pin=Q1A-1
Added Pin To Net: NetName=NetQ1A_1 Pin=R1A-2
Added Net: Name=NetQ1A_1
Added Pin To Net: NetName=NetQ1B_1 Pin=Q1B-1
Added Pin To Net: NetName=NetQ1B_1 Pin=R1B-2
Added Net: Name=NetQ1B_1
Added Pin To Net: NetName=NetQ2A_1 Pin=Q2A-1
Added Pin To Net: NetName=NetQ2A_1 Pin=R2A-2
Added Pin To Net: NetName=NetQ2A_1 Pin=R7A-2
Added Net: Name=NetQ2A_1
Added Pin To Net: NetName=NetQ2B_1 Pin=Q2B-1
Added Pin To Net: NetName=NetQ2B_1 Pin=R2B-2
Added Pin To Net: NetName=NetQ2B_1 Pin=R7B-2
Added Net: Name=NetQ2B_1
Added Pin To Net: NetName=NetQ3A_1 Pin=Q3A-1
Added Pin To Net: NetName=NetQ3A_1 Pin=R3A-2
Added Net: Name=NetQ3A_1
Added Pin To Net: NetName=NetQ3B_1 Pin=Q3B-1
Added Pin To Net: NetName=NetQ3B_1 Pin=R3B-2
Added Net: Name=NetQ3B_1
Added Pin To Net: NetName=NetQ4A_1 Pin=Q4A-1
Added Pin To Net: NetName=NetQ4A_1 Pin=R4A-2
Added Pin To Net: NetName=NetQ4A_1 Pin=R8A-2
Added Net: Name=NetQ4A_1
Added Pin To Net: NetName=NetQ4B_1 Pin=Q4B-1
Added Pin To Net: NetName=NetQ4B_1 Pin=R4B-2
Added Pin To Net: NetName=NetQ4B_1 Pin=R8B-2
Added Net: Name=NetQ4B_1
Added Pin To Net: NetName=NetQ5A_1 Pin=Q5A-1
Added Pin To Net: NetName=NetQ5A_1 Pin=R5A-2
Added Net: Name=NetQ5A_1
Added Pin To Net: NetName=NetQ5B_1 Pin=Q5B-1
Added Pin To Net: NetName=NetQ5B_1 Pin=R5B-2
Added Net: Name=NetQ5B_1
Added Pin To Net: NetName=NetQ6A_1 Pin=Q6A-1
Added Pin To Net: NetName=NetQ6A_1 Pin=R6A-2
Added Pin To Net: NetName=NetQ6A_1 Pin=R9A-2
Added Net: Name=NetQ6A_1
Added Pin To Net: NetName=NetQ6B_1 Pin=Q6B-1
Added Pin To Net: NetName=NetQ6B_1 Pin=R6B-2
Added Pin To Net: NetName=NetQ6B_1 Pin=R9B-2
Added Net: Name=NetQ6B_1
