Removed Pin From Net: NetName=VCC_12V Pin=L1A-2
Removed Pin From Net: NetName=GND Pin=R33A-1
Removed Pin From Net: NetName=VCC_12V Pin=R34A-2
Removed Pin From Net: NetName=VCC_12V_SD Pin=R35A-1
Removed Pin From Net: NetName=V_SUPPLY Pin=R35A-2
Removed Member From Class: ClassName=Vesc_Simple_2 Member=C21A
Removed Member From Class: ClassName=Vesc_Simple_2 Member=C22A
Removed Member From Class: ClassName=Vesc_Simple_2 Member=L1A
Removed Member From Class: ClassName=Vesc_Simple_2 Member=R33A
Removed Member From Class: ClassName=Vesc_Simple_2 Member=R35A
Removed Member From Class: ClassName=Vesc_Simple_2 Member=R36A
Change Component DesignItemId : Designator=C3A Old DesignItemId=GCM155R71E103JA37D New DesignItemId=C0402C104K3RACTU
Change Component Comment : Designator=C3A Old Comment=GCM155R71E103JA37D New Comment=C0402C104K3RACTU
Change Component Description : Designator=C3A Old Description=CAP 0402 10nF 25V New Description=CAP 0402 100nF 10V
Added Component: Designator=C70(CAP 0402)
Added Component: Designator=C71(CAP 0402)
Added Component: Designator=L2(SRN8040TA)
Added Component: Designator=R24(RES 0402)
Added Component: Designator=R80(RES 0402)
Added Component: Designator=U10(SOIC-8)
Added Pin To Net: NetName=VCC_12V Pin=L2-2
Added Pin To Net: NetName=VCC_12V Pin=R24-1
Added Pin To Net: NetName=GND Pin=R34A-1
Added Pin To Net: NetName=VCC_12V Pin=R80-2
Added Pin To Net: NetName=V_SUPPLY Pin=U10-3
Added Pin To Net: NetName=GND Pin=U10-8
Added Pin To Net: NetName=NetC70_1 Pin=C70-1
Added Pin To Net: NetName=NetC70_1 Pin=D3A-2
Added Pin To Net: NetName=NetC70_1 Pin=L2-1
Added Pin To Net: NetName=NetC70_1 Pin=U10-5
Added Net: Name=NetC70_1
Added Pin To Net: NetName=NetC70_2 Pin=C70-2
Added Pin To Net: NetName=NetC70_2 Pin=U10-4
Added Net: Name=NetC70_2
Added Pin To Net: NetName=NetC71_1 Pin=C71-1
Added Pin To Net: NetName=NetC71_1 Pin=R34A-2
Added Pin To Net: NetName=NetC71_1 Pin=R80-1
Added Pin To Net: NetName=NetC71_1 Pin=U10-1
Added Net: Name=NetC71_1
Added Pin To Net: NetName=NetC71_2 Pin=C71-2
Added Pin To Net: NetName=NetC71_2 Pin=R24-2
Added Net: Name=NetC71_2
Added Pin To Net: NetName=NetU10_6 Pin=U10-6
Added Pin To Net: NetName=NetU10_6 Pin=U10-7
Added Net: Name=NetU10_6
Added Member To Class: ClassName=Vesc_Simple_2 Member=Component C23B GRM155C81C225ME15D
Added Member To Class: ClassName=Vesc_Simple_2 Member=Component C70 C0402C104K3RACTU
Added Member To Class: ClassName=Vesc_Simple_2 Member=Component C71 C0402C104K3RACTU
Added Member To Class: ClassName=Vesc_Simple_2 Member=Component L2 SRN8040TA-470M
Added Member To Class: ClassName=Vesc_Simple_2 Member=Component R14B ERJ-2RKF2201X
Added Member To Class: ClassName=Vesc_Simple_2 Member=Component R15B ERJ-2RKF2201X
Added Member To Class: ClassName=Vesc_Simple_2 Member=Component R24 ERJ-2RKF2201X
Added Member To Class: ClassName=Vesc_Simple_2 Member=Component R80 ERJ-2RKF6203X
Added Member To Class: ClassName=Vesc_Simple_2 Member=Component U10 MP9486AGN
