Removed Pin From Net: NetName=GND Pin=U3B-0
Removed Pin From Net: NetName=GND Pin=U3B-1
Removed Pin From Net: NetName=VCC_12V Pin=U3B-5
Removed Pin From Net: NetName=V_SUPPLY Pin=U3B-6
Removed Pin From Net: NetName=MB_PA_HI Pin=U3B-8
Removed Pin From Net: NetName=MB_PHASE_A Pin=U3B-9
Removed Pin From Net: NetName=MB_PA_LO Pin=U3B-10
Removed Pin From Net: NetName=MB_PA_SOURCE_F Pin=U3B-11
Removed Pin From Net: NetName=MB_PA_AGND_F Pin=U3B-12
Removed Pin From Net: NetName=MB_PB_LO Pin=U3B-15
Removed Pin From Net: NetName=MB_PHASE_B Pin=U3B-16
Removed Pin From Net: NetName=MB_PB_HI Pin=U3B-17
Removed Pin From Net: NetName=MB_PC_HI Pin=U3B-18
Removed Pin From Net: NetName=MB_PHASE_C Pin=U3B-19
Removed Pin From Net: NetName=MB_PC_LO Pin=U3B-20
Removed Pin From Net: NetName=MB_PC_SOURCE_F Pin=U3B-21
Removed Pin From Net: NetName=MB_PC_AGND_F Pin=U3B-22
Removed Pin From Net: NetName=MB_CURRENT_C Pin=U3B-23
Removed Pin From Net: NetName=MB_CURRENT_A Pin=U3B-25
Removed Pin From Net: NetName=VCC_3V3 Pin=U3B-26
Removed Pin From Net: NetName=MB_AGND Pin=U3B-27
Removed Pin From Net: NetName=MB_NFAULT Pin=U3B-28
Removed Pin From Net: NetName=MB_H1 Pin=U3B-34
Removed Pin From Net: NetName=MB_L1 Pin=U3B-35
Removed Pin From Net: NetName=MB_H2 Pin=U3B-36
Removed Pin From Net: NetName=MB_L2 Pin=U3B-37
Removed Pin From Net: NetName=MB_H3 Pin=U3B-38
Removed Pin From Net: NetName=MB_L3 Pin=U3B-39
Removed Pin From Net: NetName=GND Pin=U3B-41
Removed Pin From Net: NetName=V_SUPPLY Pin=U3B-43
Removed Member From Class: ClassName=Vesc_Simple_2 Member=U3B
