Replace Part C1B GCM1555C1H180JA16D in C:\shared\nextcloud\Altium\Projects\FreeWheel\MASTER\CIV.SchDoc with GCM1555C1H180JA16D from C.SchLib
Replace Part C2B GCM1555C1H180JA16D in C:\shared\nextcloud\Altium\Projects\FreeWheel\MASTER\CIV.SchDoc with GCM1555C1H180JA16D from C.SchLib
Replace Part C3A C0402C104K3RACTU in C:\shared\nextcloud\Altium\Projects\FreeWheel\MASTER\CIV.SchDoc with C0402C104K3RACTU from C.SchLib
Replace Part C3B C0402C104K3RACTU in C:\shared\nextcloud\Altium\Projects\FreeWheel\MASTER\CIV.SchDoc with C0402C104K3RACTU from C.SchLib
Replace Part C4A GRM155C81C225ME15D in C:\shared\nextcloud\Altium\Projects\FreeWheel\MASTER\CIV.SchDoc with GRM155C81C225ME15D from C.SchLib
Replace Part C5A GRM155C81C225ME15D in C:\shared\nextcloud\Altium\Projects\FreeWheel\MASTER\CIV.SchDoc with GRM155C81C225ME15D from C.SchLib
Replace Part C6A GRM155C81C225ME15D in C:\shared\nextcloud\Altium\Projects\FreeWheel\MASTER\CIV.SchDoc with GRM155C81C225ME15D from C.SchLib
Replace Part C7A GRM155C81C225ME15D in C:\shared\nextcloud\Altium\Projects\FreeWheel\MASTER\CIV.SchDoc with GRM155C81C225ME15D from C.SchLib
Replace Part C8A GRM155C81C225ME15D in C:\shared\nextcloud\Altium\Projects\FreeWheel\MASTER\CIV.SchDoc with GRM155C81C225ME15D from C.SchLib
Replace Part C9A GRM155C81C225ME15D in C:\shared\nextcloud\Altium\Projects\FreeWheel\MASTER\CIV.SchDoc with GRM155C81C225ME15D from C.SchLib
Replace Part C10A GRM155C81C225ME15D in C:\shared\nextcloud\Altium\Projects\FreeWheel\MASTER\CIV.SchDoc with GRM155C81C225ME15D from C.SchLib
Replace Part C11A GRM155C81C225ME15D in C:\shared\nextcloud\Altium\Projects\FreeWheel\MASTER\CIV.SchDoc with GRM155C81C225ME15D from C.SchLib
Replace Part C12A GCM155R72A222KA37D in C:\shared\nextcloud\Altium\Projects\FreeWheel\MASTER\CIV.SchDoc with GCM155R72A222KA37D from C.SchLib
Replace Part C12B GCM155R72A222KA37D in C:\shared\nextcloud\Altium\Projects\FreeWheel\MASTER\CIV.SchDoc with GCM155R72A222KA37D from C.SchLib
Replace Part C13A GCM155R72A222KA37D in C:\shared\nextcloud\Altium\Projects\FreeWheel\MASTER\CIV.SchDoc with GCM155R72A222KA37D from C.SchLib
Replace Part C13B GCM155R72A222KA37D in C:\shared\nextcloud\Altium\Projects\FreeWheel\MASTER\CIV.SchDoc with GCM155R72A222KA37D from C.SchLib
Replace Part C14A GCM155R72A222KA37D in C:\shared\nextcloud\Altium\Projects\FreeWheel\MASTER\CIV.SchDoc with GCM155R72A222KA37D from C.SchLib
Replace Part C14B GCM155R72A222KA37D in C:\shared\nextcloud\Altium\Projects\FreeWheel\MASTER\CIV.SchDoc with GCM155R72A222KA37D from C.SchLib
Replace Part C15A GCM155R72A222KA37D in C:\shared\nextcloud\Altium\Projects\FreeWheel\MASTER\CIV.SchDoc with GCM155R72A222KA37D from C.SchLib
Replace Part C15B GCM155R72A222KA37D in C:\shared\nextcloud\Altium\Projects\FreeWheel\MASTER\CIV.SchDoc with GCM155R72A222KA37D from C.SchLib
Replace Part C17A GCM155R72A222KA37D in C:\shared\nextcloud\Altium\Projects\FreeWheel\MASTER\CIV.SchDoc with GCM155R72A222KA37D from C.SchLib
Replace Part C17B GCM155R72A222KA37D in C:\shared\nextcloud\Altium\Projects\FreeWheel\MASTER\CIV.SchDoc with GCM155R72A222KA37D from C.SchLib
Replace Part C18A GRM155C81C225ME15D in C:\shared\nextcloud\Altium\Projects\FreeWheel\MASTER\CIV.SchDoc with GRM155C81C225ME15D from C.SchLib
Replace Part C18B GRM155C81C225ME15D in C:\shared\nextcloud\Altium\Projects\FreeWheel\MASTER\CIV.SchDoc with GRM155C81C225ME15D from C.SchLib
Replace Part C19A C0603C473K1RECAUTO in C:\shared\nextcloud\Altium\Projects\FreeWheel\MASTER\CIV.SchDoc with C0603C473K1RECAUTO from C.SchLib
Replace Part C19B C0603C473K1RECAUTO in C:\shared\nextcloud\Altium\Projects\FreeWheel\MASTER\CIV.SchDoc with C0603C473K1RECAUTO from C.SchLib
Replace Part C20A GRJ31CR72A105KE11L in C:\shared\nextcloud\Altium\Projects\FreeWheel\MASTER\CIV.SchDoc with GRJ31CR72A105KE11L from C.SchLib
Replace Part C20B GRJ31CR72A105KE11L in C:\shared\nextcloud\Altium\Projects\FreeWheel\MASTER\CIV.SchDoc with GRJ31CR72A105KE11L from C.SchLib
Replace Part C21A GCM155R71E103JA37D in C:\shared\nextcloud\Altium\Projects\FreeWheel\MASTER\CIV.SchDoc with GCM155R71E103JA37D from C.SchLib
Replace Part C21B GCM155R71E103JA37D in C:\shared\nextcloud\Altium\Projects\FreeWheel\MASTER\CIV.SchDoc with GCM155R71E103JA37D from C.SchLib
Replace Part C22A GRM155C81C225ME15D in C:\shared\nextcloud\Altium\Projects\FreeWheel\MASTER\CIV.SchDoc with GRM155C81C225ME15D from C.SchLib
Replace Part C22B GRM155C81C225ME15D in C:\shared\nextcloud\Altium\Projects\FreeWheel\MASTER\CIV.SchDoc with GRM155C81C225ME15D from C.SchLib
Replace Part C23A GRM155C81C225ME15D in C:\shared\nextcloud\Altium\Projects\FreeWheel\MASTER\CIV.SchDoc with GRM155C81C225ME15D from C.SchLib
Replace Part C23B GRM155C81C225ME15D in C:\shared\nextcloud\Altium\Projects\FreeWheel\MASTER\CIV.SchDoc with GRM155C81C225ME15D from C.SchLib
Replace Part C30A GRM155C81C225ME15D in C:\shared\nextcloud\Altium\Projects\FreeWheel\MASTER\CIV.SchDoc with GRM155C81C225ME15D from C.SchLib
Replace Part C33A TMK316AB7106KL-T in C:\shared\nextcloud\Altium\Projects\FreeWheel\MASTER\CIV.SchDoc with TMK316AB7106KL-T from C.SchLib
Replace Part C33B TMK316AB7106KL-T in C:\shared\nextcloud\Altium\Projects\FreeWheel\MASTER\CIV.SchDoc with TMK316AB7106KL-T from C.SchLib
Replace Part C34A GRM155C81C225ME15D in C:\shared\nextcloud\Altium\Projects\FreeWheel\MASTER\CIV.SchDoc with GRM155C81C225ME15D from C.SchLib
Replace Part C34A GRM155C81C225ME15D in C:\shared\nextcloud\Altium\Projects\FreeWheel\MASTER\CIV.SchDoc with GRM155C81C225ME15D from C.SchLib
Replace Part C34B GRM155C81C225ME15D in C:\shared\nextcloud\Altium\Projects\FreeWheel\MASTER\CIV.SchDoc with GRM155C81C225ME15D from C.SchLib
Replace Part C35A CGA6M3X7S2A475M200AB in C:\shared\nextcloud\Altium\Projects\FreeWheel\MASTER\CIV.SchDoc with CGA6M3X7S2A475M200AB from C.SchLib
Replace Part C36A CGA6M3X7S2A475M200AB in C:\shared\nextcloud\Altium\Projects\FreeWheel\MASTER\CIV.SchDoc with CGA6M3X7S2A475M200AB from C.SchLib
Replace Part C37A CGA6M3X7S2A475M200AB in C:\shared\nextcloud\Altium\Projects\FreeWheel\MASTER\CIV.SchDoc with CGA6M3X7S2A475M200AB from C.SchLib
Replace Part C38A GRM155C81C225ME15D in C:\shared\nextcloud\Altium\Projects\FreeWheel\MASTER\CIV.SchDoc with GRM155C81C225ME15D from C.SchLib
Replace Part C38B GRM155C81C225ME15D in C:\shared\nextcloud\Altium\Projects\FreeWheel\MASTER\CIV.SchDoc with GRM155C81C225ME15D from C.SchLib
Replace Part C40A TMK316AB7106KL-T in C:\shared\nextcloud\Altium\Projects\FreeWheel\MASTER\CIV.SchDoc with TMK316AB7106KL-T from C.SchLib
Replace Part C41A C0402C104K3RACTU in C:\shared\nextcloud\Altium\Projects\FreeWheel\MASTER\CIV.SchDoc with C0402C104K3RACTU from C.SchLib
Replace Part D1A LTST-C190KRKT in C:\shared\nextcloud\Altium\Projects\FreeWheel\MASTER\CIV.SchDoc with LTST-C190KRKT from LED.SchLib
Replace Part D1B LTST-C190KRKT in C:\shared\nextcloud\Altium\Projects\FreeWheel\MASTER\CIV.SchDoc with LTST-C190KRKT from LED.SchLib
Replace Part D3A NSR02100HT1G in C:\shared\nextcloud\Altium\Projects\FreeWheel\MASTER\CIV.SchDoc with NSR02100HT1G from D.SchLib
Replace Part D3B NSR02100HT1G in C:\shared\nextcloud\Altium\Projects\FreeWheel\MASTER\CIV.SchDoc with NSR02100HT1G from D.SchLib
Replace Part JB XT30_S in C:\shared\nextcloud\Altium\Projects\FreeWheel\MASTER\CIV.SchDoc with XT30_S from J.SchLib
Replace Part JHA B05B-PASK in C:\shared\nextcloud\Altium\Projects\FreeWheel\MASTER\CIV.SchDoc with B05B-PASK from J.SchLib
Replace Part JHB B05B-PASK in C:\shared\nextcloud\Altium\Projects\FreeWheel\MASTER\CIV.SchDoc with B05B-PASK from J.SchLib
Replace Part L1 LQM2HPN4R7MG0L in C:\shared\nextcloud\Altium\Projects\FreeWheel\MASTER\CIV.SchDoc with LQM2HPN4R7MG0L from L.SchLib
Replace Part L1A SDE0805A-331K in C:\shared\nextcloud\Altium\Projects\FreeWheel\MASTER\CIV.SchDoc with SDE0805A-331K from L.SchLib
Replace Part L1B SDE0805A-331K in C:\shared\nextcloud\Altium\Projects\FreeWheel\MASTER\CIV.SchDoc with SDE0805A-331K from L.SchLib
Replace Part Q1A CSD19531Q5A in C:\shared\nextcloud\Altium\Projects\FreeWheel\MASTER\CIV.SchDoc with CSD19531Q5A from Q.SchLib
Replace Part Q1B CSD19531Q5A in C:\shared\nextcloud\Altium\Projects\FreeWheel\MASTER\CIV.SchDoc with CSD19531Q5A from Q.SchLib
Replace Part Q1C CSD19531Q5A in C:\shared\nextcloud\Altium\Projects\FreeWheel\MASTER\CIV.SchDoc with CSD19531Q5A from Q.SchLib
Replace Part Q2A CSD19531Q5A in C:\shared\nextcloud\Altium\Projects\FreeWheel\MASTER\CIV.SchDoc with CSD19531Q5A from Q.SchLib
Replace Part Q2B CSD19531Q5A in C:\shared\nextcloud\Altium\Projects\FreeWheel\MASTER\CIV.SchDoc with CSD19531Q5A from Q.SchLib
Replace Part Q2C CSD19531Q5A in C:\shared\nextcloud\Altium\Projects\FreeWheel\MASTER\CIV.SchDoc with CSD19531Q5A from Q.SchLib
Replace Part Q3A CSD19531Q5A in C:\shared\nextcloud\Altium\Projects\FreeWheel\MASTER\CIV.SchDoc with CSD19531Q5A from Q.SchLib
Replace Part Q3B CSD19531Q5A in C:\shared\nextcloud\Altium\Projects\FreeWheel\MASTER\CIV.SchDoc with CSD19531Q5A from Q.SchLib
Replace Part Q4A CSD19531Q5A in C:\shared\nextcloud\Altium\Projects\FreeWheel\MASTER\CIV.SchDoc with CSD19531Q5A from Q.SchLib
Replace Part Q4B CSD19531Q5A in C:\shared\nextcloud\Altium\Projects\FreeWheel\MASTER\CIV.SchDoc with CSD19531Q5A from Q.SchLib
Replace Part Q5A CSD19531Q5A in C:\shared\nextcloud\Altium\Projects\FreeWheel\MASTER\CIV.SchDoc with CSD19531Q5A from Q.SchLib
Replace Part Q5B CSD19531Q5A in C:\shared\nextcloud\Altium\Projects\FreeWheel\MASTER\CIV.SchDoc with CSD19531Q5A from Q.SchLib
Replace Part Q6A CSD19531Q5A in C:\shared\nextcloud\Altium\Projects\FreeWheel\MASTER\CIV.SchDoc with CSD19531Q5A from Q.SchLib
Replace Part Q6B CSD19531Q5A in C:\shared\nextcloud\Altium\Projects\FreeWheel\MASTER\CIV.SchDoc with CSD19531Q5A from Q.SchLib
Replace Part R1A ERJ-PA3J4R7V in C:\shared\nextcloud\Altium\Projects\FreeWheel\MASTER\CIV.SchDoc with ERJ-PA3J4R7V from R.SchLib
Replace Part R1B ERJ-PA3J4R7V in C:\shared\nextcloud\Altium\Projects\FreeWheel\MASTER\CIV.SchDoc with ERJ-PA3J4R7V from R.SchLib
Replace Part R1C ERJ-PA3J4R7V in C:\shared\nextcloud\Altium\Projects\FreeWheel\MASTER\CIV.SchDoc with ERJ-PA3J4R7V from R.SchLib
Replace Part R2A ERJ-PA3J4R7V in C:\shared\nextcloud\Altium\Projects\FreeWheel\MASTER\CIV.SchDoc with ERJ-PA3J4R7V from R.SchLib
Replace Part R2B ERJ-PA3J4R7V in C:\shared\nextcloud\Altium\Projects\FreeWheel\MASTER\CIV.SchDoc with ERJ-PA3J4R7V from R.SchLib
Replace Part R3A ERJ-PA3J4R7V in C:\shared\nextcloud\Altium\Projects\FreeWheel\MASTER\CIV.SchDoc with ERJ-PA3J4R7V from R.SchLib
Replace Part R3B ERJ-PA3J4R7V in C:\shared\nextcloud\Altium\Projects\FreeWheel\MASTER\CIV.SchDoc with ERJ-PA3J4R7V from R.SchLib
Replace Part R4A ERJ-PA3J4R7V in C:\shared\nextcloud\Altium\Projects\FreeWheel\MASTER\CIV.SchDoc with ERJ-PA3J4R7V from R.SchLib
Replace Part R4B ERJ-PA3J4R7V in C:\shared\nextcloud\Altium\Projects\FreeWheel\MASTER\CIV.SchDoc with ERJ-PA3J4R7V from R.SchLib
Replace Part R5 ERJ-2RKF3902X in C:\shared\nextcloud\Altium\Projects\FreeWheel\MASTER\CIV.SchDoc with ERJ-2RKF3902X from R.SchLib
Replace Part R5A ERJ-PA3J4R7V in C:\shared\nextcloud\Altium\Projects\FreeWheel\MASTER\CIV.SchDoc with ERJ-PA3J4R7V from R.SchLib
Replace Part R5B ERJ-PA3J4R7V in C:\shared\nextcloud\Altium\Projects\FreeWheel\MASTER\CIV.SchDoc with ERJ-PA3J4R7V from R.SchLib
Replace Part R6 ERJ-2RKF2201X in C:\shared\nextcloud\Altium\Projects\FreeWheel\MASTER\CIV.SchDoc with ERJ-2RKF2201X from R.SchLib
Replace Part R6A ERJ-PA3J4R7V in C:\shared\nextcloud\Altium\Projects\FreeWheel\MASTER\CIV.SchDoc with ERJ-PA3J4R7V from R.SchLib
Replace Part R6B ERJ-PA3J4R7V in C:\shared\nextcloud\Altium\Projects\FreeWheel\MASTER\CIV.SchDoc with ERJ-PA3J4R7V from R.SchLib
Replace Part R7B ERJ-2RKF3902X in C:\shared\nextcloud\Altium\Projects\FreeWheel\MASTER\CIV.SchDoc with ERJ-2RKF3902X from R.SchLib
Replace Part R8B ERJ-2RKF3902X in C:\shared\nextcloud\Altium\Projects\FreeWheel\MASTER\CIV.SchDoc with ERJ-2RKF3902X from R.SchLib
Replace Part R9B ERJ-2RKF3902X in C:\shared\nextcloud\Altium\Projects\FreeWheel\MASTER\CIV.SchDoc with ERJ-2RKF3902X from R.SchLib
Replace Part R10 ERT-J0EG202GM in C:\shared\nextcloud\Altium\Projects\FreeWheel\MASTER\CIV.SchDoc with ERT-J0EG202GM from R.SchLib
Replace Part R10A CSR2512C0R0005F in C:\shared\nextcloud\Altium\Projects\FreeWheel\MASTER\CIV.SchDoc with CSR2512C0R0005F from R.SchLib
Replace Part R10B CSR2512C0R0005F in C:\shared\nextcloud\Altium\Projects\FreeWheel\MASTER\CIV.SchDoc with CSR2512C0R0005F from R.SchLib
Replace Part R11 ERJ-2RKF2201X in C:\shared\nextcloud\Altium\Projects\FreeWheel\MASTER\CIV.SchDoc with ERJ-2RKF2201X from R.SchLib
Replace Part R12A CSR2512C0R0005F in C:\shared\nextcloud\Altium\Projects\FreeWheel\MASTER\CIV.SchDoc with CSR2512C0R0005F from R.SchLib
Replace Part R12B CSR2512C0R0005F in C:\shared\nextcloud\Altium\Projects\FreeWheel\MASTER\CIV.SchDoc with CSR2512C0R0005F from R.SchLib
Replace Part R13 ERJ-2RKF1002X in C:\shared\nextcloud\Altium\Projects\FreeWheel\MASTER\CIV.SchDoc with ERJ-2RKF1002X from R.SchLib
Replace Part R13A ERJ-2RKF2201X in C:\shared\nextcloud\Altium\Projects\FreeWheel\MASTER\CIV.SchDoc with ERJ-2RKF2201X from R.SchLib
Replace Part R13B ERJ-2RKF2201X in C:\shared\nextcloud\Altium\Projects\FreeWheel\MASTER\CIV.SchDoc with ERJ-2RKF2201X from R.SchLib
Replace Part R14A ERJ-2RKF2201X in C:\shared\nextcloud\Altium\Projects\FreeWheel\MASTER\CIV.SchDoc with ERJ-2RKF2201X from R.SchLib
Replace Part R14B ERJ-2RKF2201X in C:\shared\nextcloud\Altium\Projects\FreeWheel\MASTER\CIV.SchDoc with ERJ-2RKF2201X from R.SchLib
Replace Part R15A ERJ-2RKF2201X in C:\shared\nextcloud\Altium\Projects\FreeWheel\MASTER\CIV.SchDoc with ERJ-2RKF2201X from R.SchLib
Replace Part R15B ERJ-2RKF2201X in C:\shared\nextcloud\Altium\Projects\FreeWheel\MASTER\CIV.SchDoc with ERJ-2RKF2201X from R.SchLib
Replace Part R16A ERJ-2RKF1002X in C:\shared\nextcloud\Altium\Projects\FreeWheel\MASTER\CIV.SchDoc with ERJ-2RKF1002X from R.SchLib
Replace Part R16B ERJ-2RKF1002X in C:\shared\nextcloud\Altium\Projects\FreeWheel\MASTER\CIV.SchDoc with ERJ-2RKF1002X from R.SchLib
Replace Part R17A ERJ-2RKF1002X in C:\shared\nextcloud\Altium\Projects\FreeWheel\MASTER\CIV.SchDoc with ERJ-2RKF1002X from R.SchLib
Replace Part R17B ERJ-2RKF1002X in C:\shared\nextcloud\Altium\Projects\FreeWheel\MASTER\CIV.SchDoc with ERJ-2RKF1002X from R.SchLib
Replace Part R18A ERJ-2RKF1002X in C:\shared\nextcloud\Altium\Projects\FreeWheel\MASTER\CIV.SchDoc with ERJ-2RKF1002X from R.SchLib
Replace Part R18B ERJ-2RKF1002X in C:\shared\nextcloud\Altium\Projects\FreeWheel\MASTER\CIV.SchDoc with ERJ-2RKF1002X from R.SchLib
Replace Part R25A ERJ-2RKF1000X in C:\shared\nextcloud\Altium\Projects\FreeWheel\MASTER\CIV.SchDoc with ERJ-2RKF1000X from R.SchLib
Replace Part R25B ERJ-2RKF1000X in C:\shared\nextcloud\Altium\Projects\FreeWheel\MASTER\CIV.SchDoc with ERJ-2RKF1000X from R.SchLib
Replace Part R26A ERJ-2RKF1000X in C:\shared\nextcloud\Altium\Projects\FreeWheel\MASTER\CIV.SchDoc with ERJ-2RKF1000X from R.SchLib
Replace Part R26B ERJ-2RKF1000X in C:\shared\nextcloud\Altium\Projects\FreeWheel\MASTER\CIV.SchDoc with ERJ-2RKF1000X from R.SchLib
Replace Part R29A ERJ-2RKF1000X in C:\shared\nextcloud\Altium\Projects\FreeWheel\MASTER\CIV.SchDoc with ERJ-2RKF1000X from R.SchLib
Replace Part R29B ERJ-2RKF1000X in C:\shared\nextcloud\Altium\Projects\FreeWheel\MASTER\CIV.SchDoc with ERJ-2RKF1000X from R.SchLib
Replace Part R30A ERJ-2RKF1000X in C:\shared\nextcloud\Altium\Projects\FreeWheel\MASTER\CIV.SchDoc with ERJ-2RKF1000X from R.SchLib
Replace Part R30B ERJ-2RKF1000X in C:\shared\nextcloud\Altium\Projects\FreeWheel\MASTER\CIV.SchDoc with ERJ-2RKF1000X from R.SchLib
Replace Part R32A ERJ-2RKF1000X in C:\shared\nextcloud\Altium\Projects\FreeWheel\MASTER\CIV.SchDoc with ERJ-2RKF1000X from R.SchLib
Replace Part R32B ERJ-2RKF1000X in C:\shared\nextcloud\Altium\Projects\FreeWheel\MASTER\CIV.SchDoc with ERJ-2RKF1000X from R.SchLib
Replace Part R33A ERJ-2RKF3162X in C:\shared\nextcloud\Altium\Projects\FreeWheel\MASTER\CIV.SchDoc with ERJ-2RKF3162X from R.SchLib
Replace Part R33B ERJ-2RKF2611X in C:\shared\nextcloud\Altium\Projects\FreeWheel\MASTER\CIV.SchDoc with ERJ-2RKF2611X from R.SchLib
Replace Part R34A ERJ-2RKF1002X in C:\shared\nextcloud\Altium\Projects\FreeWheel\MASTER\CIV.SchDoc with ERJ-2RKF1002X from R.SchLib
Replace Part R34B ERJ-2RKF1002X in C:\shared\nextcloud\Altium\Projects\FreeWheel\MASTER\CIV.SchDoc with ERJ-2RKF1002X from R.SchLib
Replace Part R35A ERJ-2RKF2743X in C:\shared\nextcloud\Altium\Projects\FreeWheel\MASTER\CIV.SchDoc with ERJ-2RKF2743X from R.SchLib
Replace Part R35B ERJ-2RKF2743X in C:\shared\nextcloud\Altium\Projects\FreeWheel\MASTER\CIV.SchDoc with ERJ-2RKF2743X from R.SchLib
Replace Part R36A ERJ-2RKF1333X in C:\shared\nextcloud\Altium\Projects\FreeWheel\MASTER\CIV.SchDoc with ERJ-2RKF1333X from R.SchLib
Replace Part R36B ERJ-2RKF1003X in C:\shared\nextcloud\Altium\Projects\FreeWheel\MASTER\CIV.SchDoc with ERJ-2RKF1003X from R.SchLib
Replace Part R38A ERJ-2RKF3902X in C:\shared\nextcloud\Altium\Projects\FreeWheel\MASTER\CIV.SchDoc with ERJ-2RKF3902X from R.SchLib
Replace Part R38B ERJ-2RKF3902X in C:\shared\nextcloud\Altium\Projects\FreeWheel\MASTER\CIV.SchDoc with ERJ-2RKF3902X from R.SchLib
Replace Part R40A ERJ-2RKF2201X in C:\shared\nextcloud\Altium\Projects\FreeWheel\MASTER\CIV.SchDoc with ERJ-2RKF2201X from R.SchLib
Replace Part R40B ERJ-2RKF2201X in C:\shared\nextcloud\Altium\Projects\FreeWheel\MASTER\CIV.SchDoc with ERJ-2RKF2201X from R.SchLib
Replace Part R41A ERJ-2RKF1002X in C:\shared\nextcloud\Altium\Projects\FreeWheel\MASTER\CIV.SchDoc with ERJ-2RKF1002X from R.SchLib
Replace Part R42A ERJ-2RKF3651X in C:\shared\nextcloud\Altium\Projects\FreeWheel\MASTER\CIV.SchDoc with ERJ-2RKF3651X from R.SchLib
Replace Part R91 ERJ-2GE0R00X in C:\shared\nextcloud\Altium\Projects\FreeWheel\MASTER\CIV.SchDoc with ERJ-2GE0R00X from R.SchLib
Replace Part U1 TPS561201 in C:\shared\nextcloud\Altium\Projects\FreeWheel\MASTER\CIV.SchDoc with TPS561201 from U.SchLib
Replace Part U2 STM32F405RGT6(V2) in C:\shared\nextcloud\Altium\Projects\FreeWheel\MASTER\CIV.SchDoc with STM32F405RGT6(V2) from U.SchLib
Replace Part Y1B CSTNE8M00G550000R0 in C:\shared\nextcloud\Altium\Projects\FreeWheel\MASTER\CIV.SchDoc with CSTNE8M00G550000R0 from Y.SchLib
