Removed Pin From Net: NetName=NetC41A_1 Pin=C41A-1
Removed Pin From Net: NetName=NetC41A_2 Pin=C41A-2
Removed Pin From Net: NetName=NetC41A_1 Pin=L1-2
Removed Pin From Net: NetName=NetR42A_2 Pin=R42A-2
Removed Pin From Net: NetName=GND Pin=U1-1
Removed Pin From Net: NetName=NetC41A_1 Pin=U1-2
Removed Pin From Net: NetName=VCC_12V Pin=U1-3
Removed Pin From Net: NetName=NetR42A_2 Pin=U1-4
Removed Pin From Net: NetName=VCC_12V Pin=U1-5
Removed Pin From Net: NetName=NetC41A_2 Pin=U1-6
Added Component: Designator=U1(SOT-23-6)
Add component. Clean all parameters for all variants
Added Pin To Net: NetName=GND Pin=C1A-2
Added Pin To Net: NetName=GND Pin=C1B-2
Added Pin To Net: NetName=GND Pin=C2A-2
Added Pin To Net: NetName=GND Pin=C2B-2
Added Pin To Net: NetName=NRST Pin=C3A-1
Added Pin To Net: NetName=GND Pin=C3A-2
Added Pin To Net: NetName=NRST Pin=C3B-1
Added Pin To Net: NetName=GND Pin=C3B-2
Added Pin To Net: NetName=VCC_3V3 Pin=C4A-1
Added Pin To Net: NetName=GND Pin=C4A-2
Added Pin To Net: NetName=VCC_3V3 Pin=C4B-1
Added Pin To Net: NetName=GND Pin=C4B-2
Added Pin To Net: NetName=VCC_3V3 Pin=C5A-1
Added Pin To Net: NetName=GND Pin=C5A-2
Added Pin To Net: NetName=VCC_3V3 Pin=C5B-1
Added Pin To Net: NetName=GND Pin=C5B-2
Added Pin To Net: NetName=VCC_3V3 Pin=C6A-1
Added Pin To Net: NetName=GND Pin=C6A-2
Added Pin To Net: NetName=VCC_3V3 Pin=C6B-1
Added Pin To Net: NetName=GND Pin=C6B-2
Added Pin To Net: NetName=VCC_3V3 Pin=C7A-1
Added Pin To Net: NetName=GND Pin=C7A-2
Added Pin To Net: NetName=VCC_3V3 Pin=C7B-1
Added Pin To Net: NetName=GND Pin=C7B-2
Added Pin To Net: NetName=VCC_3V3 Pin=C8A-1
Added Pin To Net: NetName=GND Pin=C8A-2
Added Pin To Net: NetName=VCC_3V3 Pin=C8B-1
Added Pin To Net: NetName=GND Pin=C8B-2
Added Pin To Net: NetName=VCC_3V3 Pin=C9A-1
Added Pin To Net: NetName=MA_AGND Pin=C9A-2
Added Pin To Net: NetName=VCC_3V3 Pin=C9B-1
Added Pin To Net: NetName=MB_AGND Pin=C9B-2
Added Pin To Net: NetName=VCC_3V3 Pin=C10A-1
Added Pin To Net: NetName=GND Pin=C10A-2
Added Pin To Net: NetName=VCC_3V3 Pin=C10B-1
Added Pin To Net: NetName=GND Pin=C10B-2
Added Pin To Net: NetName=GND Pin=C11A-2
Added Pin To Net: NetName=GND Pin=C11B-2
Added Pin To Net: NetName=GND Pin=C12A-1
Added Pin To Net: NetName=MA_HALL_3 Pin=C12A-2
Added Pin To Net: NetName=GND Pin=C12B-1
Added Pin To Net: NetName=MB_HALL_3 Pin=C12B-2
Added Pin To Net: NetName=GND Pin=C13A-1
Added Pin To Net: NetName=MA_HALL_2 Pin=C13A-2
Added Pin To Net: NetName=GND Pin=C13B-1
Added Pin To Net: NetName=MB_HALL_2 Pin=C13B-2
Added Pin To Net: NetName=GND Pin=C14A-1
Added Pin To Net: NetName=MA_HALL_1 Pin=C14A-2
Added Pin To Net: NetName=GND Pin=C14B-1
Added Pin To Net: NetName=MB_HALL_1 Pin=C14B-2
Added Pin To Net: NetName=MA_PA_AGND_F Pin=C15A-1
Added Pin To Net: NetName=MA_PA_SOURCE_F Pin=C15A-2
Added Pin To Net: NetName=MB_PA_AGND_F Pin=C15B-1
Added Pin To Net: NetName=MB_PA_SOURCE_F Pin=C15B-2
Added Pin To Net: NetName=MA_PC_AGND_F Pin=C17A-1
Added Pin To Net: NetName=MA_PC_SOURCE_F Pin=C17A-2
Added Pin To Net: NetName=MB_PC_AGND_F Pin=C17B-1
Added Pin To Net: NetName=MB_PC_SOURCE_F Pin=C17B-2
Added Pin To Net: NetName=GND Pin=C18A-2
Added Pin To Net: NetName=GND Pin=C18B-2
Added Pin To Net: NetName=V_SUPPLY Pin=C20A-1
Added Pin To Net: NetName=V_SUPPLY Pin=C20B-1
Added Pin To Net: NetName=GND Pin=C22A-1
Added Pin To Net: NetName=GND Pin=C22B-1
Added Pin To Net: NetName=GND Pin=C23A-1
Added Pin To Net: NetName=MA_DVDD Pin=C23A-2
Added Pin To Net: NetName=GND Pin=C23B-1
Added Pin To Net: NetName=MB_DVDD Pin=C23B-2
Added Pin To Net: NetName=GND Pin=C30A-2
Added Pin To Net: NetName=GND Pin=C30B-2
Added Pin To Net: NetName=VCC_12V Pin=C33A-1
Added Pin To Net: NetName=GND Pin=C33A-2
Added Pin To Net: NetName=VCC_3V3 Pin=C33B-1
Added Pin To Net: NetName=GND Pin=C33B-2
Added Pin To Net: NetName=VCC_3V3 Pin=C34A-1
Added Pin To Net: NetName=MA_AGND Pin=C34A-2
Added Pin To Net: NetName=VCC_3V3 Pin=C34B-1
Added Pin To Net: NetName=MB_AGND Pin=C34B-2
Added Pin To Net: NetName=GND Pin=C35A-1
Added Pin To Net: NetName=V_SUPPLY Pin=C35A-2
Added Pin To Net: NetName=GND Pin=C36A-1
Added Pin To Net: NetName=V_SUPPLY Pin=C36A-2
Added Pin To Net: NetName=GND Pin=C37A-1
Added Pin To Net: NetName=V_SUPPLY Pin=C37A-2
Added Pin To Net: NetName=VCC_12V Pin=C38A-1
Added Pin To Net: NetName=GND Pin=C38A-2
Added Pin To Net: NetName=VCC_12V Pin=C38B-1
Added Pin To Net: NetName=GND Pin=C38B-2
Added Pin To Net: NetName=GND Pin=C39-1
Added Pin To Net: NetName=V_CHG Pin=C39-2
Added Pin To Net: NetName=VCC_3V3 Pin=C40A-1
Added Pin To Net: NetName=GND Pin=C40A-2
Added Pin To Net: NetName=NetC41A_1 Pin=C41A-1
Added Pin To Net: NetName=NetC41A_2 Pin=C41A-2
Added Pin To Net: NetName=GND Pin=D1A-2
Added Pin To Net: NetName=GND Pin=D1B-2
Added Pin To Net: NetName=GND Pin=D3A-1
Added Pin To Net: NetName=GND Pin=D3B-1
Added Pin To Net: NetName=GND Pin=J10-1
Added Pin To Net: NetName=BOOT0 Pin=J10-2
Added Pin To Net: NetName=NRST Pin=J10-3
Added Pin To Net: NetName=MB_SCK_ADC_EXT Pin=J10-4
Added Pin To Net: NetName=MB_MISO_ADC_EXT2 Pin=J10-5
Added Pin To Net: NetName=MB_TX Pin=J10-6
Added Pin To Net: NetName=MB_RX Pin=J10-7
Added Pin To Net: NetName=MB_USB_DP Pin=J10-8
Added Pin To Net: NetName=MB_USB_DM Pin=J10-9
Added Pin To Net: NetName=VCC_3V3 Pin=J10-10
Added Pin To Net: NetName=DISABLE_GATES Pin=J10-11
Added Pin To Net: NetName=VCC_12V Pin=J10-12
Added Pin To Net: NetName=MB_SWDIO Pin=J10-13
Added Pin To Net: NetName=MB_SWDCLK Pin=J10-14
Added Pin To Net: NetName=MA_SWDIO Pin=J11-1
Added Pin To Net: NetName=MA_SWDCLK Pin=J11-2
Added Pin To Net: NetName=MA_SDA Pin=J11-3
Added Pin To Net: NetName=MA_SCK_ADC_EXT Pin=J11-4
Added Pin To Net: NetName=MA_MISO_ADC_EXT2 Pin=J11-5
Added Pin To Net: NetName=MA_SCL Pin=J11-6
Added Pin To Net: NetName=MA_USB_DP Pin=J11-7
Added Pin To Net: NetName=MA_USB_DM Pin=J11-8
Added Pin To Net: NetName=MA_TX Pin=J11-9
Added Pin To Net: NetName=MA_RX Pin=J11-10
Added Pin To Net: NetName=VCC_12V_SD Pin=J11-11
Added Pin To Net: NetName=MA_PC4 Pin=J11-12
Added Pin To Net: NetName=MA_PC5 Pin=J11-13
Added Pin To Net: NetName=GND Pin=J11-14
Added Pin To Net: NetName=GND Pin=J12-1
Added Pin To Net: NetName=GND Pin=J12-2
Added Pin To Net: NetName=GND Pin=J12-3
Added Pin To Net: NetName=GND Pin=J12-4
Added Pin To Net: NetName=V_CHG Pin=J12-5
Added Pin To Net: NetName=V_CHG Pin=J12-6
Added Pin To Net: NetName=V_CHG Pin=J12-7
Added Pin To Net: NetName=V_CHG Pin=J12-8
Added Pin To Net: NetName=MA_ESTOP Pin=J12-13
Added Pin To Net: NetName=MB_ESTOP Pin=J12-14
Added Pin To Net: NetName=MA_PHASE_A Pin=JAA-1
Added Pin To Net: NetName=MA_PHASE_A Pin=JAA-1
Added Pin To Net: NetName=MA_PHASE_A Pin=JAA-1
Added Pin To Net: NetName=MA_PHASE_A Pin=JAA-1
Added Pin To Net: NetName=MB_PHASE_A Pin=JAB-1
Added Pin To Net: NetName=MB_PHASE_A Pin=JAB-1
Added Pin To Net: NetName=MB_PHASE_A Pin=JAB-1
Added Pin To Net: NetName=MB_PHASE_A Pin=JAB-1
Added Pin To Net: NetName=GND Pin=JB-1
Added Pin To Net: NetName=V_SUPPLY Pin=JB-2
Added Pin To Net: NetName=MA_PHASE_B Pin=JBA-1
Added Pin To Net: NetName=MA_PHASE_B Pin=JBA-1
Added Pin To Net: NetName=MA_PHASE_B Pin=JBA-1
Added Pin To Net: NetName=MA_PHASE_B Pin=JBA-1
Added Pin To Net: NetName=MB_PHASE_B Pin=JBB-1
Added Pin To Net: NetName=MB_PHASE_B Pin=JBB-1
Added Pin To Net: NetName=MB_PHASE_B Pin=JBB-1
Added Pin To Net: NetName=MB_PHASE_B Pin=JBB-1
Added Pin To Net: NetName=MA_PHASE_C Pin=JCA-1
Added Pin To Net: NetName=MA_PHASE_C Pin=JCA-1
Added Pin To Net: NetName=MA_PHASE_C Pin=JCA-1
Added Pin To Net: NetName=MA_PHASE_C Pin=JCA-1
Added Pin To Net: NetName=MB_PHASE_C Pin=JCB-1
Added Pin To Net: NetName=MB_PHASE_C Pin=JCB-1
Added Pin To Net: NetName=MB_PHASE_C Pin=JCB-1
Added Pin To Net: NetName=MB_PHASE_C Pin=JCB-1
Added Pin To Net: NetName=GND Pin=JHA-1
Added Pin To Net: NetName=MA_HALL1_IN Pin=JHA-2
Added Pin To Net: NetName=MA_HALL2_IN Pin=JHA-3
Added Pin To Net: NetName=MA_HALL3_IN Pin=JHA-4
Added Pin To Net: NetName=VCC_3V3 Pin=JHA-5
Added Pin To Net: NetName=GND Pin=JHB-1
Added Pin To Net: NetName=MB_HALL1_IN Pin=JHB-2
Added Pin To Net: NetName=MB_HALL2_IN Pin=JHB-3
Added Pin To Net: NetName=MB_HALL3_IN Pin=JHB-4
Added Pin To Net: NetName=VCC_3V3 Pin=JHB-5
Added Pin To Net: NetName=VCC_3V3 Pin=L1-1
Added Pin To Net: NetName=NetC41A_1 Pin=L1-2
Added Pin To Net: NetName=VCC_12V Pin=L1A-2
Added Pin To Net: NetName=VCC_3V3 Pin=L1B-2
Added Pin To Net: NetName=MA_PHASE_A Pin=Q1A-1
Added Pin To Net: NetName=MA_PHASE_A Pin=Q1A-2
Added Pin To Net: NetName=MA_PHASE_A Pin=Q1A-3
Added Pin To Net: NetName=V_CHG Pin=Q1A-5
Added Pin To Net: NetName=V_CHG Pin=Q1A-6
Added Pin To Net: NetName=V_CHG Pin=Q1A-7
Added Pin To Net: NetName=V_CHG Pin=Q1A-8
Added Pin To Net: NetName=V_CHG Pin=Q1A-9
Added Pin To Net: NetName=V_CHG Pin=Q1A-9
Added Pin To Net: NetName=V_CHG Pin=Q1A-9
Added Pin To Net: NetName=V_CHG Pin=Q1A-9
Added Pin To Net: NetName=V_CHG Pin=Q1A-9
Added Pin To Net: NetName=V_CHG Pin=Q1A-9
Added Pin To Net: NetName=V_CHG Pin=Q1A-9
Added Pin To Net: NetName=V_CHG Pin=Q1A-9
Added Pin To Net: NetName=V_CHG Pin=Q1A-9
Added Pin To Net: NetName=V_CHG Pin=Q1A-9
Added Pin To Net: NetName=V_CHG Pin=Q1A-9
Added Pin To Net: NetName=V_CHG Pin=Q1A-9
Added Pin To Net: NetName=V_CHG Pin=Q1A-9
Added Pin To Net: NetName=V_CHG Pin=Q1A-9
Added Pin To Net: NetName=V_CHG Pin=Q1A-9
Added Pin To Net: NetName=MB_PHASE_A Pin=Q1B-1
Added Pin To Net: NetName=MB_PHASE_A Pin=Q1B-2
Added Pin To Net: NetName=MB_PHASE_A Pin=Q1B-3
Added Pin To Net: NetName=V_SUPPLY Pin=Q1B-5
Added Pin To Net: NetName=V_SUPPLY Pin=Q1B-6
Added Pin To Net: NetName=V_SUPPLY Pin=Q1B-7
Added Pin To Net: NetName=V_SUPPLY Pin=Q1B-8
Added Pin To Net: NetName=V_SUPPLY Pin=Q1B-9
Added Pin To Net: NetName=V_SUPPLY Pin=Q1B-9
Added Pin To Net: NetName=V_SUPPLY Pin=Q1B-9
Added Pin To Net: NetName=V_SUPPLY Pin=Q1B-9
Added Pin To Net: NetName=V_SUPPLY Pin=Q1B-9
Added Pin To Net: NetName=V_SUPPLY Pin=Q1B-9
Added Pin To Net: NetName=V_SUPPLY Pin=Q1B-9
Added Pin To Net: NetName=V_SUPPLY Pin=Q1B-9
Added Pin To Net: NetName=V_SUPPLY Pin=Q1B-9
Added Pin To Net: NetName=V_SUPPLY Pin=Q1B-9
Added Pin To Net: NetName=V_SUPPLY Pin=Q1B-9
Added Pin To Net: NetName=V_SUPPLY Pin=Q1B-9
Added Pin To Net: NetName=V_SUPPLY Pin=Q1B-9
Added Pin To Net: NetName=V_SUPPLY Pin=Q1B-9
Added Pin To Net: NetName=V_SUPPLY Pin=Q1B-9
Added Pin To Net: NetName=MA_PA_SOURCE Pin=Q2A-1
Added Pin To Net: NetName=MA_PA_SOURCE Pin=Q2A-2
Added Pin To Net: NetName=MA_PA_SOURCE Pin=Q2A-3
Added Pin To Net: NetName=MA_PHASE_A Pin=Q2A-5
Added Pin To Net: NetName=MA_PHASE_A Pin=Q2A-6
Added Pin To Net: NetName=MA_PHASE_A Pin=Q2A-7
Added Pin To Net: NetName=MA_PHASE_A Pin=Q2A-8
Added Pin To Net: NetName=MA_PHASE_A Pin=Q2A-9
Added Pin To Net: NetName=MA_PHASE_A Pin=Q2A-9
Added Pin To Net: NetName=MA_PHASE_A Pin=Q2A-9
Added Pin To Net: NetName=MA_PHASE_A Pin=Q2A-9
Added Pin To Net: NetName=MA_PHASE_A Pin=Q2A-9
Added Pin To Net: NetName=MA_PHASE_A Pin=Q2A-9
Added Pin To Net: NetName=MA_PHASE_A Pin=Q2A-9
Added Pin To Net: NetName=MA_PHASE_A Pin=Q2A-9
Added Pin To Net: NetName=MA_PHASE_A Pin=Q2A-9
Added Pin To Net: NetName=MA_PHASE_A Pin=Q2A-9
Added Pin To Net: NetName=MA_PHASE_A Pin=Q2A-9
Added Pin To Net: NetName=MA_PHASE_A Pin=Q2A-9
Added Pin To Net: NetName=MA_PHASE_A Pin=Q2A-9
Added Pin To Net: NetName=MA_PHASE_A Pin=Q2A-9
Added Pin To Net: NetName=MA_PHASE_A Pin=Q2A-9
Added Pin To Net: NetName=MB_PA_SOURCE Pin=Q2B-1
Added Pin To Net: NetName=MB_PA_SOURCE Pin=Q2B-2
Added Pin To Net: NetName=MB_PA_SOURCE Pin=Q2B-3
Added Pin To Net: NetName=MB_PHASE_A Pin=Q2B-5
Added Pin To Net: NetName=MB_PHASE_A Pin=Q2B-6
Added Pin To Net: NetName=MB_PHASE_A Pin=Q2B-7
Added Pin To Net: NetName=MB_PHASE_A Pin=Q2B-8
Added Pin To Net: NetName=MB_PHASE_A Pin=Q2B-9
Added Pin To Net: NetName=MB_PHASE_A Pin=Q2B-9
Added Pin To Net: NetName=MB_PHASE_A Pin=Q2B-9
Added Pin To Net: NetName=MB_PHASE_A Pin=Q2B-9
Added Pin To Net: NetName=MB_PHASE_A Pin=Q2B-9
Added Pin To Net: NetName=MB_PHASE_A Pin=Q2B-9
Added Pin To Net: NetName=MB_PHASE_A Pin=Q2B-9
Added Pin To Net: NetName=MB_PHASE_A Pin=Q2B-9
Added Pin To Net: NetName=MB_PHASE_A Pin=Q2B-9
Added Pin To Net: NetName=MB_PHASE_A Pin=Q2B-9
Added Pin To Net: NetName=MB_PHASE_A Pin=Q2B-9
Added Pin To Net: NetName=MB_PHASE_A Pin=Q2B-9
Added Pin To Net: NetName=MB_PHASE_A Pin=Q2B-9
Added Pin To Net: NetName=MB_PHASE_A Pin=Q2B-9
Added Pin To Net: NetName=MB_PHASE_A Pin=Q2B-9
Added Pin To Net: NetName=MA_PHASE_B Pin=Q3A-1
Added Pin To Net: NetName=MA_PHASE_B Pin=Q3A-2
Added Pin To Net: NetName=MA_PHASE_B Pin=Q3A-3
Added Pin To Net: NetName=V_SUPPLY Pin=Q3A-5
Added Pin To Net: NetName=V_SUPPLY Pin=Q3A-6
Added Pin To Net: NetName=V_SUPPLY Pin=Q3A-7
Added Pin To Net: NetName=V_SUPPLY Pin=Q3A-8
Added Pin To Net: NetName=V_SUPPLY Pin=Q3A-9
Added Pin To Net: NetName=V_SUPPLY Pin=Q3A-9
Added Pin To Net: NetName=V_SUPPLY Pin=Q3A-9
Added Pin To Net: NetName=V_SUPPLY Pin=Q3A-9
Added Pin To Net: NetName=V_SUPPLY Pin=Q3A-9
Added Pin To Net: NetName=V_SUPPLY Pin=Q3A-9
Added Pin To Net: NetName=V_SUPPLY Pin=Q3A-9
Added Pin To Net: NetName=V_SUPPLY Pin=Q3A-9
Added Pin To Net: NetName=V_SUPPLY Pin=Q3A-9
Added Pin To Net: NetName=V_SUPPLY Pin=Q3A-9
Added Pin To Net: NetName=V_SUPPLY Pin=Q3A-9
Added Pin To Net: NetName=V_SUPPLY Pin=Q3A-9
Added Pin To Net: NetName=V_SUPPLY Pin=Q3A-9
Added Pin To Net: NetName=V_SUPPLY Pin=Q3A-9
Added Pin To Net: NetName=V_SUPPLY Pin=Q3A-9
Added Pin To Net: NetName=MB_PHASE_B Pin=Q3B-1
Added Pin To Net: NetName=MB_PHASE_B Pin=Q3B-2
Added Pin To Net: NetName=MB_PHASE_B Pin=Q3B-3
Added Pin To Net: NetName=V_SUPPLY Pin=Q3B-5
Added Pin To Net: NetName=V_SUPPLY Pin=Q3B-6
Added Pin To Net: NetName=V_SUPPLY Pin=Q3B-7
Added Pin To Net: NetName=V_SUPPLY Pin=Q3B-8
Added Pin To Net: NetName=V_SUPPLY Pin=Q3B-9
Added Pin To Net: NetName=V_SUPPLY Pin=Q3B-9
Added Pin To Net: NetName=V_SUPPLY Pin=Q3B-9
Added Pin To Net: NetName=V_SUPPLY Pin=Q3B-9
Added Pin To Net: NetName=V_SUPPLY Pin=Q3B-9
Added Pin To Net: NetName=V_SUPPLY Pin=Q3B-9
Added Pin To Net: NetName=V_SUPPLY Pin=Q3B-9
Added Pin To Net: NetName=V_SUPPLY Pin=Q3B-9
Added Pin To Net: NetName=V_SUPPLY Pin=Q3B-9
Added Pin To Net: NetName=V_SUPPLY Pin=Q3B-9
Added Pin To Net: NetName=V_SUPPLY Pin=Q3B-9
Added Pin To Net: NetName=V_SUPPLY Pin=Q3B-9
Added Pin To Net: NetName=V_SUPPLY Pin=Q3B-9
Added Pin To Net: NetName=V_SUPPLY Pin=Q3B-9
Added Pin To Net: NetName=V_SUPPLY Pin=Q3B-9
Added Pin To Net: NetName=MA_PB_AGND Pin=Q4A-1
Added Pin To Net: NetName=MA_PB_AGND Pin=Q4A-2
Added Pin To Net: NetName=MA_PB_AGND Pin=Q4A-3
Added Pin To Net: NetName=MA_PHASE_B Pin=Q4A-5
Added Pin To Net: NetName=MA_PHASE_B Pin=Q4A-6
Added Pin To Net: NetName=MA_PHASE_B Pin=Q4A-7
Added Pin To Net: NetName=MA_PHASE_B Pin=Q4A-8
Added Pin To Net: NetName=MA_PHASE_B Pin=Q4A-9
Added Pin To Net: NetName=MA_PHASE_B Pin=Q4A-9
Added Pin To Net: NetName=MA_PHASE_B Pin=Q4A-9
Added Pin To Net: NetName=MA_PHASE_B Pin=Q4A-9
Added Pin To Net: NetName=MA_PHASE_B Pin=Q4A-9
Added Pin To Net: NetName=MA_PHASE_B Pin=Q4A-9
Added Pin To Net: NetName=MA_PHASE_B Pin=Q4A-9
Added Pin To Net: NetName=MA_PHASE_B Pin=Q4A-9
Added Pin To Net: NetName=MA_PHASE_B Pin=Q4A-9
Added Pin To Net: NetName=MA_PHASE_B Pin=Q4A-9
Added Pin To Net: NetName=MA_PHASE_B Pin=Q4A-9
Added Pin To Net: NetName=MA_PHASE_B Pin=Q4A-9
Added Pin To Net: NetName=MA_PHASE_B Pin=Q4A-9
Added Pin To Net: NetName=MA_PHASE_B Pin=Q4A-9
Added Pin To Net: NetName=MA_PHASE_B Pin=Q4A-9
Added Pin To Net: NetName=MB_PB_AGND Pin=Q4B-1
Added Pin To Net: NetName=MB_PB_AGND Pin=Q4B-2
Added Pin To Net: NetName=MB_PB_AGND Pin=Q4B-3
Added Pin To Net: NetName=MB_PHASE_B Pin=Q4B-5
Added Pin To Net: NetName=MB_PHASE_B Pin=Q4B-6
Added Pin To Net: NetName=MB_PHASE_B Pin=Q4B-7
Added Pin To Net: NetName=MB_PHASE_B Pin=Q4B-8
Added Pin To Net: NetName=MB_PHASE_B Pin=Q4B-9
Added Pin To Net: NetName=MB_PHASE_B Pin=Q4B-9
Added Pin To Net: NetName=MB_PHASE_B Pin=Q4B-9
Added Pin To Net: NetName=MB_PHASE_B Pin=Q4B-9
Added Pin To Net: NetName=MB_PHASE_B Pin=Q4B-9
Added Pin To Net: NetName=MB_PHASE_B Pin=Q4B-9
Added Pin To Net: NetName=MB_PHASE_B Pin=Q4B-9
Added Pin To Net: NetName=MB_PHASE_B Pin=Q4B-9
Added Pin To Net: NetName=MB_PHASE_B Pin=Q4B-9
Added Pin To Net: NetName=MB_PHASE_B Pin=Q4B-9
Added Pin To Net: NetName=MB_PHASE_B Pin=Q4B-9
Added Pin To Net: NetName=MB_PHASE_B Pin=Q4B-9
Added Pin To Net: NetName=MB_PHASE_B Pin=Q4B-9
Added Pin To Net: NetName=MB_PHASE_B Pin=Q4B-9
Added Pin To Net: NetName=MB_PHASE_B Pin=Q4B-9
Added Pin To Net: NetName=MA_PHASE_C Pin=Q5A-1
Added Pin To Net: NetName=MA_PHASE_C Pin=Q5A-2
Added Pin To Net: NetName=MA_PHASE_C Pin=Q5A-3
Added Pin To Net: NetName=V_SUPPLY Pin=Q5A-5
Added Pin To Net: NetName=V_SUPPLY Pin=Q5A-6
Added Pin To Net: NetName=V_SUPPLY Pin=Q5A-7
Added Pin To Net: NetName=V_SUPPLY Pin=Q5A-8
Added Pin To Net: NetName=V_SUPPLY Pin=Q5A-9
Added Pin To Net: NetName=V_SUPPLY Pin=Q5A-9
Added Pin To Net: NetName=V_SUPPLY Pin=Q5A-9
Added Pin To Net: NetName=V_SUPPLY Pin=Q5A-9
Added Pin To Net: NetName=V_SUPPLY Pin=Q5A-9
Added Pin To Net: NetName=V_SUPPLY Pin=Q5A-9
Added Pin To Net: NetName=V_SUPPLY Pin=Q5A-9
Added Pin To Net: NetName=V_SUPPLY Pin=Q5A-9
Added Pin To Net: NetName=V_SUPPLY Pin=Q5A-9
Added Pin To Net: NetName=V_SUPPLY Pin=Q5A-9
Added Pin To Net: NetName=V_SUPPLY Pin=Q5A-9
Added Pin To Net: NetName=V_SUPPLY Pin=Q5A-9
Added Pin To Net: NetName=V_SUPPLY Pin=Q5A-9
Added Pin To Net: NetName=V_SUPPLY Pin=Q5A-9
Added Pin To Net: NetName=V_SUPPLY Pin=Q5A-9
Added Pin To Net: NetName=MB_PHASE_C Pin=Q5B-1
Added Pin To Net: NetName=MB_PHASE_C Pin=Q5B-2
Added Pin To Net: NetName=MB_PHASE_C Pin=Q5B-3
Added Pin To Net: NetName=V_SUPPLY Pin=Q5B-5
Added Pin To Net: NetName=V_SUPPLY Pin=Q5B-6
Added Pin To Net: NetName=V_SUPPLY Pin=Q5B-7
Added Pin To Net: NetName=V_SUPPLY Pin=Q5B-8
Added Pin To Net: NetName=V_SUPPLY Pin=Q5B-9
Added Pin To Net: NetName=V_SUPPLY Pin=Q5B-9
Added Pin To Net: NetName=V_SUPPLY Pin=Q5B-9
Added Pin To Net: NetName=V_SUPPLY Pin=Q5B-9
Added Pin To Net: NetName=V_SUPPLY Pin=Q5B-9
Added Pin To Net: NetName=V_SUPPLY Pin=Q5B-9
Added Pin To Net: NetName=V_SUPPLY Pin=Q5B-9
Added Pin To Net: NetName=V_SUPPLY Pin=Q5B-9
Added Pin To Net: NetName=V_SUPPLY Pin=Q5B-9
Added Pin To Net: NetName=V_SUPPLY Pin=Q5B-9
Added Pin To Net: NetName=V_SUPPLY Pin=Q5B-9
Added Pin To Net: NetName=V_SUPPLY Pin=Q5B-9
Added Pin To Net: NetName=V_SUPPLY Pin=Q5B-9
Added Pin To Net: NetName=V_SUPPLY Pin=Q5B-9
Added Pin To Net: NetName=V_SUPPLY Pin=Q5B-9
Added Pin To Net: NetName=MA_PC_SOURCE Pin=Q6A-1
Added Pin To Net: NetName=MA_PC_SOURCE Pin=Q6A-2
Added Pin To Net: NetName=MA_PC_SOURCE Pin=Q6A-3
Added Pin To Net: NetName=MA_PHASE_C Pin=Q6A-5
Added Pin To Net: NetName=MA_PHASE_C Pin=Q6A-6
Added Pin To Net: NetName=MA_PHASE_C Pin=Q6A-7
Added Pin To Net: NetName=MA_PHASE_C Pin=Q6A-8
Added Pin To Net: NetName=MA_PHASE_C Pin=Q6A-9
Added Pin To Net: NetName=MA_PHASE_C Pin=Q6A-9
Added Pin To Net: NetName=MA_PHASE_C Pin=Q6A-9
Added Pin To Net: NetName=MA_PHASE_C Pin=Q6A-9
Added Pin To Net: NetName=MA_PHASE_C Pin=Q6A-9
Added Pin To Net: NetName=MA_PHASE_C Pin=Q6A-9
Added Pin To Net: NetName=MA_PHASE_C Pin=Q6A-9
Added Pin To Net: NetName=MA_PHASE_C Pin=Q6A-9
Added Pin To Net: NetName=MA_PHASE_C Pin=Q6A-9
Added Pin To Net: NetName=MA_PHASE_C Pin=Q6A-9
Added Pin To Net: NetName=MA_PHASE_C Pin=Q6A-9
Added Pin To Net: NetName=MA_PHASE_C Pin=Q6A-9
Added Pin To Net: NetName=MA_PHASE_C Pin=Q6A-9
Added Pin To Net: NetName=MA_PHASE_C Pin=Q6A-9
Added Pin To Net: NetName=MA_PHASE_C Pin=Q6A-9
Added Pin To Net: NetName=MB_PC_SOURCE Pin=Q6B-1
Added Pin To Net: NetName=MB_PC_SOURCE Pin=Q6B-2
Added Pin To Net: NetName=MB_PC_SOURCE Pin=Q6B-3
Added Pin To Net: NetName=MB_PHASE_C Pin=Q6B-5
Added Pin To Net: NetName=MB_PHASE_C Pin=Q6B-6
Added Pin To Net: NetName=MB_PHASE_C Pin=Q6B-7
Added Pin To Net: NetName=MB_PHASE_C Pin=Q6B-8
Added Pin To Net: NetName=MB_PHASE_C Pin=Q6B-9
Added Pin To Net: NetName=MB_PHASE_C Pin=Q6B-9
Added Pin To Net: NetName=MB_PHASE_C Pin=Q6B-9
Added Pin To Net: NetName=MB_PHASE_C Pin=Q6B-9
Added Pin To Net: NetName=MB_PHASE_C Pin=Q6B-9
Added Pin To Net: NetName=MB_PHASE_C Pin=Q6B-9
Added Pin To Net: NetName=MB_PHASE_C Pin=Q6B-9
Added Pin To Net: NetName=MB_PHASE_C Pin=Q6B-9
Added Pin To Net: NetName=MB_PHASE_C Pin=Q6B-9
Added Pin To Net: NetName=MB_PHASE_C Pin=Q6B-9
Added Pin To Net: NetName=MB_PHASE_C Pin=Q6B-9
Added Pin To Net: NetName=MB_PHASE_C Pin=Q6B-9
Added Pin To Net: NetName=MB_PHASE_C Pin=Q6B-9
Added Pin To Net: NetName=MB_PHASE_C Pin=Q6B-9
Added Pin To Net: NetName=MB_PHASE_C Pin=Q6B-9
Added Pin To Net: NetName=DISABLE_GATES Pin=Q7A-1
Added Pin To Net: NetName=GND Pin=Q7A-2
Added Pin To Net: NetName=MA_EN_GATE_R Pin=Q7A-3
Added Pin To Net: NetName=DISABLE_GATES Pin=Q7B-1
Added Pin To Net: NetName=GND Pin=Q7B-2
Added Pin To Net: NetName=MB_EN_GATE_R Pin=Q7B-3
Added Pin To Net: NetName=MA_PA_HI Pin=R1A-1
Added Pin To Net: NetName=MB_PA_HI Pin=R1B-1
Added Pin To Net: NetName=MA_PA_LO Pin=R2A-1
Added Pin To Net: NetName=MB_PA_LO Pin=R2B-1
Added Pin To Net: NetName=MA_PB_HI Pin=R3A-1
Added Pin To Net: NetName=MB_PB_HI Pin=R3B-1
Added Pin To Net: NetName=MA_PB_LO Pin=R4A-1
Added Pin To Net: NetName=MB_PB_LO Pin=R4B-1
Added Pin To Net: NetName=V_CHG_SNS Pin=R5-1
Added Pin To Net: NetName=V_CHG Pin=R5-2
Added Pin To Net: NetName=MA_PC_HI Pin=R5A-1
Added Pin To Net: NetName=MB_PC_HI Pin=R5B-1
Added Pin To Net: NetName=GND Pin=R6-1
Added Pin To Net: NetName=V_CHG_SNS Pin=R6-2
Added Pin To Net: NetName=MA_PC_LO Pin=R6A-1
Added Pin To Net: NetName=MB_PC_LO Pin=R6B-1
Added Pin To Net: NetName=MA_ESTOP Pin=R7A-1
Added Pin To Net: NetName=MB_ESTOP Pin=R7B-1
Added Pin To Net: NetName=MA_ESTOP Pin=R8A-1
Added Pin To Net: NetName=MB_ESTOP Pin=R8B-1
Added Pin To Net: NetName=MA_ESTOP Pin=R9A-1
Added Pin To Net: NetName=MB_ESTOP Pin=R9B-1
Added Pin To Net: NetName=NTC_M Pin=R10-1
Added Pin To Net: NetName=VCC_3V3 Pin=R10-2
Added Pin To Net: NetName=MA_PA_AGND Pin=R10A-1
Added Pin To Net: NetName=MA_PA_AGND Pin=R10A-1
Added Pin To Net: NetName=MA_PA_SOURCE Pin=R10A-2
Added Pin To Net: NetName=MA_PA_SOURCE Pin=R10A-2
Added Pin To Net: NetName=MB_PA_AGND Pin=R10B-1
Added Pin To Net: NetName=MB_PA_AGND Pin=R10B-1
Added Pin To Net: NetName=MB_PA_SOURCE Pin=R10B-2
Added Pin To Net: NetName=MB_PA_SOURCE Pin=R10B-2
Added Pin To Net: NetName=GND Pin=R11-1
Added Pin To Net: NetName=NTC_M Pin=R11-2
Added Pin To Net: NetName=GND Pin=R12-1
Added Pin To Net: NetName=DISABLE_GATES Pin=R12-2
Added Pin To Net: NetName=MA_PC_SOURCE Pin=R12A-1
Added Pin To Net: NetName=MA_PC_SOURCE Pin=R12A-1
Added Pin To Net: NetName=MA_PC_AGND Pin=R12A-2
Added Pin To Net: NetName=MA_PC_AGND Pin=R12A-2
Added Pin To Net: NetName=MB_PC_SOURCE Pin=R12B-1
Added Pin To Net: NetName=MB_PC_SOURCE Pin=R12B-1
Added Pin To Net: NetName=MB_PC_AGND Pin=R12B-2
Added Pin To Net: NetName=MB_PC_AGND Pin=R12B-2
Added Pin To Net: NetName=GND Pin=R13-1
Added Pin To Net: NetName=BOOT0 Pin=R13-2
Added Pin To Net: NetName=MA_HALL3_IN Pin=R13A-1
Added Pin To Net: NetName=VCC_3V3 Pin=R13A-2
Added Pin To Net: NetName=MB_HALL3_IN Pin=R13B-1
Added Pin To Net: NetName=VCC_3V3 Pin=R13B-2
Added Pin To Net: NetName=MA_HALL2_IN Pin=R14A-1
Added Pin To Net: NetName=VCC_3V3 Pin=R14A-2
Added Pin To Net: NetName=MB_HALL2_IN Pin=R14B-1
Added Pin To Net: NetName=VCC_3V3 Pin=R14B-2
Added Pin To Net: NetName=MA_HALL1_IN Pin=R15A-1
Added Pin To Net: NetName=VCC_3V3 Pin=R15A-2
Added Pin To Net: NetName=MB_HALL1_IN Pin=R15B-1
Added Pin To Net: NetName=VCC_3V3 Pin=R15B-2
Added Pin To Net: NetName=MA_HALL3_IN Pin=R16A-1
Added Pin To Net: NetName=MA_HALL_3 Pin=R16A-2
Added Pin To Net: NetName=MB_HALL3_IN Pin=R16B-1
Added Pin To Net: NetName=MB_HALL_3 Pin=R16B-2
Added Pin To Net: NetName=MA_HALL2_IN Pin=R17A-1
Added Pin To Net: NetName=MA_HALL_2 Pin=R17A-2
Added Pin To Net: NetName=MB_HALL2_IN Pin=R17B-1
Added Pin To Net: NetName=MB_HALL_2 Pin=R17B-2
Added Pin To Net: NetName=MA_HALL1_IN Pin=R18A-1
Added Pin To Net: NetName=MA_HALL_1 Pin=R18A-2
Added Pin To Net: NetName=MB_HALL1_IN Pin=R18B-1
Added Pin To Net: NetName=MB_HALL_1 Pin=R18B-2
Added Pin To Net: NetName=MA_VOLTAGE_C Pin=R19A-1
Added Pin To Net: NetName=MA_PHASE_C Pin=R19A-2
Added Pin To Net: NetName=MB_VOLTAGE_C Pin=R19B-1
Added Pin To Net: NetName=MB_PHASE_C Pin=R19B-2
Added Pin To Net: NetName=GND Pin=R20A-1
Added Pin To Net: NetName=MA_VOLTAGE_C Pin=R20A-2
Added Pin To Net: NetName=GND Pin=R20B-1
Added Pin To Net: NetName=MB_VOLTAGE_C Pin=R20B-2
Added Pin To Net: NetName=MA_VOLTAGE_B Pin=R21A-1
Added Pin To Net: NetName=MA_PHASE_B Pin=R21A-2
Added Pin To Net: NetName=MB_VOLTAGE_B Pin=R21B-1
Added Pin To Net: NetName=MB_PHASE_B Pin=R21B-2
Added Pin To Net: NetName=GND Pin=R22A-1
Added Pin To Net: NetName=MA_VOLTAGE_B Pin=R22A-2
Added Pin To Net: NetName=GND Pin=R22B-1
Added Pin To Net: NetName=MB_VOLTAGE_B Pin=R22B-2
Added Pin To Net: NetName=MA_VOLTAGE_A Pin=R23A-1
Added Pin To Net: NetName=MA_PHASE_A Pin=R23A-2
Added Pin To Net: NetName=MB_VOLTAGE_A Pin=R23B-1
Added Pin To Net: NetName=MB_PHASE_A Pin=R23B-2
Added Pin To Net: NetName=GND Pin=R24A-1
Added Pin To Net: NetName=MA_VOLTAGE_A Pin=R24A-2
Added Pin To Net: NetName=GND Pin=R24B-1
Added Pin To Net: NetName=MB_VOLTAGE_A Pin=R24B-2
Added Pin To Net: NetName=MA_PA_SOURCE_F Pin=R25A-1
Added Pin To Net: NetName=MA_PA_SOURCE Pin=R25A-2
Added Pin To Net: NetName=MB_PA_SOURCE_F Pin=R25B-1
Added Pin To Net: NetName=MB_PA_SOURCE Pin=R25B-2
Added Pin To Net: NetName=MA_PA_AGND_F Pin=R26A-1
Added Pin To Net: NetName=MA_PA_AGND Pin=R26A-2
Added Pin To Net: NetName=MB_PA_AGND_F Pin=R26B-1
Added Pin To Net: NetName=MB_PA_AGND Pin=R26B-2
Added Pin To Net: NetName=MA_PC_SOURCE_F Pin=R29A-1
Added Pin To Net: NetName=MA_PC_SOURCE Pin=R29A-2
Added Pin To Net: NetName=MB_PC_SOURCE_F Pin=R29B-1
Added Pin To Net: NetName=MB_PC_SOURCE Pin=R29B-2
Added Pin To Net: NetName=MA_PC_AGND_F Pin=R30A-1
Added Pin To Net: NetName=MA_PC_AGND Pin=R30A-2
Added Pin To Net: NetName=MB_PC_AGND_F Pin=R30B-1
Added Pin To Net: NetName=MB_PC_AGND Pin=R30B-2
Added Pin To Net: NetName=MA_LED_GREEN Pin=R32A-2
Added Pin To Net: NetName=MB_LED_GREEN Pin=R32B-2
Added Pin To Net: NetName=GND Pin=R33A-1
Added Pin To Net: NetName=GND Pin=R33B-1
Added Pin To Net: NetName=VCC_12V Pin=R34A-2
Added Pin To Net: NetName=VCC_3V3 Pin=R34B-2
Added Pin To Net: NetName=VCC_12V_SD Pin=R35A-1
Added Pin To Net: NetName=V_SUPPLY Pin=R35A-2
Added Pin To Net: NetName=VCC_NV_SD Pin=R35B-1
Added Pin To Net: NetName=V_SUPPLY Pin=R35B-2
Added Pin To Net: NetName=GND Pin=R36A-2
Added Pin To Net: NetName=GND Pin=R36B-2
Added Pin To Net: NetName=MA_AGND Pin=R37A-2
Added Pin To Net: NetName=MB_AGND Pin=R37B-2
Added Pin To Net: NetName=MA_AN_IN Pin=R38A-1
Added Pin To Net: NetName=V_SUPPLY Pin=R38A-2
Added Pin To Net: NetName=MB_AN_IN Pin=R38B-1
Added Pin To Net: NetName=V_SUPPLY Pin=R38B-2
Added Pin To Net: NetName=MA_EN_GATE_R Pin=R39A-1
Added Pin To Net: NetName=MA_EN_GATE Pin=R39A-2
Added Pin To Net: NetName=MB_EN_GATE_R Pin=R39B-1
Added Pin To Net: NetName=MB_EN_GATE Pin=R39B-2
Added Pin To Net: NetName=GND Pin=R40A-1
Added Pin To Net: NetName=MA_AN_IN Pin=R40A-2
Added Pin To Net: NetName=GND Pin=R40B-1
Added Pin To Net: NetName=MB_AN_IN Pin=R40B-2
Added Pin To Net: NetName=GND Pin=R41A-1
Added Pin To Net: NetName=VCC_3V3 Pin=R41A-2
Added Pin To Net: NetName=VCC_3V3 Pin=R42A-1
Added Pin To Net: NetName=NetR42A_2 Pin=R42A-2
Added Pin To Net: NetName=GND Pin=U1-1
Added Pin To Net: NetName=NetC41A_1 Pin=U1-2
Added Pin To Net: NetName=VCC_12V Pin=U1-3
Added Pin To Net: NetName=NetR42A_2 Pin=U1-4
Added Pin To Net: NetName=VCC_12V Pin=U1-5
Added Pin To Net: NetName=NetC41A_2 Pin=U1-6
Added Pin To Net: NetName=VCC_3V3 Pin=U1A-1
Added Pin To Net: NetName=NRST Pin=U1A-7
Added Pin To Net: NetName=V_CHG_SNS Pin=U1A-9
Added Pin To Net: NetName=MA_AN_IN Pin=U1A-10
Added Pin To Net: NetName=NTC_M Pin=U1A-11
Added Pin To Net: NetName=MA_AGND Pin=U1A-12
Added Pin To Net: NetName=VCC_3V3 Pin=U1A-13
Added Pin To Net: NetName=MA_VOLTAGE_A Pin=U1A-14
Added Pin To Net: NetName=MA_VOLTAGE_B Pin=U1A-15
Added Pin To Net: NetName=MA_VOLTAGE_C Pin=U1A-16
Added Pin To Net: NetName=MA_LED_GREEN Pin=U1A-17
Added Pin To Net: NetName=GND Pin=U1A-18
Added Pin To Net: NetName=VCC_3V3 Pin=U1A-19
Added Pin To Net: NetName=MA_SDA Pin=U1A-20
Added Pin To Net: NetName=MA_SCK_ADC_EXT Pin=U1A-21
Added Pin To Net: NetName=MA_MISO_ADC_EXT2 Pin=U1A-22
Added Pin To Net: NetName=MA_SCL Pin=U1A-23
Added Pin To Net: NetName=MA_PC4 Pin=U1A-24
Added Pin To Net: NetName=MA_PC5 Pin=U1A-25
Added Pin To Net: NetName=MA_CURRENT_A Pin=U1A-26
Added Pin To Net: NetName=MA_CURRENT_C Pin=U1A-27
Added Pin To Net: NetName=GND Pin=U1A-28
Added Pin To Net: NetName=MA_TX Pin=U1A-29
Added Pin To Net: NetName=MA_RX Pin=U1A-30
Added Pin To Net: NetName=VCC_3V3 Pin=U1A-32
Added Pin To Net: NetName=MA_L1 Pin=U1A-34
Added Pin To Net: NetName=MA_L2 Pin=U1A-35
Added Pin To Net: NetName=MA_L3 Pin=U1A-36
Added Pin To Net: NetName=MA_HALL_1 Pin=U1A-37
Added Pin To Net: NetName=MA_HALL_2 Pin=U1A-38
Added Pin To Net: NetName=MA_HALL_3 Pin=U1A-39
Added Pin To Net: NetName=MA_H1 Pin=U1A-41
Added Pin To Net: NetName=MA_H2 Pin=U1A-42
Added Pin To Net: NetName=MA_H3 Pin=U1A-43
Added Pin To Net: NetName=MA_USB_DM Pin=U1A-44
Added Pin To Net: NetName=MA_USB_DP Pin=U1A-45
Added Pin To Net: NetName=MA_SWDIO Pin=U1A-46
Added Pin To Net: NetName=VCC_3V3 Pin=U1A-48
Added Pin To Net: NetName=MA_SWDCLK Pin=U1A-49
Added Pin To Net: NetName=MA_NFAULT Pin=U1A-53
Added Pin To Net: NetName=MA_EN_GATE Pin=U1A-57
Added Pin To Net: NetName=CHARGEPUMP Pin=U1A-58
Added Pin To Net: NetName=BUSFET Pin=U1A-59
Added Pin To Net: NetName=BOOT0 Pin=U1A-60
Added Pin To Net: NetName=CAN_RX Pin=U1A-61
Added Pin To Net: NetName=CAN_TX Pin=U1A-62
Added Pin To Net: NetName=GND Pin=U1A-63
Added Pin To Net: NetName=VCC_3V3 Pin=U1A-64
Added Pin To Net: NetName=VCC_3V3 Pin=U1B-1
Added Pin To Net: NetName=NRST Pin=U1B-7
Added Pin To Net: NetName=MB_AN_IN Pin=U1B-10
Added Pin To Net: NetName=MB_AGND Pin=U1B-12
Added Pin To Net: NetName=VCC_3V3 Pin=U1B-13
Added Pin To Net: NetName=MB_VOLTAGE_A Pin=U1B-14
Added Pin To Net: NetName=MB_VOLTAGE_B Pin=U1B-15
Added Pin To Net: NetName=MB_VOLTAGE_C Pin=U1B-16
Added Pin To Net: NetName=MB_LED_GREEN Pin=U1B-17
Added Pin To Net: NetName=GND Pin=U1B-18
Added Pin To Net: NetName=VCC_3V3 Pin=U1B-19
Added Pin To Net: NetName=MB_SCK_ADC_EXT Pin=U1B-21
Added Pin To Net: NetName=MB_MISO_ADC_EXT2 Pin=U1B-22
Added Pin To Net: NetName=MB_CURRENT_A Pin=U1B-26
Added Pin To Net: NetName=MB_CURRENT_C Pin=U1B-27
Added Pin To Net: NetName=GND Pin=U1B-28
Added Pin To Net: NetName=MB_TX Pin=U1B-29
Added Pin To Net: NetName=MB_RX Pin=U1B-30
Added Pin To Net: NetName=VCC_3V3 Pin=U1B-32
Added Pin To Net: NetName=MB_L1 Pin=U1B-34
Added Pin To Net: NetName=MB_L2 Pin=U1B-35
Added Pin To Net: NetName=MB_L3 Pin=U1B-36
Added Pin To Net: NetName=MB_HALL_1 Pin=U1B-37
Added Pin To Net: NetName=MB_HALL_2 Pin=U1B-38
Added Pin To Net: NetName=MB_HALL_3 Pin=U1B-39
Added Pin To Net: NetName=MB_H1 Pin=U1B-41
Added Pin To Net: NetName=MB_H2 Pin=U1B-42
Added Pin To Net: NetName=MB_H3 Pin=U1B-43
Added Pin To Net: NetName=MB_USB_DM Pin=U1B-44
Added Pin To Net: NetName=MB_USB_DP Pin=U1B-45
Added Pin To Net: NetName=MB_SWDIO Pin=U1B-46
Added Pin To Net: NetName=VCC_3V3 Pin=U1B-48
Added Pin To Net: NetName=MB_SWDCLK Pin=U1B-49
Added Pin To Net: NetName=MB_NFAULT Pin=U1B-53
Added Pin To Net: NetName=MB_EN_GATE Pin=U1B-57
Added Pin To Net: NetName=BOOT0 Pin=U1B-60
Added Pin To Net: NetName=CAN_RX Pin=U1B-61
Added Pin To Net: NetName=CAN_TX Pin=U1B-62
Added Pin To Net: NetName=GND Pin=U1B-63
Added Pin To Net: NetName=VCC_3V3 Pin=U1B-64
Added Pin To Net: NetName=GND Pin=U3A-0
Added Pin To Net: NetName=GND Pin=U3A-1
Added Pin To Net: NetName=VCC_12V Pin=U3A-5
Added Pin To Net: NetName=V_SUPPLY Pin=U3A-6
Added Pin To Net: NetName=MA_PA_HI Pin=U3A-8
Added Pin To Net: NetName=MA_PHASE_A Pin=U3A-9
Added Pin To Net: NetName=MA_PA_LO Pin=U3A-10
Added Pin To Net: NetName=MA_PA_SOURCE_F Pin=U3A-11
Added Pin To Net: NetName=MA_PA_AGND_F Pin=U3A-12
Added Pin To Net: NetName=MA_PB_AGND_F Pin=U3A-13
Added Pin To Net: NetName=MA_PB_SOURCE_F Pin=U3A-14
Added Pin To Net: NetName=MA_PB_LO Pin=U3A-15
Added Pin To Net: NetName=MA_PHASE_B Pin=U3A-16
Added Pin To Net: NetName=MA_PB_HI Pin=U3A-17
Added Pin To Net: NetName=MA_PC_HI Pin=U3A-18
Added Pin To Net: NetName=MA_PHASE_C Pin=U3A-19
Added Pin To Net: NetName=MA_PC_LO Pin=U3A-20
Added Pin To Net: NetName=MA_PC_SOURCE_F Pin=U3A-21
Added Pin To Net: NetName=MA_PC_AGND_F Pin=U3A-22
Added Pin To Net: NetName=MA_CURRENT_C Pin=U3A-23
Added Pin To Net: NetName=MA_CURRENT_B Pin=U3A-24
Added Pin To Net: NetName=MA_CURRENT_A Pin=U3A-25
Added Pin To Net: NetName=VCC_3V3 Pin=U3A-26
Added Pin To Net: NetName=MA_AGND Pin=U3A-27
Added Pin To Net: NetName=MA_NFAULT Pin=U3A-28
Added Pin To Net: NetName=MA_DVDD Pin=U3A-29
Added Pin To Net: NetName=MA_DVDD Pin=U3A-30
Added Pin To Net: NetName=MA_DVDD Pin=U3A-31
Added Pin To Net: NetName=MA_EN_GATE_R Pin=U3A-33
Added Pin To Net: NetName=MA_H1 Pin=U3A-34
Added Pin To Net: NetName=MA_L1 Pin=U3A-35
Added Pin To Net: NetName=MA_H2 Pin=U3A-36
Added Pin To Net: NetName=MA_L2 Pin=U3A-37
Added Pin To Net: NetName=MA_H3 Pin=U3A-38
Added Pin To Net: NetName=MA_L3 Pin=U3A-39
Added Pin To Net: NetName=MA_DVDD Pin=U3A-40
Added Pin To Net: NetName=GND Pin=U3A-41
Added Pin To Net: NetName=V_SUPPLY Pin=U3A-43
Added Pin To Net: NetName=VCC_12V_SD Pin=U3A-47
Added Pin To Net: NetName=GND Pin=U3B-0
Added Pin To Net: NetName=GND Pin=U3B-1
Added Pin To Net: NetName=VCC_12V Pin=U3B-5
Added Pin To Net: NetName=V_SUPPLY Pin=U3B-6
Added Pin To Net: NetName=MB_PA_HI Pin=U3B-8
Added Pin To Net: NetName=MB_PHASE_A Pin=U3B-9
Added Pin To Net: NetName=MB_PA_LO Pin=U3B-10
Added Pin To Net: NetName=MB_PA_SOURCE_F Pin=U3B-11
Added Pin To Net: NetName=MB_PA_AGND_F Pin=U3B-12
Added Pin To Net: NetName=MB_PB_AGND_F Pin=U3B-13
Added Pin To Net: NetName=MB_PB_SOURCE_F Pin=U3B-14
Added Pin To Net: NetName=MB_PB_LO Pin=U3B-15
Added Pin To Net: NetName=MB_PHASE_B Pin=U3B-16
Added Pin To Net: NetName=MB_PB_HI Pin=U3B-17
Added Pin To Net: NetName=MB_PC_HI Pin=U3B-18
Added Pin To Net: NetName=MB_PHASE_C Pin=U3B-19
Added Pin To Net: NetName=MB_PC_LO Pin=U3B-20
Added Pin To Net: NetName=MB_PC_SOURCE_F Pin=U3B-21
Added Pin To Net: NetName=MB_PC_AGND_F Pin=U3B-22
Added Pin To Net: NetName=MB_CURRENT_C Pin=U3B-23
Added Pin To Net: NetName=MB_CURRENT_B Pin=U3B-24
Added Pin To Net: NetName=MB_CURRENT_A Pin=U3B-25
Added Pin To Net: NetName=VCC_3V3 Pin=U3B-26
Added Pin To Net: NetName=MB_AGND Pin=U3B-27
Added Pin To Net: NetName=MB_NFAULT Pin=U3B-28
Added Pin To Net: NetName=MB_DVDD Pin=U3B-29
Added Pin To Net: NetName=MB_DVDD Pin=U3B-30
Added Pin To Net: NetName=MB_DVDD Pin=U3B-31
Added Pin To Net: NetName=MB_EN_GATE_R Pin=U3B-33
Added Pin To Net: NetName=MB_H1 Pin=U3B-34
Added Pin To Net: NetName=MB_L1 Pin=U3B-35
Added Pin To Net: NetName=MB_H2 Pin=U3B-36
Added Pin To Net: NetName=MB_L2 Pin=U3B-37
Added Pin To Net: NetName=MB_H3 Pin=U3B-38
Added Pin To Net: NetName=MB_L3 Pin=U3B-39
Added Pin To Net: NetName=MB_DVDD Pin=U3B-40
Added Pin To Net: NetName=GND Pin=U3B-41
Added Pin To Net: NetName=V_SUPPLY Pin=U3B-43
Added Pin To Net: NetName=VCC_NV_SD Pin=U3B-47
Added Pin To Net: NetName=GND Pin=Y1A-2
Added Pin To Net: NetName=GND Pin=Y1B-2
Added Room: Name=VESC_JLC
Added Room: Name=Vesc_Simple
