Added Component: Designator=U1A(QFP-64-P0.5MM)
Add component. Clean all parameters for all variants
Added Pin To Net: NetName=VCC_3V3 Pin=U1A-1
Added Pin To Net: NetName=NetC1A_1 Pin=U1A-5
Added Pin To Net: NetName=NetC2A_1 Pin=U1A-6
Added Pin To Net: NetName=NRST Pin=U1A-7
Added Pin To Net: NetName=MA_AN_IN Pin=U1A-10
Added Pin To Net: NetName=NTC_M Pin=U1A-11
Added Pin To Net: NetName=MA_AGND Pin=U1A-12
Added Pin To Net: NetName=VCC_3V3 Pin=U1A-13
Added Pin To Net: NetName=MA_VOLTAGE_A Pin=U1A-14
Added Pin To Net: NetName=MA_VOLTAGE_B Pin=U1A-15
Added Pin To Net: NetName=MA_VOLTAGE_C Pin=U1A-16
Added Pin To Net: NetName=MA_LED_GREEN Pin=U1A-17
Added Pin To Net: NetName=GND Pin=U1A-18
Added Pin To Net: NetName=VCC_3V3 Pin=U1A-19
Added Pin To Net: NetName=MA_SDA Pin=U1A-20
Added Pin To Net: NetName=MA_SCK_ADC_EXT Pin=U1A-21
Added Pin To Net: NetName=MA_MISO_ADC_EXT2 Pin=U1A-22
Added Pin To Net: NetName=MA_SCL Pin=U1A-23
Added Pin To Net: NetName=MA_PC4 Pin=U1A-24
Added Pin To Net: NetName=MA_PC5 Pin=U1A-25
Added Pin To Net: NetName=MA_CURRENT_A Pin=U1A-26
Added Pin To Net: NetName=MA_CURRENT_C Pin=U1A-27
Added Pin To Net: NetName=GND Pin=U1A-28
Added Pin To Net: NetName=MA_TX Pin=U1A-29
Added Pin To Net: NetName=MA_RX Pin=U1A-30
Added Pin To Net: NetName=NetC11A_1 Pin=U1A-31
Added Pin To Net: NetName=VCC_3V3 Pin=U1A-32
Added Pin To Net: NetName=MA_L1 Pin=U1A-34
Added Pin To Net: NetName=MA_L2 Pin=U1A-35
Added Pin To Net: NetName=MA_L3 Pin=U1A-36
Added Pin To Net: NetName=MA_HALL_1 Pin=U1A-37
Added Pin To Net: NetName=MA_HALL_2 Pin=U1A-38
Added Pin To Net: NetName=MA_HALL_3 Pin=U1A-39
Added Pin To Net: NetName=MA_H1 Pin=U1A-41
Added Pin To Net: NetName=MA_H2 Pin=U1A-42
Added Pin To Net: NetName=MA_H3 Pin=U1A-43
Added Pin To Net: NetName=MA_USB_DM Pin=U1A-44
Added Pin To Net: NetName=MA_USB_DP Pin=U1A-45
Added Pin To Net: NetName=MA_SWDIO Pin=U1A-46
Added Pin To Net: NetName=NetC30A_1 Pin=U1A-47
Added Pin To Net: NetName=VCC_3V3 Pin=U1A-48
Added Pin To Net: NetName=MA_SWDCLK Pin=U1A-49
Added Pin To Net: NetName=MA_NFAULT Pin=U1A-53
Added Pin To Net: NetName=MA_EN_GATE Pin=U1A-57
Added Pin To Net: NetName=CHARGEPUMP Pin=U1A-58
Added Pin To Net: NetName=BUSFET Pin=U1A-59
Added Pin To Net: NetName=BOOT0 Pin=U1A-60
Added Pin To Net: NetName=CAN_RX Pin=U1A-61
Added Pin To Net: NetName=CAN_TX Pin=U1A-62
Added Pin To Net: NetName=GND Pin=U1A-63
Added Pin To Net: NetName=VCC_3V3 Pin=U1A-64
Added Member To Class: ClassName=VESC_JLC Member=Component U1A STM32F405RGT6
