Removed Pin From Net: NetName=V_CHG Pin=C39-2
Removed Pin From Net: NetName=V_CHG Pin=J12-5
Removed Pin From Net: NetName=V_CHG Pin=J12-6
Removed Pin From Net: NetName=V_CHG Pin=J12-7
Removed Pin From Net: NetName=V_CHG Pin=J12-8
Removed Pin From Net: NetName=V_CHG Pin=Q1A-5
Removed Pin From Net: NetName=V_CHG Pin=Q1A-6
Removed Pin From Net: NetName=V_CHG Pin=Q1A-7
Removed Pin From Net: NetName=V_CHG Pin=Q1A-8
Added Pin To Net: NetName=V_SUPPLY Pin=C39-2
Added Pin To Net: NetName=V_SUPPLY Pin=J12-5
Added Pin To Net: NetName=V_SUPPLY Pin=J12-6
Added Pin To Net: NetName=V_SUPPLY Pin=J12-7
Added Pin To Net: NetName=V_SUPPLY Pin=J12-8
Added Pin To Net: NetName=V_SUPPLY Pin=Q1A-5
Added Pin To Net: NetName=V_SUPPLY Pin=Q1A-6
Added Pin To Net: NetName=V_SUPPLY Pin=Q1A-7
Added Pin To Net: NetName=V_SUPPLY Pin=Q1A-8
Added Pin To Net: NetName=V_SUPPLY Pin=Q1A-9
Added Pin To Net: NetName=V_SUPPLY Pin=Q1A-9
Added Pin To Net: NetName=V_SUPPLY Pin=Q1A-9
Added Pin To Net: NetName=V_SUPPLY Pin=Q1A-9
Added Pin To Net: NetName=V_SUPPLY Pin=Q1A-9
Added Pin To Net: NetName=V_SUPPLY Pin=Q1A-9
Added Pin To Net: NetName=V_SUPPLY Pin=Q1A-9
Added Pin To Net: NetName=V_SUPPLY Pin=Q1A-9
Added Pin To Net: NetName=V_SUPPLY Pin=Q1A-9
Added Pin To Net: NetName=V_SUPPLY Pin=Q1A-9
Added Pin To Net: NetName=V_SUPPLY Pin=Q1A-9
Added Pin To Net: NetName=V_SUPPLY Pin=Q1A-9
Added Pin To Net: NetName=V_SUPPLY Pin=Q1A-9
Added Pin To Net: NetName=V_SUPPLY Pin=Q1A-9
Added Pin To Net: NetName=V_SUPPLY Pin=Q1A-9
